INFO [2021-10-30 02:22:41] $x
INFO [2021-10-30 02:22:41] list(Not_Annotated, Annotated_by_eval, Annotated_by_perc)
INFO [2021-10-30 02:22:41] 
INFO [2021-10-30 02:22:41] $category.names
INFO [2021-10-30 02:22:41] c("Not annotated", "Annotated by e-value", "Annotated by %identity")
INFO [2021-10-30 02:22:41] 
INFO [2021-10-30 02:22:41] $filename
INFO [2021-10-30 02:22:41] vennfile
INFO [2021-10-30 02:22:41] 
INFO [2021-10-30 02:22:41] $output
INFO [2021-10-30 02:22:41] [1] TRUE
INFO [2021-10-30 02:22:41] 
INFO [2021-10-30 02:22:41] $imagetype
INFO [2021-10-30 02:22:41] [1] "png"
INFO [2021-10-30 02:22:41] 
INFO [2021-10-30 02:22:41] $height
INFO [2021-10-30 02:22:41] [1] 700
INFO [2021-10-30 02:22:41] 
INFO [2021-10-30 02:22:41] $width
INFO [2021-10-30 02:22:41] [1] 700
INFO [2021-10-30 02:22:41] 
INFO [2021-10-30 02:22:41] $resolution
INFO [2021-10-30 02:22:41] [1] 300
INFO [2021-10-30 02:22:41] 
INFO [2021-10-30 02:22:41] $compression
INFO [2021-10-30 02:22:41] [1] "lzw"
INFO [2021-10-30 02:22:41] 
INFO [2021-10-30 02:22:41] $lwd
INFO [2021-10-30 02:22:41] [1] 1
INFO [2021-10-30 02:22:41] 
INFO [2021-10-30 02:22:41] $col
INFO [2021-10-30 02:22:41] c("#440154ff", "#21908dff", "#DC143C")
INFO [2021-10-30 02:22:41] 
INFO [2021-10-30 02:22:41] $fill
INFO [2021-10-30 02:22:41] c(alpha("#440154ff", 0.3), alpha("#21908dff", 0.3), alpha("#DC143C", 
INFO [2021-10-30 02:22:41]     0.3))
INFO [2021-10-30 02:22:41] 
INFO [2021-10-30 02:22:41] $cex
INFO [2021-10-30 02:22:41] [1] 0.3
INFO [2021-10-30 02:22:41] 
INFO [2021-10-30 02:22:41] $fontfamily
INFO [2021-10-30 02:22:41] [1] "sans"
INFO [2021-10-30 02:22:41] 
INFO [2021-10-30 02:22:41] $cat.cex
INFO [2021-10-30 02:22:41] [1] 0.3
INFO [2021-10-30 02:22:41] 
INFO [2021-10-30 02:22:41] $cat.default.pos
INFO [2021-10-30 02:22:41] [1] "outer"
INFO [2021-10-30 02:22:41] 
INFO [2021-10-30 02:22:41] $cat.fontfamily
INFO [2021-10-30 02:22:41] [1] "sans"
INFO [2021-10-30 02:22:41] 
INFO [2021-10-30 02:22:41] $cat.col
INFO [2021-10-30 02:22:41] c("#440154ff", "#21908dff", "#DC143C")
INFO [2021-10-30 02:22:41] 
INFO [2021-10-30 02:22:41] $rotation
INFO [2021-10-30 02:22:41] [1] 1
INFO [2021-10-30 02:22:41] 
INFO [2021-10-30 02:22:41] $margin
INFO [2021-10-30 02:22:41] [1] 0.1
INFO [2021-10-30 02:22:41] 
