INFO [2021-10-29 03:21:55] $x
INFO [2021-10-29 03:21:55] list(Not_Annotated, Annotated_by_eval, Annotated_by_perc)
INFO [2021-10-29 03:21:55] 
INFO [2021-10-29 03:21:55] $category.names
INFO [2021-10-29 03:21:55] c("Not annotated", "Annotated by e-value", "Annotated by %identity")
INFO [2021-10-29 03:21:55] 
INFO [2021-10-29 03:21:55] $filename
INFO [2021-10-29 03:21:55] vennfile
INFO [2021-10-29 03:21:55] 
INFO [2021-10-29 03:21:55] $output
INFO [2021-10-29 03:21:55] [1] TRUE
INFO [2021-10-29 03:21:55] 
INFO [2021-10-29 03:21:55] $imagetype
INFO [2021-10-29 03:21:55] [1] "png"
INFO [2021-10-29 03:21:55] 
INFO [2021-10-29 03:21:55] $height
INFO [2021-10-29 03:21:55] [1] 700
INFO [2021-10-29 03:21:55] 
INFO [2021-10-29 03:21:55] $width
INFO [2021-10-29 03:21:55] [1] 700
INFO [2021-10-29 03:21:55] 
INFO [2021-10-29 03:21:55] $resolution
INFO [2021-10-29 03:21:55] [1] 300
INFO [2021-10-29 03:21:55] 
INFO [2021-10-29 03:21:55] $compression
INFO [2021-10-29 03:21:55] [1] "lzw"
INFO [2021-10-29 03:21:55] 
INFO [2021-10-29 03:21:55] $lwd
INFO [2021-10-29 03:21:55] [1] 1
INFO [2021-10-29 03:21:55] 
INFO [2021-10-29 03:21:55] $col
INFO [2021-10-29 03:21:55] c("#440154ff", "#21908dff", "#DC143C")
INFO [2021-10-29 03:21:55] 
INFO [2021-10-29 03:21:55] $fill
INFO [2021-10-29 03:21:55] c(alpha("#440154ff", 0.3), alpha("#21908dff", 0.3), alpha("#DC143C", 
INFO [2021-10-29 03:21:55]     0.3))
INFO [2021-10-29 03:21:55] 
INFO [2021-10-29 03:21:55] $cex
INFO [2021-10-29 03:21:55] [1] 0.3
INFO [2021-10-29 03:21:55] 
INFO [2021-10-29 03:21:55] $fontfamily
INFO [2021-10-29 03:21:55] [1] "sans"
INFO [2021-10-29 03:21:55] 
INFO [2021-10-29 03:21:55] $cat.cex
INFO [2021-10-29 03:21:55] [1] 0.3
INFO [2021-10-29 03:21:55] 
INFO [2021-10-29 03:21:55] $cat.default.pos
INFO [2021-10-29 03:21:55] [1] "outer"
INFO [2021-10-29 03:21:55] 
INFO [2021-10-29 03:21:55] $cat.fontfamily
INFO [2021-10-29 03:21:55] [1] "sans"
INFO [2021-10-29 03:21:55] 
INFO [2021-10-29 03:21:55] $cat.col
INFO [2021-10-29 03:21:55] c("#440154ff", "#21908dff", "#DC143C")
INFO [2021-10-29 03:21:55] 
INFO [2021-10-29 03:21:55] $rotation
INFO [2021-10-29 03:21:55] [1] 1
INFO [2021-10-29 03:21:55] 
INFO [2021-10-29 03:21:55] $margin
INFO [2021-10-29 03:21:55] [1] 0.1
INFO [2021-10-29 03:21:55] 
