INFO [2021-10-29 16:01:45] $x
INFO [2021-10-29 16:01:45] list(Not_Annotated, Annotated_by_eval, Annotated_by_perc)
INFO [2021-10-29 16:01:45] 
INFO [2021-10-29 16:01:45] $category.names
INFO [2021-10-29 16:01:45] c("Not annotated", "Annotated by e-value", "Annotated by %identity")
INFO [2021-10-29 16:01:45] 
INFO [2021-10-29 16:01:45] $filename
INFO [2021-10-29 16:01:45] vennfile
INFO [2021-10-29 16:01:45] 
INFO [2021-10-29 16:01:45] $output
INFO [2021-10-29 16:01:45] [1] TRUE
INFO [2021-10-29 16:01:45] 
INFO [2021-10-29 16:01:45] $imagetype
INFO [2021-10-29 16:01:45] [1] "png"
INFO [2021-10-29 16:01:45] 
INFO [2021-10-29 16:01:45] $height
INFO [2021-10-29 16:01:45] [1] 700
INFO [2021-10-29 16:01:45] 
INFO [2021-10-29 16:01:45] $width
INFO [2021-10-29 16:01:45] [1] 700
INFO [2021-10-29 16:01:45] 
INFO [2021-10-29 16:01:45] $resolution
INFO [2021-10-29 16:01:45] [1] 300
INFO [2021-10-29 16:01:45] 
INFO [2021-10-29 16:01:45] $compression
INFO [2021-10-29 16:01:45] [1] "lzw"
INFO [2021-10-29 16:01:45] 
INFO [2021-10-29 16:01:45] $lwd
INFO [2021-10-29 16:01:45] [1] 1
INFO [2021-10-29 16:01:45] 
INFO [2021-10-29 16:01:45] $col
INFO [2021-10-29 16:01:45] c("#440154ff", "#21908dff", "#DC143C")
INFO [2021-10-29 16:01:45] 
INFO [2021-10-29 16:01:45] $fill
INFO [2021-10-29 16:01:45] c(alpha("#440154ff", 0.3), alpha("#21908dff", 0.3), alpha("#DC143C", 
INFO [2021-10-29 16:01:45]     0.3))
INFO [2021-10-29 16:01:45] 
INFO [2021-10-29 16:01:45] $cex
INFO [2021-10-29 16:01:45] [1] 0.3
INFO [2021-10-29 16:01:45] 
INFO [2021-10-29 16:01:45] $fontfamily
INFO [2021-10-29 16:01:45] [1] "sans"
INFO [2021-10-29 16:01:45] 
INFO [2021-10-29 16:01:45] $cat.cex
INFO [2021-10-29 16:01:45] [1] 0.3
INFO [2021-10-29 16:01:45] 
INFO [2021-10-29 16:01:45] $cat.default.pos
INFO [2021-10-29 16:01:45] [1] "outer"
INFO [2021-10-29 16:01:45] 
INFO [2021-10-29 16:01:45] $cat.fontfamily
INFO [2021-10-29 16:01:45] [1] "sans"
INFO [2021-10-29 16:01:45] 
INFO [2021-10-29 16:01:45] $cat.col
INFO [2021-10-29 16:01:45] c("#440154ff", "#21908dff", "#DC143C")
INFO [2021-10-29 16:01:45] 
INFO [2021-10-29 16:01:45] $rotation
INFO [2021-10-29 16:01:45] [1] 1
INFO [2021-10-29 16:01:45] 
INFO [2021-10-29 16:01:45] $margin
INFO [2021-10-29 16:01:45] [1] 0.1
INFO [2021-10-29 16:01:45] 
