
Discrete character parsimony algorithm, version 3.695


One most parsimonious tree found:


  +---------------------------0000000007
  |  
  |                                   +-------0000000008
  |               +-------------------7  
  |   +-----------6                   +-------------------0000000006
  |   |           |  
  |   |           +---------------0000000005
  |   |  
  1---5                                   +---0000000004
  |   |                           +-------4  
  |   |       +-------------------3       +0000000003
  |   |       |                   |  
  |   +-------2                   +0000000002
  |           |  
  |           +---------------------------0000000001
  |  
  +-----------------------------------------------0000000000


requires a total of     56.000

  between      and       length
  -------      ---       ------
     1      0000000007     7.00
     1           5         1.00
     5           6         3.00
     6           7         5.00
     7      0000000008     2.00
     7      0000000006     5.00
     6      0000000005     4.00
     5           2         2.00
     2           3         5.00
     3           4         2.00
     4      0000000004     1.00
     4      0000000003     0.00
     3      0000000002     0.00
     2      0000000001     7.00
     1      0000000000     12.00

