
Discrete character parsimony algorithm, version 3.695


     8 trees in all found


  +-------------------------------------------------0000000003
  |  
  |         +---------------------------------------0000000005
  |         |  
  1---------2-----------------------------0000000004
  |         |  
  |         +---------0000000002
  |  
  |         +---------------------------------------0000000006
  +---------3  
  |         +-----------------------------0000000001
  |  
  +-----------------------------0000000000


requires a total of     25.000

  between      and       length
  -------      ---       ------
     1      0000000003     5.00
     1           2         1.00
     2      0000000005     4.00
     2      0000000004     3.00
     2      0000000002     1.00
     1           3         1.00
     3      0000000006     4.00
     3      0000000001     3.00
     1      0000000000     3.00


  +-------------------------------------------------0000000006
  |  
  |         +---------------------------------------0000000005
  |         |  
  1---------3-----------------------------0000000004
  |         |  
  |         +---------0000000002
  |  
  |         +---------------------------------------0000000003
  +---------2  
  |         +-----------------------------0000000001
  |  
  +-----------------------------0000000000


requires a total of     25.000

  between      and       length
  -------      ---       ------
     1      0000000006     5.00
     1           3         1.00
     3      0000000005     4.00
     3      0000000004     3.00
     3      0000000002     1.00
     1           2         1.00
     2      0000000003     4.00
     2      0000000001     3.00
     1      0000000000     3.00


           +---------------------------------0000000005
           |  
  +--------3-------------------------0000000004
  |        |  
  |        +--------0000000002
  |  
  |   +--------------------------------------0000000003
  1---2  
  |   |        +--------------------------------------0000000006
  |   +--------4  
  |            +--------------------0000000001
  |  
  +-------------------------0000000000


requires a total of     25.000

  between      and       length
  -------      ---       ------
     1           3         1.00
     3      0000000005     4.00
     3      0000000004     3.00
     3      0000000002     1.00
     1           2         0.50
     2      0000000003     4.50
     2           4         1.00
     4      0000000006     4.50
     4      0000000001     2.50
     1      0000000000     3.00


                  +-------------------------------------0000000006
          +-------4  
          |       +----------------------0000000005
          |  
  +-------3----------------------0000000004
  |       |  
  |       +-------0000000002
  |  
  |       +-----------------------------0000000003
  1-------2  
  |       +----------------------0000000001
  |  
  +----------------------0000000000


requires a total of     25.000

  between      and       length
  -------      ---       ------
     1           3         1.00
     3           4         1.00
     4      0000000006     5.00
     4      0000000005     3.00
     3      0000000004     3.00
     3      0000000002     1.00
     1           2         1.00
     2      0000000003     4.00
     2      0000000001     3.00
     1      0000000000     3.00


           +---------------------------------0000000005
           |  
  +--------3-------------------------0000000004
  |        |  
  |        +--------0000000002
  |  
  |   +--------------------------------------0000000006
  1---4  
  |   |        +--------------------------------------0000000003
  |   +--------2  
  |            +--------------------0000000001
  |  
  +-------------------------0000000000


requires a total of     25.000

  between      and       length
  -------      ---       ------
     1           3         1.00
     3      0000000005     4.00
     3      0000000004     3.00
     3      0000000002     1.00
     1           4         0.50
     4      0000000006     4.50
     4           2         1.00
     2      0000000003     4.50
     2      0000000001     2.50
     1      0000000000     3.00


            +---------------------------------------0000000006
  +---------4  
  |         +---------------------------------------0000000005
  |  
  |         +-----------------------------0000000004
  1---------3  
  |         +---------0000000002
  |  
  |         +---------------------------------------0000000003
  +---------2  
  |         +-----------------------------0000000001
  |  
  +-----------------------------0000000000


requires a total of     25.000

  between      and       length
  -------      ---       ------
     1           4         1.00
     4      0000000006     4.00
     4      0000000005     4.00
     1           3         1.00
     3      0000000004     3.00
     3      0000000002     1.00
     1           2         1.00
     2      0000000003     4.00
     2      0000000001     3.00
     1      0000000000     3.00


               +--------------------------------------0000000006
      +--------5  
      |        +-----------------------------0000000005
  +---4  
  |   |   +-------------------------0000000004
  |   +---3  
  |       +--------0000000002
  |  
  |        +---------------------------------0000000003
  1--------2  
  |        +-------------------------0000000001
  |  
  +-------------------------0000000000


requires a total of     25.000

  between      and       length
  -------      ---       ------
     1           4         0.50
     4           5         1.00
     5      0000000006     4.50
     5      0000000005     3.50
     4           3         0.50
     3      0000000004     3.00
     3      0000000002     1.00
     1           2         1.00
     2      0000000003     4.00
     2      0000000001     3.00
     1      0000000000     3.00


       +--------------------------------------------0000000006
  +----5  
  |    |         +----------------------------------0000000005
  |    +---------4  
  |              |    +-----------------------------0000000004
  |              +----3  
  |                   +---------0000000002
  |  
  |         +---------------------------------------0000000003
  1---------2  
  |         +-----------------------------0000000001
  |  
  +-----------------------------0000000000


requires a total of     25.000

  between      and       length
  -------      ---       ------
     1           5         0.50
     5      0000000006     4.50
     5           4         1.00
     4      0000000005     3.50
     4           3         0.50
     3      0000000004     3.00
     3      0000000002     1.00
     1           2         1.00
     2      0000000003     4.00
     2      0000000001     3.00
     1      0000000000     3.00

