1,Torque-teno-midi-virus-10_taxid_2065051.gbk,1,256,1,256,cluster00001,
2,Torque-teno-midi-virus-10_taxid_2065051.gbk,2,258,1,258,cluster00001,
3,Torque-teno-midi-virus-10_taxid_2065051.gbk,3,120,1,120,cluster00001,
5,Torque-teno-midi-virus-11_taxid_2065052.gbk,5,263,1,263,cluster00001,
6,Torque-teno-midi-virus-11_taxid_2065052.gbk,6,270,1,270,cluster00001,
7,Torque-teno-midi-virus-11_taxid_2065052.gbk,7,124,1,124,cluster00001,
9,Torque-teno-midi-virus-12_taxid_2065053.gbk,9,259,1,259,cluster00001,
10,Torque-teno-midi-virus-12_taxid_2065053.gbk,10,260,1,260,cluster00001,
11,Torque-teno-midi-virus-12_taxid_2065053.gbk,11,117,1,117,cluster00001,
13,Torque-teno-midi-virus-13_taxid_2065054.gbk,13,265,1,265,cluster00001,
14,Torque-teno-midi-virus-13_taxid_2065054.gbk,14,268,1,268,cluster00001,
15,Torque-teno-midi-virus-13_taxid_2065054.gbk,15,127,1,127,cluster00001,
18,Torque-teno-midi-virus-14_taxid_2065055.gbk,18,269,1,269,cluster00001,
19,Torque-teno-midi-virus-14_taxid_2065055.gbk,19,125,1,125,cluster00001,
21,Torque-teno-midi-virus-15_taxid_2065056.gbk,21,280,1,280,cluster00001,
22,Torque-teno-midi-virus-15_taxid_2065056.gbk,22,256,1,256,cluster00001,
23,Torque-teno-midi-virus-15_taxid_2065056.gbk,23,135,1,135,cluster00001,
25,Torque-teno-midi-virus-1_taxid_687379.gbk,25,261,1,261,cluster00001,
26,Torque-teno-midi-virus-1_taxid_687379.gbk,26,259,1,259,cluster00001,
27,Torque-teno-midi-virus-1_taxid_687379.gbk,27,123,1,123,cluster00001,
29,Torque-teno-midi-virus-2_taxid_687380.gbk,29,246,1,246,cluster00001,
30,Torque-teno-midi-virus-2_taxid_687380.gbk,30,263,1,263,cluster00001,
31,Torque-teno-midi-virus-2_taxid_687380.gbk,31,124,1,124,cluster00001,
33,Torque-teno-midi-virus-5_taxid_2065046.gbk,33,258,1,258,cluster00001,
34,Torque-teno-midi-virus-5_taxid_2065046.gbk,34,269,1,269,cluster00001,
35,Torque-teno-midi-virus-5_taxid_2065046.gbk,35,125,1,125,cluster00001,
37,Torque-teno-midi-virus-6_taxid_2065047.gbk,37,265,1,265,cluster00001,
38,Torque-teno-midi-virus-6_taxid_2065047.gbk,38,266,1,266,cluster00001,
39,Torque-teno-midi-virus-6_taxid_2065047.gbk,39,125,1,125,cluster00001,
41,Torque-teno-midi-virus-7_taxid_2065048.gbk,41,262,1,262,cluster00001,
42,Torque-teno-midi-virus-7_taxid_2065048.gbk,42,269,1,269,cluster00001,
43,Torque-teno-midi-virus-7_taxid_2065048.gbk,43,126,1,126,cluster00001,
45,Torque-teno-midi-virus-8_taxid_2065049.gbk,45,253,1,253,cluster00001,
46,Torque-teno-midi-virus-8_taxid_2065049.gbk,46,262,1,262,cluster00001,
47,Torque-teno-midi-virus-8_taxid_2065049.gbk,47,122,1,122,cluster00001,
49,Torque-teno-midi-virus-9_taxid_2065050.gbk,49,263,1,263,cluster00001,
50,Torque-teno-midi-virus-9_taxid_2065050.gbk,50,278,1,278,cluster00001,
51,Torque-teno-midi-virus-9_taxid_2065050.gbk,51,123,1,123,cluster00001,
4,Torque-teno-midi-virus-10_taxid_2065051.gbk,4,663,1,663,cluster00002,
8,Torque-teno-midi-virus-11_taxid_2065052.gbk,8,664,1,664,cluster00002,
12,Torque-teno-midi-virus-12_taxid_2065053.gbk,12,664,1,664,cluster00002,
16,Torque-teno-midi-virus-13_taxid_2065054.gbk,16,670,1,670,cluster00002,
20,Torque-teno-midi-virus-14_taxid_2065055.gbk,20,667,1,667,cluster00002,
24,Torque-teno-midi-virus-15_taxid_2065056.gbk,24,658,1,658,cluster00002,
28,Torque-teno-midi-virus-1_taxid_687379.gbk,28,673,1,673,cluster00002,
32,Torque-teno-midi-virus-2_taxid_687380.gbk,32,677,1,677,cluster00002,
36,Torque-teno-midi-virus-5_taxid_2065046.gbk,36,664,1,664,cluster00002,
40,Torque-teno-midi-virus-6_taxid_2065047.gbk,40,666,1,666,cluster00002,
44,Torque-teno-midi-virus-7_taxid_2065048.gbk,44,664,1,664,cluster00002,
48,Torque-teno-midi-virus-8_taxid_2065049.gbk,48,669,1,669,cluster00002,
52,Torque-teno-midi-virus-9_taxid_2065050.gbk,52,658,1,658,cluster00002,
54,Torque-teno-tamarin-virus_taxid_687382.gbk,54,712,1,712,cluster00002,
58,Torque-teno-virus-11_taxid_687350.gbk,58,742,1,742,cluster00002,
60,Torque-teno-virus-13_taxid_687352.gbk,60,689,1,689,cluster00002,
64,Torque-teno-virus-20_taxid_687359.gbk,64,750,1,750,cluster00002,
66,Torque-teno-virus-21_taxid_687360.gbk,66,740,1,740,cluster00002,
68,Torque-teno-virus-23_taxid_687362.gbk,68,825,1,825,cluster00002,
72,Torque-teno-virus-24_taxid_687363.gbk,72,766,1,766,cluster00002,
74,Torque-teno-virus-2_taxid_687341.gbk,74,727,1,727,cluster00002,
76,Torque-teno-virus-5_taxid_687344.gbk,76,572,1,572,cluster00002,
57,Torque-teno-virus-11_taxid_687350.gbk,57,154,1,154,cluster00003,
59,Torque-teno-virus-13_taxid_687352.gbk,59,154,1,154,cluster00003,
65,Torque-teno-virus-21_taxid_687360.gbk,65,141,1,141,cluster00003,
75,Torque-teno-virus-5_taxid_687344.gbk,75,155,1,155,cluster00003,
61,Torque-teno-virus-20_taxid_687359.gbk,61,262,1,262,cluster00004,
62,Torque-teno-virus-20_taxid_687359.gbk,62,294,1,294,cluster00004,
63,Torque-teno-virus-20_taxid_687359.gbk,63,129,1,129,cluster00004,
69,Torque-teno-virus-24_taxid_687363.gbk,69,275,1,275,cluster00004,
70,Torque-teno-virus-24_taxid_687363.gbk,70,282,1,282,cluster00004,
71,Torque-teno-virus-24_taxid_687363.gbk,71,129,1,129,cluster00004,
17,Torque-teno-midi-virus-14_taxid_2065055.gbk,17,264,1,264,,
53,Torque-teno-tamarin-virus_taxid_687382.gbk,53,100,1,100,,
55,Torque-teno-tamarin-virus_taxid_687382.gbk,55,159,1,159,,
56,Torque-teno-tamarin-virus_taxid_687382.gbk,56,70,1,70,,
67,Torque-teno-virus-23_taxid_687362.gbk,67,123,1,123,,
73,Torque-teno-virus-2_taxid_687341.gbk,73,121,1,121,,
