INFO [2021-10-30 01:53:30] $x
INFO [2021-10-30 01:53:30] list(Not_Annotated, Annotated_by_eval, Annotated_by_perc)
INFO [2021-10-30 01:53:30] 
INFO [2021-10-30 01:53:30] $category.names
INFO [2021-10-30 01:53:30] c("Not annotated", "Annotated by e-value", "Annotated by %identity")
INFO [2021-10-30 01:53:30] 
INFO [2021-10-30 01:53:30] $filename
INFO [2021-10-30 01:53:30] vennfile
INFO [2021-10-30 01:53:30] 
INFO [2021-10-30 01:53:30] $output
INFO [2021-10-30 01:53:30] [1] TRUE
INFO [2021-10-30 01:53:30] 
INFO [2021-10-30 01:53:30] $imagetype
INFO [2021-10-30 01:53:30] [1] "png"
INFO [2021-10-30 01:53:30] 
INFO [2021-10-30 01:53:30] $height
INFO [2021-10-30 01:53:30] [1] 700
INFO [2021-10-30 01:53:30] 
INFO [2021-10-30 01:53:30] $width
INFO [2021-10-30 01:53:30] [1] 700
INFO [2021-10-30 01:53:30] 
INFO [2021-10-30 01:53:30] $resolution
INFO [2021-10-30 01:53:30] [1] 300
INFO [2021-10-30 01:53:30] 
INFO [2021-10-30 01:53:30] $compression
INFO [2021-10-30 01:53:30] [1] "lzw"
INFO [2021-10-30 01:53:30] 
INFO [2021-10-30 01:53:30] $lwd
INFO [2021-10-30 01:53:30] [1] 1
INFO [2021-10-30 01:53:30] 
INFO [2021-10-30 01:53:30] $col
INFO [2021-10-30 01:53:30] c("#440154ff", "#21908dff", "#DC143C")
INFO [2021-10-30 01:53:30] 
INFO [2021-10-30 01:53:30] $fill
INFO [2021-10-30 01:53:30] c(alpha("#440154ff", 0.3), alpha("#21908dff", 0.3), alpha("#DC143C", 
INFO [2021-10-30 01:53:30]     0.3))
INFO [2021-10-30 01:53:30] 
INFO [2021-10-30 01:53:30] $cex
INFO [2021-10-30 01:53:30] [1] 0.3
INFO [2021-10-30 01:53:30] 
INFO [2021-10-30 01:53:30] $fontfamily
INFO [2021-10-30 01:53:30] [1] "sans"
INFO [2021-10-30 01:53:30] 
INFO [2021-10-30 01:53:30] $cat.cex
INFO [2021-10-30 01:53:30] [1] 0.3
INFO [2021-10-30 01:53:30] 
INFO [2021-10-30 01:53:30] $cat.default.pos
INFO [2021-10-30 01:53:30] [1] "outer"
INFO [2021-10-30 01:53:30] 
INFO [2021-10-30 01:53:30] $cat.fontfamily
INFO [2021-10-30 01:53:30] [1] "sans"
INFO [2021-10-30 01:53:30] 
INFO [2021-10-30 01:53:30] $cat.col
INFO [2021-10-30 01:53:30] c("#440154ff", "#21908dff", "#DC143C")
INFO [2021-10-30 01:53:30] 
INFO [2021-10-30 01:53:30] $rotation
INFO [2021-10-30 01:53:30] [1] 1
INFO [2021-10-30 01:53:30] 
INFO [2021-10-30 01:53:30] $margin
INFO [2021-10-30 01:53:30] [1] 0.1
INFO [2021-10-30 01:53:30] 
