INFO [2021-10-30 02:05:38] $x
INFO [2021-10-30 02:05:38] list(Not_Annotated, Annotated_by_eval, Annotated_by_perc)
INFO [2021-10-30 02:05:38] 
INFO [2021-10-30 02:05:38] $category.names
INFO [2021-10-30 02:05:38] c("Not annotated", "Annotated by e-value", "Annotated by %identity")
INFO [2021-10-30 02:05:38] 
INFO [2021-10-30 02:05:38] $filename
INFO [2021-10-30 02:05:38] vennfile
INFO [2021-10-30 02:05:38] 
INFO [2021-10-30 02:05:38] $output
INFO [2021-10-30 02:05:38] [1] TRUE
INFO [2021-10-30 02:05:38] 
INFO [2021-10-30 02:05:38] $imagetype
INFO [2021-10-30 02:05:38] [1] "png"
INFO [2021-10-30 02:05:38] 
INFO [2021-10-30 02:05:38] $height
INFO [2021-10-30 02:05:38] [1] 700
INFO [2021-10-30 02:05:38] 
INFO [2021-10-30 02:05:38] $width
INFO [2021-10-30 02:05:38] [1] 700
INFO [2021-10-30 02:05:38] 
INFO [2021-10-30 02:05:38] $resolution
INFO [2021-10-30 02:05:38] [1] 300
INFO [2021-10-30 02:05:38] 
INFO [2021-10-30 02:05:38] $compression
INFO [2021-10-30 02:05:38] [1] "lzw"
INFO [2021-10-30 02:05:38] 
INFO [2021-10-30 02:05:38] $lwd
INFO [2021-10-30 02:05:38] [1] 1
INFO [2021-10-30 02:05:38] 
INFO [2021-10-30 02:05:38] $col
INFO [2021-10-30 02:05:38] c("#440154ff", "#21908dff", "#DC143C")
INFO [2021-10-30 02:05:38] 
INFO [2021-10-30 02:05:38] $fill
INFO [2021-10-30 02:05:38] c(alpha("#440154ff", 0.3), alpha("#21908dff", 0.3), alpha("#DC143C", 
INFO [2021-10-30 02:05:38]     0.3))
INFO [2021-10-30 02:05:38] 
INFO [2021-10-30 02:05:38] $cex
INFO [2021-10-30 02:05:38] [1] 0.3
INFO [2021-10-30 02:05:38] 
INFO [2021-10-30 02:05:38] $fontfamily
INFO [2021-10-30 02:05:38] [1] "sans"
INFO [2021-10-30 02:05:38] 
INFO [2021-10-30 02:05:38] $cat.cex
INFO [2021-10-30 02:05:38] [1] 0.3
INFO [2021-10-30 02:05:38] 
INFO [2021-10-30 02:05:38] $cat.default.pos
INFO [2021-10-30 02:05:38] [1] "outer"
INFO [2021-10-30 02:05:38] 
INFO [2021-10-30 02:05:38] $cat.fontfamily
INFO [2021-10-30 02:05:38] [1] "sans"
INFO [2021-10-30 02:05:38] 
INFO [2021-10-30 02:05:38] $cat.col
INFO [2021-10-30 02:05:38] c("#440154ff", "#21908dff", "#DC143C")
INFO [2021-10-30 02:05:38] 
INFO [2021-10-30 02:05:38] $rotation
INFO [2021-10-30 02:05:38] [1] 1
INFO [2021-10-30 02:05:38] 
INFO [2021-10-30 02:05:38] $margin
INFO [2021-10-30 02:05:38] [1] 0.1
INFO [2021-10-30 02:05:38] 
