1,Enterobacteria-phage-fd_taxid_10864.gbk,1,410,1,410,cluster00001,
20,Escherichia-virus-M13_taxid_1977402.gbk,20,410,1,410,cluster00001,
30,Salmonella-phage-IKe_taxid_10867.gbk,30,421,1,421,cluster00001,
2,Enterobacteria-phage-fd_taxid_10864.gbk,2,111,1,111,cluster00002,
21,Escherichia-virus-M13_taxid_1977402.gbk,21,111,1,111,cluster00002,
31,Salmonella-phage-IKe_taxid_10867.gbk,31,121,1,121,cluster00002,
3,Enterobacteria-phage-fd_taxid_10864.gbk,3,87,1,87,cluster00003,
22,Escherichia-virus-M13_taxid_1977402.gbk,22,87,1,87,cluster00003,
32,Salmonella-phage-IKe_taxid_10867.gbk,32,88,1,88,cluster00003,
6,Enterobacteria-phage-fd_taxid_10864.gbk,6,73,1,73,cluster00004,
18,Escherichia-virus-I22_taxid_10869.gbk,18,84,1,84,cluster00004,
25,Escherichia-virus-M13_taxid_1977402.gbk,25,73,1,73,cluster00004,
35,Salmonella-phage-IKe_taxid_10867.gbk,35,82,1,82,cluster00004,
8,Enterobacteria-phage-fd_taxid_10864.gbk,8,112,1,112,cluster00005,
27,Escherichia-virus-M13_taxid_1977402.gbk,27,112,1,112,cluster00005,
37,Salmonella-phage-IKe_taxid_10867.gbk,37,116,1,116,cluster00005,
9,Enterobacteria-phage-fd_taxid_10864.gbk,9,348,1,348,cluster00006,
11,Escherichia-virus-I22_taxid_10869.gbk,11,365,1,365,cluster00006,
28,Escherichia-virus-M13_taxid_1977402.gbk,28,348,1,348,cluster00006,
38,Salmonella-phage-IKe_taxid_10867.gbk,38,365,1,365,cluster00006,
10,Enterobacteria-phage-fd_taxid_10864.gbk,10,426,1,426,cluster00007,
12,Escherichia-virus-I22_taxid_10869.gbk,12,428,1,428,cluster00007,
29,Escherichia-virus-M13_taxid_1977402.gbk,29,426,1,426,cluster00007,
39,Salmonella-phage-IKe_taxid_10867.gbk,39,437,1,437,cluster00007,
40,Vibrio-phage-KSF1_taxid_292443.gbk,40,367,1,367,cluster00008,
53,Vibrio-phage-VCY-phi_taxid_1105327.gbk,53,418,1,418,cluster00008,
63,Vibrio-phage-VEJphi_taxid_642111.gbk,63,361,1,361,cluster00008,
78,Vibrio-phage-VSK_taxid_181604.gbk,78,368,1,368,cluster00008,
88,Vibrio-phage-VfO4K68_taxid_127508.gbk,88,402,1,402,cluster00008,
108,Vibrio-virus-fs1_taxid_70203.gbk,108,208,1,208,cluster00008,
41,Vibrio-phage-KSF1_taxid_292443.gbk,41,88,1,88,cluster00009,
64,Vibrio-phage-VEJphi_taxid_642111.gbk,64,112,1,112,cluster00009,
79,Vibrio-phage-VSK_taxid_181604.gbk,79,107,1,107,cluster00009,
89,Vibrio-phage-VfO4K68_taxid_127508.gbk,89,119,1,119,cluster00009,
109,Vibrio-virus-fs1_taxid_70203.gbk,109,112,1,112,cluster00009,
47,Vibrio-phage-KSF1_taxid_292443.gbk,47,114,1,114,cluster00010,
58,Vibrio-phage-VCY-phi_taxid_1105327.gbk,58,114,1,114,cluster00010,
93,Vibrio-phage-VfO4K68_taxid_127508.gbk,93,114,1,114,cluster00010,
48,Vibrio-phage-KSF1_taxid_292443.gbk,48,455,1,455,cluster00011,
59,Vibrio-phage-VCY-phi_taxid_1105327.gbk,59,454,1,454,cluster00011,
94,Vibrio-phage-VfO4K68_taxid_127508.gbk,94,461,1,461,cluster00011,
61,Vibrio-phage-VCY-phi_taxid_1105327.gbk,61,123,1,123,cluster00012,
71,Vibrio-phage-VEJphi_taxid_642111.gbk,71,136,1,136,cluster00012,
74,Vibrio-phage-VSK_taxid_181604.gbk,74,78,1,78,cluster00012,
62,Vibrio-phage-VCY-phi_taxid_1105327.gbk,62,154,1,154,cluster00013,
72,Vibrio-phage-VEJphi_taxid_642111.gbk,72,98,1,98,cluster00013,
75,Vibrio-phage-VSK_taxid_181604.gbk,75,152,1,152,cluster00013,
65,Vibrio-phage-VEJphi_taxid_642111.gbk,65,81,1,81,cluster00014,
80,Vibrio-phage-VSK_taxid_181604.gbk,80,80,1,80,cluster00014,
110,Vibrio-virus-fs1_taxid_70203.gbk,110,81,1,81,cluster00014,
69,Vibrio-phage-VEJphi_taxid_642111.gbk,69,104,1,104,cluster00015,
84,Vibrio-phage-VSK_taxid_181604.gbk,84,104,1,104,cluster00015,
100,Vibrio-virus-fs1_taxid_70203.gbk,100,104,1,104,cluster00015,
70,Vibrio-phage-VEJphi_taxid_642111.gbk,70,411,1,411,cluster00016,
86,Vibrio-phage-VSK_taxid_181604.gbk,86,243,1,243,cluster00016,
101,Vibrio-virus-fs1_taxid_70203.gbk,101,384,1,384,cluster00016,
4,Enterobacteria-phage-fd_taxid_10864.gbk,4,33,1,33,cluster00017,
23,Escherichia-virus-M13_taxid_1977402.gbk,23,33,1,33,cluster00017,
5,Enterobacteria-phage-fd_taxid_10864.gbk,5,32,1,32,cluster00018,
24,Escherichia-virus-M13_taxid_1977402.gbk,24,32,1,32,cluster00018,
7,Enterobacteria-phage-fd_taxid_10864.gbk,7,424,1,424,cluster00019,
26,Escherichia-virus-M13_taxid_1977402.gbk,26,424,1,424,cluster00019,
16,Escherichia-virus-I22_taxid_10869.gbk,16,29,1,29,cluster00020,
33,Salmonella-phage-IKe_taxid_10867.gbk,33,32,1,32,cluster00020,
17,Escherichia-virus-I22_taxid_10869.gbk,17,33,1,33,cluster00021,
34,Salmonella-phage-IKe_taxid_10867.gbk,34,33,1,33,cluster00021,
19,Escherichia-virus-I22_taxid_10869.gbk,19,434,1,434,cluster00022,
36,Salmonella-phage-IKe_taxid_10867.gbk,36,434,1,434,cluster00022,
43,Vibrio-phage-KSF1_taxid_292443.gbk,43,79,1,79,cluster00023,
56,Vibrio-phage-VCY-phi_taxid_1105327.gbk,56,69,1,69,cluster00023,
49,Vibrio-phage-KSF1_taxid_292443.gbk,49,57,1,57,cluster00024,
60,Vibrio-phage-VCY-phi_taxid_1105327.gbk,60,61,1,61,cluster00024,
56,Vibrio-phage-VCY-phi_taxid_1105327.gbk,56,69,1,69,cluster00025,
91,Vibrio-phage-VfO4K68_taxid_127508.gbk,91,81,1,81,cluster00025,
66,Vibrio-phage-VEJphi_taxid_642111.gbk,66,44,1,44,cluster00026,
96,Vibrio-virus-fs1_taxid_70203.gbk,96,44,1,44,cluster00026,
67,Vibrio-phage-VEJphi_taxid_642111.gbk,67,29,1,29,cluster00027,
97,Vibrio-virus-fs1_taxid_70203.gbk,97,29,1,29,cluster00027,
68,Vibrio-phage-VEJphi_taxid_642111.gbk,68,493,1,493,cluster00028,
83,Vibrio-phage-VSK_taxid_181604.gbk,83,302,1,302,cluster00028,
68,Vibrio-phage-VEJphi_taxid_642111.gbk,68,493,1,493,cluster00029,
92,Vibrio-phage-VfO4K68_taxid_127508.gbk,92,504,1,504,cluster00029,
76,Vibrio-phage-VSK_taxid_181604.gbk,76,82,1,82,cluster00030,
105,Vibrio-virus-fs1_taxid_70203.gbk,105,82,1,82,cluster00030,
82,Vibrio-phage-VSK_taxid_181604.gbk,82,208,1,208,cluster00031,
98,Vibrio-virus-fs1_taxid_70203.gbk,98,257,1,257,cluster00031,
83,Vibrio-phage-VSK_taxid_181604.gbk,83,302,1,302,cluster00032,
99,Vibrio-virus-fs1_taxid_70203.gbk,99,193,1,193,cluster00032,
87,Vibrio-phage-VSK_taxid_181604.gbk,87,62,1,62,cluster00033,
102,Vibrio-virus-fs1_taxid_70203.gbk,102,52,1,52,cluster00033,
13,Escherichia-virus-I22_taxid_10869.gbk,13,344,1,344,,
14,Escherichia-virus-I22_taxid_10869.gbk,14,98,1,98,,
15,Escherichia-virus-I22_taxid_10869.gbk,15,108,1,108,,
42,Vibrio-phage-KSF1_taxid_292443.gbk,42,35,1,35,,
44,Vibrio-phage-KSF1_taxid_292443.gbk,44,310,1,310,,
45,Vibrio-phage-KSF1_taxid_292443.gbk,45,54,1,54,,
46,Vibrio-phage-KSF1_taxid_292443.gbk,46,40,1,40,,
50,Vibrio-phage-KSF1_taxid_292443.gbk,50,43,1,43,,
51,Vibrio-phage-KSF1_taxid_292443.gbk,51,81,1,81,,
52,Vibrio-phage-VCY-phi_taxid_1105327.gbk,52,83,1,83,,
54,Vibrio-phage-VCY-phi_taxid_1105327.gbk,54,99,1,99,,
55,Vibrio-phage-VCY-phi_taxid_1105327.gbk,55,76,1,76,,
57,Vibrio-phage-VCY-phi_taxid_1105327.gbk,57,475,1,475,,
73,Vibrio-phage-VEJphi_taxid_642111.gbk,73,67,1,67,,
77,Vibrio-phage-VSK_taxid_181604.gbk,77,59,1,59,,
81,Vibrio-phage-VSK_taxid_181604.gbk,81,49,1,49,,
85,Vibrio-phage-VSK_taxid_181604.gbk,85,145,1,145,,
90,Vibrio-phage-VfO4K68_taxid_127508.gbk,90,76,1,76,,
95,Vibrio-phage-VfO4K68_taxid_127508.gbk,95,215,1,215,,
103,Vibrio-virus-fs1_taxid_70203.gbk,103,27,1,27,,
104,Vibrio-virus-fs1_taxid_70203.gbk,104,20,1,20,,
106,Vibrio-virus-fs1_taxid_70203.gbk,106,45,1,45,,
107,Vibrio-virus-fs1_taxid_70203.gbk,107,166,1,166,,
