1,Abaca-bunchy-top-virus_taxid_438782.gbk,1,286,1,286,cluster00001,
10,Banana-bunchy-top-virus_taxid_12585.gbk,10,286,1,286,cluster00001,
16,Black-medic-leaf-roll-virus_taxid_2038729.gbk,16,286,1,286,cluster00001,
20,Cardamom-bushy-dwarf-virus_taxid_262588.gbk,20,286,1,286,cluster00001,
29,Cow-vetch-latent-virus_taxid_2056780.gbk,29,286,1,286,cluster00001,
34,Faba-bean-necrotic-stunt-virus_taxid_283824.gbk,34,286,1,286,cluster00001,
45,Faba-bean-necrotic-yellows-virus_taxid_59817.gbk,45,286,1,286,cluster00001,
49,Faba-bean-yellow-leaf-virus_taxid_1137801.gbk,49,286,1,286,cluster00001,
60,Milk-vetch-dwarf-virus_taxid_67585.gbk,60,286,1,286,cluster00001,
70,Pea-necrotic-yellow-dwarf-virus_taxid_753670.gbk,70,286,1,286,cluster00001,
80,Pea-yellow-stunt-virus_taxid_1436892.gbk,80,286,1,286,cluster00001,
82,Subterranean-clover-stunt-virus_taxid_36772.gbk,82,286,1,286,cluster00001,
2,Abaca-bunchy-top-virus_taxid_438782.gbk,2,160,1,160,cluster00002,
8,Banana-bunchy-top-virus_taxid_12585.gbk,8,161,1,161,cluster00002,
19,Cardamom-bushy-dwarf-virus_taxid_262588.gbk,19,160,1,160,cluster00002,
3,Abaca-bunchy-top-virus_taxid_438782.gbk,3,154,1,154,cluster00003,
6,Banana-bunchy-top-virus_taxid_12585.gbk,6,154,1,154,cluster00003,
11,Black-medic-leaf-roll-virus_taxid_2038729.gbk,11,153,1,153,cluster00003,
23,Cardamom-bushy-dwarf-virus_taxid_262588.gbk,23,155,1,155,cluster00003,
31,Cow-vetch-latent-virus_taxid_2056780.gbk,31,151,1,151,cluster00003,
39,Faba-bean-necrotic-stunt-virus_taxid_283824.gbk,39,153,1,153,cluster00003,
42,Faba-bean-necrotic-yellows-virus_taxid_59817.gbk,42,153,1,153,cluster00003,
53,Faba-bean-yellow-leaf-virus_taxid_1137801.gbk,53,153,1,153,cluster00003,
59,Milk-vetch-dwarf-virus_taxid_67585.gbk,59,153,1,153,cluster00003,
67,Pea-necrotic-yellow-dwarf-virus_taxid_753670.gbk,67,153,1,153,cluster00003,
74,Pea-yellow-stunt-virus_taxid_1436892.gbk,74,153,1,153,cluster00003,
84,Subterranean-clover-stunt-virus_taxid_36772.gbk,84,153,1,153,cluster00003,
4,Abaca-bunchy-top-virus_taxid_438782.gbk,4,170,1,170,cluster00004,
9,Banana-bunchy-top-virus_taxid_12585.gbk,9,175,1,175,cluster00004,
14,Black-medic-leaf-roll-virus_taxid_2038729.gbk,14,173,1,173,cluster00004,
21,Cardamom-bushy-dwarf-virus_taxid_262588.gbk,21,170,1,170,cluster00004,
25,Cow-vetch-latent-virus_taxid_2056780.gbk,25,171,1,171,cluster00004,
37,Faba-bean-necrotic-stunt-virus_taxid_283824.gbk,37,172,1,172,cluster00004,
48,Faba-bean-necrotic-yellows-virus_taxid_59817.gbk,48,172,1,172,cluster00004,
55,Faba-bean-yellow-leaf-virus_taxid_1137801.gbk,55,172,1,172,cluster00004,
62,Milk-vetch-dwarf-virus_taxid_67585.gbk,62,172,1,172,cluster00004,
66,Pea-necrotic-yellow-dwarf-virus_taxid_753670.gbk,66,170,1,170,cluster00004,
77,Pea-yellow-stunt-virus_taxid_1436892.gbk,77,171,1,171,cluster00004,
83,Subterranean-clover-stunt-virus_taxid_36772.gbk,83,169,1,169,cluster00004,
5,Abaca-bunchy-top-virus_taxid_438782.gbk,5,116,1,116,cluster00005,
7,Banana-bunchy-top-virus_taxid_12585.gbk,7,117,1,117,cluster00005,
22,Cardamom-bushy-dwarf-virus_taxid_262588.gbk,22,117,1,117,cluster00005,
12,Black-medic-leaf-roll-virus_taxid_2038729.gbk,12,117,1,117,cluster00006,
27,Cow-vetch-latent-virus_taxid_2056780.gbk,27,115,1,115,cluster00006,
32,Faba-bean-necrotic-stunt-virus_taxid_283824.gbk,32,118,1,118,cluster00006,
40,Faba-bean-necrotic-yellows-virus_taxid_59817.gbk,40,114,1,114,cluster00006,
51,Faba-bean-yellow-leaf-virus_taxid_1137801.gbk,51,112,1,112,cluster00006,
57,Milk-vetch-dwarf-virus_taxid_67585.gbk,57,112,1,112,cluster00006,
69,Pea-necrotic-yellow-dwarf-virus_taxid_753670.gbk,69,119,1,119,cluster00006,
79,Pea-yellow-stunt-virus_taxid_1436892.gbk,79,112,1,112,cluster00006,
85,Subterranean-clover-stunt-virus_taxid_36772.gbk,85,112,1,112,cluster00006,
13,Black-medic-leaf-roll-virus_taxid_2038729.gbk,13,170,1,170,cluster00007,
26,Cow-vetch-latent-virus_taxid_2056780.gbk,26,170,1,170,cluster00007,
33,Faba-bean-necrotic-stunt-virus_taxid_283824.gbk,33,169,1,169,cluster00007,
46,Faba-bean-necrotic-yellows-virus_taxid_59817.gbk,46,169,1,169,cluster00007,
50,Faba-bean-yellow-leaf-virus_taxid_1137801.gbk,50,174,1,174,cluster00007,
58,Milk-vetch-dwarf-virus_taxid_67585.gbk,58,169,1,169,cluster00007,
65,Pea-necrotic-yellow-dwarf-virus_taxid_753670.gbk,65,169,1,169,cluster00007,
78,Pea-yellow-stunt-virus_taxid_1436892.gbk,78,165,1,165,cluster00007,
86,Subterranean-clover-stunt-virus_taxid_36772.gbk,86,164,1,164,cluster00007,
15,Black-medic-leaf-roll-virus_taxid_2038729.gbk,15,158,1,158,cluster00008,
28,Cow-vetch-latent-virus_taxid_2056780.gbk,28,160,1,160,cluster00008,
35,Faba-bean-necrotic-stunt-virus_taxid_283824.gbk,35,157,1,157,cluster00008,
47,Faba-bean-necrotic-yellows-virus_taxid_59817.gbk,47,155,1,155,cluster00008,
56,Faba-bean-yellow-leaf-virus_taxid_1137801.gbk,56,154,1,154,cluster00008,
64,Milk-vetch-dwarf-virus_taxid_67585.gbk,64,150,1,150,cluster00008,
72,Pea-necrotic-yellow-dwarf-virus_taxid_753670.gbk,72,154,1,154,cluster00008,
73,Pea-yellow-stunt-virus_taxid_1436892.gbk,73,151,1,151,cluster00008,
81,Subterranean-clover-stunt-virus_taxid_36772.gbk,81,146,1,146,cluster00008,
17,Black-medic-leaf-roll-virus_taxid_2038729.gbk,17,123,1,123,cluster00009,
30,Cow-vetch-latent-virus_taxid_2056780.gbk,30,112,1,112,cluster00009,
38,Faba-bean-necrotic-stunt-virus_taxid_283824.gbk,38,121,1,121,cluster00009,
41,Faba-bean-necrotic-yellows-virus_taxid_59817.gbk,41,124,1,124,cluster00009,
54,Faba-bean-yellow-leaf-virus_taxid_1137801.gbk,54,121,1,121,cluster00009,
61,Milk-vetch-dwarf-virus_taxid_67585.gbk,61,125,1,125,cluster00009,
71,Pea-necrotic-yellow-dwarf-virus_taxid_753670.gbk,71,118,1,118,cluster00009,
75,Pea-yellow-stunt-virus_taxid_1436892.gbk,75,124,1,124,cluster00009,
18,Black-medic-leaf-roll-virus_taxid_2038729.gbk,18,109,1,109,cluster00010,
24,Cow-vetch-latent-virus_taxid_2056780.gbk,24,104,1,104,cluster00010,
36,Faba-bean-necrotic-stunt-virus_taxid_283824.gbk,36,106,1,106,cluster00010,
43,Faba-bean-necrotic-yellows-virus_taxid_59817.gbk,43,105,1,105,cluster00010,
44,Faba-bean-necrotic-yellows-virus_taxid_59817.gbk,44,82,1,82,cluster00010,
52,Faba-bean-yellow-leaf-virus_taxid_1137801.gbk,52,106,1,106,cluster00010,
63,Milk-vetch-dwarf-virus_taxid_67585.gbk,63,123,1,123,cluster00010,
68,Pea-necrotic-yellow-dwarf-virus_taxid_753670.gbk,68,103,1,103,cluster00010,
76,Pea-yellow-stunt-virus_taxid_1436892.gbk,76,103,1,103,cluster00010,
