1,Acartia-tonsa-copepod-circovirus_taxid_1168547.gbk,1,351,1,351,cluster00001,
3,Aiptasia-sp-sea-anemone-associated-circular-virus_taxid_1692242.gbk,3,293,1,293,cluster00001,
5,Anguilla-anguilla-circovirus_taxid_1420600.gbk,5,286,1,286,cluster00001,
7,Apteryx-rowi-circovirus-like-virus_taxid_1634476.gbk,7,322,1,322,cluster00001,
10,Arboreal-ant-associated-circular-virus-1_taxid_2293273.gbk,10,277,1,277,cluster00001,
11,Avon-Heathcote-Estuary-associated-circular-virus-10_taxid_1618233.gbk,11,344,1,344,cluster00001,
14,Avon-Heathcote-Estuary-associated-circular-virus-11_taxid_1618234.gbk,14,357,1,357,cluster00001,
16,Avon-Heathcote-Estuary-associated-circular-virus-12_taxid_1618235.gbk,16,291,1,291,cluster00001,
18,Avon-Heathcote-Estuary-associated-circular-virus-13_taxid_1618236.gbk,18,298,1,298,cluster00001,
20,Avon-Heathcote-Estuary-associated-circular-virus-14_taxid_1618237.gbk,20,315,1,315,cluster00001,
21,Avon-Heathcote-Estuary-associated-circular-virus-15_taxid_1618238.gbk,21,412,1,412,cluster00001,
24,Avon-Heathcote-Estuary-associated-circular-virus-16_taxid_1618239.gbk,24,276,1,276,cluster00001,
25,Avon-Heathcote-Estuary-associated-circular-virus-17_taxid_1618240.gbk,25,276,1,276,cluster00001,
28,Avon-Heathcote-Estuary-associated-circular-virus-19_taxid_1618242.gbk,28,303,1,303,cluster00001,
29,Avon-Heathcote-Estuary-associated-circular-virus-1_taxid_1618232.gbk,29,274,1,274,cluster00001,
32,Avon-Heathcote-Estuary-associated-circular-virus-20_taxid_1618244.gbk,32,259,1,259,cluster00001,
34,Avon-Heathcote-Estuary-associated-circular-virus-21_taxid_1618245.gbk,34,271,1,271,cluster00001,
35,Avon-Heathcote-Estuary-associated-circular-virus-22_taxid_1618246.gbk,35,270,1,270,cluster00001,
38,Avon-Heathcote-Estuary-associated-circular-virus-23_taxid_1618247.gbk,38,316,1,316,cluster00001,
39,Avon-Heathcote-Estuary-associated-circular-virus-24_taxid_1618248.gbk,39,304,1,304,cluster00001,
44,Avon-Heathcote-Estuary-associated-circular-virus-26_taxid_1618250.gbk,44,274,1,274,cluster00001,
46,Avon-Heathcote-Estuary-associated-circular-virus-27_taxid_1618251.gbk,46,307,1,307,cluster00001,
50,Avon-Heathcote-Estuary-associated-circular-virus-29_taxid_1618253.gbk,50,268,1,268,cluster00001,
51,Avon-Heathcote-Estuary-associated-circular-virus-2_taxid_1618243.gbk,51,283,1,283,cluster00001,
54,Avon-Heathcote-Estuary-associated-circular-virus-3_taxid_1618254.gbk,54,264,1,264,cluster00001,
55,Avon-Heathcote-Estuary-associated-circular-virus-4_taxid_1618255.gbk,55,258,1,258,cluster00001,
57,Avon-Heathcote-Estuary-associated-circular-virus-5_taxid_1618256.gbk,57,319,1,319,cluster00001,
59,Avon-Heathcote-Estuary-associated-circular-virus-6_taxid_1618257.gbk,59,265,1,265,cluster00001,
61,Avon-Heathcote-Estuary-associated-circular-virus-7_taxid_1618258.gbk,61,318,1,318,cluster00001,
64,Avon-Heathcote-Estuary-associated-circular-virus-8_taxid_1618259.gbk,64,284,1,284,cluster00001,
65,Avon-Heathcote-Estuary-associated-circular-virus-9_taxid_1618260.gbk,65,273,1,273,cluster00001,
67,Barbel-circovirus_taxid_759938.gbk,67,319,1,319,cluster00001,
69,Bat-associated-circovirus-1_taxid_1868218.gbk,69,295,1,295,cluster00001,
71,Bat-associated-circovirus-2_taxid_1868219.gbk,71,313,1,313,cluster00001,
73,Bat-associated-cyclovirus-2_taxid_2050585.gbk,73,276,1,276,cluster00001,
75,Bat-associated-cyclovirus-3_taxid_2050586.gbk,75,279,1,279,cluster00001,
77,Bat-associated-cyclovirus-4_taxid_2050587.gbk,77,286,1,286,cluster00001,
80,Bat-circovirus-POA-2012-II_taxid_1572237.gbk,80,276,1,276,cluster00001,
82,Bat-circovirus-POA-2012-VI_taxid_1572239.gbk,82,232,1,232,cluster00001,
83,Bat-circovirus_taxid_1329650.gbk,83,306,1,306,cluster00001,
85,Bat-cyclovirus-GF-4c_taxid_795381.gbk,85,281,1,281,cluster00001,
87,Beak-and-feather-disease-virus_taxid_77856.gbk,87,299,1,299,cluster00001,
91,Calanoida-sp-copepod-associated-circular-virus_taxid_1692244.gbk,91,272,1,272,cluster00001,
92,Callinectes-ornatus-blue-crab-associated-circular-virus_taxid_1692245.gbk,92,264,1,264,cluster00001,
94,Callinectes-sapidus-associated-circular-virus_taxid_1692246.gbk,94,270,1,270,cluster00001,
96,Canary-circovirus_taxid_142661.gbk,96,290,1,290,cluster00001,
98,Canine-circovirus_taxid_1194757.gbk,98,303,1,303,cluster00001,
101,Chicken-associated-cyclovirus-2_taxid_2109365.gbk,101,245,1,245,cluster00001,
102,Chimpanzee-faeces-associated-circular-DNA-virus-1_taxid_1676184.gbk,102,360,1,360,cluster00001,
105,Chimpanzee-stool-avian-like-circovirus-Chimp17_taxid_743290.gbk,105,291,1,291,cluster00001,
107,Circoviridae-1-LDMD-2013_taxid_1379692.gbk,107,358,1,358,cluster00001,
111,Circoviridae-10-LDMD-2013_taxid_1379714.gbk,111,298,1,298,cluster00001,
114,Circoviridae-11-LDMD-2013_taxid_1379715.gbk,114,292,1,292,cluster00001,
119,Circoviridae-13-LDMD-2013_taxid_1379717.gbk,119,292,1,292,cluster00001,
121,Circoviridae-14-LDMD-2013_taxid_1379718.gbk,121,280,1,280,cluster00001,
126,Circoviridae-15-LDMD-2013_taxid_1379719.gbk,126,290,1,290,cluster00001,
128,Circoviridae-16-LDMD-2013_taxid_1379720.gbk,128,240,1,240,cluster00001,
131,Circoviridae-18-LDMD-2013_taxid_1379722.gbk,131,263,1,263,cluster00001,
133,Circoviridae-2-LDMD-2013_taxid_1379695.gbk,133,319,1,319,cluster00001,
135,Circoviridae-21-LDMD-2013_taxid_1379725.gbk,135,355,1,355,cluster00001,
138,Circoviridae-3-LDMD-2013_taxid_1379707.gbk,138,237,1,237,cluster00001,
142,Circoviridae-4-LDMD-2013_taxid_1379708.gbk,142,393,1,393,cluster00001,
145,Circoviridae-5-LDMD-2013_taxid_1379709.gbk,145,282,1,282,cluster00001,
146,Circoviridae-6-LDMD-2013_taxid_1379710.gbk,146,240,1,240,cluster00001,
147,Circoviridae-6-LDMD-2013_taxid_1379710.gbk,147,179,1,179,cluster00001,
151,Circoviridae-7-LDMD-2013_taxid_1379711.gbk,151,267,1,267,cluster00001,
155,Circoviridae-8-LDMD-2013_taxid_1379712.gbk,155,483,1,483,cluster00001,
161,Circoviridae-9-LDMD-2013_taxid_1379713.gbk,161,235,1,235,cluster00001,
162,Circovirus-like-genome-DCCV-10_taxid_1788438.gbk,162,314,1,314,cluster00001,
165,Circovirus-like-genome-DCCV-11_taxid_1788439.gbk,165,324,1,324,cluster00001,
170,Circovirus-like-genome-DCCV-12_taxid_1788440.gbk,170,325,1,325,cluster00001,
174,Circovirus-like-genome-DCCV-13_taxid_1788441.gbk,174,268,1,268,cluster00001,
179,Circovirus-like-genome-DCCV-3_taxid_1788443.gbk,179,312,1,312,cluster00001,
182,Circovirus-like-genome-DCCV-4_taxid_1788444.gbk,182,401,1,401,cluster00001,
185,Circovirus-like-genome-DCCV-5_taxid_1788445.gbk,185,281,1,281,cluster00001,
193,Circovirus-like-genome-DCCV-7_taxid_1788447.gbk,193,275,1,275,cluster00001,
198,Circovirus-like-genome-DCCV-8_taxid_1788448.gbk,198,263,1,263,cluster00001,
201,Circovirus-like-genome-DCCV-9_taxid_1788449.gbk,201,329,1,329,cluster00001,
204,Circovirus-like-genome-DHCV-2_taxid_1788451.gbk,204,274,1,274,cluster00001,
209,Circovirus-like-genome-DHCV-3_taxid_1788452.gbk,209,290,1,290,cluster00001,
212,Circovirus-like-genome-DHCV-5_taxid_1788454.gbk,212,289,1,289,cluster00001,
214,Circovirus-like-genome-DHCV-6_taxid_1788455.gbk,214,276,1,276,cluster00001,
217,Circovirus-sp_taxid_1964372.gbk,217,244,1,244,cluster00001,
220,Cockroach-associated-cyclovirus-1_taxid_2050038.gbk,220,247,1,247,cluster00001,
221,Cockroach-associated-cyclovirus-1_taxid_2050038.gbk,221,198,1,198,cluster00001,
224,Columbid-circovirus_taxid_126070.gbk,224,317,1,317,cluster00001,
228,Culex-circovirus-like-virus_taxid_2304514.gbk,228,295,1,295,cluster00001,
230,Culex-circovirus-like-virus_taxid_2304514.gbk,230,167,1,167,cluster00001,
232,Cyclovirus-Chimp11_taxid_742920.gbk,232,280,1,280,cluster00001,
234,Cyclovirus-Equ1_taxid_1673638.gbk,234,271,1,271,cluster00001,
236,Cyclovirus-NG12_taxid_742922.gbk,236,281,1,281,cluster00001,
238,Cyclovirus-NG14_taxid_742923.gbk,238,286,1,286,cluster00001,
240,Cyclovirus-NGchicken15-NGA-2009_taxid_942037.gbk,240,278,1,278,cluster00001,
242,Cyclovirus-NGchicken8-NGA-2009_taxid_942036.gbk,242,278,1,278,cluster00001,
244,Cyclovirus-PK5006_taxid_742915.gbk,244,278,1,278,cluster00001,
246,Cyclovirus-PK5034_taxid_742916.gbk,246,277,1,277,cluster00001,
248,Cyclovirus-PK5222_taxid_742917.gbk,248,279,1,279,cluster00001,
250,Cyclovirus-PK5510_taxid_742918.gbk,250,280,1,280,cluster00001,
252,Cyclovirus-PKbeef23-PAK-2009_taxid_942032.gbk,252,280,1,280,cluster00001,
254,Cyclovirus-PKgoat11-PAK-2009_taxid_942034.gbk,254,278,1,278,cluster00001,
256,Cyclovirus-PKgoat21-PAK-2009_taxid_942033.gbk,256,280,1,280,cluster00001,
259,Cyclovirus-SL-108277_taxid_1520935.gbk,259,276,1,276,cluster00001,
260,Cyclovirus-TN25_taxid_742924.gbk,260,286,1,286,cluster00001,
263,Cyclovirus-TsCyV-1-JP-NUBS-2014_taxid_1592764.gbk,263,276,1,276,cluster00001,
264,Cyclovirus-VN_taxid_1348500.gbk,264,292,1,292,cluster00001,
267,Cyclovirus-ZM36a_taxid_1506568.gbk,267,277,1,277,cluster00001,
268,Cyclovirus-bat-USA-2009_taxid_942035.gbk,268,278,1,278,cluster00001,
270,Didemnum-sp-Sea-Squirt-associated-virus_taxid_1692247.gbk,270,300,1,300,cluster00001,
272,Dragonfly-associated-cyclovirus-1_taxid_1234879.gbk,272,309,1,309,cluster00001,
275,Dragonfly-associated-cyclovirus-2_taxid_1234880.gbk,275,325,1,325,cluster00001,
276,Dragonfly-associated-cyclovirus-3_taxid_1234881.gbk,276,251,1,251,cluster00001,
277,Dragonfly-associated-cyclovirus-3_taxid_1234881.gbk,277,300,1,300,cluster00001,
280,Dragonfly-associated-cyclovirus-4_taxid_1234882.gbk,280,310,1,310,cluster00001,
282,Dragonfly-associated-cyclovirus-5_taxid_1234883.gbk,282,277,1,277,cluster00001,
284,Dragonfly-associated-cyclovirus-6_taxid_1574360.gbk,284,276,1,276,cluster00001,
286,Dragonfly-associated-cyclovirus-7_taxid_1574361.gbk,286,283,1,283,cluster00001,
288,Dragonfly-associated-cyclovirus-8_taxid_1574362.gbk,288,278,1,278,cluster00001,
290,Dragonfly-associated-cyclovirus_taxid_2152567.gbk,290,278,1,278,cluster00001,
291,Dromedary-stool-associated-circular-ssDNA-virus_taxid_1574422.gbk,291,360,1,360,cluster00001,
295,Duck-associated-cyclovirus-1_taxid_2006585.gbk,295,326,1,326,cluster00001,
296,Duck-circovirus_taxid_324685.gbk,296,292,1,292,cluster00001,
300,Ecklonia-radiata-associated-virus-5_taxid_2480195.gbk,300,304,1,304,cluster00001,
303,Ecklonia-radiata-associated-virus-7_taxid_2480197.gbk,303,307,1,307,cluster00001,
304,Farfantepenaeus-duorarum-circovirus_taxid_1380894.gbk,304,287,1,287,cluster00001,
306,Farfantepenaeus-duorarum-pink-shrimp-associated-circular-virus_taxid_1692248.gbk,306,175,1,175,cluster00001,
308,Feline-cyclovirus_taxid_1530454.gbk,308,272,1,272,cluster00001,
310,Feline-stool-associated-circular-virus-KU14_taxid_2249941.gbk,310,319,1,319,cluster00001,
312,Fiddler-Crab-associated-circular-virus_taxid_1692249.gbk,312,273,1,273,cluster00001,
314,Finch-circovirus_taxid_400122.gbk,314,291,1,291,cluster00001,
318,Fur-seal-faeces-associated-circular-DNA-virus_taxid_1353241.gbk,318,358,1,358,cluster00001,
319,Gammarus-sp-amphipod-associated-circular-virus_taxid_1692250.gbk,319,294,1,294,cluster00001,
321,Garrulus-glandarius-associated-circular-virus-1_taxid_2006642.gbk,321,296,1,296,cluster00001,
323,Giant-panda-circovirus-1_taxid_2016456.gbk,323,288,1,288,cluster00001,
325,Giant-panda-circovirus-2_taxid_2016457.gbk,325,321,1,321,cluster00001,
328,Giant-panda-circovirus-3_taxid_2016458.gbk,328,299,1,299,cluster00001,
331,Giant-panda-circovirus-4_taxid_2016459.gbk,331,368,1,368,cluster00001,
334,Goose-circovirus_taxid_146032.gbk,334,293,1,293,cluster00001,
337,Gull-circovirus_taxid_400121.gbk,337,305,1,305,cluster00001,
340,Hermit-crab-associated-circular-virus_taxid_1692252.gbk,340,304,1,304,cluster00001,
343,Human-associated-cyclovirus-10_taxid_2038728.gbk,343,278,1,278,cluster00001,
344,Human-circovirus-VS6600022_taxid_1525173.gbk,344,370,1,370,cluster00001,
348,Human-cyclovirus-VS5700009_taxid_1345637.gbk,348,278,1,278,cluster00001,
350,Human-fecal-virus-Jorvi2_taxid_2017081.gbk,350,312,1,312,cluster00001,
355,Human-fecal-virus-Jorvi3_taxid_2017082.gbk,355,291,1,291,cluster00001,
357,Human-fecal-virus-Jorvi4_taxid_2017083.gbk,357,311,1,311,cluster00001,
359,Human-stool-associated-circular-virus-NG13_taxid_743300.gbk,359,307,1,307,cluster00001,
361,Indian-encephalitis-associated-cyclovirus_taxid_1755290.gbk,361,221,1,221,cluster00001,
363,Labidocera-aestiva-circovirus_taxid_1173709.gbk,363,255,1,255,cluster00001,
366,Littorina-sp-associated-circular-virus_taxid_1692253.gbk,366,366,1,366,cluster00001,
369,Marine-snail-associated-circular-virus_taxid_1692255.gbk,369,315,1,315,cluster00001,
371,Meles-meles-circovirus-like-virus_taxid_1128073.gbk,371,343,1,343,cluster00001,
373,Mink-circovirus_taxid_1475143.gbk,373,297,1,297,cluster00001,
375,Molossus-molossus-circovirus-2_taxid_1959843.gbk,375,351,1,351,cluster00001,
377,Molossus-molossus-circovirus-3_taxid_1959844.gbk,377,283,1,283,cluster00001,
379,Molossus-molossus-circovirus-4_taxid_1959845.gbk,379,271,1,271,cluster00001,
381,Mosquito-circovirus_taxid_1611039.gbk,381,301,1,301,cluster00001,
383,Mouse-associated-cyclovirus-1_taxid_2169856.gbk,383,353,1,353,cluster00001,
385,Mulard-duck-circovirus_taxid_232802.gbk,385,292,1,292,cluster00001,
387,Muscovy-duck-circovirus_taxid_257468.gbk,387,292,1,292,cluster00001,
391,Mytilus-sp-clam-associated-circular-virus_taxid_1692256.gbk,391,301,1,301,cluster00001,
394,Pacific-flying-fox-associated-cyclovirus-1_taxid_1795983.gbk,394,323,1,323,cluster00001,
396,Pacific-flying-fox-associated-cyclovirus-2_taxid_1795984.gbk,396,325,1,325,cluster00001,
398,Pacific-flying-fox-associated-cyclovirus-3_taxid_1795985.gbk,398,277,1,277,cluster00001,
399,Paguma-larvata-circovirus_taxid_2294094.gbk,399,298,1,298,cluster00001,
401,Palaemonetes-intermedius-brackish-grass-shrimp-associated-circular_taxid_1692257.gbk,401,301,1,301,cluster00001,
403,Palaemonetes-kadiakensis-Mississippi-grass-shrimp-associated_taxid_1692258.gbk,403,305,1,305,cluster00001,
406,Palaemonetes-sp-common-grass-shrimp-associated-circular-virus_taxid_1692259.gbk,406,321,1,321,cluster00001,
408,Paramuricea-placomus-associated-circular-virus_taxid_1692260.gbk,408,304,1,304,cluster00001,
409,Penaeus-monodon-circovirus-VN11_taxid_1419711.gbk,409,266,1,266,cluster00001,
412,Petrochirus-diogenes-giant-hermit-crab-associated-circular-virus_taxid_1692261.gbk,412,349,1,349,cluster00001,
415,Pleurochrysis-carterae-circular-virus_taxid_2057942.gbk,415,309,1,309,cluster00001,
417,Po-Circo-like-virus-21_taxid_1105383.gbk,417,310,1,310,cluster00001,
422,Po-Circo-like-virus-41_taxid_1105385.gbk,422,325,1,325,cluster00001,
425,Po-Circo-like-virus-51_taxid_1105386.gbk,425,320,1,320,cluster00001,
428,Porcine-circovirus-1_taxid_133704.gbk,428,312,1,312,cluster00001,
430,Porcine-circovirus-2_taxid_85708.gbk,430,314,1,314,cluster00001,
433,Porcine-circovirus-type-1-2a_taxid_720569.gbk,433,312,1,312,cluster00001,
436,Porcine-stool-associated-circular-virus-4_taxid_1475062.gbk,436,348,1,348,cluster00001,
438,Porcine-stool-associated-circular-virus-5_taxid_1475063.gbk,438,350,1,350,cluster00001,
440,Porcine-stool-associated-circular-virus-BEL-15V010_taxid_2017724.gbk,440,357,1,357,cluster00001,
441,Primnoa-pacifica-coral-associated-circular-virus_taxid_1692262.gbk,441,222,1,222,cluster00001,
443,Raven-circovirus_taxid_345250.gbk,443,291,1,291,cluster00001,
445,Rhinolophus-ferrumequinum-circovirus-1_taxid_1195373.gbk,445,294,1,294,cluster00001,
449,Silurus-glanis-circovirus_taxid_1126411.gbk,449,314,1,314,cluster00001,
452,Soft-spider-associated-circular-virus-1_taxid_2293301.gbk,452,305,1,305,cluster00001,
453,Starling-circovirus_taxid_349370.gbk,453,289,1,289,cluster00001,
456,Swan-circovirus_taxid_459957.gbk,456,293,1,293,cluster00001,
458,Tadarida-brasiliensis-circovirus-1_taxid_1732201.gbk,458,303,1,303,cluster00001,
460,Zebra-finch-circovirus_taxid_1642515.gbk,460,291,1,291,cluster00001,
4,Aiptasia-sp-sea-anemone-associated-circular-virus_taxid_1692242.gbk,4,290,1,290,cluster00002,
301,Ecklonia-radiata-associated-virus-5_taxid_2480195.gbk,301,284,1,284,cluster00002,
302,Ecklonia-radiata-associated-virus-7_taxid_2480197.gbk,302,283,1,283,cluster00002,
307,Farfantepenaeus-duorarum-pink-shrimp-associated-circular-virus_taxid_1692248.gbk,307,288,1,288,cluster00002,
320,Gammarus-sp-amphipod-associated-circular-virus_taxid_1692250.gbk,320,262,1,262,cluster00002,
327,Giant-panda-circovirus-2_taxid_2016457.gbk,327,281,1,281,cluster00002,
341,Hermit-crab-associated-circular-virus_taxid_1692252.gbk,341,285,1,285,cluster00002,
370,Marine-snail-associated-circular-virus_taxid_1692255.gbk,370,341,1,341,cluster00002,
392,Mytilus-sp-clam-associated-circular-virus_taxid_1692256.gbk,392,284,1,284,cluster00002,
402,Palaemonetes-intermedius-brackish-grass-shrimp-associated-circular_taxid_1692257.gbk,402,339,1,339,cluster00002,
9,Arboreal-ant-associated-circular-virus-1_taxid_2293273.gbk,9,220,1,220,cluster00003,
74,Bat-associated-cyclovirus-2_taxid_2050585.gbk,74,219,1,219,cluster00003,
76,Bat-associated-cyclovirus-3_taxid_2050586.gbk,76,223,1,223,cluster00003,
78,Bat-associated-cyclovirus-4_taxid_2050587.gbk,78,222,1,222,cluster00003,
79,Bat-circovirus-POA-2012-II_taxid_1572237.gbk,79,221,1,221,cluster00003,
81,Bat-circovirus-POA-2012-VI_taxid_1572239.gbk,81,219,1,219,cluster00003,
86,Bat-cyclovirus-GF-4c_taxid_795381.gbk,86,227,1,227,cluster00003,
100,Chicken-associated-cyclovirus-2_taxid_2109365.gbk,100,263,1,263,cluster00003,
219,Cockroach-associated-cyclovirus-1_taxid_2050038.gbk,219,222,1,222,cluster00003,
233,Cyclovirus-Chimp11_taxid_742920.gbk,233,220,1,220,cluster00003,
237,Cyclovirus-NG12_taxid_742922.gbk,237,218,1,218,cluster00003,
239,Cyclovirus-NG14_taxid_742923.gbk,239,230,1,230,cluster00003,
241,Cyclovirus-NGchicken15-NGA-2009_taxid_942037.gbk,241,222,1,222,cluster00003,
243,Cyclovirus-NGchicken8-NGA-2009_taxid_942036.gbk,243,222,1,222,cluster00003,
245,Cyclovirus-PK5006_taxid_742915.gbk,245,219,1,219,cluster00003,
247,Cyclovirus-PK5034_taxid_742916.gbk,247,218,1,218,cluster00003,
249,Cyclovirus-PK5222_taxid_742917.gbk,249,218,1,218,cluster00003,
251,Cyclovirus-PK5510_taxid_742918.gbk,251,219,1,219,cluster00003,
253,Cyclovirus-PKbeef23-PAK-2009_taxid_942032.gbk,253,212,1,212,cluster00003,
255,Cyclovirus-PKgoat11-PAK-2009_taxid_942034.gbk,255,231,1,231,cluster00003,
257,Cyclovirus-PKgoat21-PAK-2009_taxid_942033.gbk,257,212,1,212,cluster00003,
258,Cyclovirus-SL-108277_taxid_1520935.gbk,258,230,1,230,cluster00003,
261,Cyclovirus-TN25_taxid_742924.gbk,261,222,1,222,cluster00003,
262,Cyclovirus-TsCyV-1-JP-NUBS-2014_taxid_1592764.gbk,262,223,1,223,cluster00003,
265,Cyclovirus-VN_taxid_1348500.gbk,265,222,1,222,cluster00003,
266,Cyclovirus-ZM36a_taxid_1506568.gbk,266,225,1,225,cluster00003,
269,Cyclovirus-bat-USA-2009_taxid_942035.gbk,269,225,1,225,cluster00003,
273,Dragonfly-associated-cyclovirus-1_taxid_1234879.gbk,273,224,1,224,cluster00003,
274,Dragonfly-associated-cyclovirus-2_taxid_1234880.gbk,274,235,1,235,cluster00003,
278,Dragonfly-associated-cyclovirus-3_taxid_1234881.gbk,278,219,1,219,cluster00003,
279,Dragonfly-associated-cyclovirus-4_taxid_1234882.gbk,279,223,1,223,cluster00003,
281,Dragonfly-associated-cyclovirus-5_taxid_1234883.gbk,281,225,1,225,cluster00003,
283,Dragonfly-associated-cyclovirus-6_taxid_1574360.gbk,283,224,1,224,cluster00003,
285,Dragonfly-associated-cyclovirus-7_taxid_1574361.gbk,285,219,1,219,cluster00003,
287,Dragonfly-associated-cyclovirus-8_taxid_1574362.gbk,287,220,1,220,cluster00003,
289,Dragonfly-associated-cyclovirus_taxid_2152567.gbk,289,277,1,277,cluster00003,
309,Feline-cyclovirus_taxid_1530454.gbk,309,223,1,223,cluster00003,
342,Human-associated-cyclovirus-10_taxid_2038728.gbk,342,237,1,237,cluster00003,
349,Human-cyclovirus-VS5700009_taxid_1345637.gbk,349,234,1,234,cluster00003,
362,Indian-encephalitis-associated-cyclovirus_taxid_1755290.gbk,362,231,1,231,cluster00003,
397,Pacific-flying-fox-associated-cyclovirus-3_taxid_1795985.gbk,397,230,1,230,cluster00003,
22,Avon-Heathcote-Estuary-associated-circular-virus-15_taxid_1618238.gbk,22,269,1,269,cluster00004,
58,Avon-Heathcote-Estuary-associated-circular-virus-5_taxid_1618256.gbk,58,258,1,258,cluster00004,
110,Circoviridae-1-LDMD-2013_taxid_1379692.gbk,110,235,1,235,cluster00004,
136,Circoviridae-21-LDMD-2013_taxid_1379725.gbk,136,248,1,248,cluster00004,
139,Circoviridae-3-LDMD-2013_taxid_1379707.gbk,139,300,1,300,cluster00004,
141,Circoviridae-4-LDMD-2013_taxid_1379708.gbk,141,256,1,256,cluster00004,
156,Circoviridae-8-LDMD-2013_taxid_1379712.gbk,156,185,1,185,cluster00004,
184,Circovirus-like-genome-DCCV-4_taxid_1788444.gbk,184,286,1,286,cluster00004,
33,Avon-Heathcote-Estuary-associated-circular-virus-21_taxid_1618245.gbk,33,225,1,225,cluster00005,
68,Barbel-circovirus_taxid_759938.gbk,68,166,1,166,cluster00005,
70,Bat-associated-circovirus-1_taxid_1868218.gbk,70,238,1,238,cluster00005,
72,Bat-associated-circovirus-2_taxid_1868219.gbk,72,243,1,243,cluster00005,
84,Bat-circovirus_taxid_1329650.gbk,84,281,1,281,cluster00005,
89,Beak-and-feather-disease-virus_taxid_77856.gbk,89,244,1,244,cluster00005,
97,Canary-circovirus_taxid_142661.gbk,97,250,1,250,cluster00005,
99,Canine-circovirus_taxid_1194757.gbk,99,270,1,270,cluster00005,
106,Chimpanzee-stool-avian-like-circovirus-Chimp17_taxid_743290.gbk,106,232,1,232,cluster00005,
218,Circovirus-sp_taxid_1964372.gbk,218,225,1,225,cluster00005,
227,Columbid-circovirus_taxid_126070.gbk,227,273,1,273,cluster00005,
231,Culex-circovirus-like-virus_taxid_2304514.gbk,231,183,1,183,cluster00005,
299,Duck-circovirus_taxid_324685.gbk,299,257,1,257,cluster00005,
316,Finch-circovirus_taxid_400122.gbk,316,249,1,249,cluster00005,
336,Goose-circovirus_taxid_146032.gbk,336,250,1,250,cluster00005,
339,Gull-circovirus_taxid_400121.gbk,339,245,1,245,cluster00005,
360,Human-stool-associated-circular-virus-NG13_taxid_743300.gbk,360,221,1,221,cluster00005,
374,Mink-circovirus_taxid_1475143.gbk,374,227,1,227,cluster00005,
386,Mulard-duck-circovirus_taxid_232802.gbk,386,257,1,257,cluster00005,
389,Muscovy-duck-circovirus_taxid_257468.gbk,389,257,1,257,cluster00005,
410,Penaeus-monodon-circovirus-VN11_taxid_1419711.gbk,410,255,1,255,cluster00005,
429,Porcine-circovirus-1_taxid_133704.gbk,429,230,1,230,cluster00005,
432,Porcine-circovirus-2_taxid_85708.gbk,432,233,1,233,cluster00005,
434,Porcine-circovirus-type-1-2a_taxid_720569.gbk,434,233,1,233,cluster00005,
444,Raven-circovirus_taxid_345250.gbk,444,243,1,243,cluster00005,
446,Rhinolophus-ferrumequinum-circovirus-1_taxid_1195373.gbk,446,218,1,218,cluster00005,
450,Silurus-glanis-circovirus_taxid_1126411.gbk,450,227,1,227,cluster00005,
455,Starling-circovirus_taxid_349370.gbk,455,276,1,276,cluster00005,
457,Swan-circovirus_taxid_459957.gbk,457,251,1,251,cluster00005,
459,Tadarida-brasiliensis-circovirus-1_taxid_1732201.gbk,459,218,1,218,cluster00005,
462,Zebra-finch-circovirus_taxid_1642515.gbk,462,244,1,244,cluster00005,
33,Avon-Heathcote-Estuary-associated-circular-virus-21_taxid_1618245.gbk,33,225,1,225,cluster00006,
213,Circovirus-like-genome-DHCV-5_taxid_1788454.gbk,213,235,1,235,cluster00006,
380,Molossus-molossus-circovirus-4_taxid_1959845.gbk,380,267,1,267,cluster00006,
37,Avon-Heathcote-Estuary-associated-circular-virus-23_taxid_1618247.gbk,37,251,1,251,cluster00007,
181,Circovirus-like-genome-DCCV-3_taxid_1788443.gbk,181,231,1,231,cluster00007,
313,Fiddler-Crab-associated-circular-virus_taxid_1692249.gbk,313,227,1,227,cluster00007,
356,Human-fecal-virus-Jorvi3_taxid_2017082.gbk,356,251,1,251,cluster00007,
53,Avon-Heathcote-Estuary-associated-circular-virus-3_taxid_1618254.gbk,53,464,1,464,cluster00008,
90,Calanoida-sp-copepod-associated-circular-virus_taxid_1692244.gbk,90,419,1,419,cluster00008,
206,Circovirus-like-genome-DHCV-2_taxid_1788451.gbk,206,449,1,449,cluster00008,
95,Callinectes-sapidus-associated-circular-virus_taxid_1692246.gbk,95,143,1,143,cluster00009,
203,Circovirus-like-genome-DCCV-9_taxid_1788449.gbk,203,232,1,232,cluster00009,
448,Sicyonia-brevirostris-associated-circular-virus_taxid_1692263.gbk,448,227,1,227,cluster00009,
100,Chicken-associated-cyclovirus-2_taxid_2109365.gbk,100,263,1,263,cluster00010,
235,Cyclovirus-Equ1_taxid_1673638.gbk,235,268,1,268,cluster00010,
294,Duck-associated-cyclovirus-1_taxid_2006585.gbk,294,252,1,252,cluster00010,
132,Circoviridae-18-LDMD-2013_taxid_1379722.gbk,132,403,1,403,cluster00011,
191,Circovirus-like-genome-DCCV-6_taxid_1788446.gbk,191,434,1,434,cluster00011,
195,Circovirus-like-genome-DCCV-7_taxid_1788447.gbk,195,537,1,537,cluster00011,
293,Dromedary-stool-associated-circular-ssDNA-virus_taxid_1574422.gbk,293,363,1,363,cluster00012,
317,Fur-seal-faeces-associated-circular-DNA-virus_taxid_1353241.gbk,317,396,1,396,cluster00012,
346,Human-circovirus-VS6600022_taxid_1525173.gbk,346,370,1,370,cluster00012,
435,Porcine-stool-associated-circular-virus-4_taxid_1475062.gbk,435,385,1,385,cluster00012,
297,Duck-circovirus_taxid_324685.gbk,297,78,1,78,cluster00013,
335,Goose-circovirus_taxid_146032.gbk,335,99,1,99,cluster00013,
388,Muscovy-duck-circovirus_taxid_257468.gbk,388,87,1,87,cluster00013,
352,Human-fecal-virus-Jorvi2_taxid_2017081.gbk,352,162,1,162,cluster00014,
420,Po-Circo-like-virus-21_taxid_1105383.gbk,420,174,1,174,cluster00014,
423,Po-Circo-like-virus-41_taxid_1105385.gbk,423,190,1,190,cluster00014,
426,Po-Circo-like-virus-51_taxid_1105386.gbk,426,174,1,174,cluster00014,
393,Pacific-flying-fox-associated-cyclovirus-1_taxid_1795983.gbk,393,235,1,235,cluster00015,
395,Pacific-flying-fox-associated-cyclovirus-2_taxid_1795984.gbk,395,235,1,235,cluster00015,
451,Soft-spider-associated-circular-virus-1_taxid_2293301.gbk,451,225,1,225,cluster00015,
8,Apteryx-rowi-circovirus-like-virus_taxid_1634476.gbk,8,258,1,258,cluster00016,
372,Meles-meles-circovirus-like-virus_taxid_1128073.gbk,372,285,1,285,cluster00016,
12,Avon-Heathcote-Estuary-associated-circular-virus-10_taxid_1618233.gbk,12,291,1,291,cluster00017,
203,Circovirus-like-genome-DCCV-9_taxid_1788449.gbk,203,232,1,232,cluster00017,
15,Avon-Heathcote-Estuary-associated-circular-virus-12_taxid_1618235.gbk,15,275,1,275,cluster00018,
48,Avon-Heathcote-Estuary-associated-circular-virus-28_taxid_1618252.gbk,48,304,1,304,cluster00018,
17,Avon-Heathcote-Estuary-associated-circular-virus-13_taxid_1618236.gbk,17,367,1,367,cluster00019,
19,Avon-Heathcote-Estuary-associated-circular-virus-14_taxid_1618237.gbk,19,356,1,356,cluster00019,
21,Avon-Heathcote-Estuary-associated-circular-virus-15_taxid_1618238.gbk,21,412,1,412,cluster00020,
42,Avon-Heathcote-Estuary-associated-circular-virus-25_taxid_1618249.gbk,42,294,1,294,cluster00020,
40,Avon-Heathcote-Estuary-associated-circular-virus-24_taxid_1618248.gbk,40,287,1,287,cluster00021,
307,Farfantepenaeus-duorarum-pink-shrimp-associated-circular-virus_taxid_1692248.gbk,307,288,1,288,cluster00021,
41,Avon-Heathcote-Estuary-associated-circular-virus-25_taxid_1618249.gbk,41,347,1,347,cluster00022,
178,Circovirus-like-genome-DCCV-2_taxid_1788442.gbk,178,251,1,251,cluster00022,
42,Avon-Heathcote-Estuary-associated-circular-virus-25_taxid_1618249.gbk,42,294,1,294,cluster00023,
176,Circovirus-like-genome-DCCV-2_taxid_1788442.gbk,176,297,1,297,cluster00023,
90,Calanoida-sp-copepod-associated-circular-virus_taxid_1692244.gbk,90,419,1,419,cluster00024,
160,Circoviridae-9-LDMD-2013_taxid_1379713.gbk,160,318,1,318,cluster00024,
127,Circoviridae-16-LDMD-2013_taxid_1379720.gbk,127,115,1,115,cluster00025,
222,Cockroach-associated-cyclovirus-1_taxid_2050038.gbk,222,105,1,105,cluster00025,
173,Circovirus-like-genome-DCCV-13_taxid_1788441.gbk,173,232,1,232,cluster00026,
190,Circovirus-like-genome-DCCV-6_taxid_1788446.gbk,190,276,1,276,cluster00026,
173,Circovirus-like-genome-DCCV-13_taxid_1788441.gbk,173,232,1,232,cluster00027,
192,Circovirus-like-genome-DCCV-7_taxid_1788447.gbk,192,259,1,259,cluster00027,
173,Circovirus-like-genome-DCCV-13_taxid_1788441.gbk,173,232,1,232,cluster00028,
205,Circovirus-like-genome-DHCV-2_taxid_1788451.gbk,205,204,1,204,cluster00028,
176,Circovirus-like-genome-DCCV-2_taxid_1788442.gbk,176,297,1,297,cluster00029,
422,Po-Circo-like-virus-41_taxid_1105385.gbk,422,325,1,325,cluster00029,
181,Circovirus-like-genome-DCCV-3_taxid_1788443.gbk,181,231,1,231,cluster00030,
305,Farfantepenaeus-duorarum-circovirus_taxid_1380894.gbk,305,181,1,181,cluster00030,
191,Circovirus-like-genome-DCCV-6_taxid_1788446.gbk,191,434,1,434,cluster00031,
324,Giant-panda-circovirus-1_taxid_2016456.gbk,324,425,1,425,cluster00031,
192,Circovirus-like-genome-DCCV-7_taxid_1788447.gbk,192,259,1,259,cluster00032,
197,Circovirus-like-genome-DCCV-8_taxid_1788448.gbk,197,226,1,226,cluster00032,
197,Circovirus-like-genome-DCCV-8_taxid_1788448.gbk,197,226,1,226,cluster00033,
205,Circovirus-like-genome-DHCV-2_taxid_1788451.gbk,205,204,1,204,cluster00033,
213,Circovirus-like-genome-DHCV-5_taxid_1788454.gbk,213,235,1,235,cluster00034,
410,Penaeus-monodon-circovirus-VN11_taxid_1419711.gbk,410,255,1,255,cluster00034,
216,Circovirus-like-genome-DHCV-6_taxid_1788455.gbk,216,222,1,222,cluster00035,
332,Giant-panda-circovirus-4_taxid_2016459.gbk,332,250,1,250,cluster00035,
225,Columbid-circovirus_taxid_126070.gbk,225,126,1,126,cluster00036,
298,Duck-circovirus_taxid_324685.gbk,298,134,1,134,cluster00036,
229,Culex-circovirus-like-virus_taxid_2304514.gbk,229,163,1,163,cluster00037,
382,Mosquito-circovirus_taxid_1611039.gbk,382,206,1,206,cluster00037,
365,Littorina-sp-associated-circular-virus_taxid_1692253.gbk,365,265,1,265,cluster00038,
405,Palaemonetes-sp-common-grass-shrimp-associated-circular-virus_taxid_1692259.gbk,405,297,1,297,cluster00038,
378,Molossus-molossus-circovirus-3_taxid_1959844.gbk,378,231,1,231,cluster00039,
380,Molossus-molossus-circovirus-4_taxid_1959845.gbk,380,267,1,267,cluster00039,
378,Molossus-molossus-circovirus-3_taxid_1959844.gbk,378,231,1,231,cluster00040,
450,Silurus-glanis-circovirus_taxid_1126411.gbk,450,227,1,227,cluster00040,
437,Porcine-stool-associated-circular-virus-5_taxid_1475063.gbk,437,539,1,539,cluster00041,
439,Porcine-stool-associated-circular-virus-BEL-15V010_taxid_2017724.gbk,439,538,1,538,cluster00041,
2,Acartia-tonsa-copepod-circovirus_taxid_1168547.gbk,2,159,1,159,,
6,Anguilla-anguilla-circovirus_taxid_1420600.gbk,6,114,1,114,,
13,Avon-Heathcote-Estuary-associated-circular-virus-11_taxid_1618234.gbk,13,272,1,272,,
23,Avon-Heathcote-Estuary-associated-circular-virus-16_taxid_1618239.gbk,23,240,1,240,,
26,Avon-Heathcote-Estuary-associated-circular-virus-17_taxid_1618240.gbk,26,247,1,247,,
27,Avon-Heathcote-Estuary-associated-circular-virus-19_taxid_1618242.gbk,27,386,1,386,,
30,Avon-Heathcote-Estuary-associated-circular-virus-1_taxid_1618232.gbk,30,245,1,245,,
31,Avon-Heathcote-Estuary-associated-circular-virus-20_taxid_1618244.gbk,31,410,1,410,,
36,Avon-Heathcote-Estuary-associated-circular-virus-22_taxid_1618246.gbk,36,301,1,301,,
43,Avon-Heathcote-Estuary-associated-circular-virus-26_taxid_1618250.gbk,43,430,1,430,,
45,Avon-Heathcote-Estuary-associated-circular-virus-27_taxid_1618251.gbk,45,332,1,332,,
47,Avon-Heathcote-Estuary-associated-circular-virus-28_taxid_1618252.gbk,47,300,1,300,,
49,Avon-Heathcote-Estuary-associated-circular-virus-29_taxid_1618253.gbk,49,187,1,187,,
52,Avon-Heathcote-Estuary-associated-circular-virus-2_taxid_1618243.gbk,52,261,1,261,,
56,Avon-Heathcote-Estuary-associated-circular-virus-4_taxid_1618255.gbk,56,265,1,265,,
60,Avon-Heathcote-Estuary-associated-circular-virus-6_taxid_1618257.gbk,60,354,1,354,,
62,Avon-Heathcote-Estuary-associated-circular-virus-7_taxid_1618258.gbk,62,183,1,183,,
63,Avon-Heathcote-Estuary-associated-circular-virus-8_taxid_1618259.gbk,63,331,1,331,,
66,Avon-Heathcote-Estuary-associated-circular-virus-9_taxid_1618260.gbk,66,247,1,247,,
88,Beak-and-feather-disease-virus_taxid_77856.gbk,88,158,1,158,,
93,Callinectes-ornatus-blue-crab-associated-circular-virus_taxid_1692245.gbk,93,198,1,198,,
103,Chimpanzee-faeces-associated-circular-DNA-virus-1_taxid_1676184.gbk,103,240,1,240,,
104,Chimpanzee-faeces-associated-circular-DNA-virus-1_taxid_1676184.gbk,104,364,1,364,,
108,Circoviridae-1-LDMD-2013_taxid_1379692.gbk,108,110,1,110,,
109,Circoviridae-1-LDMD-2013_taxid_1379692.gbk,109,319,1,319,,
112,Circoviridae-10-LDMD-2013_taxid_1379714.gbk,112,121,1,121,,
113,Circoviridae-10-LDMD-2013_taxid_1379714.gbk,113,367,1,367,,
115,Circoviridae-11-LDMD-2013_taxid_1379715.gbk,115,100,1,100,,
116,Circoviridae-11-LDMD-2013_taxid_1379715.gbk,116,162,1,162,,
117,Circoviridae-11-LDMD-2013_taxid_1379715.gbk,117,123,1,123,,
118,Circoviridae-11-LDMD-2013_taxid_1379715.gbk,118,160,1,160,,
120,Circoviridae-13-LDMD-2013_taxid_1379717.gbk,120,485,1,485,,
122,Circoviridae-14-LDMD-2013_taxid_1379718.gbk,122,117,1,117,,
123,Circoviridae-14-LDMD-2013_taxid_1379718.gbk,123,411,1,411,,
124,Circoviridae-15-LDMD-2013_taxid_1379719.gbk,124,162,1,162,,
125,Circoviridae-15-LDMD-2013_taxid_1379719.gbk,125,128,1,128,,
129,Circoviridae-16-LDMD-2013_taxid_1379720.gbk,129,329,1,329,,
130,Circoviridae-16-LDMD-2013_taxid_1379720.gbk,130,339,1,339,,
134,Circoviridae-2-LDMD-2013_taxid_1379695.gbk,134,524,1,524,,
137,Circoviridae-21-LDMD-2013_taxid_1379725.gbk,137,116,1,116,,
140,Circoviridae-4-LDMD-2013_taxid_1379708.gbk,140,201,1,201,,
143,Circoviridae-5-LDMD-2013_taxid_1379709.gbk,143,218,1,218,,
144,Circoviridae-5-LDMD-2013_taxid_1379709.gbk,144,141,1,141,,
148,Circoviridae-6-LDMD-2013_taxid_1379710.gbk,148,443,1,443,,
149,Circoviridae-7-LDMD-2013_taxid_1379711.gbk,149,354,1,354,,
150,Circoviridae-7-LDMD-2013_taxid_1379711.gbk,150,428,1,428,,
152,Circoviridae-7-LDMD-2013_taxid_1379711.gbk,152,366,1,366,,
153,Circoviridae-7-LDMD-2013_taxid_1379711.gbk,153,153,1,153,,
154,Circoviridae-8-LDMD-2013_taxid_1379712.gbk,154,215,1,215,,
157,Circoviridae-8-LDMD-2013_taxid_1379712.gbk,157,102,1,102,,
158,Circoviridae-8-LDMD-2013_taxid_1379712.gbk,158,243,1,243,,
159,Circoviridae-9-LDMD-2013_taxid_1379713.gbk,159,151,1,151,,
163,Circovirus-like-genome-DCCV-10_taxid_1788438.gbk,163,102,1,102,,
164,Circovirus-like-genome-DCCV-10_taxid_1788438.gbk,164,390,1,390,,
166,Circovirus-like-genome-DCCV-11_taxid_1788439.gbk,166,284,1,284,,
167,Circovirus-like-genome-DCCV-11_taxid_1788439.gbk,167,134,1,134,,
168,Circovirus-like-genome-DCCV-11_taxid_1788439.gbk,168,101,1,101,,
169,Circovirus-like-genome-DCCV-11_taxid_1788439.gbk,169,466,1,466,,
171,Circovirus-like-genome-DCCV-12_taxid_1788440.gbk,171,109,1,109,,
172,Circovirus-like-genome-DCCV-12_taxid_1788440.gbk,172,293,1,293,,
175,Circovirus-like-genome-DCCV-13_taxid_1788441.gbk,175,242,1,242,,
177,Circovirus-like-genome-DCCV-2_taxid_1788442.gbk,177,130,1,130,,
180,Circovirus-like-genome-DCCV-3_taxid_1788443.gbk,180,101,1,101,,
183,Circovirus-like-genome-DCCV-4_taxid_1788444.gbk,183,125,1,125,,
186,Circovirus-like-genome-DCCV-5_taxid_1788445.gbk,186,163,1,163,,
187,Circovirus-like-genome-DCCV-5_taxid_1788445.gbk,187,442,1,442,,
188,Circovirus-like-genome-DCCV-5_taxid_1788445.gbk,188,148,1,148,,
189,Circovirus-like-genome-DCCV-6_taxid_1788446.gbk,189,160,1,160,,
194,Circovirus-like-genome-DCCV-7_taxid_1788447.gbk,194,101,1,101,,
196,Circovirus-like-genome-DCCV-7_taxid_1788447.gbk,196,122,1,122,,
199,Circovirus-like-genome-DCCV-8_taxid_1788448.gbk,199,107,1,107,,
200,Circovirus-like-genome-DCCV-8_taxid_1788448.gbk,200,375,1,375,,
202,Circovirus-like-genome-DCCV-9_taxid_1788449.gbk,202,100,1,100,,
207,Circovirus-like-genome-DHCV-2_taxid_1788451.gbk,207,137,1,137,,
208,Circovirus-like-genome-DHCV-2_taxid_1788451.gbk,208,113,1,113,,
210,Circovirus-like-genome-DHCV-3_taxid_1788452.gbk,210,109,1,109,,
211,Circovirus-like-genome-DHCV-3_taxid_1788452.gbk,211,264,1,264,,
215,Circovirus-like-genome-DHCV-6_taxid_1788455.gbk,215,121,1,121,,
223,Columbid-circovirus_taxid_126070.gbk,223,97,1,97,,
226,Columbid-circovirus_taxid_126070.gbk,226,82,1,82,,
271,Didemnum-sp-Sea-Squirt-associated-virus_taxid_1692247.gbk,271,251,1,251,,
292,Dromedary-stool-associated-circular-ssDNA-virus_taxid_1574422.gbk,292,166,1,166,,
311,Feline-stool-associated-circular-virus-KU14_taxid_2249941.gbk,311,246,1,246,,
315,Finch-circovirus_taxid_400122.gbk,315,149,1,149,,
322,Garrulus-glandarius-associated-circular-virus-1_taxid_2006642.gbk,322,266,1,266,,
326,Giant-panda-circovirus-2_taxid_2016457.gbk,326,190,1,190,,
329,Giant-panda-circovirus-3_taxid_2016458.gbk,329,236,1,236,,
330,Giant-panda-circovirus-3_taxid_2016458.gbk,330,139,1,139,,
333,Goose-circovirus_taxid_146032.gbk,333,120,1,120,,
338,Gull-circovirus_taxid_400121.gbk,338,139,1,139,,
345,Human-circovirus-VS6600022_taxid_1525173.gbk,345,195,1,195,,
347,Human-circovirus-VS6600022_taxid_1525173.gbk,347,315,1,315,,
351,Human-fecal-virus-Jorvi2_taxid_2017081.gbk,351,221,1,221,,
353,Human-fecal-virus-Jorvi2_taxid_2017081.gbk,353,127,1,127,,
354,Human-fecal-virus-Jorvi2_taxid_2017081.gbk,354,116,1,116,,
358,Human-fecal-virus-Jorvi4_taxid_2017083.gbk,358,321,1,321,,
364,Labidocera-aestiva-circovirus_taxid_1173709.gbk,364,227,1,227,,
367,Lytechinus-variegatus-variable-sea-urchin-associated-circular-virus_taxid_1692254.gbk,367,285,1,285,,
368,Lytechinus-variegatus-variable-sea-urchin-associated-circular-virus_taxid_1692254.gbk,368,208,1,208,,
376,Molossus-molossus-circovirus-2_taxid_1959843.gbk,376,398,1,398,,
384,Mouse-associated-cyclovirus-1_taxid_2169856.gbk,384,325,1,325,,
390,Muscovy-duck-circovirus_taxid_257468.gbk,390,85,1,85,,
400,Paguma-larvata-circovirus_taxid_2294094.gbk,400,258,1,258,,
404,Palaemonetes-kadiakensis-Mississippi-grass-shrimp-associated_taxid_1692258.gbk,404,330,1,330,,
407,Paramuricea-placomus-associated-circular-virus_taxid_1692260.gbk,407,347,1,347,,
411,Penaeus-monodon-circovirus-VN11_taxid_1419711.gbk,411,146,1,146,,
413,Petrochirus-diogenes-giant-hermit-crab-associated-circular-virus_taxid_1692261.gbk,413,226,1,226,,
414,Pleurochrysis-carterae-circular-virus_taxid_2057942.gbk,414,37,1,37,,
416,Pleurochrysis-carterae-circular-virus_taxid_2057942.gbk,416,274,1,274,,
418,Po-Circo-like-virus-21_taxid_1105383.gbk,418,106,1,106,,
419,Po-Circo-like-virus-21_taxid_1105383.gbk,419,107,1,107,,
421,Po-Circo-like-virus-21_taxid_1105383.gbk,421,162,1,162,,
424,Po-Circo-like-virus-41_taxid_1105385.gbk,424,191,1,191,,
427,Po-Circo-like-virus-51_taxid_1105386.gbk,427,200,1,200,,
431,Porcine-circovirus-2_taxid_85708.gbk,431,104,1,104,,
442,Primnoa-pacifica-coral-associated-circular-virus_taxid_1692262.gbk,442,139,1,139,,
447,Sicyonia-brevirostris-associated-circular-virus_taxid_1692263.gbk,447,193,1,193,,
454,Starling-circovirus_taxid_349370.gbk,454,106,1,106,,
461,Zebra-finch-circovirus_taxid_1642515.gbk,461,250,1,250,,
463,Zebra-finch-circovirus_taxid_1642515.gbk,463,143,1,143,,
