INFO [2021-10-30 02:03:17] $x
INFO [2021-10-30 02:03:17] list(Not_Annotated, Annotated_by_eval, Annotated_by_perc)
INFO [2021-10-30 02:03:17] 
INFO [2021-10-30 02:03:17] $category.names
INFO [2021-10-30 02:03:17] c("Not annotated", "Annotated by e-value", "Annotated by %identity")
INFO [2021-10-30 02:03:17] 
INFO [2021-10-30 02:03:17] $filename
INFO [2021-10-30 02:03:17] vennfile
INFO [2021-10-30 02:03:17] 
INFO [2021-10-30 02:03:17] $output
INFO [2021-10-30 02:03:17] [1] TRUE
INFO [2021-10-30 02:03:17] 
INFO [2021-10-30 02:03:17] $imagetype
INFO [2021-10-30 02:03:17] [1] "png"
INFO [2021-10-30 02:03:17] 
INFO [2021-10-30 02:03:17] $height
INFO [2021-10-30 02:03:17] [1] 700
INFO [2021-10-30 02:03:17] 
INFO [2021-10-30 02:03:17] $width
INFO [2021-10-30 02:03:17] [1] 700
INFO [2021-10-30 02:03:17] 
INFO [2021-10-30 02:03:17] $resolution
INFO [2021-10-30 02:03:17] [1] 300
INFO [2021-10-30 02:03:17] 
INFO [2021-10-30 02:03:17] $compression
INFO [2021-10-30 02:03:17] [1] "lzw"
INFO [2021-10-30 02:03:17] 
INFO [2021-10-30 02:03:17] $lwd
INFO [2021-10-30 02:03:17] [1] 1
INFO [2021-10-30 02:03:17] 
INFO [2021-10-30 02:03:17] $col
INFO [2021-10-30 02:03:17] c("#440154ff", "#21908dff", "#DC143C")
INFO [2021-10-30 02:03:17] 
INFO [2021-10-30 02:03:17] $fill
INFO [2021-10-30 02:03:17] c(alpha("#440154ff", 0.3), alpha("#21908dff", 0.3), alpha("#DC143C", 
INFO [2021-10-30 02:03:17]     0.3))
INFO [2021-10-30 02:03:17] 
INFO [2021-10-30 02:03:17] $cex
INFO [2021-10-30 02:03:17] [1] 0.3
INFO [2021-10-30 02:03:17] 
INFO [2021-10-30 02:03:17] $fontfamily
INFO [2021-10-30 02:03:17] [1] "sans"
INFO [2021-10-30 02:03:17] 
INFO [2021-10-30 02:03:17] $cat.cex
INFO [2021-10-30 02:03:17] [1] 0.3
INFO [2021-10-30 02:03:17] 
INFO [2021-10-30 02:03:17] $cat.default.pos
INFO [2021-10-30 02:03:17] [1] "outer"
INFO [2021-10-30 02:03:17] 
INFO [2021-10-30 02:03:17] $cat.fontfamily
INFO [2021-10-30 02:03:17] [1] "sans"
INFO [2021-10-30 02:03:17] 
INFO [2021-10-30 02:03:17] $cat.col
INFO [2021-10-30 02:03:17] c("#440154ff", "#21908dff", "#DC143C")
INFO [2021-10-30 02:03:17] 
INFO [2021-10-30 02:03:17] $rotation
INFO [2021-10-30 02:03:17] [1] 1
INFO [2021-10-30 02:03:17] 
INFO [2021-10-30 02:03:17] $margin
INFO [2021-10-30 02:03:17] [1] 0.1
INFO [2021-10-30 02:03:17] 
