INFO [2021-10-29 16:06:04] $x
INFO [2021-10-29 16:06:04] list(Not_Annotated, Annotated_by_eval, Annotated_by_perc)
INFO [2021-10-29 16:06:04] 
INFO [2021-10-29 16:06:04] $category.names
INFO [2021-10-29 16:06:04] c("Not annotated", "Annotated by e-value", "Annotated by %identity")
INFO [2021-10-29 16:06:04] 
INFO [2021-10-29 16:06:04] $filename
INFO [2021-10-29 16:06:04] vennfile
INFO [2021-10-29 16:06:04] 
INFO [2021-10-29 16:06:04] $output
INFO [2021-10-29 16:06:04] [1] TRUE
INFO [2021-10-29 16:06:04] 
INFO [2021-10-29 16:06:04] $imagetype
INFO [2021-10-29 16:06:04] [1] "png"
INFO [2021-10-29 16:06:04] 
INFO [2021-10-29 16:06:04] $height
INFO [2021-10-29 16:06:04] [1] 700
INFO [2021-10-29 16:06:04] 
INFO [2021-10-29 16:06:04] $width
INFO [2021-10-29 16:06:04] [1] 700
INFO [2021-10-29 16:06:04] 
INFO [2021-10-29 16:06:04] $resolution
INFO [2021-10-29 16:06:04] [1] 300
INFO [2021-10-29 16:06:04] 
INFO [2021-10-29 16:06:04] $compression
INFO [2021-10-29 16:06:04] [1] "lzw"
INFO [2021-10-29 16:06:04] 
INFO [2021-10-29 16:06:04] $lwd
INFO [2021-10-29 16:06:04] [1] 1
INFO [2021-10-29 16:06:04] 
INFO [2021-10-29 16:06:04] $col
INFO [2021-10-29 16:06:04] c("#440154ff", "#21908dff", "#DC143C")
INFO [2021-10-29 16:06:04] 
INFO [2021-10-29 16:06:04] $fill
INFO [2021-10-29 16:06:04] c(alpha("#440154ff", 0.3), alpha("#21908dff", 0.3), alpha("#DC143C", 
INFO [2021-10-29 16:06:04]     0.3))
INFO [2021-10-29 16:06:04] 
INFO [2021-10-29 16:06:04] $cex
INFO [2021-10-29 16:06:04] [1] 0.3
INFO [2021-10-29 16:06:04] 
INFO [2021-10-29 16:06:04] $fontfamily
INFO [2021-10-29 16:06:04] [1] "sans"
INFO [2021-10-29 16:06:04] 
INFO [2021-10-29 16:06:04] $cat.cex
INFO [2021-10-29 16:06:04] [1] 0.3
INFO [2021-10-29 16:06:04] 
INFO [2021-10-29 16:06:04] $cat.default.pos
INFO [2021-10-29 16:06:04] [1] "outer"
INFO [2021-10-29 16:06:04] 
INFO [2021-10-29 16:06:04] $cat.fontfamily
INFO [2021-10-29 16:06:04] [1] "sans"
INFO [2021-10-29 16:06:04] 
INFO [2021-10-29 16:06:04] $cat.col
INFO [2021-10-29 16:06:04] c("#440154ff", "#21908dff", "#DC143C")
INFO [2021-10-29 16:06:04] 
INFO [2021-10-29 16:06:04] $rotation
INFO [2021-10-29 16:06:04] [1] 1
INFO [2021-10-29 16:06:04] 
INFO [2021-10-29 16:06:04] $margin
INFO [2021-10-29 16:06:04] [1] 0.1
INFO [2021-10-29 16:06:04] 
