INFO [2021-12-21 05:29:21] $x
INFO [2021-12-21 05:29:21] list(Not_Annotated, Annotated_by_eval, Annotated_by_perc)
INFO [2021-12-21 05:29:21] 
INFO [2021-12-21 05:29:21] $category.names
INFO [2021-12-21 05:29:21] c("Not annotated", "Annotated by e-value", "Annotated by %identity")
INFO [2021-12-21 05:29:21] 
INFO [2021-12-21 05:29:21] $filename
INFO [2021-12-21 05:29:21] vennfile
INFO [2021-12-21 05:29:21] 
INFO [2021-12-21 05:29:21] $output
INFO [2021-12-21 05:29:21] [1] TRUE
INFO [2021-12-21 05:29:21] 
INFO [2021-12-21 05:29:21] $imagetype
INFO [2021-12-21 05:29:21] [1] "png"
INFO [2021-12-21 05:29:21] 
INFO [2021-12-21 05:29:21] $height
INFO [2021-12-21 05:29:21] [1] 700
INFO [2021-12-21 05:29:21] 
INFO [2021-12-21 05:29:21] $width
INFO [2021-12-21 05:29:21] [1] 700
INFO [2021-12-21 05:29:21] 
INFO [2021-12-21 05:29:21] $resolution
INFO [2021-12-21 05:29:21] [1] 300
INFO [2021-12-21 05:29:21] 
INFO [2021-12-21 05:29:21] $compression
INFO [2021-12-21 05:29:21] [1] "lzw"
INFO [2021-12-21 05:29:21] 
INFO [2021-12-21 05:29:21] $lwd
INFO [2021-12-21 05:29:21] [1] 1
INFO [2021-12-21 05:29:21] 
INFO [2021-12-21 05:29:21] $col
INFO [2021-12-21 05:29:21] c("#440154ff", "#21908dff", "#DC143C")
INFO [2021-12-21 05:29:21] 
INFO [2021-12-21 05:29:21] $fill
INFO [2021-12-21 05:29:21] c(alpha("#440154ff", 0.3), alpha("#21908dff", 0.3), alpha("#DC143C", 
INFO [2021-12-21 05:29:21]     0.3))
INFO [2021-12-21 05:29:21] 
INFO [2021-12-21 05:29:21] $cex
INFO [2021-12-21 05:29:21] [1] 0.3
INFO [2021-12-21 05:29:21] 
INFO [2021-12-21 05:29:21] $fontfamily
INFO [2021-12-21 05:29:21] [1] "sans"
INFO [2021-12-21 05:29:21] 
INFO [2021-12-21 05:29:21] $cat.cex
INFO [2021-12-21 05:29:21] [1] 0.3
INFO [2021-12-21 05:29:21] 
INFO [2021-12-21 05:29:21] $cat.default.pos
INFO [2021-12-21 05:29:21] [1] "outer"
INFO [2021-12-21 05:29:21] 
INFO [2021-12-21 05:29:21] $cat.fontfamily
INFO [2021-12-21 05:29:21] [1] "sans"
INFO [2021-12-21 05:29:21] 
INFO [2021-12-21 05:29:21] $cat.col
INFO [2021-12-21 05:29:21] c("#440154ff", "#21908dff", "#DC143C")
INFO [2021-12-21 05:29:21] 
INFO [2021-12-21 05:29:21] $rotation
INFO [2021-12-21 05:29:21] [1] 1
INFO [2021-12-21 05:29:21] 
INFO [2021-12-21 05:29:21] $margin
INFO [2021-12-21 05:29:21] [1] 0.1
INFO [2021-12-21 05:29:21] 
