INFO [2021-12-21 19:06:35] $x
INFO [2021-12-21 19:06:35] list(Not_Annotated, Annotated_by_eval, Annotated_by_perc)
INFO [2021-12-21 19:06:35] 
INFO [2021-12-21 19:06:35] $category.names
INFO [2021-12-21 19:06:35] c("Not annotated", "Annotated by e-value", "Annotated by %identity")
INFO [2021-12-21 19:06:35] 
INFO [2021-12-21 19:06:35] $filename
INFO [2021-12-21 19:06:35] vennfile
INFO [2021-12-21 19:06:35] 
INFO [2021-12-21 19:06:35] $output
INFO [2021-12-21 19:06:35] [1] TRUE
INFO [2021-12-21 19:06:35] 
INFO [2021-12-21 19:06:35] $imagetype
INFO [2021-12-21 19:06:35] [1] "png"
INFO [2021-12-21 19:06:35] 
INFO [2021-12-21 19:06:35] $height
INFO [2021-12-21 19:06:35] [1] 700
INFO [2021-12-21 19:06:35] 
INFO [2021-12-21 19:06:35] $width
INFO [2021-12-21 19:06:35] [1] 700
INFO [2021-12-21 19:06:35] 
INFO [2021-12-21 19:06:35] $resolution
INFO [2021-12-21 19:06:35] [1] 300
INFO [2021-12-21 19:06:35] 
INFO [2021-12-21 19:06:35] $compression
INFO [2021-12-21 19:06:35] [1] "lzw"
INFO [2021-12-21 19:06:35] 
INFO [2021-12-21 19:06:35] $lwd
INFO [2021-12-21 19:06:35] [1] 1
INFO [2021-12-21 19:06:35] 
INFO [2021-12-21 19:06:35] $col
INFO [2021-12-21 19:06:35] c("#440154ff", "#21908dff", "#DC143C")
INFO [2021-12-21 19:06:35] 
INFO [2021-12-21 19:06:35] $fill
INFO [2021-12-21 19:06:35] c(alpha("#440154ff", 0.3), alpha("#21908dff", 0.3), alpha("#DC143C", 
INFO [2021-12-21 19:06:35]     0.3))
INFO [2021-12-21 19:06:35] 
INFO [2021-12-21 19:06:35] $cex
INFO [2021-12-21 19:06:35] [1] 0.3
INFO [2021-12-21 19:06:35] 
INFO [2021-12-21 19:06:35] $fontfamily
INFO [2021-12-21 19:06:35] [1] "sans"
INFO [2021-12-21 19:06:35] 
INFO [2021-12-21 19:06:35] $cat.cex
INFO [2021-12-21 19:06:35] [1] 0.3
INFO [2021-12-21 19:06:35] 
INFO [2021-12-21 19:06:35] $cat.default.pos
INFO [2021-12-21 19:06:35] [1] "outer"
INFO [2021-12-21 19:06:35] 
INFO [2021-12-21 19:06:35] $cat.fontfamily
INFO [2021-12-21 19:06:35] [1] "sans"
INFO [2021-12-21 19:06:35] 
INFO [2021-12-21 19:06:35] $cat.col
INFO [2021-12-21 19:06:35] c("#440154ff", "#21908dff", "#DC143C")
INFO [2021-12-21 19:06:35] 
INFO [2021-12-21 19:06:35] $rotation
INFO [2021-12-21 19:06:35] [1] 1
INFO [2021-12-21 19:06:35] 
INFO [2021-12-21 19:06:35] $margin
INFO [2021-12-21 19:06:35] [1] 0.1
INFO [2021-12-21 19:06:35] 
