1,Ageratum-leaf-curl-betasatellite_taxid_1175505.gbk,1,142,1,142,cluster00001,
2,Ageratum-yellow-leaf-curl-betasatellite_taxid_169687.gbk,2,138,1,138,cluster00001,
3,Ageratum-yellow-vein-China-betasatellite_taxid_329288.gbk,3,118,1,118,cluster00001,
4,Ageratum-yellow-vein-India-betasatellite_taxid_2010316.gbk,4,118,1,118,cluster00001,
5,Ageratum-yellow-vein-Sri-Lanka-betasatellite_taxid_2010317.gbk,5,118,1,118,cluster00001,
6,Ageratum-yellow-vein-betasatellite_taxid_185750.gbk,6,118,1,118,cluster00001,
7,Andrographis-yellow-vein-leaf-curl-betasatellite_taxid_1476485.gbk,7,118,1,118,cluster00001,
8,Bhendi-yellow-vein-India-betasatellite_taxid_908010.gbk,8,140,1,140,cluster00001,
9,Bhendi-yellow-vein-betasatellite_taxid_186371.gbk,9,140,1,140,cluster00001,
10,Bhendi-yellow-vein-mosaic-betasatellite_taxid_908072.gbk,10,118,1,118,cluster00001,
11,Bitter-gourd-leaf-curl-betasatellite_taxid_316106.gbk,11,89,1,89,cluster00001,
12,Chayote-yellow-mosaic-Benin-betasatellite_taxid_1736759.gbk,12,117,1,117,cluster00001,
13,Cotton-leaf-curl-Bangalore-betasatellite_taxid_307111.gbk,13,118,1,118,cluster00001,
14,Cotton-leaf-curl-Burewala-betasatellite_taxid_713092.gbk,14,118,1,118,cluster00001,
15,Cotton-leaf-curl-Gezira-betasatellite_taxid_304222.gbk,15,117,1,117,cluster00001,
16,Cotton-leaf-curl-Multan-betasatellite_taxid_306025.gbk,16,118,1,118,cluster00001,
17,Cotton-leaf-curl-betasatellite_taxid_134386.gbk,17,118,1,118,cluster00001,
18,Cowpea-severe-leaf-curl-associated-DNA-beta_taxid_292627.gbk,18,118,1,118,cluster00001,
19,Croton-yellow-vein-mosaic-betasatellite_taxid_411248.gbk,19,118,1,118,cluster00001,
20,Emilia-yellow-vein-virus-associated-DNA-beta_taxid_640136.gbk,20,119,1,119,cluster00001,
21,Erectites-yellow-mosaic-virus-satellite-DNA-beta_taxid_447603.gbk,21,130,1,130,cluster00001,
22,Eupatorium-yellow-vein-betasatellite_taxid_221054.gbk,22,116,1,116,cluster00001,
23,Eupatorium-yellow-vein-mosaic-betasatellite_taxid_2010319.gbk,23,116,1,116,cluster00001,
24,Honeysuckle-yellow-vein-beta-Japan-Fukui-2001_taxid_435486.gbk,24,116,1,116,cluster00001,
25,Honeysuckle-yellow-vein-betasatellite_taxid_221037.gbk,25,116,1,116,cluster00001,
26,Honeysuckle-yellow-vein-mosaic-disease-associated-satellite-DNA_taxid_417192.gbk,26,116,1,116,cluster00001,
27,Kenaf-leaf-curl-betasatellite_taxid_1273128.gbk,27,118,1,118,cluster00001,
28,Leucas-zeylanica-yellow-vein-virus-satellite-DNA-beta_taxid_670251.gbk,28,118,1,118,cluster00001,
29,Lindernia-anagallis-yellow-vein-virus-satellite-DNA-beta_taxid_447605.gbk,29,120,1,120,cluster00001,
30,Ludwigia-leaf-distortion-betasatellite_taxid_570832.gbk,30,118,1,118,cluster00001,
31,Ludwigia-yellow-vein-virus-associated-DNA-beta_taxid_325113.gbk,31,118,1,118,cluster00001,
32,Luffa-begomovirus-betasatellite_taxid_1705090.gbk,32,149,1,149,cluster00001,
33,Malachra-yellow-vein-mosaic-betasatellite_taxid_1705091.gbk,33,118,1,118,cluster00001,
34,Malachra-yellow-vein-mosaic-virus-associated-satellite-DNA-beta_taxid_488255.gbk,34,118,1,118,cluster00001,
35,Malvastrum-yellow-vein-Yunnan-virus-satellite-DNA-beta_taxid_377611.gbk,35,118,1,118,cluster00001,
36,Mesta-yellow-vein-mosaic-virus-associated-DNA-beta_taxid_360580.gbk,36,118,1,118,cluster00001,
37,Mirabilis-leaf-curl-betasatellite_taxid_2049883.gbk,37,118,1,118,cluster00001,
38,Okra-enation-leaf-curl-betasatellite-India-Sonipat-EL10-2006_taxid_908277.gbk,38,140,1,140,cluster00001,
39,Okra-leaf-curl-Mali-virus-satellite-DNA-beta_taxid_454128.gbk,39,117,1,117,cluster00001,
40,Okra-leaf-curl-Oman-betasatellite_taxid_2010323.gbk,40,117,1,117,cluster00001,
41,Papaya-leaf-curl-betasatellite_taxid_714640.gbk,41,118,1,118,cluster00001,
42,Potato-apical-leaf-curl-disease-associated-satellite-DNA-beta_taxid_410826.gbk,42,118,1,118,cluster00001,
43,Radish-leaf-curl-betasatellite_taxid_662596.gbk,43,118,1,118,cluster00001,
44,Rose-leaf-curl-betasatellite_taxid_875325.gbk,44,118,1,118,cluster00001,
45,Sida-leaf-curl-virus-associated-DNA-beta_taxid_337824.gbk,45,118,1,118,cluster00001,
47,Siegesbeckia-yellow-vein-betasatellite_taxid_1418029.gbk,47,116,1,116,cluster00001,
48,Siegesbeckia-yellow-vein-virus-associated-DNA-beta_taxid_393034.gbk,48,116,1,116,cluster00001,
49,TYLCCNV-Y322-satellite-DNA-beta_taxid_366686.gbk,49,118,1,118,cluster00001,
50,Tobacco-curly-shoot-betasatellite_taxid_219596.gbk,50,118,1,118,cluster00001,
51,Tobacco-leaf-chlorosis-betasatellite_taxid_1213187.gbk,51,126,1,126,cluster00001,
52,Tobacco-leaf-curl-Japan-betasatellite_taxid_2010326.gbk,52,116,1,116,cluster00001,
53,Tobacco-leaf-curl-Patna-betasatellite_taxid_2010327.gbk,53,118,1,118,cluster00001,
54,Tobacco-leaf-curl-Yunnan-betasatellite_taxid_218845.gbk,54,118,1,118,cluster00001,
55,Tobacco-leaf-curl-betasatellite-Pakistan-Multan-Pedilanthus-2004_taxid_587314.gbk,55,127,1,127,cluster00001,
56,Tobacco-leaf-curl-disease-associated-sequence_taxid_169691.gbk,56,127,1,127,cluster00001,
57,Tomato-begomovirus-satellite-DNA-beta_taxid_234829.gbk,57,118,1,118,cluster00001,
58,Tomato-leaf-curl-Bangalore-virus-Ban5-satellite-DNA-beta_taxid_486898.gbk,58,117,1,117,cluster00001,
59,Tomato-leaf-curl-China-betasatellite_taxid_278069.gbk,59,118,1,118,cluster00001,
60,Tomato-leaf-curl-Gandhinagar-betasatellite_taxid_1384632.gbk,60,118,1,118,cluster00001,
61,Tomato-leaf-curl-Hajipur-betasatellite_taxid_1231334.gbk,61,118,1,118,cluster00001,
62,Tomato-leaf-curl-Java-virus-Ageratum-satellite-DNA_taxid_263578.gbk,62,118,1,118,cluster00001,
63,Tomato-leaf-curl-Joydebpur-betasatellite_taxid_1000690.gbk,63,118,1,118,cluster00001,
64,Tomato-leaf-curl-Joydebpur-betasatellite_taxid_436243.gbk,64,126,1,126,cluster00001,
65,Tomato-leaf-curl-Karnataka-betasatellite_taxid_1397670.gbk,65,118,1,118,cluster00001,
66,Tomato-leaf-curl-Laguna-betasatellite_taxid_2010332.gbk,66,118,1,118,cluster00001,
67,Tomato-leaf-curl-Laos-betasatellite_taxid_2010333.gbk,67,122,1,122,cluster00001,
68,Tomato-leaf-curl-Malaysia-betasatellite_taxid_2049892.gbk,68,118,1,118,cluster00001,
69,Tomato-leaf-curl-Nepal-betasatellite_taxid_2031200.gbk,69,118,1,118,cluster00001,
70,Tomato-leaf-curl-Pakistan-betasatellite_taxid_1609290.gbk,70,127,1,127,cluster00001,
71,Tomato-leaf-curl-Patna-betasatellite_taxid_575918.gbk,71,126,1,126,cluster00001,
72,Tomato-leaf-curl-Philippine-betasatellite_taxid_2173168.gbk,72,118,1,118,cluster00001,
73,Tomato-leaf-curl-Yemen-betasatellite_taxid_1176156.gbk,73,117,1,117,cluster00001,
74,Tomato-leaf-curl-Yunnan-betasatellite_taxid_2203894.gbk,74,118,1,118,cluster00001,
75,Tomato-yellow-dwarf-disease-associated-satellite-DNA-beta-Kochi_taxid_427315.gbk,75,116,1,116,cluster00001,
76,Tomato-yellow-leaf-curl-China-betasatellite_taxid_1255765.gbk,76,118,1,118,cluster00001,
77,Tomato-yellow-leaf-curl-Shandong-betasatellite_taxid_2040662.gbk,77,118,1,118,cluster00001,
78,Tomato-yellow-leaf-curl-Thailand-betasatellite_taxid_693897.gbk,78,118,1,118,cluster00001,
79,Tomato-yellow-leaf-curl-Vietnam-betasatellite_taxid_447604.gbk,79,118,1,118,cluster00001,
80,Tomato-yellow-leaf-curl-Yunnan-betasatellite_taxid_2033721.gbk,80,118,1,118,cluster00001,
81,Tomato-yellow-leaf-curl-betasatellite_taxid_391090.gbk,81,118,1,118,cluster00001,
82,Zinnia-leaf-curl-virus-associated-DNA-beta_taxid_220813.gbk,82,118,1,118,cluster00001,
46,Sida-yellow-vein-virus-satellite-DNA-beta_taxid_326489.gbk,46,123,1,123,,
