1,Bovine-faeces-associated-smacovirus-1_taxid_1843749.gbk,1,317,1,317,cluster00001,
3,Bovine-faeces-associated-smacovirus-2_taxid_1843750.gbk,3,348,1,348,cluster00001,
5,Bovine-faeces-associated-smacovirus-3_taxid_1843751.gbk,5,344,1,344,cluster00001,
7,Bovine-faeces-associated-smacovirus-4_taxid_1843752.gbk,7,351,1,351,cluster00001,
9,Bovine-faeces-associated-smacovirus-5_taxid_1843753.gbk,9,335,1,335,cluster00001,
11,Bovine-faeces-associated-smacovirus-6_taxid_1843754.gbk,11,363,1,363,cluster00001,
13,Chimpanzee-associated-porprismacovirus-1_taxid_2170109.gbk,13,361,1,361,cluster00001,
18,Chimpanzee-associated-porprismacovirus-2_taxid_2170110.gbk,18,420,1,420,cluster00001,
21,Gorilla-associated-porprismacovirus-1_taxid_2170111.gbk,21,330,1,330,cluster00001,
23,Howler-monkey-associated-porprismacovirus-1_taxid_2170112.gbk,23,410,1,410,cluster00001,
25,Human-associated-huchismacovirus-1_taxid_2169934.gbk,25,317,1,317,cluster00001,
27,Human-associated-huchismacovirus-2_taxid_2169935.gbk,27,324,1,324,cluster00001,
29,Human-associated-huchismacovirus-3_taxid_2169936.gbk,29,325,1,325,cluster00001,
31,Human-associated-porprismacovirus-2_taxid_2170114.gbk,31,363,1,363,cluster00001,
33,Human-feces-smacovirus-2_taxid_1820158.gbk,33,369,1,369,cluster00001,
35,Human-feces-smacovirus-3_taxid_1820159.gbk,35,353,1,353,cluster00001,
37,Human-smacovirus-1_taxid_1595998.gbk,37,317,1,317,cluster00001,
39,Lemur-associated-porprismacovirus-1_taxid_2170115.gbk,39,364,1,364,cluster00001,
42,Odonata-associated-circular-virus-21_taxid_1592122.gbk,42,350,1,350,cluster00001,
43,Odonata-associated-circular-virus-5_taxid_1592125.gbk,43,371,1,371,cluster00001,
47,Pig-stool-associated-circular-ssDNA-virus-GER2011_taxid_1114942.gbk,47,333,1,333,cluster00001,
50,PoSCV-Kor-J481_taxid_1488557.gbk,50,349,1,349,cluster00001,
52,Porcine-associated-porprismacovirus-10_taxid_2170117.gbk,52,353,1,353,cluster00001,
54,Porcine-associated-porprismacovirus-3_taxid_2170119.gbk,54,299,1,299,cluster00001,
56,Porcine-associated-porprismacovirus-5_taxid_2170121.gbk,56,365,1,365,cluster00001,
58,Porcine-associated-porprismacovirus-6_taxid_2170122.gbk,58,370,1,370,cluster00001,
60,Porcine-associated-porprismacovirus-7_taxid_2170123.gbk,60,358,1,358,cluster00001,
62,Porcine-associated-porprismacovirus-8_taxid_2170124.gbk,62,346,1,346,cluster00001,
64,Porcine-associated-porprismacovirus-9_taxid_2170125.gbk,64,366,1,366,cluster00001,
66,Porcine-stool-associated-circular-virus-2_taxid_1328031.gbk,66,325,1,325,cluster00001,
68,Porcine-stool-associated-circular-virus_taxid_1843773.gbk,68,349,1,349,cluster00001,
70,Rat-associated-porprismacovirus-1_taxid_2170126.gbk,70,385,1,385,cluster00001,
72,Sheep-faeces-associated-smacovirus-2_taxid_1843757.gbk,72,353,1,353,cluster00001,
74,Sheep-faeces-associated-smacovirus-3_taxid_1843758.gbk,74,328,1,328,cluster00001,
2,Bovine-faeces-associated-smacovirus-1_taxid_1843749.gbk,2,244,1,244,cluster00002,
4,Bovine-faeces-associated-smacovirus-2_taxid_1843750.gbk,4,244,1,244,cluster00002,
6,Bovine-faeces-associated-smacovirus-3_taxid_1843751.gbk,6,262,1,262,cluster00002,
8,Bovine-faeces-associated-smacovirus-4_taxid_1843752.gbk,8,254,1,254,cluster00002,
10,Bovine-faeces-associated-smacovirus-5_taxid_1843753.gbk,10,271,1,271,cluster00002,
12,Bovine-faeces-associated-smacovirus-6_taxid_1843754.gbk,12,252,1,252,cluster00002,
14,Chimpanzee-associated-porprismacovirus-1_taxid_2170109.gbk,14,289,1,289,cluster00002,
20,Chimpanzee-associated-porprismacovirus-2_taxid_2170110.gbk,20,271,1,271,cluster00002,
22,Gorilla-associated-porprismacovirus-1_taxid_2170111.gbk,22,242,1,242,cluster00002,
24,Howler-monkey-associated-porprismacovirus-1_taxid_2170112.gbk,24,231,1,231,cluster00002,
26,Human-associated-huchismacovirus-1_taxid_2169934.gbk,26,248,1,248,cluster00002,
28,Human-associated-huchismacovirus-2_taxid_2169935.gbk,28,249,1,249,cluster00002,
30,Human-associated-huchismacovirus-3_taxid_2169936.gbk,30,249,1,249,cluster00002,
32,Human-associated-porprismacovirus-2_taxid_2170114.gbk,32,266,1,266,cluster00002,
34,Human-feces-smacovirus-2_taxid_1820158.gbk,34,278,1,278,cluster00002,
36,Human-feces-smacovirus-3_taxid_1820159.gbk,36,267,1,267,cluster00002,
38,Human-smacovirus-1_taxid_1595998.gbk,38,248,1,248,cluster00002,
40,Lemur-associated-porprismacovirus-1_taxid_2170115.gbk,40,252,1,252,cluster00002,
41,Odonata-associated-circular-virus-21_taxid_1592122.gbk,41,306,1,306,cluster00002,
44,Odonata-associated-circular-virus-5_taxid_1592125.gbk,44,291,1,291,cluster00002,
46,Pig-stool-associated-circular-ssDNA-virus-GER2011_taxid_1114942.gbk,46,237,1,237,cluster00002,
51,PoSCV-Kor-J481_taxid_1488557.gbk,51,243,1,243,cluster00002,
53,Porcine-associated-porprismacovirus-10_taxid_2170117.gbk,53,273,1,273,cluster00002,
55,Porcine-associated-porprismacovirus-3_taxid_2170119.gbk,55,271,1,271,cluster00002,
57,Porcine-associated-porprismacovirus-5_taxid_2170121.gbk,57,243,1,243,cluster00002,
59,Porcine-associated-porprismacovirus-6_taxid_2170122.gbk,59,279,1,279,cluster00002,
61,Porcine-associated-porprismacovirus-7_taxid_2170123.gbk,61,262,1,262,cluster00002,
63,Porcine-associated-porprismacovirus-8_taxid_2170124.gbk,63,245,1,245,cluster00002,
65,Porcine-associated-porprismacovirus-9_taxid_2170125.gbk,65,272,1,272,cluster00002,
67,Porcine-stool-associated-circular-virus-2_taxid_1328031.gbk,67,260,1,260,cluster00002,
69,Porcine-stool-associated-circular-virus_taxid_1843773.gbk,69,243,1,243,cluster00002,
71,Rat-associated-porprismacovirus-1_taxid_2170126.gbk,71,282,1,282,cluster00002,
73,Sheep-faeces-associated-smacovirus-2_taxid_1843757.gbk,73,260,1,260,cluster00002,
75,Sheep-faeces-associated-smacovirus-3_taxid_1843758.gbk,75,267,1,267,cluster00002,
15,Chimpanzee-associated-porprismacovirus-2_taxid_2170110.gbk,15,210,1,210,,
16,Chimpanzee-associated-porprismacovirus-2_taxid_2170110.gbk,16,127,1,127,,
17,Chimpanzee-associated-porprismacovirus-2_taxid_2170110.gbk,17,105,1,105,,
19,Chimpanzee-associated-porprismacovirus-2_taxid_2170110.gbk,19,421,1,421,,
45,Pig-stool-associated-circular-ssDNA-virus-GER2011_taxid_1114942.gbk,45,104,1,104,,
48,Pig-stool-associated-circular-ssDNA-virus-GER2011_taxid_1114942.gbk,48,147,1,147,,
49,Pig-stool-associated-circular-ssDNA-virus-GER2011_taxid_1114942.gbk,49,108,1,108,,
