
Discrete character parsimony algorithm, version 3.695


One most parsimonious tree found:


  +0000000003
  |  
  |                               +0000000036
  |                   +----------28  
  |                   |           +---0000000030
  |                   |  
  |                   |  +-----------0000000005
  |                   |  |  
  |                +-24  |              +-0000000025
  |                |  |  |  +----------19  
  |                |  |  |  |           |  +0000000041
  |                |  |  |  |           +-32  
  |                |  |  |  |              +0000000024
  |                |  |  |  |  
  |                |  +--4  |          +0000000037
  |                |     |  |          |  
  |                |     |  |  +------26-0000000033
  |                |     |  |  |       |  
  |                |     |  |  |       |     +-------0000000038
  |                |     |  |  |       +----29  
  |                |     |  |  |       |     +---------0000000032
  |                |     |  |  |       |  
  |                |     +--5-23       |     +---0000000031
  |                |        |  |       +----25  
  |                |        |  |             +0000000029
  |                |        |  |  
  |                |        |  |  +------0000000022
  |                |        |  |  |  
  |                |        |  |  |  +--0000000021
  |                |        |  +-15-17  
  |                |        |     |  +--------0000000020
  |                |        |     |  
  |                |        |     |               +----------0000000040
  |                |        |     |       +------31  
  |                |        |     |    +-30       +------0000000039
  |                |        |     |    |  |  
  |                |        |     +---16  +--0000000019
  |                |        |     |    |  
  |                |        |     |    +0000000018
  |                |        |     |  
  |                |        |     |            +-0000000014
  |                |        |     |    +------11  
  |         +------3        |     |    |       |   +-0000000013
  |         |      |        |     +----9       +--10  
  |         |      |        |          |           +-0000000012
  |         |      |        |          |  
  |         |      |        |          +---------0000000008
  |         |      |        |  
  |         |      |        |    +--------0000000016
  |         |      |        |    |  
  |         |      |        |    |               +-----0000000011
  |         |      |        +---13           +---8  
  |         |      |        |    |           |   +-----0000000010
  |         |      |        |    |  +--------7  
  |         |      |        |    |  |        |     +-0000000015
  |         |      |        |    +--6        +----12  
  |         |      |        |       |              +---0000000009
  |         |      |        |       |  
  |         |      |        |       +--------------------------0000000007
  |         |      |        |  
  |         |      |        |         +-0000000035
  1---------2      |        |         |  
  |         |      |        |      +-27---0000000034
  |         |      |        |      |  |  
  |         |      |        |  +--21  +-------------0000000027
  |         |      |        |  |   |  
  |         |      |        |  |   |  +---------0000000028
  |         |      |        +-20   +-22  
  |         |      |        |  |      +-------------0000000026
  |         |      |        |  |  
  |         |      |        |  +-------------------------0000000006
  |         |      |        |  
  |         |      |        |  +-------------0000000023
  |         |      |        +-18  
  |         |      |           +-----------------0000000004
  |         |      |  
  |         |      |     +------0000000017
  |         |      +----14  
  |         |            +------0000000002
  |         |  
  |         +---------0000000001
  |  
  +0000000000


requires a total of    215.000

  between      and       length
  -------      ---       ------
     1      0000000003     0.00
     1           2         5.00
     2           3         3.50
     3          24         1.50
    24          28         6.00
    28      0000000036     0.00
    28      0000000030     2.00
    24           4         1.00
     4      0000000005     6.00
     4           5         1.00
     5          19         6.00
    19      0000000025     1.00
    19          32         1.00
    32      0000000041     0.00
    32      0000000024     0.00
     5          23         1.00
    23          26         4.00
    26      0000000037     0.00
    26      0000000033     0.00
    26          29         3.00
    29      0000000038     4.00
    29      0000000032     5.00
    26          25         3.00
    25      0000000031     2.00
    25      0000000029     0.00
    23          15         1.50
    15      0000000022     3.50
    15          17         1.00
    17      0000000021     1.50
    17      0000000020     4.50
    15          16         2.50
    16          30         1.50
    30          31         4.00
    31      0000000040     5.50
    31      0000000039     3.50
    30      0000000019     1.50
    16      0000000018     0.00
    15           9         2.50
     9          11         4.00
    11      0000000014     1.00
    11          10         2.00
    10      0000000013     1.00
    10      0000000012     1.00
     9      0000000008     5.00
     5          13         2.50
    13      0000000016     4.50
    13           6         1.00
     6           7         4.50
     7           8         2.00
     8      0000000011     3.00
     8      0000000010     3.00
     7          12         3.00
    12      0000000015     1.00
    12      0000000009     2.00
     6      0000000007     13.50
     5          20         1.00
    20          21         2.00
    21          27         1.00
    27      0000000035     1.00
    27      0000000034     2.00
    27      0000000027     7.00
    21          22         1.00
    22      0000000028     5.00
    22      0000000026     7.00
    20      0000000006     13.00
     5          18         1.00
    18      0000000023     7.00
    18      0000000004     9.00
     3          14         3.00
    14      0000000017     3.50
    14      0000000002     3.50
     2      0000000001     5.00
     1      0000000000     0.00

