INFO [2021-10-29 03:47:56] $x
INFO [2021-10-29 03:47:56] list(Not_Annotated, Annotated_by_eval, Annotated_by_perc)
INFO [2021-10-29 03:47:56] 
INFO [2021-10-29 03:47:56] $category.names
INFO [2021-10-29 03:47:56] c("Not annotated", "Annotated by e-value", "Annotated by %identity")
INFO [2021-10-29 03:47:56] 
INFO [2021-10-29 03:47:56] $filename
INFO [2021-10-29 03:47:56] vennfile
INFO [2021-10-29 03:47:56] 
INFO [2021-10-29 03:47:56] $output
INFO [2021-10-29 03:47:56] [1] TRUE
INFO [2021-10-29 03:47:56] 
INFO [2021-10-29 03:47:56] $imagetype
INFO [2021-10-29 03:47:56] [1] "png"
INFO [2021-10-29 03:47:56] 
INFO [2021-10-29 03:47:56] $height
INFO [2021-10-29 03:47:56] [1] 700
INFO [2021-10-29 03:47:56] 
INFO [2021-10-29 03:47:56] $width
INFO [2021-10-29 03:47:56] [1] 700
INFO [2021-10-29 03:47:56] 
INFO [2021-10-29 03:47:56] $resolution
INFO [2021-10-29 03:47:56] [1] 300
INFO [2021-10-29 03:47:56] 
INFO [2021-10-29 03:47:56] $compression
INFO [2021-10-29 03:47:56] [1] "lzw"
INFO [2021-10-29 03:47:56] 
INFO [2021-10-29 03:47:56] $lwd
INFO [2021-10-29 03:47:56] [1] 1
INFO [2021-10-29 03:47:56] 
INFO [2021-10-29 03:47:56] $col
INFO [2021-10-29 03:47:56] c("#440154ff", "#21908dff", "#DC143C")
INFO [2021-10-29 03:47:56] 
INFO [2021-10-29 03:47:56] $fill
INFO [2021-10-29 03:47:56] c(alpha("#440154ff", 0.3), alpha("#21908dff", 0.3), alpha("#DC143C", 
INFO [2021-10-29 03:47:56]     0.3))
INFO [2021-10-29 03:47:56] 
INFO [2021-10-29 03:47:56] $cex
INFO [2021-10-29 03:47:56] [1] 0.3
INFO [2021-10-29 03:47:56] 
INFO [2021-10-29 03:47:56] $fontfamily
INFO [2021-10-29 03:47:56] [1] "sans"
INFO [2021-10-29 03:47:56] 
INFO [2021-10-29 03:47:56] $cat.cex
INFO [2021-10-29 03:47:56] [1] 0.3
INFO [2021-10-29 03:47:56] 
INFO [2021-10-29 03:47:56] $cat.default.pos
INFO [2021-10-29 03:47:56] [1] "outer"
INFO [2021-10-29 03:47:56] 
INFO [2021-10-29 03:47:56] $cat.fontfamily
INFO [2021-10-29 03:47:56] [1] "sans"
INFO [2021-10-29 03:47:56] 
INFO [2021-10-29 03:47:56] $cat.col
INFO [2021-10-29 03:47:56] c("#440154ff", "#21908dff", "#DC143C")
INFO [2021-10-29 03:47:56] 
INFO [2021-10-29 03:47:56] $rotation
INFO [2021-10-29 03:47:56] [1] 1
INFO [2021-10-29 03:47:56] 
INFO [2021-10-29 03:47:56] $margin
INFO [2021-10-29 03:47:56] [1] 0.1
INFO [2021-10-29 03:47:56] 
