INFO [2021-10-29 03:14:32] $x
INFO [2021-10-29 03:14:32] list(Not_Annotated, Annotated_by_eval, Annotated_by_perc)
INFO [2021-10-29 03:14:32] 
INFO [2021-10-29 03:14:32] $category.names
INFO [2021-10-29 03:14:32] c("Not annotated", "Annotated by e-value", "Annotated by %identity")
INFO [2021-10-29 03:14:32] 
INFO [2021-10-29 03:14:32] $filename
INFO [2021-10-29 03:14:32] vennfile
INFO [2021-10-29 03:14:32] 
INFO [2021-10-29 03:14:32] $output
INFO [2021-10-29 03:14:32] [1] TRUE
INFO [2021-10-29 03:14:32] 
INFO [2021-10-29 03:14:32] $imagetype
INFO [2021-10-29 03:14:32] [1] "png"
INFO [2021-10-29 03:14:32] 
INFO [2021-10-29 03:14:32] $height
INFO [2021-10-29 03:14:32] [1] 700
INFO [2021-10-29 03:14:32] 
INFO [2021-10-29 03:14:32] $width
INFO [2021-10-29 03:14:32] [1] 700
INFO [2021-10-29 03:14:32] 
INFO [2021-10-29 03:14:32] $resolution
INFO [2021-10-29 03:14:32] [1] 300
INFO [2021-10-29 03:14:32] 
INFO [2021-10-29 03:14:32] $compression
INFO [2021-10-29 03:14:32] [1] "lzw"
INFO [2021-10-29 03:14:32] 
INFO [2021-10-29 03:14:32] $lwd
INFO [2021-10-29 03:14:32] [1] 1
INFO [2021-10-29 03:14:32] 
INFO [2021-10-29 03:14:32] $col
INFO [2021-10-29 03:14:32] c("#440154ff", "#21908dff", "#DC143C")
INFO [2021-10-29 03:14:32] 
INFO [2021-10-29 03:14:32] $fill
INFO [2021-10-29 03:14:32] c(alpha("#440154ff", 0.3), alpha("#21908dff", 0.3), alpha("#DC143C", 
INFO [2021-10-29 03:14:32]     0.3))
INFO [2021-10-29 03:14:32] 
INFO [2021-10-29 03:14:32] $cex
INFO [2021-10-29 03:14:32] [1] 0.3
INFO [2021-10-29 03:14:32] 
INFO [2021-10-29 03:14:32] $fontfamily
INFO [2021-10-29 03:14:32] [1] "sans"
INFO [2021-10-29 03:14:32] 
INFO [2021-10-29 03:14:32] $cat.cex
INFO [2021-10-29 03:14:32] [1] 0.3
INFO [2021-10-29 03:14:32] 
INFO [2021-10-29 03:14:32] $cat.default.pos
INFO [2021-10-29 03:14:32] [1] "outer"
INFO [2021-10-29 03:14:32] 
INFO [2021-10-29 03:14:32] $cat.fontfamily
INFO [2021-10-29 03:14:32] [1] "sans"
INFO [2021-10-29 03:14:32] 
INFO [2021-10-29 03:14:32] $cat.col
INFO [2021-10-29 03:14:32] c("#440154ff", "#21908dff", "#DC143C")
INFO [2021-10-29 03:14:32] 
INFO [2021-10-29 03:14:32] $rotation
INFO [2021-10-29 03:14:32] [1] 1
INFO [2021-10-29 03:14:32] 
INFO [2021-10-29 03:14:32] $margin
INFO [2021-10-29 03:14:32] [1] 0.1
INFO [2021-10-29 03:14:32] 
