INFO [2021-10-29 03:44:05] $x
INFO [2021-10-29 03:44:05] list(Not_Annotated, Annotated_by_eval, Annotated_by_perc)
INFO [2021-10-29 03:44:05] 
INFO [2021-10-29 03:44:05] $category.names
INFO [2021-10-29 03:44:05] c("Not annotated", "Annotated by e-value", "Annotated by %identity")
INFO [2021-10-29 03:44:05] 
INFO [2021-10-29 03:44:05] $filename
INFO [2021-10-29 03:44:05] vennfile
INFO [2021-10-29 03:44:05] 
INFO [2021-10-29 03:44:05] $output
INFO [2021-10-29 03:44:05] [1] TRUE
INFO [2021-10-29 03:44:05] 
INFO [2021-10-29 03:44:05] $imagetype
INFO [2021-10-29 03:44:05] [1] "png"
INFO [2021-10-29 03:44:05] 
INFO [2021-10-29 03:44:05] $height
INFO [2021-10-29 03:44:05] [1] 700
INFO [2021-10-29 03:44:05] 
INFO [2021-10-29 03:44:05] $width
INFO [2021-10-29 03:44:05] [1] 700
INFO [2021-10-29 03:44:05] 
INFO [2021-10-29 03:44:05] $resolution
INFO [2021-10-29 03:44:05] [1] 300
INFO [2021-10-29 03:44:05] 
INFO [2021-10-29 03:44:05] $compression
INFO [2021-10-29 03:44:05] [1] "lzw"
INFO [2021-10-29 03:44:05] 
INFO [2021-10-29 03:44:05] $lwd
INFO [2021-10-29 03:44:05] [1] 1
INFO [2021-10-29 03:44:05] 
INFO [2021-10-29 03:44:05] $col
INFO [2021-10-29 03:44:05] c("#440154ff", "#21908dff", "#DC143C")
INFO [2021-10-29 03:44:05] 
INFO [2021-10-29 03:44:05] $fill
INFO [2021-10-29 03:44:05] c(alpha("#440154ff", 0.3), alpha("#21908dff", 0.3), alpha("#DC143C", 
INFO [2021-10-29 03:44:05]     0.3))
INFO [2021-10-29 03:44:05] 
INFO [2021-10-29 03:44:05] $cex
INFO [2021-10-29 03:44:05] [1] 0.3
INFO [2021-10-29 03:44:05] 
INFO [2021-10-29 03:44:05] $fontfamily
INFO [2021-10-29 03:44:05] [1] "sans"
INFO [2021-10-29 03:44:05] 
INFO [2021-10-29 03:44:05] $cat.cex
INFO [2021-10-29 03:44:05] [1] 0.3
INFO [2021-10-29 03:44:05] 
INFO [2021-10-29 03:44:05] $cat.default.pos
INFO [2021-10-29 03:44:05] [1] "outer"
INFO [2021-10-29 03:44:05] 
INFO [2021-10-29 03:44:05] $cat.fontfamily
INFO [2021-10-29 03:44:05] [1] "sans"
INFO [2021-10-29 03:44:05] 
INFO [2021-10-29 03:44:05] $cat.col
INFO [2021-10-29 03:44:05] c("#440154ff", "#21908dff", "#DC143C")
INFO [2021-10-29 03:44:05] 
INFO [2021-10-29 03:44:05] $rotation
INFO [2021-10-29 03:44:05] [1] 1
INFO [2021-10-29 03:44:05] 
INFO [2021-10-29 03:44:05] $margin
INFO [2021-10-29 03:44:05] [1] 0.1
INFO [2021-10-29 03:44:05] 
