INFO [2021-10-29 00:47:36] $x
INFO [2021-10-29 00:47:36] list(Not_Annotated, Annotated_by_eval, Annotated_by_perc)
INFO [2021-10-29 00:47:36] 
INFO [2021-10-29 00:47:36] $category.names
INFO [2021-10-29 00:47:36] c("Not annotated", "Annotated by e-value", "Annotated by %identity")
INFO [2021-10-29 00:47:36] 
INFO [2021-10-29 00:47:36] $filename
INFO [2021-10-29 00:47:36] vennfile
INFO [2021-10-29 00:47:36] 
INFO [2021-10-29 00:47:36] $output
INFO [2021-10-29 00:47:36] [1] TRUE
INFO [2021-10-29 00:47:36] 
INFO [2021-10-29 00:47:36] $imagetype
INFO [2021-10-29 00:47:36] [1] "png"
INFO [2021-10-29 00:47:36] 
INFO [2021-10-29 00:47:36] $height
INFO [2021-10-29 00:47:36] [1] 700
INFO [2021-10-29 00:47:36] 
INFO [2021-10-29 00:47:36] $width
INFO [2021-10-29 00:47:36] [1] 700
INFO [2021-10-29 00:47:36] 
INFO [2021-10-29 00:47:36] $resolution
INFO [2021-10-29 00:47:36] [1] 300
INFO [2021-10-29 00:47:36] 
INFO [2021-10-29 00:47:36] $compression
INFO [2021-10-29 00:47:36] [1] "lzw"
INFO [2021-10-29 00:47:36] 
INFO [2021-10-29 00:47:36] $lwd
INFO [2021-10-29 00:47:36] [1] 1
INFO [2021-10-29 00:47:36] 
INFO [2021-10-29 00:47:36] $col
INFO [2021-10-29 00:47:36] c("#440154ff", "#21908dff", "#DC143C")
INFO [2021-10-29 00:47:36] 
INFO [2021-10-29 00:47:36] $fill
INFO [2021-10-29 00:47:36] c(alpha("#440154ff", 0.3), alpha("#21908dff", 0.3), alpha("#DC143C", 
INFO [2021-10-29 00:47:36]     0.3))
INFO [2021-10-29 00:47:36] 
INFO [2021-10-29 00:47:36] $cex
INFO [2021-10-29 00:47:36] [1] 0.3
INFO [2021-10-29 00:47:36] 
INFO [2021-10-29 00:47:36] $fontfamily
INFO [2021-10-29 00:47:36] [1] "sans"
INFO [2021-10-29 00:47:36] 
INFO [2021-10-29 00:47:36] $cat.cex
INFO [2021-10-29 00:47:36] [1] 0.3
INFO [2021-10-29 00:47:36] 
INFO [2021-10-29 00:47:36] $cat.default.pos
INFO [2021-10-29 00:47:36] [1] "outer"
INFO [2021-10-29 00:47:36] 
INFO [2021-10-29 00:47:36] $cat.fontfamily
INFO [2021-10-29 00:47:36] [1] "sans"
INFO [2021-10-29 00:47:36] 
INFO [2021-10-29 00:47:36] $cat.col
INFO [2021-10-29 00:47:36] c("#440154ff", "#21908dff", "#DC143C")
INFO [2021-10-29 00:47:36] 
INFO [2021-10-29 00:47:36] $rotation
INFO [2021-10-29 00:47:36] [1] 1
INFO [2021-10-29 00:47:36] 
INFO [2021-10-29 00:47:36] $margin
INFO [2021-10-29 00:47:36] [1] 0.1
INFO [2021-10-29 00:47:36] 
