2,Alces-alces-faeces-associated-circular-virus-MP65_taxid_2219143.gbk,2,374,1,374,cluster00001,
4,Badger-associated-gemykibivirus-1_taxid_1634484.gbk,4,329,1,329,cluster00001,
6,Bark-beetle-associated-genomovirus-1_taxid_2230896.gbk,6,319,1,319,cluster00001,
8,Bark-beetle-associated-genomovirus-5_taxid_2230900.gbk,8,342,1,342,cluster00001,
10,Bemisia-associated-genomovirus-AdDF_taxid_1986477.gbk,10,320,1,320,cluster00001,
12,Bemisia-associated-genomovirus-AdO_taxid_1986478.gbk,12,342,1,342,cluster00001,
14,Bemisia-associated-genomovirus-NfO_taxid_1986479.gbk,14,319,1,319,cluster00001,
16,Black-robin-associated-gemykibivirus-1_taxid_1391037.gbk,16,320,1,320,cluster00001,
18,Blackbird-associated-gemycircularvirus-1_taxid_1985371.gbk,18,339,1,339,cluster00001,
20,Blackbird-associated-gemykibivirus-1_taxid_1391038.gbk,20,325,1,325,cluster00001,
22,Bromus-associated-circular-DNA-virus-3_taxid_1590156.gbk,22,324,1,324,cluster00001,
24,Caribou-feces-associated-gemycircularvirus_taxid_1542743.gbk,24,206,1,206,cluster00001,
26,Cassava-associated-gemycircularvirus-1_taxid_1985374.gbk,26,329,1,329,cluster00001,
27,Cattle-blood-associated-gemycircularvirus_taxid_2077296.gbk,27,332,1,332,cluster00001,
29,Chicken-stool-associated-gemycircularvirus_taxid_1930298.gbk,29,204,1,204,cluster00001,
32,Common-bean-associated-gemycircularvirus_taxid_1897538.gbk,32,337,1,337,cluster00001,
33,Common-bean-associated-gemycircularvirus_taxid_1897538.gbk,33,218,1,218,cluster00001,
35,Dragonfly-associated-circular-virus-2_taxid_1234886.gbk,35,319,1,319,cluster00001,
37,Dragonfly-associated-circular-virus-2_taxid_1234886.gbk,37,201,1,201,cluster00001,
39,Dragonfly-associated-circular-virus-3_taxid_1234884.gbk,39,323,1,323,cluster00001,
41,Dragonfly-associated-circular-virus-3_taxid_1234884.gbk,41,256,1,256,cluster00001,
43,Dragonfly-associated-gemykibivirus-1_taxid_1234887.gbk,43,318,1,318,cluster00001,
45,Dragonfly-associated-gemykibivirus-1_taxid_1234887.gbk,45,249,1,249,cluster00001,
47,Euphorbia-heterophylla-associated-gemycircularvirus_taxid_2291614.gbk,47,307,1,307,cluster00001,
49,Faeces-associated-gemycircularvirus-10_taxid_1391025.gbk,49,324,1,324,cluster00001,
51,Faeces-associated-gemycircularvirus-11_taxid_1391026.gbk,51,360,1,360,cluster00001,
53,Faeces-associated-gemycircularvirus-12_taxid_1391027.gbk,53,384,1,384,cluster00001,
55,Faeces-associated-gemycircularvirus-14_taxid_1843734.gbk,55,318,1,318,cluster00001,
56,Faeces-associated-gemycircularvirus-14_taxid_1843734.gbk,56,237,1,237,cluster00001,
58,Faeces-associated-gemycircularvirus-15_taxid_1843735.gbk,58,320,1,320,cluster00001,
59,Faeces-associated-gemycircularvirus-15_taxid_1843735.gbk,59,233,1,233,cluster00001,
61,Faeces-associated-gemycircularvirus-16_taxid_1843736.gbk,61,336,1,336,cluster00001,
62,Faeces-associated-gemycircularvirus-16_taxid_1843736.gbk,62,203,1,203,cluster00001,
64,Faeces-associated-gemycircularvirus-17_taxid_1843737.gbk,64,335,1,335,cluster00001,
65,Faeces-associated-gemycircularvirus-17_taxid_1843737.gbk,65,252,1,252,cluster00001,
67,Faeces-associated-gemycircularvirus-18_taxid_1843738.gbk,67,338,1,338,cluster00001,
68,Faeces-associated-gemycircularvirus-18_taxid_1843738.gbk,68,210,1,210,cluster00001,
70,Faeces-associated-gemycircularvirus-19_taxid_1843739.gbk,70,343,1,343,cluster00001,
71,Faeces-associated-gemycircularvirus-19_taxid_1843739.gbk,71,212,1,212,cluster00001,
73,Faeces-associated-gemycircularvirus-20_taxid_1843740.gbk,73,327,1,327,cluster00001,
74,Faeces-associated-gemycircularvirus-20_taxid_1843740.gbk,74,200,1,200,cluster00001,
76,Faeces-associated-gemycircularvirus-21_taxid_1843741.gbk,76,326,1,326,cluster00001,
77,Faeces-associated-gemycircularvirus-21_taxid_1843741.gbk,77,233,1,233,cluster00001,
79,Faeces-associated-gemycircularvirus-22_taxid_1843742.gbk,79,328,1,328,cluster00001,
80,Faeces-associated-gemycircularvirus-22_taxid_1843742.gbk,80,245,1,245,cluster00001,
82,Faeces-associated-gemycircularvirus-2_taxid_1391031.gbk,82,339,1,339,cluster00001,
84,Faeces-associated-gemycircularvirus-3_taxid_1391032.gbk,84,342,1,342,cluster00001,
86,Faeces-associated-gemycircularvirus-4_taxid_1391033.gbk,86,338,1,338,cluster00001,
88,Faeces-associated-gemycircularvirus-5_taxid_1391034.gbk,88,335,1,335,cluster00001,
90,Faeces-associated-gemycircularvirus-6_taxid_1391035.gbk,90,351,1,351,cluster00001,
92,Faeces-associated-gemycircularvirus-7_taxid_1391036.gbk,92,332,1,332,cluster00001,
99,Gemycircularvirus-HV-GcV2_taxid_1862825.gbk,99,345,1,345,cluster00001,
101,Gemycircularvirus-SL1_taxid_1588764.gbk,101,320,1,320,cluster00001,
103,Gemycircularvirus-gemy-ch-rat1_taxid_1708653.gbk,103,322,1,322,cluster00001,
105,Gemycircularvirus-sp_taxid_1983771.gbk,105,297,1,297,cluster00001,
108,Giant-house-spider-associated-circular-virus-1_taxid_2293288.gbk,108,325,1,325,cluster00001,
109,Giant-panda-associated-gemycircularvirus_taxid_2016461.gbk,109,330,1,330,cluster00001,
113,Gopherus-associated-genomovirus-1_taxid_2041417.gbk,113,325,1,325,cluster00001,
114,Gopherus-associated-genomovirus-1_taxid_2041417.gbk,114,215,1,215,cluster00001,
117,HCBI8215-virus_taxid_1516079.gbk,117,196,1,196,cluster00001,
120,HCBI9212-virus_taxid_1516080.gbk,120,244,1,244,cluster00001,
122,Human-associated-gemyvongvirus-1_taxid_1985415.gbk,122,341,1,341,cluster00001,
125,Human-gemycircularvirus-GeTz1_taxid_1792832.gbk,125,330,1,330,cluster00001,
127,Human-genital-associated-circular-DNA-virus-1_taxid_1488574.gbk,127,310,1,310,cluster00001,
128,Human-genital-associated-circular-DNA-virus-1_taxid_1488574.gbk,128,195,1,195,cluster00001,
132,Hypericum-japonicum-associated-circular-DNA-virus_taxid_1367218.gbk,132,336,1,336,cluster00001,
136,Lepus-americanus-faeces-associated-genomovirus-SHP111_taxid_2219118.gbk,136,307,1,307,cluster00001,
138,Lepus-americanus-faeces-associated-genomovirus-SHP7_taxid_2219120.gbk,138,307,1,307,cluster00001,
140,Lynx-canadensis-faeces-associated-genomovirus-CL1-148_taxid_2219123.gbk,140,312,1,312,cluster00001,
142,Lynx-canadensis-faeces-associated-genomovirus-CL1-48_taxid_2219125.gbk,142,311,1,311,cluster00001,
145,MSSI2225-virus_taxid_1516081.gbk,145,232,1,232,cluster00001,
146,Miniopterus-associated-gemycircularvirus-1_taxid_1985387.gbk,146,211,1,211,cluster00001,
149,Mongoose-feces-associated-gemycircularvirus-a_taxid_1634485.gbk,149,312,1,312,cluster00001,
151,Mongoose-feces-associated-gemycircularvirus-b_taxid_1634486.gbk,151,338,1,338,cluster00001,
153,Mongoose-feces-associated-gemycircularvirus-c_taxid_1634488.gbk,153,306,1,306,cluster00001,
155,Mongoose-feces-associated-gemycircularvirus-d_taxid_1634487.gbk,155,349,1,349,cluster00001,
156,Mosquito-VEM-virus-SDBVL-G_taxid_1034805.gbk,156,221,1,221,cluster00001,
161,Odonata-associated-gemycircularvirus-1_taxid_1592107.gbk,161,332,1,332,cluster00001,
163,Odonata-associated-gemycircularvirus-2_taxid_1592108.gbk,163,340,1,340,cluster00001,
165,Pacific-flying-fox-faeces-associated-gemycircularvirus-10_taxid_1795989.gbk,165,336,1,336,cluster00001,
166,Pacific-flying-fox-faeces-associated-gemycircularvirus-10_taxid_1795989.gbk,166,238,1,238,cluster00001,
168,Pacific-flying-fox-faeces-associated-gemycircularvirus-12_taxid_1795991.gbk,168,322,1,322,cluster00001,
169,Pacific-flying-fox-faeces-associated-gemycircularvirus-12_taxid_1795991.gbk,169,304,1,304,cluster00001,
171,Pacific-flying-fox-faeces-associated-gemycircularvirus-1_taxid_1795988.gbk,171,312,1,312,cluster00001,
172,Pacific-flying-fox-faeces-associated-gemycircularvirus-1_taxid_1795988.gbk,172,245,1,245,cluster00001,
174,Pacific-flying-fox-faeces-associated-gemycircularvirus-2_taxid_1795994.gbk,174,344,1,344,cluster00001,
175,Pacific-flying-fox-faeces-associated-gemycircularvirus-2_taxid_1795994.gbk,175,239,1,239,cluster00001,
177,Pacific-flying-fox-faeces-associated-gemycircularvirus-6_taxid_1795998.gbk,177,337,1,337,cluster00001,
178,Pacific-flying-fox-faeces-associated-gemycircularvirus-6_taxid_1795998.gbk,178,218,1,218,cluster00001,
180,Pacific-flying-fox-faeces-associated-gemycircularvirus-7_taxid_1795999.gbk,180,331,1,331,cluster00001,
181,Pacific-flying-fox-faeces-associated-gemycircularvirus-7_taxid_1795999.gbk,181,207,1,207,cluster00001,
183,Poaceae-associated-gemycircularvirus-1_taxid_1708497.gbk,183,319,1,319,cluster00001,
184,Poaceae-associated-gemycircularvirus-1_taxid_1708497.gbk,184,197,1,197,cluster00001,
186,Poecile-atricapillus-GI-tract-associated-gemycircularvirus_taxid_1699094.gbk,186,248,1,248,cluster00001,
188,Porcine-feces-associated-gemycircularvirus_taxid_2017712.gbk,188,353,1,353,cluster00001,
190,Pteropus-associated-gemycircularvirus-10_taxid_1985404.gbk,190,326,1,326,cluster00001,
191,Pteropus-associated-gemycircularvirus-10_taxid_1985404.gbk,191,241,1,241,cluster00001,
193,Pteropus-associated-gemycircularvirus-3_taxid_1985397.gbk,193,336,1,336,cluster00001,
194,Pteropus-associated-gemycircularvirus-3_taxid_1985397.gbk,194,238,1,238,cluster00001,
196,Pteropus-associated-gemycircularvirus-4_taxid_1985398.gbk,196,317,1,317,cluster00001,
197,Pteropus-associated-gemycircularvirus-4_taxid_1985398.gbk,197,202,1,202,cluster00001,
199,Pteropus-associated-gemycircularvirus-5_taxid_1985399.gbk,199,322,1,322,cluster00001,
200,Pteropus-associated-gemycircularvirus-5_taxid_1985399.gbk,200,200,1,200,cluster00001,
202,Pteropus-associated-gemycircularvirus-6_taxid_1985400.gbk,202,320,1,320,cluster00001,
203,Pteropus-associated-gemycircularvirus-6_taxid_1985400.gbk,203,255,1,255,cluster00001,
205,Pteropus-associated-gemycircularvirus-7_taxid_1985401.gbk,205,317,1,317,cluster00001,
206,Pteropus-associated-gemycircularvirus-7_taxid_1985401.gbk,206,201,1,201,cluster00001,
208,Pteropus-associated-gemycircularvirus-8_taxid_1985402.gbk,208,332,1,332,cluster00001,
209,Pteropus-associated-gemycircularvirus-8_taxid_1985402.gbk,209,204,1,204,cluster00001,
211,Pteropus-associated-gemycircularvirus-9_taxid_1985403.gbk,211,335,1,335,cluster00001,
212,Pteropus-associated-gemycircularvirus-9_taxid_1985403.gbk,212,377,1,377,cluster00001,
213,Rhinolophus-associated-gemykibivirus-1_taxid_2004965.gbk,213,232,1,232,cluster00001,
216,Sclerotinia-sclerotiorum-hypovirulence-associated-DNA-virus-1_taxid_664785.gbk,216,324,1,324,cluster00001,
218,Sewage-associated-gemycircularvirus-10a_taxid_1519409.gbk,218,314,1,314,cluster00001,
219,Sewage-associated-gemycircularvirus-10a_taxid_1519409.gbk,219,196,1,196,cluster00001,
221,Sewage-associated-gemycircularvirus-1_taxid_1592081.gbk,221,327,1,327,cluster00001,
223,Sewage-associated-gemycircularvirus-2_taxid_1519407.gbk,223,318,1,318,cluster00001,
224,Sewage-associated-gemycircularvirus-2_taxid_1519407.gbk,224,202,1,202,cluster00001,
226,Sewage-associated-gemycircularvirus-4_taxid_1519399.gbk,226,330,1,330,cluster00001,
227,Sewage-associated-gemycircularvirus-4_taxid_1519399.gbk,227,207,1,207,cluster00001,
229,Sewage-associated-gemycircularvirus-5_taxid_1519400.gbk,229,311,1,311,cluster00001,
230,Sewage-associated-gemycircularvirus-5_taxid_1519400.gbk,230,195,1,195,cluster00001,
232,Sewage-associated-gemycircularvirus-6_taxid_1519401.gbk,232,325,1,325,cluster00001,
234,Sewage-associated-gemycircularvirus-7a_taxid_1519402.gbk,234,345,1,345,cluster00001,
235,Sewage-associated-gemycircularvirus-7a_taxid_1519402.gbk,235,218,1,218,cluster00001,
237,Sewage-associated-gemycircularvirus-7b_taxid_1519405.gbk,237,340,1,340,cluster00001,
238,Sewage-associated-gemycircularvirus-7b_taxid_1519405.gbk,238,251,1,251,cluster00001,
240,Sewage-associated-gemycircularvirus-9_taxid_1519404.gbk,240,334,1,334,cluster00001,
241,Sewage-associated-gemycircularvirus-9_taxid_1519404.gbk,241,272,1,272,cluster00001,
243,Sewage-derived-gemycircularvirus-1_taxid_1985407.gbk,243,327,1,327,cluster00001,
244,Sewage-derived-gemycircularvirus-1_taxid_1985407.gbk,244,199,1,199,cluster00001,
246,Sewage-derived-gemycircularvirus-2_taxid_1985408.gbk,246,336,1,336,cluster00001,
247,Sewage-derived-gemycircularvirus-2_taxid_1985408.gbk,247,231,1,231,cluster00001,
249,Sierra-dome-spider-associated-circular-virus-1_taxid_2293299.gbk,249,324,1,324,cluster00001,
251,Soybean-leaf-associated-gemycircularvirus-1_taxid_1719040.gbk,251,332,1,332,cluster00001,
253,Termite-associated-circular-virus-2_taxid_2108550.gbk,253,348,1,348,cluster00001,
255,Thrips-associated-genomovirus-1_taxid_1941233.gbk,255,324,1,324,cluster00001,
256,Thrips-associated-genomovirus-1_taxid_1941233.gbk,256,210,1,210,cluster00001,
258,Thrips-associated-genomovirus-2_taxid_1941234.gbk,258,338,1,338,cluster00001,
259,Thrips-associated-genomovirus-2_taxid_1941234.gbk,259,229,1,229,cluster00001,
261,Thrips-associated-genomovirus-3_taxid_1941237.gbk,261,318,1,318,cluster00001,
262,Thrips-associated-genomovirus-3_taxid_1941237.gbk,262,195,1,195,cluster00001,
264,Thrips-associated-genomovirus-4_taxid_1941239.gbk,264,335,1,335,cluster00001,
265,Thrips-associated-genomovirus-4_taxid_1941239.gbk,265,219,1,219,cluster00001,
267,Tubeweb-spider-associated-circular-virus-1_taxid_2293308.gbk,267,333,1,333,cluster00001,
269,Varroa-mite-associated-genomovirus-1_taxid_2077299.gbk,269,334,1,334,cluster00001,
270,Varroa-mite-associated-genomovirus-1_taxid_2077299.gbk,270,200,1,200,cluster00001,
3,Badger-associated-gemykibivirus-1_taxid_1634484.gbk,3,302,1,302,cluster00002,
5,Bark-beetle-associated-genomovirus-1_taxid_2230896.gbk,5,312,1,312,cluster00002,
7,Bark-beetle-associated-genomovirus-5_taxid_2230900.gbk,7,314,1,314,cluster00002,
9,Bemisia-associated-genomovirus-AdDF_taxid_1986477.gbk,9,290,1,290,cluster00002,
11,Bemisia-associated-genomovirus-AdO_taxid_1986478.gbk,11,258,1,258,cluster00002,
13,Bemisia-associated-genomovirus-NfO_taxid_1986479.gbk,13,318,1,318,cluster00002,
15,Black-robin-associated-gemykibivirus-1_taxid_1391037.gbk,15,302,1,302,cluster00002,
17,Blackbird-associated-gemycircularvirus-1_taxid_1985371.gbk,17,311,1,311,cluster00002,
19,Blackbird-associated-gemykibivirus-1_taxid_1391038.gbk,19,305,1,305,cluster00002,
21,Bromus-associated-circular-DNA-virus-3_taxid_1590156.gbk,21,231,1,231,cluster00002,
23,Caribou-feces-associated-gemycircularvirus_taxid_1542743.gbk,23,318,1,318,cluster00002,
25,Cassava-associated-gemycircularvirus-1_taxid_1985374.gbk,25,315,1,315,cluster00002,
30,Chicken-stool-associated-gemycircularvirus_taxid_1930298.gbk,30,314,1,314,cluster00002,
31,Common-bean-associated-gemycircularvirus_taxid_1897538.gbk,31,279,1,279,cluster00002,
34,Dragonfly-associated-circular-virus-2_taxid_1234886.gbk,34,309,1,309,cluster00002,
38,Dragonfly-associated-circular-virus-3_taxid_1234884.gbk,38,289,1,289,cluster00002,
42,Dragonfly-associated-gemykibivirus-1_taxid_1234887.gbk,42,290,1,290,cluster00002,
46,Euphorbia-heterophylla-associated-gemycircularvirus_taxid_2291614.gbk,46,298,1,298,cluster00002,
48,Faeces-associated-gemycircularvirus-10_taxid_1391025.gbk,48,305,1,305,cluster00002,
50,Faeces-associated-gemycircularvirus-11_taxid_1391026.gbk,50,285,1,285,cluster00002,
54,Faeces-associated-gemycircularvirus-14_taxid_1843734.gbk,54,310,1,310,cluster00002,
57,Faeces-associated-gemycircularvirus-15_taxid_1843735.gbk,57,308,1,308,cluster00002,
60,Faeces-associated-gemycircularvirus-16_taxid_1843736.gbk,60,342,1,342,cluster00002,
63,Faeces-associated-gemycircularvirus-17_taxid_1843737.gbk,63,329,1,329,cluster00002,
66,Faeces-associated-gemycircularvirus-18_taxid_1843738.gbk,66,322,1,322,cluster00002,
69,Faeces-associated-gemycircularvirus-19_taxid_1843739.gbk,69,302,1,302,cluster00002,
72,Faeces-associated-gemycircularvirus-20_taxid_1843740.gbk,72,307,1,307,cluster00002,
75,Faeces-associated-gemycircularvirus-21_taxid_1843741.gbk,75,301,1,301,cluster00002,
78,Faeces-associated-gemycircularvirus-22_taxid_1843742.gbk,78,304,1,304,cluster00002,
81,Faeces-associated-gemycircularvirus-2_taxid_1391031.gbk,81,309,1,309,cluster00002,
83,Faeces-associated-gemycircularvirus-3_taxid_1391032.gbk,83,308,1,308,cluster00002,
85,Faeces-associated-gemycircularvirus-4_taxid_1391033.gbk,85,313,1,313,cluster00002,
87,Faeces-associated-gemycircularvirus-5_taxid_1391034.gbk,87,310,1,310,cluster00002,
89,Faeces-associated-gemycircularvirus-6_taxid_1391035.gbk,89,319,1,319,cluster00002,
91,Faeces-associated-gemycircularvirus-7_taxid_1391036.gbk,91,316,1,316,cluster00002,
94,Gemycircularvirus-HV-GcV1_taxid_1862824.gbk,94,259,1,259,cluster00002,
98,Gemycircularvirus-HV-GcV2_taxid_1862825.gbk,98,264,1,264,cluster00002,
100,Gemycircularvirus-SL1_taxid_1588764.gbk,100,322,1,322,cluster00002,
102,Gemycircularvirus-gemy-ch-rat1_taxid_1708653.gbk,102,262,1,262,cluster00002,
106,Gemycircularvirus-sp_taxid_1983771.gbk,106,316,1,316,cluster00002,
107,Giant-house-spider-associated-circular-virus-1_taxid_2293288.gbk,107,296,1,296,cluster00002,
111,Giant-panda-associated-gemycircularvirus_taxid_2016461.gbk,111,303,1,303,cluster00002,
112,Gopherus-associated-genomovirus-1_taxid_2041417.gbk,112,305,1,305,cluster00002,
115,HCBI8215-virus_taxid_1516079.gbk,115,311,1,311,cluster00002,
118,HCBI9212-virus_taxid_1516080.gbk,118,294,1,294,cluster00002,
121,Human-associated-gemyvongvirus-1_taxid_1985415.gbk,121,284,1,284,cluster00002,
124,Human-gemycircularvirus-GeTz1_taxid_1792832.gbk,124,236,1,236,cluster00002,
129,Human-genital-associated-circular-DNA-virus-1_taxid_1488574.gbk,129,279,1,279,cluster00002,
130,Hypericum-japonicum-associated-circular-DNA-virus_taxid_1367218.gbk,130,304,1,304,cluster00002,
135,Lepus-americanus-faeces-associated-genomovirus-SHP111_taxid_2219118.gbk,135,306,1,306,cluster00002,
137,Lepus-americanus-faeces-associated-genomovirus-SHP7_taxid_2219120.gbk,137,315,1,315,cluster00002,
139,Lynx-canadensis-faeces-associated-genomovirus-CL1-148_taxid_2219123.gbk,139,316,1,316,cluster00002,
141,Lynx-canadensis-faeces-associated-genomovirus-CL1-48_taxid_2219125.gbk,141,318,1,318,cluster00002,
143,MSSI2225-virus_taxid_1516081.gbk,143,300,1,300,cluster00002,
148,Mongoose-feces-associated-gemycircularvirus-a_taxid_1634485.gbk,148,304,1,304,cluster00002,
150,Mongoose-feces-associated-gemycircularvirus-b_taxid_1634486.gbk,150,314,1,314,cluster00002,
152,Mongoose-feces-associated-gemycircularvirus-c_taxid_1634488.gbk,152,305,1,305,cluster00002,
154,Mongoose-feces-associated-gemycircularvirus-d_taxid_1634487.gbk,154,320,1,320,cluster00002,
159,Mosquito-VEM-virus-SDBVL-G_taxid_1034805.gbk,159,327,1,327,cluster00002,
160,Odonata-associated-gemycircularvirus-1_taxid_1592107.gbk,160,315,1,315,cluster00002,
162,Odonata-associated-gemycircularvirus-2_taxid_1592108.gbk,162,314,1,314,cluster00002,
164,Pacific-flying-fox-faeces-associated-gemycircularvirus-10_taxid_1795989.gbk,164,305,1,305,cluster00002,
167,Pacific-flying-fox-faeces-associated-gemycircularvirus-12_taxid_1795991.gbk,167,300,1,300,cluster00002,
170,Pacific-flying-fox-faeces-associated-gemycircularvirus-1_taxid_1795988.gbk,170,294,1,294,cluster00002,
173,Pacific-flying-fox-faeces-associated-gemycircularvirus-2_taxid_1795994.gbk,173,313,1,313,cluster00002,
176,Pacific-flying-fox-faeces-associated-gemycircularvirus-6_taxid_1795998.gbk,176,316,1,316,cluster00002,
179,Pacific-flying-fox-faeces-associated-gemycircularvirus-7_taxid_1795999.gbk,179,310,1,310,cluster00002,
182,Poaceae-associated-gemycircularvirus-1_taxid_1708497.gbk,182,317,1,317,cluster00002,
185,Poecile-atricapillus-GI-tract-associated-gemycircularvirus_taxid_1699094.gbk,185,310,1,310,cluster00002,
187,Porcine-feces-associated-gemycircularvirus_taxid_2017712.gbk,187,310,1,310,cluster00002,
189,Pteropus-associated-gemycircularvirus-10_taxid_1985404.gbk,189,319,1,319,cluster00002,
192,Pteropus-associated-gemycircularvirus-3_taxid_1985397.gbk,192,304,1,304,cluster00002,
195,Pteropus-associated-gemycircularvirus-4_taxid_1985398.gbk,195,310,1,310,cluster00002,
198,Pteropus-associated-gemycircularvirus-5_taxid_1985399.gbk,198,312,1,312,cluster00002,
201,Pteropus-associated-gemycircularvirus-6_taxid_1985400.gbk,201,309,1,309,cluster00002,
204,Pteropus-associated-gemycircularvirus-7_taxid_1985401.gbk,204,302,1,302,cluster00002,
207,Pteropus-associated-gemycircularvirus-8_taxid_1985402.gbk,207,306,1,306,cluster00002,
210,Pteropus-associated-gemycircularvirus-9_taxid_1985403.gbk,210,290,1,290,cluster00002,
215,Sclerotinia-sclerotiorum-hypovirulence-associated-DNA-virus-1_taxid_664785.gbk,215,312,1,312,cluster00002,
217,Sewage-associated-gemycircularvirus-10a_taxid_1519409.gbk,217,300,1,300,cluster00002,
220,Sewage-associated-gemycircularvirus-1_taxid_1592081.gbk,220,278,1,278,cluster00002,
222,Sewage-associated-gemycircularvirus-2_taxid_1519407.gbk,222,300,1,300,cluster00002,
225,Sewage-associated-gemycircularvirus-4_taxid_1519399.gbk,225,294,1,294,cluster00002,
228,Sewage-associated-gemycircularvirus-5_taxid_1519400.gbk,228,295,1,295,cluster00002,
231,Sewage-associated-gemycircularvirus-6_taxid_1519401.gbk,231,313,1,313,cluster00002,
233,Sewage-associated-gemycircularvirus-7a_taxid_1519402.gbk,233,311,1,311,cluster00002,
236,Sewage-associated-gemycircularvirus-7b_taxid_1519405.gbk,236,312,1,312,cluster00002,
239,Sewage-associated-gemycircularvirus-9_taxid_1519404.gbk,239,308,1,308,cluster00002,
242,Sewage-derived-gemycircularvirus-1_taxid_1985407.gbk,242,307,1,307,cluster00002,
245,Sewage-derived-gemycircularvirus-2_taxid_1985408.gbk,245,308,1,308,cluster00002,
248,Sierra-dome-spider-associated-circular-virus-1_taxid_2293299.gbk,248,308,1,308,cluster00002,
250,Soybean-leaf-associated-gemycircularvirus-1_taxid_1719040.gbk,250,298,1,298,cluster00002,
252,Termite-associated-circular-virus-2_taxid_2108550.gbk,252,317,1,317,cluster00002,
254,Thrips-associated-genomovirus-1_taxid_1941233.gbk,254,319,1,319,cluster00002,
257,Thrips-associated-genomovirus-2_taxid_1941234.gbk,257,307,1,307,cluster00002,
260,Thrips-associated-genomovirus-3_taxid_1941237.gbk,260,296,1,296,cluster00002,
263,Thrips-associated-genomovirus-4_taxid_1941239.gbk,263,317,1,317,cluster00002,
266,Tubeweb-spider-associated-circular-virus-1_taxid_2293308.gbk,266,309,1,309,cluster00002,
268,Varroa-mite-associated-genomovirus-1_taxid_2077299.gbk,268,265,1,265,cluster00002,
36,Dragonfly-associated-circular-virus-2_taxid_1234886.gbk,36,91,1,91,cluster00003,
40,Dragonfly-associated-circular-virus-3_taxid_1234884.gbk,40,97,1,97,cluster00003,
44,Dragonfly-associated-gemykibivirus-1_taxid_1234887.gbk,44,77,1,77,cluster00003,
95,Gemycircularvirus-HV-GcV1_taxid_1862824.gbk,95,108,1,108,cluster00003,
116,HCBI8215-virus_taxid_1516079.gbk,116,104,1,104,cluster00003,
119,HCBI9212-virus_taxid_1516080.gbk,119,103,1,103,cluster00003,
144,MSSI2225-virus_taxid_1516081.gbk,144,108,1,108,cluster00003,
147,Miniopterus-associated-gemycircularvirus-1_taxid_1985387.gbk,147,171,1,171,cluster00003,
158,Mosquito-VEM-virus-SDBVL-G_taxid_1034805.gbk,158,121,1,121,cluster00003,
214,Rhinolophus-associated-gemykibivirus-1_taxid_2004965.gbk,214,112,1,112,cluster00003,
96,Gemycircularvirus-HV-GcV1_taxid_1862824.gbk,96,233,1,233,cluster00004,
104,Gemycircularvirus-gemy-ch-rat1_taxid_1708653.gbk,104,191,1,191,cluster00004,
110,Giant-panda-associated-gemycircularvirus_taxid_2016461.gbk,110,196,1,196,cluster00004,
126,Human-gemycircularvirus-GeTz1_taxid_1792832.gbk,126,178,1,178,cluster00004,
133,Hypericum-japonicum-associated-circular-DNA-virus_taxid_1367218.gbk,133,188,1,188,cluster00004,
64,Faeces-associated-gemycircularvirus-17_taxid_1843737.gbk,64,335,1,335,cluster00005,
65,Faeces-associated-gemycircularvirus-17_taxid_1843737.gbk,65,252,1,252,cluster00005,
110,Giant-panda-associated-gemycircularvirus_taxid_2016461.gbk,110,196,1,196,cluster00005,
1,Alces-alces-faeces-associated-circular-virus-MP65_taxid_2219143.gbk,1,398,1,398,,
28,Cattle-blood-associated-gemycircularvirus_taxid_2077296.gbk,28,432,1,432,,
52,Faeces-associated-gemycircularvirus-12_taxid_1391027.gbk,52,261,1,261,,
93,Gemycircularvirus-HV-GcV1_taxid_1862824.gbk,93,40,1,40,,
97,Gemycircularvirus-HV-GcV2_taxid_1862825.gbk,97,54,1,54,,
123,Human-associated-gemyvongvirus-1_taxid_1985415.gbk,123,292,1,292,,
131,Hypericum-japonicum-associated-circular-DNA-virus_taxid_1367218.gbk,131,118,1,118,,
134,Hypericum-japonicum-associated-circular-DNA-virus_taxid_1367218.gbk,134,106,1,106,,
157,Mosquito-VEM-virus-SDBVL-G_taxid_1034805.gbk,157,200,1,200,,
