INFO [2021-12-21 18:47:18] $x
INFO [2021-12-21 18:47:18] list(Not_Annotated, Annotated_by_eval, Annotated_by_perc)
INFO [2021-12-21 18:47:18] 
INFO [2021-12-21 18:47:18] $category.names
INFO [2021-12-21 18:47:18] c("Not annotated", "Annotated by e-value", "Annotated by %identity")
INFO [2021-12-21 18:47:18] 
INFO [2021-12-21 18:47:18] $filename
INFO [2021-12-21 18:47:18] vennfile
INFO [2021-12-21 18:47:18] 
INFO [2021-12-21 18:47:18] $output
INFO [2021-12-21 18:47:18] [1] TRUE
INFO [2021-12-21 18:47:18] 
INFO [2021-12-21 18:47:18] $imagetype
INFO [2021-12-21 18:47:18] [1] "png"
INFO [2021-12-21 18:47:18] 
INFO [2021-12-21 18:47:18] $height
INFO [2021-12-21 18:47:18] [1] 700
INFO [2021-12-21 18:47:18] 
INFO [2021-12-21 18:47:18] $width
INFO [2021-12-21 18:47:18] [1] 700
INFO [2021-12-21 18:47:18] 
INFO [2021-12-21 18:47:18] $resolution
INFO [2021-12-21 18:47:18] [1] 300
INFO [2021-12-21 18:47:18] 
INFO [2021-12-21 18:47:18] $compression
INFO [2021-12-21 18:47:18] [1] "lzw"
INFO [2021-12-21 18:47:18] 
INFO [2021-12-21 18:47:18] $lwd
INFO [2021-12-21 18:47:18] [1] 1
INFO [2021-12-21 18:47:18] 
INFO [2021-12-21 18:47:18] $col
INFO [2021-12-21 18:47:18] c("#440154ff", "#21908dff", "#DC143C")
INFO [2021-12-21 18:47:18] 
INFO [2021-12-21 18:47:18] $fill
INFO [2021-12-21 18:47:18] c(alpha("#440154ff", 0.3), alpha("#21908dff", 0.3), alpha("#DC143C", 
INFO [2021-12-21 18:47:18]     0.3))
INFO [2021-12-21 18:47:18] 
INFO [2021-12-21 18:47:18] $cex
INFO [2021-12-21 18:47:18] [1] 0.3
INFO [2021-12-21 18:47:18] 
INFO [2021-12-21 18:47:18] $fontfamily
INFO [2021-12-21 18:47:18] [1] "sans"
INFO [2021-12-21 18:47:18] 
INFO [2021-12-21 18:47:18] $cat.cex
INFO [2021-12-21 18:47:18] [1] 0.3
INFO [2021-12-21 18:47:18] 
INFO [2021-12-21 18:47:18] $cat.default.pos
INFO [2021-12-21 18:47:18] [1] "outer"
INFO [2021-12-21 18:47:18] 
INFO [2021-12-21 18:47:18] $cat.fontfamily
INFO [2021-12-21 18:47:18] [1] "sans"
INFO [2021-12-21 18:47:18] 
INFO [2021-12-21 18:47:18] $cat.col
INFO [2021-12-21 18:47:18] c("#440154ff", "#21908dff", "#DC143C")
INFO [2021-12-21 18:47:18] 
INFO [2021-12-21 18:47:18] $rotation
INFO [2021-12-21 18:47:18] [1] 1
INFO [2021-12-21 18:47:18] 
INFO [2021-12-21 18:47:18] $margin
INFO [2021-12-21 18:47:18] [1] 0.1
INFO [2021-12-21 18:47:18] 
