16,Pseudomonas-phage-Pf3_taxid_10872.gbk,16,301,1,301,cluster00001,
26,Ralstonia-phage-PE226_taxid_926543.gbk,26,381,1,381,cluster00001,
44,Stenotrophomonas-phage-phiSHP2_taxid_1027253.gbk,44,404,1,404,cluster00001,
28,Ralstonia-phage-PE226_taxid_926543.gbk,28,384,1,384,cluster00002,
30,Ralstonia-phage-RSS20_taxid_1354496.gbk,30,375,1,375,cluster00002,
38,Stenotrophomonas-phage-phiSHP2_taxid_1027253.gbk,38,368,1,368,cluster00002,
55,Uncultured-phage-WW-nAnB-strain-2_taxid_1449896.gbk,55,393,1,393,cluster00003,
63,Uncultured-phage-WW-nAnB-strain-3_taxid_1449897.gbk,63,378,1,378,cluster00003,
71,uncultured-phage-WW-nAnB_taxid_1074044.gbk,71,378,1,378,cluster00003,
58,Uncultured-phage-WW-nAnB-strain-2_taxid_1449896.gbk,58,43,1,43,cluster00004,
66,Uncultured-phage-WW-nAnB-strain-3_taxid_1449897.gbk,66,43,1,43,cluster00004,
74,uncultured-phage-WW-nAnB_taxid_1074044.gbk,74,43,1,43,cluster00004,
59,Uncultured-phage-WW-nAnB-strain-2_taxid_1449896.gbk,59,55,1,55,cluster00005,
67,Uncultured-phage-WW-nAnB-strain-3_taxid_1449897.gbk,67,55,1,55,cluster00005,
75,uncultured-phage-WW-nAnB_taxid_1074044.gbk,75,55,1,55,cluster00005,
60,Uncultured-phage-WW-nAnB-strain-2_taxid_1449896.gbk,60,204,1,204,cluster00006,
68,Uncultured-phage-WW-nAnB-strain-3_taxid_1449897.gbk,68,204,1,204,cluster00006,
76,uncultured-phage-WW-nAnB_taxid_1074044.gbk,76,204,1,204,cluster00006,
61,Uncultured-phage-WW-nAnB-strain-2_taxid_1449896.gbk,61,37,1,37,cluster00007,
69,Uncultured-phage-WW-nAnB-strain-3_taxid_1449897.gbk,69,37,1,37,cluster00007,
77,uncultured-phage-WW-nAnB_taxid_1074044.gbk,77,37,1,37,cluster00007,
62,Uncultured-phage-WW-nAnB-strain-2_taxid_1449896.gbk,62,207,1,207,cluster00008,
70,Uncultured-phage-WW-nAnB-strain-3_taxid_1449897.gbk,70,207,1,207,cluster00008,
78,uncultured-phage-WW-nAnB_taxid_1074044.gbk,78,207,1,207,cluster00008,
8,Propionibacterium-phage-B5_taxid_189836.gbk,8,308,1,308,cluster00009,
54,Thermus-phage-phiOH3_taxid_1968339.gbk,54,318,1,318,cluster00009,
14,Pseudomonas-phage-Pf3_taxid_10872.gbk,14,93,1,93,cluster00010,
36,Ralstonia-phage-RSS20_taxid_1354496.gbk,36,87,1,87,cluster00010,
14,Pseudomonas-phage-Pf3_taxid_10872.gbk,14,93,1,93,cluster00011,
43,Stenotrophomonas-phage-phiSHP2_taxid_1027253.gbk,43,94,1,94,cluster00011,
20,Ralstonia-phage-PE226_taxid_926543.gbk,20,105,1,105,cluster00012,
31,Ralstonia-phage-RSS20_taxid_1354496.gbk,31,103,1,103,cluster00012,
37,Ralstonia-phage-RSS20_taxid_1354496.gbk,37,156,1,156,cluster00013,
46,Stenotrophomonas-phage-phiSHP2_taxid_1027253.gbk,46,150,1,150,cluster00013,
56,Uncultured-phage-WW-nAnB-strain-2_taxid_1449896.gbk,56,42,1,42,cluster00014,
72,uncultured-phage-WW-nAnB_taxid_1074044.gbk,72,73,1,73,cluster00014,
57,Uncultured-phage-WW-nAnB-strain-2_taxid_1449896.gbk,57,373,1,373,cluster00015,
73,uncultured-phage-WW-nAnB_taxid_1074044.gbk,73,392,1,392,cluster00015,
64,Uncultured-phage-WW-nAnB-strain-3_taxid_1449897.gbk,64,96,1,96,cluster00016,
72,uncultured-phage-WW-nAnB_taxid_1074044.gbk,72,73,1,73,cluster00016,
1,Propionibacterium-phage-B5_taxid_189836.gbk,1,96,1,96,,
2,Propionibacterium-phage-B5_taxid_189836.gbk,2,219,1,219,,
3,Propionibacterium-phage-B5_taxid_189836.gbk,3,32,1,32,,
4,Propionibacterium-phage-B5_taxid_189836.gbk,4,27,1,27,,
5,Propionibacterium-phage-B5_taxid_189836.gbk,5,57,1,57,,
6,Propionibacterium-phage-B5_taxid_189836.gbk,6,485,1,485,,
7,Propionibacterium-phage-B5_taxid_189836.gbk,7,90,1,90,,
9,Propionibacterium-phage-B5_taxid_189836.gbk,9,405,1,405,,
10,Propionibacterium-phage-B5_taxid_189836.gbk,10,101,1,101,,
11,Pseudomonas-phage-Pf3_taxid_10872.gbk,11,58,1,58,,
12,Pseudomonas-phage-Pf3_taxid_10872.gbk,12,44,1,44,,
13,Pseudomonas-phage-Pf3_taxid_10872.gbk,13,483,1,483,,
15,Pseudomonas-phage-Pf3_taxid_10872.gbk,15,430,1,430,,
17,Pseudomonas-phage-Pf3_taxid_10872.gbk,17,278,1,278,,
18,Pseudomonas-phage-Pf3_taxid_10872.gbk,18,71,1,71,,
19,Pseudomonas-phage-Pf3_taxid_10872.gbk,19,78,1,78,,
21,Ralstonia-phage-PE226_taxid_926543.gbk,21,90,1,90,,
22,Ralstonia-phage-PE226_taxid_926543.gbk,22,79,1,79,,
23,Ralstonia-phage-PE226_taxid_926543.gbk,23,69,1,69,,
24,Ralstonia-phage-PE226_taxid_926543.gbk,24,465,1,465,,
25,Ralstonia-phage-PE226_taxid_926543.gbk,25,105,1,105,,
27,Ralstonia-phage-PE226_taxid_926543.gbk,27,60,1,60,,
29,Ralstonia-phage-RSS20_taxid_1354496.gbk,29,68,1,68,,
32,Ralstonia-phage-RSS20_taxid_1354496.gbk,32,89,1,89,,
33,Ralstonia-phage-RSS20_taxid_1354496.gbk,33,111,1,111,,
34,Ralstonia-phage-RSS20_taxid_1354496.gbk,34,26,1,26,,
35,Ralstonia-phage-RSS20_taxid_1354496.gbk,35,411,1,411,,
39,Stenotrophomonas-phage-phiSHP2_taxid_1027253.gbk,39,100,1,100,,
40,Stenotrophomonas-phage-phiSHP2_taxid_1027253.gbk,40,63,1,63,,
41,Stenotrophomonas-phage-phiSHP2_taxid_1027253.gbk,41,45,1,45,,
42,Stenotrophomonas-phage-phiSHP2_taxid_1027253.gbk,42,328,1,328,,
45,Stenotrophomonas-phage-phiSHP2_taxid_1027253.gbk,45,112,1,112,,
47,Thermus-phage-phiOH3_taxid_1968339.gbk,47,446,1,446,,
48,Thermus-phage-phiOH3_taxid_1968339.gbk,48,97,1,97,,
49,Thermus-phage-phiOH3_taxid_1968339.gbk,49,30,1,30,,
50,Thermus-phage-phiOH3_taxid_1968339.gbk,50,34,1,34,,
51,Thermus-phage-phiOH3_taxid_1968339.gbk,51,46,1,46,,
52,Thermus-phage-phiOH3_taxid_1968339.gbk,52,506,1,506,,
53,Thermus-phage-phiOH3_taxid_1968339.gbk,53,142,1,142,,
65,Uncultured-phage-WW-nAnB-strain-3_taxid_1449897.gbk,65,346,1,346,,
