INFO [2021-10-29 15:53:07] $x
INFO [2021-10-29 15:53:07] list(Not_Annotated, Annotated_by_eval, Annotated_by_perc)
INFO [2021-10-29 15:53:07] 
INFO [2021-10-29 15:53:07] $category.names
INFO [2021-10-29 15:53:07] c("Not annotated", "Annotated by e-value", "Annotated by %identity")
INFO [2021-10-29 15:53:07] 
INFO [2021-10-29 15:53:07] $filename
INFO [2021-10-29 15:53:07] vennfile
INFO [2021-10-29 15:53:07] 
INFO [2021-10-29 15:53:07] $output
INFO [2021-10-29 15:53:07] [1] TRUE
INFO [2021-10-29 15:53:07] 
INFO [2021-10-29 15:53:07] $imagetype
INFO [2021-10-29 15:53:07] [1] "png"
INFO [2021-10-29 15:53:07] 
INFO [2021-10-29 15:53:07] $height
INFO [2021-10-29 15:53:07] [1] 700
INFO [2021-10-29 15:53:07] 
INFO [2021-10-29 15:53:07] $width
INFO [2021-10-29 15:53:07] [1] 700
INFO [2021-10-29 15:53:07] 
INFO [2021-10-29 15:53:07] $resolution
INFO [2021-10-29 15:53:07] [1] 300
INFO [2021-10-29 15:53:07] 
INFO [2021-10-29 15:53:07] $compression
INFO [2021-10-29 15:53:07] [1] "lzw"
INFO [2021-10-29 15:53:07] 
INFO [2021-10-29 15:53:07] $lwd
INFO [2021-10-29 15:53:07] [1] 1
INFO [2021-10-29 15:53:07] 
INFO [2021-10-29 15:53:07] $col
INFO [2021-10-29 15:53:07] c("#440154ff", "#21908dff", "#DC143C")
INFO [2021-10-29 15:53:07] 
INFO [2021-10-29 15:53:07] $fill
INFO [2021-10-29 15:53:07] c(alpha("#440154ff", 0.3), alpha("#21908dff", 0.3), alpha("#DC143C", 
INFO [2021-10-29 15:53:07]     0.3))
INFO [2021-10-29 15:53:07] 
INFO [2021-10-29 15:53:07] $cex
INFO [2021-10-29 15:53:07] [1] 0.3
INFO [2021-10-29 15:53:07] 
INFO [2021-10-29 15:53:07] $fontfamily
INFO [2021-10-29 15:53:07] [1] "sans"
INFO [2021-10-29 15:53:07] 
INFO [2021-10-29 15:53:07] $cat.cex
INFO [2021-10-29 15:53:07] [1] 0.3
INFO [2021-10-29 15:53:07] 
INFO [2021-10-29 15:53:07] $cat.default.pos
INFO [2021-10-29 15:53:07] [1] "outer"
INFO [2021-10-29 15:53:07] 
INFO [2021-10-29 15:53:07] $cat.fontfamily
INFO [2021-10-29 15:53:07] [1] "sans"
INFO [2021-10-29 15:53:07] 
INFO [2021-10-29 15:53:07] $cat.col
INFO [2021-10-29 15:53:07] c("#440154ff", "#21908dff", "#DC143C")
INFO [2021-10-29 15:53:07] 
INFO [2021-10-29 15:53:07] $rotation
INFO [2021-10-29 15:53:07] [1] 1
INFO [2021-10-29 15:53:07] 
INFO [2021-10-29 15:53:07] $margin
INFO [2021-10-29 15:53:07] [1] 0.1
INFO [2021-10-29 15:53:07] 
