INFO [2021-10-29 03:44:16] $x
INFO [2021-10-29 03:44:16] list(Not_Annotated, Annotated_by_eval, Annotated_by_perc)
INFO [2021-10-29 03:44:16] 
INFO [2021-10-29 03:44:16] $category.names
INFO [2021-10-29 03:44:16] c("Not annotated", "Annotated by e-value", "Annotated by %identity")
INFO [2021-10-29 03:44:16] 
INFO [2021-10-29 03:44:16] $filename
INFO [2021-10-29 03:44:16] vennfile
INFO [2021-10-29 03:44:16] 
INFO [2021-10-29 03:44:16] $output
INFO [2021-10-29 03:44:16] [1] TRUE
INFO [2021-10-29 03:44:16] 
INFO [2021-10-29 03:44:16] $imagetype
INFO [2021-10-29 03:44:16] [1] "png"
INFO [2021-10-29 03:44:16] 
INFO [2021-10-29 03:44:16] $height
INFO [2021-10-29 03:44:16] [1] 700
INFO [2021-10-29 03:44:16] 
INFO [2021-10-29 03:44:16] $width
INFO [2021-10-29 03:44:16] [1] 700
INFO [2021-10-29 03:44:16] 
INFO [2021-10-29 03:44:16] $resolution
INFO [2021-10-29 03:44:16] [1] 300
INFO [2021-10-29 03:44:16] 
INFO [2021-10-29 03:44:16] $compression
INFO [2021-10-29 03:44:16] [1] "lzw"
INFO [2021-10-29 03:44:16] 
INFO [2021-10-29 03:44:16] $lwd
INFO [2021-10-29 03:44:16] [1] 1
INFO [2021-10-29 03:44:16] 
INFO [2021-10-29 03:44:16] $col
INFO [2021-10-29 03:44:16] c("#440154ff", "#21908dff", "#DC143C")
INFO [2021-10-29 03:44:16] 
INFO [2021-10-29 03:44:16] $fill
INFO [2021-10-29 03:44:16] c(alpha("#440154ff", 0.3), alpha("#21908dff", 0.3), alpha("#DC143C", 
INFO [2021-10-29 03:44:16]     0.3))
INFO [2021-10-29 03:44:16] 
INFO [2021-10-29 03:44:16] $cex
INFO [2021-10-29 03:44:16] [1] 0.3
INFO [2021-10-29 03:44:16] 
INFO [2021-10-29 03:44:16] $fontfamily
INFO [2021-10-29 03:44:16] [1] "sans"
INFO [2021-10-29 03:44:16] 
INFO [2021-10-29 03:44:16] $cat.cex
INFO [2021-10-29 03:44:16] [1] 0.3
INFO [2021-10-29 03:44:16] 
INFO [2021-10-29 03:44:16] $cat.default.pos
INFO [2021-10-29 03:44:16] [1] "outer"
INFO [2021-10-29 03:44:16] 
INFO [2021-10-29 03:44:16] $cat.fontfamily
INFO [2021-10-29 03:44:16] [1] "sans"
INFO [2021-10-29 03:44:16] 
INFO [2021-10-29 03:44:16] $cat.col
INFO [2021-10-29 03:44:16] c("#440154ff", "#21908dff", "#DC143C")
INFO [2021-10-29 03:44:16] 
INFO [2021-10-29 03:44:16] $rotation
INFO [2021-10-29 03:44:16] [1] 1
INFO [2021-10-29 03:44:16] 
INFO [2021-10-29 03:44:16] $margin
INFO [2021-10-29 03:44:16] [1] 0.1
INFO [2021-10-29 03:44:16] 
