INFO [2021-12-23 18:12:43] $x
INFO [2021-12-23 18:12:43] list(Not_Annotated, Annotated_by_eval, Annotated_by_perc)
INFO [2021-12-23 18:12:43] 
INFO [2021-12-23 18:12:43] $category.names
INFO [2021-12-23 18:12:43] c("Not annotated", "Annotated by e-value", "Annotated by %identity")
INFO [2021-12-23 18:12:43] 
INFO [2021-12-23 18:12:43] $filename
INFO [2021-12-23 18:12:43] vennfile
INFO [2021-12-23 18:12:43] 
INFO [2021-12-23 18:12:43] $output
INFO [2021-12-23 18:12:43] [1] TRUE
INFO [2021-12-23 18:12:43] 
INFO [2021-12-23 18:12:43] $imagetype
INFO [2021-12-23 18:12:43] [1] "png"
INFO [2021-12-23 18:12:43] 
INFO [2021-12-23 18:12:43] $height
INFO [2021-12-23 18:12:43] [1] 700
INFO [2021-12-23 18:12:43] 
INFO [2021-12-23 18:12:43] $width
INFO [2021-12-23 18:12:43] [1] 700
INFO [2021-12-23 18:12:43] 
INFO [2021-12-23 18:12:43] $resolution
INFO [2021-12-23 18:12:43] [1] 300
INFO [2021-12-23 18:12:43] 
INFO [2021-12-23 18:12:43] $compression
INFO [2021-12-23 18:12:43] [1] "lzw"
INFO [2021-12-23 18:12:43] 
INFO [2021-12-23 18:12:43] $lwd
INFO [2021-12-23 18:12:43] [1] 1
INFO [2021-12-23 18:12:43] 
INFO [2021-12-23 18:12:43] $col
INFO [2021-12-23 18:12:43] c("#440154ff", "#21908dff", "#DC143C")
INFO [2021-12-23 18:12:43] 
INFO [2021-12-23 18:12:43] $fill
INFO [2021-12-23 18:12:43] c(alpha("#440154ff", 0.3), alpha("#21908dff", 0.3), alpha("#DC143C", 
INFO [2021-12-23 18:12:43]     0.3))
INFO [2021-12-23 18:12:43] 
INFO [2021-12-23 18:12:43] $cex
INFO [2021-12-23 18:12:43] [1] 0.3
INFO [2021-12-23 18:12:43] 
INFO [2021-12-23 18:12:43] $fontfamily
INFO [2021-12-23 18:12:43] [1] "sans"
INFO [2021-12-23 18:12:43] 
INFO [2021-12-23 18:12:43] $cat.cex
INFO [2021-12-23 18:12:43] [1] 0.3
INFO [2021-12-23 18:12:43] 
INFO [2021-12-23 18:12:43] $cat.default.pos
INFO [2021-12-23 18:12:43] [1] "outer"
INFO [2021-12-23 18:12:43] 
INFO [2021-12-23 18:12:43] $cat.fontfamily
INFO [2021-12-23 18:12:43] [1] "sans"
INFO [2021-12-23 18:12:43] 
INFO [2021-12-23 18:12:43] $cat.col
INFO [2021-12-23 18:12:43] c("#440154ff", "#21908dff", "#DC143C")
INFO [2021-12-23 18:12:43] 
INFO [2021-12-23 18:12:43] $rotation
INFO [2021-12-23 18:12:43] [1] 1
INFO [2021-12-23 18:12:43] 
INFO [2021-12-23 18:12:43] $margin
INFO [2021-12-23 18:12:43] [1] 0.1
INFO [2021-12-23 18:12:43] 
