INFO [2021-10-20 03:07:34] $x
INFO [2021-10-20 03:07:34] list(Not_Annotated, Annotated_by_eval, Annotated_by_perc)
INFO [2021-10-20 03:07:34] 
INFO [2021-10-20 03:07:34] $category.names
INFO [2021-10-20 03:07:34] c("Not annotated", "Annotated by e-value", "Annotated by %identity")
INFO [2021-10-20 03:07:34] 
INFO [2021-10-20 03:07:34] $filename
INFO [2021-10-20 03:07:34] vennfile
INFO [2021-10-20 03:07:34] 
INFO [2021-10-20 03:07:34] $output
INFO [2021-10-20 03:07:34] [1] TRUE
INFO [2021-10-20 03:07:34] 
INFO [2021-10-20 03:07:34] $imagetype
INFO [2021-10-20 03:07:34] [1] "png"
INFO [2021-10-20 03:07:34] 
INFO [2021-10-20 03:07:34] $height
INFO [2021-10-20 03:07:34] [1] 700
INFO [2021-10-20 03:07:34] 
INFO [2021-10-20 03:07:34] $width
INFO [2021-10-20 03:07:34] [1] 700
INFO [2021-10-20 03:07:34] 
INFO [2021-10-20 03:07:34] $resolution
INFO [2021-10-20 03:07:34] [1] 300
INFO [2021-10-20 03:07:34] 
INFO [2021-10-20 03:07:34] $compression
INFO [2021-10-20 03:07:34] [1] "lzw"
INFO [2021-10-20 03:07:34] 
INFO [2021-10-20 03:07:34] $lwd
INFO [2021-10-20 03:07:34] [1] 1
INFO [2021-10-20 03:07:34] 
INFO [2021-10-20 03:07:34] $col
INFO [2021-10-20 03:07:34] c("#440154ff", "#21908dff", "#DC143C")
INFO [2021-10-20 03:07:34] 
INFO [2021-10-20 03:07:34] $fill
INFO [2021-10-20 03:07:34] c(alpha("#440154ff", 0.3), alpha("#21908dff", 0.3), alpha("#DC143C", 
INFO [2021-10-20 03:07:34]     0.3))
INFO [2021-10-20 03:07:34] 
INFO [2021-10-20 03:07:34] $cex
INFO [2021-10-20 03:07:34] [1] 0.3
INFO [2021-10-20 03:07:34] 
INFO [2021-10-20 03:07:34] $fontfamily
INFO [2021-10-20 03:07:34] [1] "sans"
INFO [2021-10-20 03:07:34] 
INFO [2021-10-20 03:07:34] $cat.cex
INFO [2021-10-20 03:07:34] [1] 0.3
INFO [2021-10-20 03:07:34] 
INFO [2021-10-20 03:07:34] $cat.default.pos
INFO [2021-10-20 03:07:34] [1] "outer"
INFO [2021-10-20 03:07:34] 
INFO [2021-10-20 03:07:34] $cat.fontfamily
INFO [2021-10-20 03:07:34] [1] "sans"
INFO [2021-10-20 03:07:34] 
INFO [2021-10-20 03:07:34] $cat.col
INFO [2021-10-20 03:07:34] c("#440154ff", "#21908dff", "#DC143C")
INFO [2021-10-20 03:07:34] 
INFO [2021-10-20 03:07:34] $rotation
INFO [2021-10-20 03:07:34] [1] 1
INFO [2021-10-20 03:07:34] 
INFO [2021-10-20 03:07:34] $margin
INFO [2021-10-20 03:07:34] [1] 0.1
INFO [2021-10-20 03:07:34] 
