INFO [2021-10-29 15:59:00] $x
INFO [2021-10-29 15:59:00] list(Not_Annotated, Annotated_by_eval, Annotated_by_perc)
INFO [2021-10-29 15:59:00] 
INFO [2021-10-29 15:59:00] $category.names
INFO [2021-10-29 15:59:00] c("Not annotated", "Annotated by e-value", "Annotated by %identity")
INFO [2021-10-29 15:59:00] 
INFO [2021-10-29 15:59:00] $filename
INFO [2021-10-29 15:59:00] vennfile
INFO [2021-10-29 15:59:00] 
INFO [2021-10-29 15:59:00] $output
INFO [2021-10-29 15:59:00] [1] TRUE
INFO [2021-10-29 15:59:00] 
INFO [2021-10-29 15:59:00] $imagetype
INFO [2021-10-29 15:59:00] [1] "png"
INFO [2021-10-29 15:59:00] 
INFO [2021-10-29 15:59:00] $height
INFO [2021-10-29 15:59:00] [1] 700
INFO [2021-10-29 15:59:00] 
INFO [2021-10-29 15:59:00] $width
INFO [2021-10-29 15:59:00] [1] 700
INFO [2021-10-29 15:59:00] 
INFO [2021-10-29 15:59:00] $resolution
INFO [2021-10-29 15:59:00] [1] 300
INFO [2021-10-29 15:59:00] 
INFO [2021-10-29 15:59:00] $compression
INFO [2021-10-29 15:59:00] [1] "lzw"
INFO [2021-10-29 15:59:00] 
INFO [2021-10-29 15:59:00] $lwd
INFO [2021-10-29 15:59:00] [1] 1
INFO [2021-10-29 15:59:00] 
INFO [2021-10-29 15:59:00] $col
INFO [2021-10-29 15:59:00] c("#440154ff", "#21908dff", "#DC143C")
INFO [2021-10-29 15:59:00] 
INFO [2021-10-29 15:59:00] $fill
INFO [2021-10-29 15:59:00] c(alpha("#440154ff", 0.3), alpha("#21908dff", 0.3), alpha("#DC143C", 
INFO [2021-10-29 15:59:00]     0.3))
INFO [2021-10-29 15:59:00] 
INFO [2021-10-29 15:59:00] $cex
INFO [2021-10-29 15:59:00] [1] 0.3
INFO [2021-10-29 15:59:00] 
INFO [2021-10-29 15:59:00] $fontfamily
INFO [2021-10-29 15:59:00] [1] "sans"
INFO [2021-10-29 15:59:00] 
INFO [2021-10-29 15:59:00] $cat.cex
INFO [2021-10-29 15:59:00] [1] 0.3
INFO [2021-10-29 15:59:00] 
INFO [2021-10-29 15:59:00] $cat.default.pos
INFO [2021-10-29 15:59:00] [1] "outer"
INFO [2021-10-29 15:59:00] 
INFO [2021-10-29 15:59:00] $cat.fontfamily
INFO [2021-10-29 15:59:00] [1] "sans"
INFO [2021-10-29 15:59:00] 
INFO [2021-10-29 15:59:00] $cat.col
INFO [2021-10-29 15:59:00] c("#440154ff", "#21908dff", "#DC143C")
INFO [2021-10-29 15:59:00] 
INFO [2021-10-29 15:59:00] $rotation
INFO [2021-10-29 15:59:00] [1] 1
INFO [2021-10-29 15:59:00] 
INFO [2021-10-29 15:59:00] $margin
INFO [2021-10-29 15:59:00] [1] 0.1
INFO [2021-10-29 15:59:00] 
