
Discrete character parsimony algorithm, version 3.695


One most parsimonious tree found:


  +------------0000000190
  |  
  1-0000000189
  |  
  +0000000188
  |  
  +------0000000187
  |  
  +0000000185
  |  
  +0000000183
  |  
  +0000000182
  |  
  +0000000177
  |  
  +------0000000176
  |  
  +0000000175
  |  
  +------------0000000171
  |  
  +------0000000164
  |  
  +0000000163
  |  
  |      +0000000186
  |      |  
  +-----18-0000000162
  |      |  
  |      +0000000161
  |  
  +0000000158
  |  
  +------0000000157
  |  
  +------0000000156
  |  
  +0000000155
  |  
  +0000000154
  |  
  +------0000000153
  |  
  +0000000152
  |  
  +------0000000147
  |  
  +0000000145
  |  
  +------0000000144
  |  
  +0000000143
  |  
  |      +------0000000174
  |      |  
  +-----20------0000000173
  |      |  
  |      +-------------------0000000142
  |  
  +0000000141
  |  
  +0000000139
  |  
  +------0000000137
  |  
  +------0000000131
  |  
  +------0000000128
  |  
  +------0000000126
  |  
  +0000000123
  |  
  +0000000119
  |  
  +0000000117
  |  
  +0000000116
  |  
  +0000000115
  |  
  +0000000114
  |  
  +0000000113
  |  
  +0000000112
  |  
  +0000000110
  |  
  +0000000109
  |  
  +------0000000108
  |  
  +0000000107
  |  
  +0000000106
  |  
  +0000000105
  |  
  +0000000104
  |  
  +0000000103
  |  
  +0000000102
  |  
  +0000000101
  |  
  +0000000100
  |  
  +0000000099
  |  
  +0000000098
  |  
  +0000000097
  |  
  +0000000095
  |  
  +0000000094
  |  
  +0000000093
  |  
  +0000000092
  |  
  +0000000091
  |  
  +0000000090
  |  
  +0000000089
  |  
  |      +------0000000159
  |      |  
  +-----16------0000000136
  |      |  
  |      |      +0000000120
  |      +-----12  
  |             +-------------------0000000087
  |  
  |      +0000000135
  +-----15  
  |      +------0000000084
  |  
  +------------0000000082
  |  
  +-------------------0000000076
  |  
  +------0000000074
  |  
  +--------------------------0000000070
  |  
  +------------0000000069
  |  
  +------------0000000064
  |  
  +------------0000000063
  |  
  +------------0000000061
  |  
  +------0000000060
  |  
  +------------0000000057
  |  
  +------------0000000056
  |  
  +------0000000055
  |  
  +--------------------------0000000054
  |  
  +------------0000000053
  |  
  +0000000051
  |  
  +------0000000048
  |  
  +0000000047
  |  
  +0000000044
  |  
  +------0000000043
  |  
  +0000000041
  |  
  +0000000039
  |  
  +0000000038
  |  
  +0000000037
  |  
  +0000000036
  |  
  +0000000035
  |  
  +0000000034
  |  
  +0000000033
  |  
  +------0000000032
  |  
  +------0000000030
  |  
  +------0000000029
  |  
  +------0000000027
  |  
  +0000000026
  |  
  +------0000000025
  |  
  +------0000000021
  |  
  +0000000018
  |  
  +------0000000015
  |  
  +------0000000013
  |  
  +------0000000012
  |  
  +------0000000011
  |  
  |      +------0000000075
  |      |  
  +------7-0000000028
  |      |  
  |      +0000000010
  |  
  |      +0000000009
  +------3  
  |      +0000000008
  |  
  +------0000000006
  |  
  +0000000005
  |  
  |      +0000000111
  |      |  
  +------8-0000000096
  |      |  
  |      +0000000042
  |      |  
  |      +0000000004
  |  
  |      +0000000151
  +-----17  
  |      +0000000003
  |  
  +------0000000002
  |  
  |      +------0000000088
  |      |  
  +-----11------0000000086
  |      |  
  |      |      +------0000000181
  |      |      |  
  |      +------9------0000000166
  |             |  
  |             +0000000146
  |             |  
  |             +0000000132
  |             |  
  |             +0000000125
  |             |  
  |             +0000000085
  |             |  
  |             +0000000083
  |             |  
  |             +------------0000000081
  |             |  
  |             +------------0000000079
  |             |  
  |             +------------0000000078
  |             |  
  |             +------0000000072
  |             |  
  |             +--------------------------0000000067
  |             |  
  |             +------------0000000065
  |             |  
  |             +0000000059
  |             |  
  |             +0000000049
  |             |  
  |             |      +------0000000184
  |             |      |  
  |             +------4------------0000000149
  |                    |  
  |                    +------0000000077
  |                    |  
  |                    |             +0000000180
  |                    |      +-----21  
  |                    |      |      +0000000179
  |                    |      |  
  |                    +-----13-0000000122
  |                    |      |  
  |                    |      +------------0000000050
  |                    |  
  |                    |      +------0000000073
  |                    +-----10  
  |                    |      +0000000020
  |                    |  
  |                    |      +0000000124
  |                    |      |  
  |                    |      |      +0000000178
  |                    |      |      |  
  |                    +------5-----14-0000000129
  |                    |      |      |  
  |                    |      |      +------0000000118
  |                    |      |  
  |                    |      +------0000000080
  |                    |      |  
  |                    |      +------------0000000071
  |                    |      |  
  |                    |      +-------------------0000000058
  |                    |      |  
  |                    |      +------0000000031
  |                    |      |  
  |                    |      +------0000000024
  |                    |      |  
  |                    |      +------0000000017
  |                    |      |  
  |                    |      +------0000000014
  |                    |  
  |                    |      +--------------------------0000000172
  |                    |      |  
  |                    +------2------0000000170
  |                           |  
  |                           +------0000000169
  |                           |  
  |                           +------0000000168
  |                           |  
  |                           +0000000165
  |                           |  
  |                           +0000000160
  |                           |  
  |                           +0000000150
  |                           |  
  |                           |      +0000000167
  |                           +-----19  
  |                           |      +0000000148
  |                           |  
  |                           +-------------------0000000140
  |                           |  
  |                           +0000000138
  |                           |  
  |                           +------------0000000134
  |                           |  
  |                           +------0000000133
  |                           |  
  |                           +0000000130
  |                           |  
  |                           +0000000127
  |                           |  
  |                           +0000000121
  |                           |  
  |                           +------0000000068
  |                           |  
  |                           +--------------------------0000000066
  |                           |  
  |                           +------0000000062
  |                           |  
  |                           +-------------------0000000052
  |                           |  
  |                           +0000000046
  |                           |  
  |                           +------0000000045
  |                           |  
  |                           +0000000040
  |                           |  
  |                           +------0000000022
  |                           |  
  |                           +0000000019
  |                           |  
  |                           +0000000016
  |                           |  
  |                           |      +------------0000000023
  |                           +------6  
  |                           |      +0000000007
  |                           |  
  |                           +0000000001
  |  
  +------0000000000


requires a total of    155.000

  between      and       length
  -------      ---       ------
     1      0000000190     2.00
     1      0000000189     0.00
     1      0000000188     0.00
     1      0000000187     1.00
     1      0000000185     0.00
     1      0000000183     0.00
     1      0000000182     0.00
     1      0000000177     0.00
     1      0000000176     1.00
     1      0000000175     0.00
     1      0000000171     2.00
     1      0000000164     1.00
     1      0000000163     0.00
     1          18         1.00
    18      0000000186     0.00
    18      0000000162     0.00
    18      0000000161     0.00
     1      0000000158     0.00
     1      0000000157     1.00
     1      0000000156     1.00
     1      0000000155     0.00
     1      0000000154     0.00
     1      0000000153     1.00
     1      0000000152     0.00
     1      0000000147     1.00
     1      0000000145     0.00
     1      0000000144     1.00
     1      0000000143     0.00
     1          20         1.00
    20      0000000174     1.00
    20      0000000173     1.00
    20      0000000142     3.00
     1      0000000141     0.00
     1      0000000139     0.00
     1      0000000137     1.00
     1      0000000131     1.00
     1      0000000128     1.00
     1      0000000126     1.00
     1      0000000123     0.00
     1      0000000119     0.00
     1      0000000117     0.00
     1      0000000116     0.00
     1      0000000115     0.00
     1      0000000114     0.00
     1      0000000113     0.00
     1      0000000112     0.00
     1      0000000110     0.00
     1      0000000109     0.00
     1      0000000108     1.00
     1      0000000107     0.00
     1      0000000106     0.00
     1      0000000105     0.00
     1      0000000104     0.00
     1      0000000103     0.00
     1      0000000102     0.00
     1      0000000101     0.00
     1      0000000100     0.00
     1      0000000099     0.00
     1      0000000098     0.00
     1      0000000097     0.00
     1      0000000095     0.00
     1      0000000094     0.00
     1      0000000093     0.00
     1      0000000092     0.00
     1      0000000091     0.00
     1      0000000090     0.00
     1      0000000089     0.00
     1          16         1.00
    16      0000000159     1.00
    16      0000000136     1.00
    16          12         1.00
    12      0000000120     0.00
    12      0000000087     3.00
     1          15         1.00
    15      0000000135     0.00
    15      0000000084     1.00
     1      0000000082     2.00
     1      0000000076     3.00
     1      0000000074     1.00
     1      0000000070     4.00
     1      0000000069     2.00
     1      0000000064     2.00
     1      0000000063     2.00
     1      0000000061     2.00
     1      0000000060     1.00
     1      0000000057     2.00
     1      0000000056     2.00
     1      0000000055     1.00
     1      0000000054     4.00
     1      0000000053     2.00
     1      0000000051     0.00
     1      0000000048     1.00
     1      0000000047     0.00
     1      0000000044     0.00
     1      0000000043     1.00
     1      0000000041     0.00
     1      0000000039     0.00
     1      0000000038     0.00
     1      0000000037     0.00
     1      0000000036     0.00
     1      0000000035     0.00
     1      0000000034     0.00
     1      0000000033     0.00
     1      0000000032     1.00
     1      0000000030     1.00
     1      0000000029     1.00
     1      0000000027     1.00
     1      0000000026     0.00
     1      0000000025     1.00
     1      0000000021     1.00
     1      0000000018     0.00
     1      0000000015     1.00
     1      0000000013     1.00
     1      0000000012     1.00
     1      0000000011     1.00
     1           7         1.00
     7      0000000075     1.00
     7      0000000028     0.00
     7      0000000010     0.00
     1           3         1.00
     3      0000000009     0.00
     3      0000000008     0.00
     1      0000000006     1.00
     1      0000000005     0.00
     1           8         1.00
     8      0000000111     0.00
     8      0000000096     0.00
     8      0000000042     0.00
     8      0000000004     0.00
     1          17         1.00
    17      0000000151     0.00
    17      0000000003     0.00
     1      0000000002     1.00
     1          11         1.00
    11      0000000088     1.00
    11      0000000086     1.00
    11           9         1.00
     9      0000000181     1.00
     9      0000000166     1.00
     9      0000000146     0.00
     9      0000000132     0.00
     9      0000000125     0.00
     9      0000000085     0.00
     9      0000000083     0.00
     9      0000000081     2.00
     9      0000000079     2.00
     9      0000000078     2.00
     9      0000000072     1.00
     9      0000000067     4.00
     9      0000000065     2.00
     9      0000000059     0.00
     9      0000000049     0.00
     9           4         1.00
     4      0000000184     1.00
     4      0000000149     2.00
     4      0000000077     1.00
     4          13         1.00
    13          21         1.00
    21      0000000180     0.00
    21      0000000179     0.00
    13      0000000122     0.00
    13      0000000050     2.00
     4          10         1.00
    10      0000000073     1.00
    10      0000000020     0.00
     4           5         1.00
     5      0000000124     0.00
     5          14         1.00
    14      0000000178     0.00
    14      0000000129     0.00
    14      0000000118     1.00
     5      0000000080     1.00
     5      0000000071     2.00
     5      0000000058     3.00
     5      0000000031     1.00
     5      0000000024     1.00
     5      0000000017     1.00
     5      0000000014     1.00
     4           2         1.00
     2      0000000172     4.00
     2      0000000170     1.00
     2      0000000169     1.00
     2      0000000168     1.00
     2      0000000165     0.00
     2      0000000160     0.00
     2      0000000150     0.00
     2          19         1.00
    19      0000000167     0.00
    19      0000000148     0.00
     2      0000000140     3.00
     2      0000000138     0.00
     2      0000000134     2.00
     2      0000000133     1.00
     2      0000000130     0.00
     2      0000000127     0.00
     2      0000000121     0.00
     2      0000000068     1.00
     2      0000000066     4.00
     2      0000000062     1.00
     2      0000000052     3.00
     2      0000000046     0.00
     2      0000000045     1.00
     2      0000000040     0.00
     2      0000000022     1.00
     2      0000000019     0.00
     2      0000000016     0.00
     2           6         1.00
     6      0000000023     2.00
     6      0000000007     0.00
     2      0000000001     0.00
     1      0000000000     1.00

