
Discrete character parsimony algorithm, version 3.695


One most parsimonious tree found:


  +0000000007
  |  
  1-0000000002
  |  
  |                   +------------0000000011
  |                   |  
  |      +------------3-------------------0000000008
  |      |            |  
  |      |            |            +0000000010
  |      |            +------------6  
  |      |            |            +0000000005
  |      |            |  
  |      |            |                   +0000000009
  |      |            +-------------------5  
  +------2            |                   +0000000004
  |      |            |  
  |      |            |                          +0000000012
  |      |            |      +-------------------7  
  |      |            +------4                   +0000000006
  |      |                   |  
  |      |                   +--------------------------0000000003
  |      |  
  |      +------0000000001
  |  
  +0000000000


requires a total of     22.000

  between      and       length
  -------      ---       ------
     1      0000000007     0.00
     1      0000000002     0.00
     1           2         1.00
     2           3         2.00
     3      0000000011     2.00
     3      0000000008     3.00
     3           6         2.00
     6      0000000010     0.00
     6      0000000005     0.00
     3           5         3.00
     5      0000000009     0.00
     5      0000000004     0.00
     3           4         1.00
     4           7         3.00
     7      0000000012     0.00
     7      0000000006     0.00
     4      0000000003     4.00
     2      0000000001     1.00
     1      0000000000     0.00

