3,Haloarcula-hispanica-pleomorphic-virus-3_taxid_1879051.gbk,3,613,1,613,cluster00001,
28,Haloarcula-hispanica-pleomorphic-virus-4_taxid_1980140.gbk,28,613,1,613,cluster00001,
45,Halogeometricum-pleomorphic-virus-1_taxid_1156722.gbk,45,486,1,486,cluster00001,
60,Halorubrum-pleomorphic-virus-10_taxid_2507576.gbk,60,526,1,526,cluster00001,
73,Halorubrum-pleomorphic-virus-11_taxid_2507577.gbk,73,524,1,524,cluster00001,
88,Halorubrum-pleomorphic-virus-12_taxid_2507578.gbk,88,526,1,526,cluster00001,
104,Halorubrum-pleomorphic-virus-1_taxid_634168.gbk,104,518,1,518,cluster00001,
114,Halorubrum-pleomorphic-virus-2_taxid_1156719.gbk,114,565,1,565,cluster00001,
126,Halorubrum-pleomorphic-virus-3_taxid_1156720.gbk,126,613,1,613,cluster00001,
141,Halorubrum-pleomorphic-virus-6_taxid_1156721.gbk,141,569,1,569,cluster00001,
5,Haloarcula-hispanica-pleomorphic-virus-3_taxid_1879051.gbk,5,264,1,264,cluster00002,
30,Haloarcula-hispanica-pleomorphic-virus-4_taxid_1980140.gbk,30,264,1,264,cluster00002,
128,Halorubrum-pleomorphic-virus-3_taxid_1156720.gbk,128,261,1,261,cluster00002,
6,Haloarcula-hispanica-pleomorphic-virus-3_taxid_1879051.gbk,6,390,1,390,cluster00003,
31,Haloarcula-hispanica-pleomorphic-virus-4_taxid_1980140.gbk,31,390,1,390,cluster00003,
48,Halogeometricum-pleomorphic-virus-1_taxid_1156722.gbk,48,381,1,381,cluster00003,
63,Halorubrum-pleomorphic-virus-10_taxid_2507576.gbk,63,370,1,370,cluster00003,
76,Halorubrum-pleomorphic-virus-11_taxid_2507577.gbk,76,370,1,370,cluster00003,
91,Halorubrum-pleomorphic-virus-12_taxid_2507578.gbk,91,370,1,370,cluster00003,
108,Halorubrum-pleomorphic-virus-1_taxid_634168.gbk,108,343,1,343,cluster00003,
117,Halorubrum-pleomorphic-virus-2_taxid_1156719.gbk,117,317,1,317,cluster00003,
129,Halorubrum-pleomorphic-virus-3_taxid_1156720.gbk,129,387,1,387,cluster00003,
144,Halorubrum-pleomorphic-virus-6_taxid_1156721.gbk,144,316,1,316,cluster00003,
7,Haloarcula-hispanica-pleomorphic-virus-3_taxid_1879051.gbk,7,127,1,127,cluster00004,
33,Haloarcula-hispanica-pleomorphic-virus-4_taxid_1980140.gbk,33,129,1,129,cluster00004,
50,Halogeometricum-pleomorphic-virus-1_taxid_1156722.gbk,50,126,1,126,cluster00004,
64,Halorubrum-pleomorphic-virus-10_taxid_2507576.gbk,64,132,1,132,cluster00004,
77,Halorubrum-pleomorphic-virus-11_taxid_2507577.gbk,77,132,1,132,cluster00004,
92,Halorubrum-pleomorphic-virus-12_taxid_2507578.gbk,92,132,1,132,cluster00004,
130,Halorubrum-pleomorphic-virus-3_taxid_1156720.gbk,130,131,1,131,cluster00004,
11,Haloarcula-hispanica-pleomorphic-virus-3_taxid_1879051.gbk,11,587,1,587,cluster00005,
37,Haloarcula-hispanica-pleomorphic-virus-4_taxid_1980140.gbk,37,587,1,587,cluster00005,
55,Halogeometricum-pleomorphic-virus-1_taxid_1156722.gbk,55,544,1,544,cluster00005,
67,Halorubrum-pleomorphic-virus-10_taxid_2507576.gbk,67,538,1,538,cluster00005,
81,Halorubrum-pleomorphic-virus-11_taxid_2507577.gbk,81,538,1,538,cluster00005,
96,Halorubrum-pleomorphic-virus-12_taxid_2507578.gbk,96,539,1,539,cluster00005,
133,Halorubrum-pleomorphic-virus-3_taxid_1156720.gbk,133,545,1,545,cluster00005,
43,Halogeometricum-pleomorphic-virus-1_taxid_1156722.gbk,43,135,1,135,cluster00006,
57,Halorubrum-pleomorphic-virus-10_taxid_2507576.gbk,57,136,1,136,cluster00006,
70,Halorubrum-pleomorphic-virus-11_taxid_2507577.gbk,70,136,1,136,cluster00006,
85,Halorubrum-pleomorphic-virus-12_taxid_2507578.gbk,85,136,1,136,cluster00006,
46,Halogeometricum-pleomorphic-virus-1_taxid_1156722.gbk,46,189,1,189,cluster00007,
61,Halorubrum-pleomorphic-virus-10_taxid_2507576.gbk,61,178,1,178,cluster00007,
74,Halorubrum-pleomorphic-virus-11_taxid_2507577.gbk,74,190,1,190,cluster00007,
89,Halorubrum-pleomorphic-virus-12_taxid_2507578.gbk,89,190,1,190,cluster00007,
46,Halogeometricum-pleomorphic-virus-1_taxid_1156722.gbk,46,189,1,189,cluster00008,
115,Halorubrum-pleomorphic-virus-2_taxid_1156719.gbk,115,176,1,176,cluster00008,
142,Halorubrum-pleomorphic-virus-6_taxid_1156721.gbk,142,176,1,176,cluster00008,
47,Halogeometricum-pleomorphic-virus-1_taxid_1156722.gbk,47,258,1,258,cluster00009,
62,Halorubrum-pleomorphic-virus-10_taxid_2507576.gbk,62,256,1,256,cluster00009,
75,Halorubrum-pleomorphic-virus-11_taxid_2507577.gbk,75,256,1,256,cluster00009,
90,Halorubrum-pleomorphic-virus-12_taxid_2507578.gbk,90,256,1,256,cluster00009,
107,Halorubrum-pleomorphic-virus-1_taxid_634168.gbk,107,270,1,270,cluster00009,
54,Halogeometricum-pleomorphic-virus-1_taxid_1156722.gbk,54,79,1,79,cluster00010,
66,Halorubrum-pleomorphic-virus-10_taxid_2507576.gbk,66,83,1,83,cluster00010,
80,Halorubrum-pleomorphic-virus-11_taxid_2507577.gbk,80,83,1,83,cluster00010,
95,Halorubrum-pleomorphic-virus-12_taxid_2507578.gbk,95,83,1,83,cluster00010,
58,Halorubrum-pleomorphic-virus-10_taxid_2507576.gbk,58,85,1,85,cluster00011,
71,Halorubrum-pleomorphic-virus-11_taxid_2507577.gbk,71,85,1,85,cluster00011,
86,Halorubrum-pleomorphic-virus-12_taxid_2507578.gbk,86,85,1,85,cluster00011,
59,Halorubrum-pleomorphic-virus-10_taxid_2507576.gbk,59,176,1,176,cluster00012,
72,Halorubrum-pleomorphic-virus-11_taxid_2507577.gbk,72,176,1,176,cluster00012,
87,Halorubrum-pleomorphic-virus-12_taxid_2507578.gbk,87,177,1,177,cluster00012,
65,Halorubrum-pleomorphic-virus-10_taxid_2507576.gbk,65,46,1,46,cluster00013,
79,Halorubrum-pleomorphic-virus-11_taxid_2507577.gbk,79,46,1,46,cluster00013,
94,Halorubrum-pleomorphic-virus-12_taxid_2507578.gbk,94,46,1,46,cluster00013,
68,Halorubrum-pleomorphic-virus-10_taxid_2507576.gbk,68,99,1,99,cluster00014,
82,Halorubrum-pleomorphic-virus-11_taxid_2507577.gbk,82,99,1,99,cluster00014,
98,Halorubrum-pleomorphic-virus-12_taxid_2507578.gbk,98,99,1,99,cluster00014,
69,Halorubrum-pleomorphic-virus-10_taxid_2507576.gbk,69,86,1,86,cluster00015,
84,Halorubrum-pleomorphic-virus-11_taxid_2507577.gbk,84,85,1,85,cluster00015,
100,Halorubrum-pleomorphic-virus-12_taxid_2507578.gbk,100,85,1,85,cluster00015,
136,Halorubrum-pleomorphic-virus-3_taxid_1156720.gbk,136,91,1,91,cluster00015,
101,Halorubrum-pleomorphic-virus-1_taxid_634168.gbk,101,500,1,500,cluster00016,
110,Halorubrum-pleomorphic-virus-2_taxid_1156719.gbk,110,655,1,655,cluster00016,
137,Halorubrum-pleomorphic-virus-6_taxid_1156721.gbk,137,655,1,655,cluster00016,
103,Halorubrum-pleomorphic-virus-1_taxid_634168.gbk,103,132,1,132,cluster00017,
113,Halorubrum-pleomorphic-virus-2_taxid_1156719.gbk,113,133,1,133,cluster00017,
140,Halorubrum-pleomorphic-virus-6_taxid_1156721.gbk,140,133,1,133,cluster00017,
107,Halorubrum-pleomorphic-virus-1_taxid_634168.gbk,107,270,1,270,cluster00018,
116,Halorubrum-pleomorphic-virus-2_taxid_1156719.gbk,116,278,1,278,cluster00018,
143,Halorubrum-pleomorphic-virus-6_taxid_1156721.gbk,143,278,1,278,cluster00018,
1,Haloarcula-hispanica-pleomorphic-virus-3_taxid_1879051.gbk,1,152,1,152,cluster00019,
26,Haloarcula-hispanica-pleomorphic-virus-4_taxid_1980140.gbk,26,152,1,152,cluster00019,
2,Haloarcula-hispanica-pleomorphic-virus-3_taxid_1879051.gbk,2,76,1,76,cluster00020,
27,Haloarcula-hispanica-pleomorphic-virus-4_taxid_1980140.gbk,27,76,1,76,cluster00020,
4,Haloarcula-hispanica-pleomorphic-virus-3_taxid_1879051.gbk,4,183,1,183,cluster00021,
29,Haloarcula-hispanica-pleomorphic-virus-4_taxid_1980140.gbk,29,183,1,183,cluster00021,
12,Haloarcula-hispanica-pleomorphic-virus-3_taxid_1879051.gbk,12,47,1,47,cluster00022,
38,Haloarcula-hispanica-pleomorphic-virus-4_taxid_1980140.gbk,38,47,1,47,cluster00022,
13,Haloarcula-hispanica-pleomorphic-virus-3_taxid_1879051.gbk,13,65,1,65,cluster00023,
39,Haloarcula-hispanica-pleomorphic-virus-4_taxid_1980140.gbk,39,65,1,65,cluster00023,
14,Haloarcula-hispanica-pleomorphic-virus-3_taxid_1879051.gbk,14,62,1,62,cluster00024,
40,Haloarcula-hispanica-pleomorphic-virus-4_taxid_1980140.gbk,40,62,1,62,cluster00024,
15,Haloarcula-hispanica-pleomorphic-virus-3_taxid_1879051.gbk,15,258,1,258,cluster00025,
23,Haloarcula-hispanica-pleomorphic-virus-4_taxid_1980140.gbk,23,381,1,381,cluster00025,
16,Haloarcula-hispanica-pleomorphic-virus-3_taxid_1879051.gbk,16,84,1,84,cluster00026,
24,Haloarcula-hispanica-pleomorphic-virus-4_taxid_1980140.gbk,24,84,1,84,cluster00026,
17,Haloarcula-hispanica-pleomorphic-virus-3_taxid_1879051.gbk,17,109,1,109,cluster00027,
25,Haloarcula-hispanica-pleomorphic-virus-4_taxid_1980140.gbk,25,109,1,109,cluster00027,
78,Halorubrum-pleomorphic-virus-11_taxid_2507577.gbk,78,52,1,52,cluster00028,
93,Halorubrum-pleomorphic-virus-12_taxid_2507578.gbk,93,52,1,52,cluster00028,
83,Halorubrum-pleomorphic-virus-11_taxid_2507577.gbk,83,44,1,44,cluster00029,
99,Halorubrum-pleomorphic-virus-12_taxid_2507578.gbk,99,44,1,44,cluster00029,
106,Halorubrum-pleomorphic-virus-1_taxid_634168.gbk,106,181,1,181,cluster00030,
115,Halorubrum-pleomorphic-virus-2_taxid_1156719.gbk,115,176,1,176,cluster00030,
112,Halorubrum-pleomorphic-virus-2_taxid_1156719.gbk,112,127,1,127,cluster00031,
139,Halorubrum-pleomorphic-virus-6_taxid_1156721.gbk,139,127,1,127,cluster00031,
124,Halorubrum-pleomorphic-virus-2_taxid_1156719.gbk,124,74,1,74,cluster00032,
146,Halorubrum-pleomorphic-virus-6_taxid_1156721.gbk,146,74,1,74,cluster00032,
8,Haloarcula-hispanica-pleomorphic-virus-3_taxid_1879051.gbk,8,166,1,166,,
9,Haloarcula-hispanica-pleomorphic-virus-3_taxid_1879051.gbk,9,63,1,63,,
10,Haloarcula-hispanica-pleomorphic-virus-3_taxid_1879051.gbk,10,121,1,121,,
18,Haloarcula-hispanica-pleomorphic-virus-4_taxid_1980140.gbk,18,345,1,345,,
19,Haloarcula-hispanica-pleomorphic-virus-4_taxid_1980140.gbk,19,121,1,121,,
20,Haloarcula-hispanica-pleomorphic-virus-4_taxid_1980140.gbk,20,108,1,108,,
21,Haloarcula-hispanica-pleomorphic-virus-4_taxid_1980140.gbk,21,97,1,97,,
22,Haloarcula-hispanica-pleomorphic-virus-4_taxid_1980140.gbk,22,38,1,38,,
32,Haloarcula-hispanica-pleomorphic-virus-4_taxid_1980140.gbk,32,55,1,55,,
34,Haloarcula-hispanica-pleomorphic-virus-4_taxid_1980140.gbk,34,321,1,321,,
35,Haloarcula-hispanica-pleomorphic-virus-4_taxid_1980140.gbk,35,100,1,100,,
36,Haloarcula-hispanica-pleomorphic-virus-4_taxid_1980140.gbk,36,139,1,139,,
41,Haloarcula-hispanica-pleomorphic-virus-4_taxid_1980140.gbk,41,79,1,79,,
42,Halogeometricum-pleomorphic-virus-1_taxid_1156722.gbk,42,132,1,132,,
44,Halogeometricum-pleomorphic-virus-1_taxid_1156722.gbk,44,67,1,67,,
49,Halogeometricum-pleomorphic-virus-1_taxid_1156722.gbk,49,58,1,58,,
51,Halogeometricum-pleomorphic-virus-1_taxid_1156722.gbk,51,237,1,237,,
52,Halogeometricum-pleomorphic-virus-1_taxid_1156722.gbk,52,67,1,67,,
53,Halogeometricum-pleomorphic-virus-1_taxid_1156722.gbk,53,73,1,73,,
56,Halogeometricum-pleomorphic-virus-1_taxid_1156722.gbk,56,118,1,118,,
97,Halorubrum-pleomorphic-virus-12_taxid_2507578.gbk,97,189,1,189,,
102,Halorubrum-pleomorphic-virus-1_taxid_634168.gbk,102,126,1,126,,
105,Halorubrum-pleomorphic-virus-1_taxid_634168.gbk,105,57,1,57,,
109,Halorubrum-pleomorphic-virus-1_taxid_634168.gbk,109,123,1,123,,
111,Halorubrum-pleomorphic-virus-2_taxid_1156719.gbk,111,78,1,78,,
118,Halorubrum-pleomorphic-virus-2_taxid_1156719.gbk,118,65,1,65,,
119,Halorubrum-pleomorphic-virus-2_taxid_1156719.gbk,119,108,1,108,,
120,Halorubrum-pleomorphic-virus-2_taxid_1156719.gbk,120,103,1,103,,
121,Halorubrum-pleomorphic-virus-2_taxid_1156719.gbk,121,131,1,131,,
122,Halorubrum-pleomorphic-virus-2_taxid_1156719.gbk,122,128,1,128,,
123,Halorubrum-pleomorphic-virus-2_taxid_1156719.gbk,123,153,1,153,,
125,Halorubrum-pleomorphic-virus-3_taxid_1156720.gbk,125,140,1,140,,
127,Halorubrum-pleomorphic-virus-3_taxid_1156720.gbk,127,190,1,190,,
131,Halorubrum-pleomorphic-virus-3_taxid_1156720.gbk,131,138,1,138,,
132,Halorubrum-pleomorphic-virus-3_taxid_1156720.gbk,132,41,1,41,,
134,Halorubrum-pleomorphic-virus-3_taxid_1156720.gbk,134,80,1,80,,
135,Halorubrum-pleomorphic-virus-3_taxid_1156720.gbk,135,44,1,44,,
138,Halorubrum-pleomorphic-virus-6_taxid_1156721.gbk,138,126,1,126,,
145,Halorubrum-pleomorphic-virus-6_taxid_1156721.gbk,145,222,1,222,,
