
Discrete character parsimony algorithm, version 3.695


One most parsimonious tree found:


                                +0000000006
                 +--------------4  
  +--------------2              +0000000003
  |              |  
  |              +--------------0000000002
  |  
  |              +0000000008
  |              |  
  1--------------3-0000000007
  |              |  
  |              +-----------------------------0000000005
  |              |  
  |              +--------------0000000004
  |              |  
  |              +-----------------------------0000000001
  |  
  +--------------------------------------------0000000000


requires a total of     12.000

  between      and       length
  -------      ---       ------
     1           2         1.00
     2           4         1.00
     4      0000000006     0.00
     4      0000000003     0.00
     2      0000000002     1.00
     1           3         1.00
     3      0000000008     0.00
     3      0000000007     0.00
     3      0000000005     2.00
     3      0000000004     1.00
     3      0000000001     2.00
     1      0000000000     3.00

