INFO [2021-10-30 01:54:11] $x
INFO [2021-10-30 01:54:11] list(Not_Annotated, Annotated_by_eval, Annotated_by_perc)
INFO [2021-10-30 01:54:11] 
INFO [2021-10-30 01:54:11] $category.names
INFO [2021-10-30 01:54:11] c("Not annotated", "Annotated by e-value", "Annotated by %identity")
INFO [2021-10-30 01:54:11] 
INFO [2021-10-30 01:54:11] $filename
INFO [2021-10-30 01:54:11] vennfile
INFO [2021-10-30 01:54:11] 
INFO [2021-10-30 01:54:11] $output
INFO [2021-10-30 01:54:11] [1] TRUE
INFO [2021-10-30 01:54:11] 
INFO [2021-10-30 01:54:11] $imagetype
INFO [2021-10-30 01:54:11] [1] "png"
INFO [2021-10-30 01:54:11] 
INFO [2021-10-30 01:54:11] $height
INFO [2021-10-30 01:54:11] [1] 700
INFO [2021-10-30 01:54:11] 
INFO [2021-10-30 01:54:11] $width
INFO [2021-10-30 01:54:11] [1] 700
INFO [2021-10-30 01:54:11] 
INFO [2021-10-30 01:54:11] $resolution
INFO [2021-10-30 01:54:11] [1] 300
INFO [2021-10-30 01:54:11] 
INFO [2021-10-30 01:54:11] $compression
INFO [2021-10-30 01:54:11] [1] "lzw"
INFO [2021-10-30 01:54:11] 
INFO [2021-10-30 01:54:11] $lwd
INFO [2021-10-30 01:54:11] [1] 1
INFO [2021-10-30 01:54:11] 
INFO [2021-10-30 01:54:11] $col
INFO [2021-10-30 01:54:11] c("#440154ff", "#21908dff", "#DC143C")
INFO [2021-10-30 01:54:11] 
INFO [2021-10-30 01:54:11] $fill
INFO [2021-10-30 01:54:11] c(alpha("#440154ff", 0.3), alpha("#21908dff", 0.3), alpha("#DC143C", 
INFO [2021-10-30 01:54:11]     0.3))
INFO [2021-10-30 01:54:11] 
INFO [2021-10-30 01:54:11] $cex
INFO [2021-10-30 01:54:11] [1] 0.3
INFO [2021-10-30 01:54:11] 
INFO [2021-10-30 01:54:11] $fontfamily
INFO [2021-10-30 01:54:11] [1] "sans"
INFO [2021-10-30 01:54:11] 
INFO [2021-10-30 01:54:11] $cat.cex
INFO [2021-10-30 01:54:11] [1] 0.3
INFO [2021-10-30 01:54:11] 
INFO [2021-10-30 01:54:11] $cat.default.pos
INFO [2021-10-30 01:54:11] [1] "outer"
INFO [2021-10-30 01:54:11] 
INFO [2021-10-30 01:54:11] $cat.fontfamily
INFO [2021-10-30 01:54:11] [1] "sans"
INFO [2021-10-30 01:54:11] 
INFO [2021-10-30 01:54:11] $cat.col
INFO [2021-10-30 01:54:11] c("#440154ff", "#21908dff", "#DC143C")
INFO [2021-10-30 01:54:11] 
INFO [2021-10-30 01:54:11] $rotation
INFO [2021-10-30 01:54:11] [1] 1
INFO [2021-10-30 01:54:11] 
INFO [2021-10-30 01:54:11] $margin
INFO [2021-10-30 01:54:11] [1] 0.1
INFO [2021-10-30 01:54:11] 
