1,Black-medic-leafroll-alphasatellite-1_taxid_1441796.gbk,1,281,1,281,cluster00001,
2,Faba-bean-necrotic-stunt-alphasatellite-1_taxid_1441799.gbk,2,278,1,278,cluster00001,
3,Faba-bean-necrotic-stunt-alphasatellite-2_taxid_1441800.gbk,3,279,1,279,cluster00001,
5,Faba-bean-necrotic-yellows-C1-alphasatellite_taxid_1453080.gbk,5,278,1,278,cluster00001,
7,Faba-bean-necrotic-yellows-C11-alphasatellite_taxid_1453081.gbk,7,282,1,282,cluster00001,
8,Faba-bean-necrotic-yellows-C7-alphasatellite_taxid_1453082.gbk,8,283,1,283,cluster00001,
9,Faba-bean-necrotic-yellows-C9-alphasatellite_taxid_1453083.gbk,9,281,1,281,cluster00001,
10,Milk-vetch-dwarf-C1-alphasatellite_taxid_1455651.gbk,10,281,1,281,cluster00001,
11,Milk-vetch-dwarf-C10-alphasatellite_taxid_1455652.gbk,11,283,1,283,cluster00001,
12,Milk-vetch-dwarf-C2-alphasatellite_taxid_1455653.gbk,12,282,1,282,cluster00001,
13,Milk-vetch-dwarf-C3-alphasatellite_taxid_1455654.gbk,13,284,1,284,cluster00001,
14,Pea-necrotic-yellow-dwarf-alphasatellite-1_taxid_1441797.gbk,14,279,1,279,cluster00001,
15,Sophora-alopecuroides-yellow-stunt-alphasatellite-1a_taxid_1980161.gbk,15,281,1,281,cluster00001,
16,Sophora-alopecuroides-yellow-stunt-alphasatellite-4_taxid_1980165.gbk,16,279,1,279,cluster00001,
17,Sophora-alopecuroides-yellow-stunt-alphasatellite-7a_taxid_1980168.gbk,17,282,1,282,cluster00001,
18,Sophora-alopecuroides-yellow-stunt-alphasatellite-8_taxid_1980173.gbk,18,285,1,285,cluster00001,
19,Sophora-alopecuroides-yellow-stunt-alphasatellite-9_taxid_1980174.gbk,19,286,1,286,cluster00001,
20,Subterranean-clover-stunt-C2-alphasatellite_taxid_1458458.gbk,20,280,1,280,cluster00001,
4,Faba-bean-necrotic-yellows-C1-alphasatellite_taxid_1453080.gbk,4,65,1,65,,
6,Faba-bean-necrotic-yellows-C1-alphasatellite_taxid_1453080.gbk,6,77,1,77,,
