1,Aedes-aegypti-densovirus-2_taxid_1513196.gbk,1,849,1,849,cluster00001,
4,Aedes-albopictus-densovirus-2_taxid_1513199.gbk,4,805,1,805,cluster00001,
7,Anopheles-gambiae-densovirus_taxid_487311.gbk,7,791,1,791,cluster00001,
16,Decapod-penstyldensovirus-1_taxid_1513224.gbk,16,666,1,666,cluster00001,
25,Mosquito-densovirus-BR-07_taxid_945962.gbk,25,849,1,849,cluster00001,
31,Penaeus-stylirostris-penstyldensovirus-1_taxid_1513225.gbk,31,768,1,768,cluster00001,
2,Aedes-aegypti-densovirus-2_taxid_1513196.gbk,2,362,1,362,cluster00002,
5,Aedes-albopictus-densovirus-2_taxid_1513199.gbk,5,372,1,372,cluster00002,
8,Anopheles-gambiae-densovirus_taxid_487311.gbk,8,383,1,383,cluster00002,
26,Mosquito-densovirus-BR-07_taxid_945962.gbk,26,362,1,362,cluster00002,
3,Aedes-aegypti-densovirus-2_taxid_1513196.gbk,3,358,1,358,cluster00003,
6,Aedes-albopictus-densovirus-2_taxid_1513199.gbk,6,363,1,363,cluster00003,
9,Anopheles-gambiae-densovirus_taxid_487311.gbk,9,356,1,356,cluster00003,
27,Mosquito-densovirus-BR-07_taxid_945962.gbk,27,358,1,358,cluster00003,
10,Cutavirus_taxid_1867125.gbk,10,659,1,659,cluster00004,
20,Gray-fox-amdovirus_taxid_1093101.gbk,20,635,1,635,cluster00004,
36,Protoparvovirus-Zsana-2013-HUN_taxid_1755694.gbk,36,610,1,610,cluster00004,
38,Skunk-amdoparvovirus_taxid_1961072.gbk,38,641,1,641,cluster00004,
11,Cutavirus_taxid_1867125.gbk,11,707,1,707,cluster00005,
13,Cutavirus_taxid_1867125.gbk,13,569,1,569,cluster00005,
23,Gray-fox-amdovirus_taxid_1093101.gbk,23,674,1,674,cluster00005,
24,Gray-fox-amdovirus_taxid_1093101.gbk,24,630,1,630,cluster00005,
41,Skunk-amdoparvovirus_taxid_1961072.gbk,41,677,1,677,cluster00005,
42,Skunk-amdoparvovirus_taxid_1961072.gbk,42,634,1,634,cluster00005,
15,Decapod-penstyldensovirus-1_taxid_1513224.gbk,15,363,1,363,cluster00006,
32,Penaeus-stylirostris-penstyldensovirus-1_taxid_1513225.gbk,32,363,1,363,cluster00006,
17,Decapod-penstyldensovirus-1_taxid_1513224.gbk,17,329,1,329,cluster00007,
33,Penaeus-stylirostris-penstyldensovirus-1_taxid_1513225.gbk,33,329,1,329,cluster00007,
18,Desmodus-rotundus-parvovirus_taxid_1926498.gbk,18,668,1,668,cluster00008,
34,Porcine-parvovirus-7_taxid_1820046.gbk,34,672,1,672,cluster00008,
19,Desmodus-rotundus-parvovirus_taxid_1926498.gbk,19,484,1,484,cluster00009,
35,Porcine-parvovirus-7_taxid_1820046.gbk,35,474,1,474,cluster00009,
21,Gray-fox-amdovirus_taxid_1093101.gbk,21,115,1,115,cluster00010,
39,Skunk-amdoparvovirus_taxid_1961072.gbk,39,114,1,114,cluster00010,
22,Gray-fox-amdovirus_taxid_1093101.gbk,22,80,1,80,cluster00011,
40,Skunk-amdoparvovirus_taxid_1961072.gbk,40,71,1,71,cluster00011,
12,Cutavirus_taxid_1867125.gbk,12,111,1,111,,
14,Cutavirus_taxid_1867125.gbk,14,92,1,92,,
28,Parvovirus-NIH-CQV_taxid_1341019.gbk,28,123,1,123,,
29,Parvovirus-NIH-CQV_taxid_1341019.gbk,29,392,1,392,,
30,Parvovirus-NIH-CQV_taxid_1341019.gbk,30,491,1,491,,
37,Protoparvovirus-Zsana-2013-HUN_taxid_1755694.gbk,37,129,1,129,,
