2,Acheta-domestica-densovirus_taxid_185639.gbk,2,576,1,576,cluster00001,
7,Acheta-domestica-mini-ambidensovirus_taxid_1404345.gbk,7,495,1,495,cluster00001,
55,Blattella-germanica-densovirus-1_taxid_220638.gbk,55,530,1,530,cluster00001,
68,Bombyx-mori-densovirus-1_taxid_46253.gbk,68,754,1,754,cluster00001,
71,Bombyx-mori-densovirus-5_taxid_125788.gbk,71,754,1,754,cluster00001,
112,Casphalia-extranea-densovirus_taxid_180586.gbk,112,753,1,753,cluster00001,
123,Danaus-plexippus-plexippus-iteravirus_taxid_1469956.gbk,123,752,1,752,cluster00001,
126,Dendrolimus-punctatus-densovirus_taxid_292208.gbk,126,775,1,775,cluster00001,
130,Diaphorina-citri-densovirus_taxid_1776153.gbk,130,679,1,679,cluster00001,
140,Dysaphis-plantaginea-densovirus_taxid_551224.gbk,140,710,1,710,cluster00001,
167,Helicoverpa-armigera-densovirus_taxid_1045778.gbk,167,669,1,669,cluster00001,
231,Papilio-polyxenes-densovirus_taxid_1221208.gbk,231,760,1,760,cluster00001,
235,Parus-major-densovirus_taxid_1907771.gbk,235,533,1,533,cluster00001,
243,Planococcus-citri-densovirus_taxid_159153.gbk,243,568,1,568,cluster00001,
313,Sea-star-associated-densovirus_taxid_1979755.gbk,313,565,1,565,cluster00001,
316,Sibine-fusca-densovirus_taxid_1217821.gbk,316,753,1,753,cluster00001,
326,Solenopsis-invicta-densovirus_taxid_1414671.gbk,326,552,1,552,cluster00001,
4,Acheta-domestica-densovirus_taxid_185639.gbk,4,597,1,597,cluster00002,
57,Blattella-germanica-densovirus-1_taxid_220638.gbk,57,778,1,778,cluster00002,
58,Blattella-germanica-densovirus-1_taxid_220638.gbk,58,628,1,628,cluster00002,
59,Blattella-germanica-densovirus-1_taxid_220638.gbk,59,510,1,510,cluster00002,
131,Diaphorina-citri-densovirus_taxid_1776153.gbk,131,588,1,588,cluster00002,
142,Dysaphis-plantaginea-densovirus_taxid_551224.gbk,142,617,1,617,cluster00002,
226,Myzus-persicae-densovirus_taxid_210016.gbk,226,619,1,619,cluster00002,
237,Parus-major-densovirus_taxid_1907771.gbk,237,593,1,593,cluster00002,
242,Planococcus-citri-densovirus_taxid_159153.gbk,242,623,1,623,cluster00002,
327,Solenopsis-invicta-densovirus_taxid_1414671.gbk,327,567,1,567,cluster00002,
10,Adeno-associated-virus--1_taxid_85106.gbk,10,623,1,623,cluster00003,
12,Adeno-associated-virus--2_taxid_10804.gbk,12,536,1,536,cluster00003,
13,Adeno-associated-virus--2_taxid_10804.gbk,13,621,1,621,cluster00003,
14,Adeno-associated-virus--2_taxid_10804.gbk,14,312,1,312,cluster00003,
15,Adeno-associated-virus--2_taxid_10804.gbk,15,397,1,397,cluster00003,
21,Adeno-associated-virus--3_taxid_46350.gbk,21,624,1,624,cluster00003,
23,Adeno-associated-virus--4_taxid_57579.gbk,23,623,1,623,cluster00003,
25,Adeno-associated-virus_taxid_272636.gbk,25,648,1,648,cluster00003,
27,Aleutian-mink-disease-virus_taxid_28314.gbk,27,590,1,590,cluster00003,
31,Amdoparvovirus-sp_taxid_1908805.gbk,31,595,1,595,cluster00003,
33,Artibeus-jamaicensis-parvovirus-1_taxid_1131485.gbk,33,625,1,625,cluster00003,
35,Avian-adeno-associated-virus-ATCC-VR-865_taxid_219704.gbk,35,662,1,662,cluster00003,
37,Avian-adeno-associated-virus-strain-DA-1_taxid_281492.gbk,37,663,1,663,cluster00003,
39,Bat-bocavirus-WM40_taxid_2259810.gbk,39,801,1,801,cluster00003,
43,Bat-bocavirus-XM30_taxid_2259811.gbk,43,741,1,741,cluster00003,
47,Bat-bocavirus_taxid_1329649.gbk,47,789,1,789,cluster00003,
51,Bearded-dragon-parvovirus_taxid_1670662.gbk,51,565,1,565,cluster00003,
60,Bocavirus-gorilla-GBoV1-2009_taxid_864686.gbk,60,804,1,804,cluster00003,
64,Bocavirus-pig-SX-China-2010_taxid_912967.gbk,64,636,1,636,cluster00003,
75,Bosavirus-MS-2016a_taxid_1917013.gbk,75,588,1,588,cluster00003,
77,Bovine-adeno-associated-virus_taxid_256548.gbk,77,610,1,610,cluster00003,
79,Bovine-hokovirus-1_taxid_494651.gbk,79,652,1,652,cluster00003,
82,Bovine-parvovirus-1_taxid_365609.gbk,82,860,1,860,cluster00003,
83,Bovine-parvovirus-1_taxid_365609.gbk,83,577,1,577,cluster00003,
87,Bovine-parvovirus-3_taxid_172297.gbk,87,651,1,651,cluster00003,
89,Bufavirus-3_taxid_1391667.gbk,89,673,1,673,cluster00003,
93,California-sea-lion-bocavirus-1_taxid_1073959.gbk,93,793,1,793,cluster00003,
97,California-sea-lion-bocavirus-3_taxid_1073961.gbk,97,802,1,802,cluster00003,
101,Canine-bocavirus-1_taxid_1511885.gbk,101,648,1,648,cluster00003,
105,Canine-minute-virus_taxid_329639.gbk,105,716,1,716,cluster00003,
109,Canine-parvovirus_taxid_10788.gbk,109,668,1,668,cluster00003,
115,Chicken-parvovirus-ABU-P1_taxid_717641.gbk,115,694,1,694,cluster00003,
119,Chipmunk-parvovirus_taxid_56820.gbk,119,711,1,711,cluster00003,
133,Dromedary-camel-bocaparvovirus-1_taxid_2014603.gbk,133,697,1,697,cluster00003,
137,Dromedary-camel-bocaparvovirus-2_taxid_2014604.gbk,137,825,1,825,cluster00003,
144,Eidolon-helvum-bat-parvovirus_taxid_1131483.gbk,144,692,1,692,cluster00003,
148,Equine-parvovirus-H_taxid_2079554.gbk,148,593,1,593,cluster00003,
150,Feline-bocaparvovirus-2_taxid_1417756.gbk,150,797,1,797,cluster00003,
154,Feline-bocaparvovirus-3_taxid_2259807.gbk,154,796,1,796,cluster00003,
158,Feline-bocavirus_taxid_1174530.gbk,158,804,1,804,cluster00003,
162,Goose-parvovirus_taxid_38251.gbk,162,627,1,627,cluster00003,
169,Human-bocavirus-2c-PK_taxid_1511882.gbk,169,640,1,640,cluster00003,
173,Human-bocavirus-3_taxid_638313.gbk,173,661,1,661,cluster00003,
177,Human-bocavirus-4-NI_taxid_1511883.gbk,177,776,1,776,cluster00003,
178,Human-bocavirus-4-NI_taxid_1511883.gbk,178,640,1,640,cluster00003,
182,Human-erythrovirus-V9_taxid_72197.gbk,182,671,1,671,cluster00003,
188,Human-parvovirus-4-G1_taxid_1511919.gbk,188,663,1,663,cluster00003,
190,Lagomorph-bocaparvovirus-1_taxid_2169774.gbk,190,718,1,718,cluster00003,
193,Lupine-bocavirus_taxid_2017714.gbk,193,854,1,854,cluster00003,
196,Megabat-bufavirus-1_taxid_1756191.gbk,196,642,1,642,cluster00003,
199,Miniopterus-schreibersii-bat-bocavirus_taxid_1911554.gbk,199,891,1,891,cluster00003,
200,Miniopterus-schreibersii-bat-bocavirus_taxid_1911554.gbk,200,737,1,737,cluster00003,
204,Mink-bocavirus-1_taxid_2259808.gbk,204,811,1,811,cluster00003,
208,Minute-virus-of-mice_taxid_10794.gbk,208,721,1,721,cluster00003,
209,Minute-virus-of-mice_taxid_10794.gbk,209,672,1,672,cluster00003,
215,Muscovy-duck-parvovirus_taxid_37325.gbk,215,627,1,627,cluster00003,
219,Myotis-myotis-bocavirus-1_taxid_1195367.gbk,219,720,1,720,cluster00003,
228,Ovine-hokovirus_taxid_1096142.gbk,228,656,1,656,cluster00003,
239,Pig-tailed-macaque-parvovirus_taxid_119755.gbk,239,672,1,672,cluster00003,
245,Porcine-bocavirus-1-pig-ZJD-China-2006_taxid_795694.gbk,245,703,1,703,cluster00003,
249,Porcine-bocavirus-3_taxid_1084715.gbk,249,667,1,667,cluster00003,
253,Porcine-bocavirus-4-1_taxid_1084717.gbk,253,667,1,667,cluster00003,
257,Porcine-bocavirus-5-JS677_taxid_1131622.gbk,257,667,1,667,cluster00003,
261,Porcine-bocavirus-H18_taxid_1511887.gbk,261,635,1,635,cluster00003,
265,Porcine-bocavirus_taxid_1165907.gbk,265,667,1,667,cluster00003,
269,Porcine-hokovirus_taxid_494652.gbk,269,636,1,636,cluster00003,
272,Porcine-partetravirus_taxid_1208310.gbk,272,636,1,636,cluster00003,
276,Porcine-parvovirus_taxid_10796.gbk,276,662,1,662,cluster00003,
281,Primate-bocaparvovirus-1_taxid_1511871.gbk,281,639,1,639,cluster00003,
285,Primate-protoparvovirus-1_taxid_1511907.gbk,285,671,1,671,cluster00003,
289,Raccoon-dog-amdovirus_taxid_1513315.gbk,289,641,1,641,cluster00003,
294,Rat-bocavirus_taxid_1788315.gbk,294,758,1,758,cluster00003,
295,Rat-bocavirus_taxid_1788315.gbk,295,644,1,644,cluster00003,
300,Rat-parvovirus-1_taxid_74581.gbk,300,671,1,671,cluster00003,
301,Rhesus-macaque-parvovirus_taxid_119756.gbk,301,683,1,683,cluster00003,
303,Rhinolophus-pusillus-bocaparvovirus-1_taxid_2053079.gbk,303,624,1,624,cluster00003,
306,Rhinolophus-pusillus-bocaparvovirus-2_taxid_2053080.gbk,306,681,1,681,cluster00003,
309,Rousettus-leschenaultii-bocaparvovirus-1_taxid_2053082.gbk,309,793,1,793,cluster00003,
314,Sesavirus-CSL10538_taxid_1519097.gbk,314,553,1,553,cluster00003,
319,Simian-parvovirus_taxid_31598.gbk,319,687,1,687,cluster00003,
322,Slow-loris-parvovirus-1_taxid_1581151.gbk,322,582,1,582,cluster00003,
329,Tetraparvovirus-sp_taxid_1908804.gbk,329,650,1,650,cluster00003,
335,Turkey-parvovirus-260_taxid_740934.gbk,335,694,1,694,cluster00003,
339,Ungulate-bocaparvovirus-6_taxid_1864484.gbk,339,857,1,857,cluster00003,
341,Ungulate-tetraparvovirus-1_taxid_1511914.gbk,341,652,1,652,cluster00003,
344,Wuharv-parvovirus-1_taxid_1245561.gbk,344,665,1,665,cluster00003,
11,Adeno-associated-virus--1_taxid_85106.gbk,11,736,1,736,cluster00004,
16,Adeno-associated-virus--2_taxid_10804.gbk,16,735,1,735,cluster00004,
17,Adeno-associated-virus--2_taxid_10804.gbk,17,598,1,598,cluster00004,
19,Adeno-associated-virus--2_taxid_10804.gbk,19,533,1,533,cluster00004,
22,Adeno-associated-virus--3_taxid_46350.gbk,22,736,1,736,cluster00004,
24,Adeno-associated-virus--4_taxid_57579.gbk,24,734,1,734,cluster00004,
26,Adeno-associated-virus_taxid_272636.gbk,26,738,1,738,cluster00004,
30,Aleutian-mink-disease-virus_taxid_28314.gbk,30,647,1,647,cluster00004,
32,Amdoparvovirus-sp_taxid_1908805.gbk,32,647,1,647,cluster00004,
34,Artibeus-jamaicensis-parvovirus-1_taxid_1131485.gbk,34,876,1,876,cluster00004,
36,Avian-adeno-associated-virus-ATCC-VR-865_taxid_219704.gbk,36,743,1,743,cluster00004,
38,Avian-adeno-associated-virus-strain-DA-1_taxid_281492.gbk,38,738,1,738,cluster00004,
41,Bat-bocavirus-WM40_taxid_2259810.gbk,41,704,1,704,cluster00004,
42,Bat-bocavirus-WM40_taxid_2259810.gbk,42,572,1,572,cluster00004,
45,Bat-bocavirus-XM30_taxid_2259811.gbk,45,702,1,702,cluster00004,
46,Bat-bocavirus-XM30_taxid_2259811.gbk,46,570,1,570,cluster00004,
49,Bat-bocavirus_taxid_1329649.gbk,49,693,1,693,cluster00004,
50,Bat-bocavirus_taxid_1329649.gbk,50,563,1,563,cluster00004,
52,Bearded-dragon-parvovirus_taxid_1670662.gbk,52,725,1,725,cluster00004,
62,Bocavirus-gorilla-GBoV1-2009_taxid_864686.gbk,62,671,1,671,cluster00004,
63,Bocavirus-gorilla-GBoV1-2009_taxid_864686.gbk,63,542,1,542,cluster00004,
66,Bocavirus-pig-SX-China-2010_taxid_912967.gbk,66,623,1,623,cluster00004,
67,Bocavirus-pig-SX-China-2010_taxid_912967.gbk,67,554,1,554,cluster00004,
76,Bosavirus-MS-2016a_taxid_1917013.gbk,76,1035,1,1035,cluster00004,
78,Bovine-adeno-associated-virus_taxid_256548.gbk,78,736,1,736,cluster00004,
80,Bovine-hokovirus-1_taxid_494651.gbk,80,931,1,931,cluster00004,
81,Bovine-hokovirus-1_taxid_494651.gbk,81,553,1,553,cluster00004,
85,Bovine-parvovirus-1_taxid_365609.gbk,85,673,1,673,cluster00004,
86,Bovine-parvovirus-1_taxid_365609.gbk,86,536,1,536,cluster00004,
88,Bovine-parvovirus-3_taxid_172297.gbk,88,947,1,947,cluster00004,
90,Bufavirus-3_taxid_1391667.gbk,90,710,1,710,cluster00004,
92,Bufavirus-3_taxid_1391667.gbk,92,572,1,572,cluster00004,
95,California-sea-lion-bocavirus-1_taxid_1073959.gbk,95,719,1,719,cluster00004,
96,California-sea-lion-bocavirus-1_taxid_1073959.gbk,96,581,1,581,cluster00004,
99,California-sea-lion-bocavirus-3_taxid_1073961.gbk,99,719,1,719,cluster00004,
100,California-sea-lion-bocavirus-3_taxid_1073961.gbk,100,581,1,581,cluster00004,
103,Canine-bocavirus-1_taxid_1511885.gbk,103,712,1,712,cluster00004,
104,Canine-bocavirus-1_taxid_1511885.gbk,104,574,1,574,cluster00004,
107,Canine-minute-virus_taxid_329639.gbk,107,703,1,703,cluster00004,
108,Canine-minute-virus_taxid_329639.gbk,108,571,1,571,cluster00004,
110,Canine-parvovirus_taxid_10788.gbk,110,751,1,751,cluster00004,
117,Chicken-parvovirus-ABU-P1_taxid_717641.gbk,117,675,1,675,cluster00004,
118,Chicken-parvovirus-ABU-P1_taxid_717641.gbk,118,536,1,536,cluster00004,
121,Chipmunk-parvovirus_taxid_56820.gbk,121,829,1,829,cluster00004,
122,Chipmunk-parvovirus_taxid_56820.gbk,122,558,1,558,cluster00004,
135,Dromedary-camel-bocaparvovirus-1_taxid_2014603.gbk,135,680,1,680,cluster00004,
136,Dromedary-camel-bocaparvovirus-1_taxid_2014603.gbk,136,535,1,535,cluster00004,
139,Dromedary-camel-bocaparvovirus-2_taxid_2014604.gbk,139,533,1,533,cluster00004,
145,Eidolon-helvum-bat-parvovirus_taxid_1131483.gbk,145,919,1,919,cluster00004,
147,Eidolon-helvum-bat-parvovirus_taxid_1131483.gbk,147,544,1,544,cluster00004,
149,Equine-parvovirus-H_taxid_2079554.gbk,149,974,1,974,cluster00004,
152,Feline-bocaparvovirus-2_taxid_1417756.gbk,152,719,1,719,cluster00004,
153,Feline-bocaparvovirus-2_taxid_1417756.gbk,153,578,1,578,cluster00004,
156,Feline-bocaparvovirus-3_taxid_2259807.gbk,156,711,1,711,cluster00004,
157,Feline-bocaparvovirus-3_taxid_2259807.gbk,157,571,1,571,cluster00004,
160,Feline-bocavirus_taxid_1174530.gbk,160,712,1,712,cluster00004,
161,Feline-bocavirus_taxid_1174530.gbk,161,572,1,572,cluster00004,
163,Goose-parvovirus_taxid_38251.gbk,163,732,1,732,cluster00004,
164,Goose-parvovirus_taxid_38251.gbk,164,587,1,587,cluster00004,
165,Goose-parvovirus_taxid_38251.gbk,165,534,1,534,cluster00004,
171,Human-bocavirus-2c-PK_taxid_1511882.gbk,171,667,1,667,cluster00004,
172,Human-bocavirus-2c-PK_taxid_1511882.gbk,172,538,1,538,cluster00004,
175,Human-bocavirus-3_taxid_638313.gbk,175,668,1,668,cluster00004,
176,Human-bocavirus-3_taxid_638313.gbk,176,539,1,539,cluster00004,
180,Human-bocavirus-4-NI_taxid_1511883.gbk,180,670,1,670,cluster00004,
181,Human-bocavirus-4-NI_taxid_1511883.gbk,181,541,1,541,cluster00004,
184,Human-erythrovirus-V9_taxid_72197.gbk,184,781,1,781,cluster00004,
186,Human-erythrovirus-V9_taxid_72197.gbk,186,554,1,554,cluster00004,
189,Human-parvovirus-4-G1_taxid_1511919.gbk,189,914,1,914,cluster00004,
192,Lagomorph-bocaparvovirus-1_taxid_2169774.gbk,192,724,1,724,cluster00004,
195,Lupine-bocavirus_taxid_2017714.gbk,195,695,1,695,cluster00004,
197,Megabat-bufavirus-1_taxid_1756191.gbk,197,719,1,719,cluster00004,
198,Megabat-bufavirus-1_taxid_1756191.gbk,198,578,1,578,cluster00004,
202,Miniopterus-schreibersii-bat-bocavirus_taxid_1911554.gbk,202,682,1,682,cluster00004,
203,Miniopterus-schreibersii-bat-bocavirus_taxid_1911554.gbk,203,557,1,557,cluster00004,
206,Mink-bocavirus-1_taxid_2259808.gbk,206,716,1,716,cluster00004,
207,Mink-bocavirus-1_taxid_2259808.gbk,207,577,1,577,cluster00004,
210,Minute-virus-of-mice_taxid_10794.gbk,210,729,1,729,cluster00004,
214,Minute-virus-of-mice_taxid_10794.gbk,214,587,1,587,cluster00004,
216,Muscovy-duck-parvovirus_taxid_37325.gbk,216,732,1,732,cluster00004,
217,Muscovy-duck-parvovirus_taxid_37325.gbk,217,587,1,587,cluster00004,
218,Muscovy-duck-parvovirus_taxid_37325.gbk,218,534,1,534,cluster00004,
221,Myotis-myotis-bocavirus-1_taxid_1195367.gbk,221,659,1,659,cluster00004,
222,Myotis-myotis-bocavirus-1_taxid_1195367.gbk,222,536,1,536,cluster00004,
229,Ovine-hokovirus_taxid_1096142.gbk,229,933,1,933,cluster00004,
230,Ovine-hokovirus_taxid_1096142.gbk,230,551,1,551,cluster00004,
240,Pig-tailed-macaque-parvovirus_taxid_119755.gbk,240,785,1,785,cluster00004,
247,Porcine-bocavirus-1-pig-ZJD-China-2006_taxid_795694.gbk,247,705,1,705,cluster00004,
248,Porcine-bocavirus-1-pig-ZJD-China-2006_taxid_795694.gbk,248,567,1,567,cluster00004,
251,Porcine-bocavirus-3_taxid_1084715.gbk,251,683,1,683,cluster00004,
252,Porcine-bocavirus-3_taxid_1084715.gbk,252,547,1,547,cluster00004,
255,Porcine-bocavirus-4-1_taxid_1084717.gbk,255,684,1,684,cluster00004,
256,Porcine-bocavirus-4-1_taxid_1084717.gbk,256,548,1,548,cluster00004,
259,Porcine-bocavirus-5-JS677_taxid_1131622.gbk,259,684,1,684,cluster00004,
260,Porcine-bocavirus-5-JS677_taxid_1131622.gbk,260,548,1,548,cluster00004,
263,Porcine-bocavirus-H18_taxid_1511887.gbk,263,620,1,620,cluster00004,
264,Porcine-bocavirus-H18_taxid_1511887.gbk,264,551,1,551,cluster00004,
267,Porcine-bocavirus_taxid_1165907.gbk,267,682,1,682,cluster00004,
268,Porcine-bocavirus_taxid_1165907.gbk,268,546,1,546,cluster00004,
270,Porcine-hokovirus_taxid_494652.gbk,270,925,1,925,cluster00004,
271,Porcine-hokovirus_taxid_494652.gbk,271,555,1,555,cluster00004,
273,Porcine-partetravirus_taxid_1208310.gbk,273,925,1,925,cluster00004,
274,Porcine-partetravirus_taxid_1208310.gbk,274,555,1,555,cluster00004,
278,Porcine-parvovirus_taxid_10796.gbk,278,729,1,729,cluster00004,
279,Porcine-parvovirus_taxid_10796.gbk,279,579,1,579,cluster00004,
283,Primate-bocaparvovirus-1_taxid_1511871.gbk,283,671,1,671,cluster00004,
284,Primate-bocaparvovirus-1_taxid_1511871.gbk,284,542,1,542,cluster00004,
286,Primate-protoparvovirus-1_taxid_1511907.gbk,286,707,1,707,cluster00004,
288,Primate-protoparvovirus-1_taxid_1511907.gbk,288,569,1,569,cluster00004,
292,Raccoon-dog-amdovirus_taxid_1513315.gbk,292,679,1,679,cluster00004,
293,Raccoon-dog-amdovirus_taxid_1513315.gbk,293,636,1,636,cluster00004,
297,Rat-bocavirus_taxid_1788315.gbk,297,702,1,702,cluster00004,
298,Rat-bocavirus_taxid_1788315.gbk,298,567,1,567,cluster00004,
302,Rhesus-macaque-parvovirus_taxid_119756.gbk,302,820,1,820,cluster00004,
305,Rhinolophus-pusillus-bocaparvovirus-1_taxid_2053079.gbk,305,681,1,681,cluster00004,
308,Rhinolophus-pusillus-bocaparvovirus-2_taxid_2053080.gbk,308,685,1,685,cluster00004,
311,Rousettus-leschenaultii-bocaparvovirus-1_taxid_2053082.gbk,311,690,1,690,cluster00004,
315,Sesavirus-CSL10538_taxid_1519097.gbk,315,964,1,964,cluster00004,
320,Simian-parvovirus_taxid_31598.gbk,320,818,1,818,cluster00004,
321,Simian-parvovirus_taxid_31598.gbk,321,556,1,556,cluster00004,
323,Slow-loris-parvovirus-1_taxid_1581151.gbk,323,822,1,822,cluster00004,
330,Tetraparvovirus-sp_taxid_1908804.gbk,330,933,1,933,cluster00004,
333,Turkey-parvovirus-1078_taxid_740933.gbk,333,677,1,677,cluster00004,
334,Turkey-parvovirus-1078_taxid_740933.gbk,334,535,1,535,cluster00004,
337,Turkey-parvovirus-260_taxid_740934.gbk,337,675,1,675,cluster00004,
338,Turkey-parvovirus-260_taxid_740934.gbk,338,536,1,536,cluster00004,
340,Ungulate-bocaparvovirus-6_taxid_1864484.gbk,340,654,1,654,cluster00004,
342,Ungulate-tetraparvovirus-1_taxid_1511914.gbk,342,931,1,931,cluster00004,
343,Ungulate-tetraparvovirus-1_taxid_1511914.gbk,343,553,1,553,cluster00004,
345,Wuharv-parvovirus-1_taxid_1245561.gbk,345,737,1,737,cluster00004,
40,Bat-bocavirus-WM40_taxid_2259810.gbk,40,201,1,201,cluster00005,
44,Bat-bocavirus-XM30_taxid_2259811.gbk,44,198,1,198,cluster00005,
48,Bat-bocavirus_taxid_1329649.gbk,48,194,1,194,cluster00005,
61,Bocavirus-gorilla-GBoV1-2009_taxid_864686.gbk,61,219,1,219,cluster00005,
65,Bocavirus-pig-SX-China-2010_taxid_912967.gbk,65,218,1,218,cluster00005,
84,Bovine-parvovirus-1_taxid_365609.gbk,84,213,1,213,cluster00005,
94,California-sea-lion-bocavirus-1_taxid_1073959.gbk,94,193,1,193,cluster00005,
98,California-sea-lion-bocavirus-3_taxid_1073961.gbk,98,193,1,193,cluster00005,
102,Canine-bocavirus-1_taxid_1511885.gbk,102,195,1,195,cluster00005,
106,Canine-minute-virus_taxid_329639.gbk,106,186,1,186,cluster00005,
134,Dromedary-camel-bocaparvovirus-1_taxid_2014603.gbk,134,219,1,219,cluster00005,
138,Dromedary-camel-bocaparvovirus-2_taxid_2014604.gbk,138,173,1,173,cluster00005,
151,Feline-bocaparvovirus-2_taxid_1417756.gbk,151,229,1,229,cluster00005,
155,Feline-bocaparvovirus-3_taxid_2259807.gbk,155,228,1,228,cluster00005,
159,Feline-bocavirus_taxid_1174530.gbk,159,218,1,218,cluster00005,
170,Human-bocavirus-2c-PK_taxid_1511882.gbk,170,214,1,214,cluster00005,
174,Human-bocavirus-3_taxid_638313.gbk,174,218,1,218,cluster00005,
179,Human-bocavirus-4-NI_taxid_1511883.gbk,179,214,1,214,cluster00005,
191,Lagomorph-bocaparvovirus-1_taxid_2169774.gbk,191,204,1,204,cluster00005,
194,Lupine-bocavirus_taxid_2017714.gbk,194,246,1,246,cluster00005,
201,Miniopterus-schreibersii-bat-bocavirus_taxid_1911554.gbk,201,191,1,191,cluster00005,
205,Mink-bocavirus-1_taxid_2259808.gbk,205,213,1,213,cluster00005,
220,Myotis-myotis-bocavirus-1_taxid_1195367.gbk,220,167,1,167,cluster00005,
246,Porcine-bocavirus-1-pig-ZJD-China-2006_taxid_795694.gbk,246,228,1,228,cluster00005,
250,Porcine-bocavirus-3_taxid_1084715.gbk,250,226,1,226,cluster00005,
254,Porcine-bocavirus-4-1_taxid_1084717.gbk,254,226,1,226,cluster00005,
258,Porcine-bocavirus-5-JS677_taxid_1131622.gbk,258,224,1,224,cluster00005,
262,Porcine-bocavirus-H18_taxid_1511887.gbk,262,218,1,218,cluster00005,
266,Porcine-bocavirus_taxid_1165907.gbk,266,226,1,226,cluster00005,
282,Primate-bocaparvovirus-1_taxid_1511871.gbk,282,219,1,219,cluster00005,
296,Rat-bocavirus_taxid_1788315.gbk,296,195,1,195,cluster00005,
304,Rhinolophus-pusillus-bocaparvovirus-1_taxid_2053079.gbk,304,199,1,199,cluster00005,
307,Rhinolophus-pusillus-bocaparvovirus-2_taxid_2053080.gbk,307,195,1,195,cluster00005,
310,Rousettus-leschenaultii-bocaparvovirus-1_taxid_2053082.gbk,310,205,1,205,cluster00005,
69,Bombyx-mori-densovirus-1_taxid_46253.gbk,69,451,1,451,cluster00006,
72,Bombyx-mori-densovirus-5_taxid_125788.gbk,72,451,1,451,cluster00006,
113,Casphalia-extranea-densovirus_taxid_180586.gbk,113,452,1,452,cluster00006,
124,Danaus-plexippus-plexippus-iteravirus_taxid_1469956.gbk,124,451,1,451,cluster00006,
127,Dendrolimus-punctatus-densovirus_taxid_292208.gbk,127,453,1,453,cluster00006,
232,Papilio-polyxenes-densovirus_taxid_1221208.gbk,232,455,1,455,cluster00006,
317,Sibine-fusca-densovirus_taxid_1217821.gbk,317,452,1,452,cluster00006,
70,Bombyx-mori-densovirus-1_taxid_46253.gbk,70,672,1,672,cluster00007,
74,Bombyx-mori-densovirus-5_taxid_125788.gbk,74,672,1,672,cluster00007,
114,Casphalia-extranea-densovirus_taxid_180586.gbk,114,678,1,678,cluster00007,
125,Danaus-plexippus-plexippus-iteravirus_taxid_1469956.gbk,125,677,1,677,cluster00007,
128,Dendrolimus-punctatus-densovirus_taxid_292208.gbk,128,668,1,668,cluster00007,
168,Helicoverpa-armigera-densovirus_taxid_1045778.gbk,168,659,1,659,cluster00007,
233,Papilio-polyxenes-densovirus_taxid_1221208.gbk,233,673,1,673,cluster00007,
318,Sibine-fusca-densovirus_taxid_1217821.gbk,318,681,1,681,cluster00007,
116,Chicken-parvovirus-ABU-P1_taxid_717641.gbk,116,101,1,101,cluster00008,
332,Turkey-parvovirus-1078_taxid_740933.gbk,332,102,1,102,cluster00008,
336,Turkey-parvovirus-260_taxid_740934.gbk,336,101,1,101,cluster00008,
3,Acheta-domestica-densovirus_taxid_185639.gbk,3,286,1,286,cluster00009,
325,Solenopsis-invicta-densovirus_taxid_1414671.gbk,325,288,1,288,cluster00009,
18,Adeno-associated-virus--2_taxid_10804.gbk,18,204,1,204,cluster00010,
53,Bearded-dragon-parvovirus_taxid_1670662.gbk,53,177,1,177,cluster00010,
54,Blattella-germanica-densovirus-1_taxid_220638.gbk,54,216,1,216,cluster00011,
234,Parus-major-densovirus_taxid_1907771.gbk,234,170,1,170,cluster00011,
56,Blattella-germanica-densovirus-1_taxid_220638.gbk,56,262,1,262,cluster00012,
236,Parus-major-densovirus_taxid_1907771.gbk,236,265,1,265,cluster00012,
91,Bufavirus-3_taxid_1391667.gbk,91,130,1,130,cluster00013,
287,Primate-protoparvovirus-1_taxid_1511907.gbk,287,130,1,130,cluster00013,
132,Diaphorina-citri-densovirus_taxid_1776153.gbk,132,205,1,205,cluster00014,
143,Dysaphis-plantaginea-densovirus_taxid_551224.gbk,143,189,1,189,cluster00014,
143,Dysaphis-plantaginea-densovirus_taxid_551224.gbk,143,189,1,189,cluster00015,
227,Myzus-persicae-densovirus_taxid_210016.gbk,227,193,1,193,cluster00015,
275,Porcine-parvovirus_taxid_10796.gbk,275,107,1,107,cluster00016,
277,Porcine-parvovirus_taxid_10796.gbk,277,161,1,161,cluster00016,
299,Rat-parvovirus-1_taxid_74581.gbk,299,187,1,187,cluster00016,
1,Acheta-domestica-densovirus_taxid_185639.gbk,1,213,1,213,,
5,Acheta-domestica-densovirus_taxid_185639.gbk,5,268,1,268,,
6,Acheta-domestica-mini-ambidensovirus_taxid_1404345.gbk,6,221,1,221,,
8,Acheta-domestica-mini-ambidensovirus_taxid_1404345.gbk,8,222,1,222,,
9,Acheta-domestica-mini-ambidensovirus_taxid_1404345.gbk,9,682,1,682,,
20,Adeno-associated-virus--2_taxid_10804.gbk,20,155,1,155,,
28,Aleutian-mink-disease-virus_taxid_28314.gbk,28,74,1,74,,
29,Aleutian-mink-disease-virus_taxid_28314.gbk,29,72,1,72,,
73,Bombyx-mori-densovirus-5_taxid_125788.gbk,73,163,1,163,,
111,Canine-parvovirus_taxid_10788.gbk,111,67,1,67,,
120,Chipmunk-parvovirus_taxid_56820.gbk,120,143,1,143,,
129,Diaphorina-citri-densovirus_taxid_1776153.gbk,129,432,1,432,,
141,Dysaphis-plantaginea-densovirus_taxid_551224.gbk,141,414,1,414,,
146,Eidolon-helvum-bat-parvovirus_taxid_1131483.gbk,146,77,1,77,,
166,Helicoverpa-armigera-densovirus_taxid_1045778.gbk,166,419,1,419,,
183,Human-erythrovirus-V9_taxid_72197.gbk,183,74,1,74,,
185,Human-erythrovirus-V9_taxid_72197.gbk,185,81,1,81,,
187,Human-erythrovirus-V9_taxid_72197.gbk,187,103,1,103,,
211,Minute-virus-of-mice_taxid_10794.gbk,211,22,1,22,,
212,Minute-virus-of-mice_taxid_10794.gbk,212,-1,1,-1,,
213,Minute-virus-of-mice_taxid_10794.gbk,213,14,1,14,,
223,Myzus-persicae-densovirus_taxid_210016.gbk,223,97,1,97,,
224,Myzus-persicae-densovirus_taxid_210016.gbk,224,249,1,249,,
225,Myzus-persicae-densovirus_taxid_210016.gbk,225,698,1,698,,
238,Parus-major-densovirus_taxid_1907771.gbk,238,303,1,303,,
241,Planococcus-citri-densovirus_taxid_159153.gbk,241,276,1,276,,
244,Planococcus-citri-densovirus_taxid_159153.gbk,244,237,1,237,,
280,Porcine-parvovirus_taxid_10796.gbk,280,68,1,68,,
290,Raccoon-dog-amdovirus_taxid_1513315.gbk,290,114,1,114,,
291,Raccoon-dog-amdovirus_taxid_1513315.gbk,291,66,1,66,,
312,Sea-star-associated-densovirus_taxid_1979755.gbk,312,922,1,922,,
324,Solenopsis-invicta-densovirus_taxid_1414671.gbk,324,192,1,192,,
328,Solenopsis-invicta-densovirus_taxid_1414671.gbk,328,229,1,229,,
331,Turkey-parvovirus-1078_taxid_740933.gbk,331,69,1,69,,
