INFO [2021-10-29 16:10:44] $x
INFO [2021-10-29 16:10:44] list(Not_Annotated, Annotated_by_eval, Annotated_by_perc)
INFO [2021-10-29 16:10:44] 
INFO [2021-10-29 16:10:44] $category.names
INFO [2021-10-29 16:10:44] c("Not annotated", "Annotated by e-value", "Annotated by %identity")
INFO [2021-10-29 16:10:44] 
INFO [2021-10-29 16:10:44] $filename
INFO [2021-10-29 16:10:44] vennfile
INFO [2021-10-29 16:10:44] 
INFO [2021-10-29 16:10:44] $output
INFO [2021-10-29 16:10:44] [1] TRUE
INFO [2021-10-29 16:10:44] 
INFO [2021-10-29 16:10:44] $imagetype
INFO [2021-10-29 16:10:44] [1] "png"
INFO [2021-10-29 16:10:44] 
INFO [2021-10-29 16:10:44] $height
INFO [2021-10-29 16:10:44] [1] 700
INFO [2021-10-29 16:10:44] 
INFO [2021-10-29 16:10:44] $width
INFO [2021-10-29 16:10:44] [1] 700
INFO [2021-10-29 16:10:44] 
INFO [2021-10-29 16:10:44] $resolution
INFO [2021-10-29 16:10:44] [1] 300
INFO [2021-10-29 16:10:44] 
INFO [2021-10-29 16:10:44] $compression
INFO [2021-10-29 16:10:44] [1] "lzw"
INFO [2021-10-29 16:10:44] 
INFO [2021-10-29 16:10:44] $lwd
INFO [2021-10-29 16:10:44] [1] 1
INFO [2021-10-29 16:10:44] 
INFO [2021-10-29 16:10:44] $col
INFO [2021-10-29 16:10:44] c("#440154ff", "#21908dff", "#DC143C")
INFO [2021-10-29 16:10:44] 
INFO [2021-10-29 16:10:44] $fill
INFO [2021-10-29 16:10:44] c(alpha("#440154ff", 0.3), alpha("#21908dff", 0.3), alpha("#DC143C", 
INFO [2021-10-29 16:10:44]     0.3))
INFO [2021-10-29 16:10:44] 
INFO [2021-10-29 16:10:44] $cex
INFO [2021-10-29 16:10:44] [1] 0.3
INFO [2021-10-29 16:10:44] 
INFO [2021-10-29 16:10:44] $fontfamily
INFO [2021-10-29 16:10:44] [1] "sans"
INFO [2021-10-29 16:10:44] 
INFO [2021-10-29 16:10:44] $cat.cex
INFO [2021-10-29 16:10:44] [1] 0.3
INFO [2021-10-29 16:10:44] 
INFO [2021-10-29 16:10:44] $cat.default.pos
INFO [2021-10-29 16:10:44] [1] "outer"
INFO [2021-10-29 16:10:44] 
INFO [2021-10-29 16:10:44] $cat.fontfamily
INFO [2021-10-29 16:10:44] [1] "sans"
INFO [2021-10-29 16:10:44] 
INFO [2021-10-29 16:10:44] $cat.col
INFO [2021-10-29 16:10:44] c("#440154ff", "#21908dff", "#DC143C")
INFO [2021-10-29 16:10:44] 
INFO [2021-10-29 16:10:44] $rotation
INFO [2021-10-29 16:10:44] [1] 1
INFO [2021-10-29 16:10:44] 
INFO [2021-10-29 16:10:44] $margin
INFO [2021-10-29 16:10:44] [1] 0.1
INFO [2021-10-29 16:10:44] 
