INFO [2021-10-29 03:46:12] $x
INFO [2021-10-29 03:46:12] list(Not_Annotated, Annotated_by_eval, Annotated_by_perc)
INFO [2021-10-29 03:46:12] 
INFO [2021-10-29 03:46:12] $category.names
INFO [2021-10-29 03:46:12] c("Not annotated", "Annotated by e-value", "Annotated by %identity")
INFO [2021-10-29 03:46:12] 
INFO [2021-10-29 03:46:12] $filename
INFO [2021-10-29 03:46:12] vennfile
INFO [2021-10-29 03:46:12] 
INFO [2021-10-29 03:46:12] $output
INFO [2021-10-29 03:46:12] [1] TRUE
INFO [2021-10-29 03:46:12] 
INFO [2021-10-29 03:46:12] $imagetype
INFO [2021-10-29 03:46:12] [1] "png"
INFO [2021-10-29 03:46:12] 
INFO [2021-10-29 03:46:12] $height
INFO [2021-10-29 03:46:12] [1] 700
INFO [2021-10-29 03:46:12] 
INFO [2021-10-29 03:46:12] $width
INFO [2021-10-29 03:46:12] [1] 700
INFO [2021-10-29 03:46:12] 
INFO [2021-10-29 03:46:12] $resolution
INFO [2021-10-29 03:46:12] [1] 300
INFO [2021-10-29 03:46:12] 
INFO [2021-10-29 03:46:12] $compression
INFO [2021-10-29 03:46:12] [1] "lzw"
INFO [2021-10-29 03:46:12] 
INFO [2021-10-29 03:46:12] $lwd
INFO [2021-10-29 03:46:12] [1] 1
INFO [2021-10-29 03:46:12] 
INFO [2021-10-29 03:46:12] $col
INFO [2021-10-29 03:46:12] c("#440154ff", "#21908dff", "#DC143C")
INFO [2021-10-29 03:46:12] 
INFO [2021-10-29 03:46:12] $fill
INFO [2021-10-29 03:46:12] c(alpha("#440154ff", 0.3), alpha("#21908dff", 0.3), alpha("#DC143C", 
INFO [2021-10-29 03:46:12]     0.3))
INFO [2021-10-29 03:46:12] 
INFO [2021-10-29 03:46:12] $cex
INFO [2021-10-29 03:46:12] [1] 0.3
INFO [2021-10-29 03:46:12] 
INFO [2021-10-29 03:46:12] $fontfamily
INFO [2021-10-29 03:46:12] [1] "sans"
INFO [2021-10-29 03:46:12] 
INFO [2021-10-29 03:46:12] $cat.cex
INFO [2021-10-29 03:46:12] [1] 0.3
INFO [2021-10-29 03:46:12] 
INFO [2021-10-29 03:46:12] $cat.default.pos
INFO [2021-10-29 03:46:12] [1] "outer"
INFO [2021-10-29 03:46:12] 
INFO [2021-10-29 03:46:12] $cat.fontfamily
INFO [2021-10-29 03:46:12] [1] "sans"
INFO [2021-10-29 03:46:12] 
INFO [2021-10-29 03:46:12] $cat.col
INFO [2021-10-29 03:46:12] c("#440154ff", "#21908dff", "#DC143C")
INFO [2021-10-29 03:46:12] 
INFO [2021-10-29 03:46:12] $rotation
INFO [2021-10-29 03:46:12] [1] 1
INFO [2021-10-29 03:46:12] 
INFO [2021-10-29 03:46:12] $margin
INFO [2021-10-29 03:46:12] [1] 0.1
INFO [2021-10-29 03:46:12] 
