INFO [2021-10-30 01:59:13] $x
INFO [2021-10-30 01:59:13] list(Not_Annotated, Annotated_by_eval, Annotated_by_perc)
INFO [2021-10-30 01:59:13] 
INFO [2021-10-30 01:59:13] $category.names
INFO [2021-10-30 01:59:13] c("Not annotated", "Annotated by e-value", "Annotated by %identity")
INFO [2021-10-30 01:59:13] 
INFO [2021-10-30 01:59:13] $filename
INFO [2021-10-30 01:59:13] vennfile
INFO [2021-10-30 01:59:13] 
INFO [2021-10-30 01:59:13] $output
INFO [2021-10-30 01:59:13] [1] TRUE
INFO [2021-10-30 01:59:13] 
INFO [2021-10-30 01:59:13] $imagetype
INFO [2021-10-30 01:59:13] [1] "png"
INFO [2021-10-30 01:59:13] 
INFO [2021-10-30 01:59:13] $height
INFO [2021-10-30 01:59:13] [1] 700
INFO [2021-10-30 01:59:13] 
INFO [2021-10-30 01:59:13] $width
INFO [2021-10-30 01:59:13] [1] 700
INFO [2021-10-30 01:59:13] 
INFO [2021-10-30 01:59:13] $resolution
INFO [2021-10-30 01:59:13] [1] 300
INFO [2021-10-30 01:59:13] 
INFO [2021-10-30 01:59:13] $compression
INFO [2021-10-30 01:59:13] [1] "lzw"
INFO [2021-10-30 01:59:13] 
INFO [2021-10-30 01:59:13] $lwd
INFO [2021-10-30 01:59:13] [1] 1
INFO [2021-10-30 01:59:13] 
INFO [2021-10-30 01:59:13] $col
INFO [2021-10-30 01:59:13] c("#440154ff", "#21908dff", "#DC143C")
INFO [2021-10-30 01:59:13] 
INFO [2021-10-30 01:59:13] $fill
INFO [2021-10-30 01:59:13] c(alpha("#440154ff", 0.3), alpha("#21908dff", 0.3), alpha("#DC143C", 
INFO [2021-10-30 01:59:13]     0.3))
INFO [2021-10-30 01:59:13] 
INFO [2021-10-30 01:59:13] $cex
INFO [2021-10-30 01:59:13] [1] 0.3
INFO [2021-10-30 01:59:13] 
INFO [2021-10-30 01:59:13] $fontfamily
INFO [2021-10-30 01:59:13] [1] "sans"
INFO [2021-10-30 01:59:13] 
INFO [2021-10-30 01:59:13] $cat.cex
INFO [2021-10-30 01:59:13] [1] 0.3
INFO [2021-10-30 01:59:13] 
INFO [2021-10-30 01:59:13] $cat.default.pos
INFO [2021-10-30 01:59:13] [1] "outer"
INFO [2021-10-30 01:59:13] 
INFO [2021-10-30 01:59:13] $cat.fontfamily
INFO [2021-10-30 01:59:13] [1] "sans"
INFO [2021-10-30 01:59:13] 
INFO [2021-10-30 01:59:13] $cat.col
INFO [2021-10-30 01:59:13] c("#440154ff", "#21908dff", "#DC143C")
INFO [2021-10-30 01:59:13] 
INFO [2021-10-30 01:59:13] $rotation
INFO [2021-10-30 01:59:13] [1] 1
INFO [2021-10-30 01:59:13] 
INFO [2021-10-30 01:59:13] $margin
INFO [2021-10-30 01:59:13] [1] 0.1
INFO [2021-10-30 01:59:13] 
