1,Black-medic-leaf-roll-virus_taxid_2038729.gbk,1,170,1,170,cluster00001,
9,Cow-vetch-latent-virus_taxid_2056780.gbk,9,170,1,170,cluster00001,
19,Faba-bean-necrotic-stunt-virus_taxid_283824.gbk,19,169,1,169,cluster00001,
29,Faba-bean-necrotic-yellows-virus_taxid_59817.gbk,29,169,1,169,cluster00001,
35,Faba-bean-yellow-leaf-virus_taxid_1137801.gbk,35,174,1,174,cluster00001,
45,Milk-vetch-dwarf-virus_taxid_67585.gbk,45,169,1,169,cluster00001,
55,Pea-necrotic-yellow-dwarf-virus_taxid_753670.gbk,55,169,1,169,cluster00001,
62,Pea-yellow-stunt-virus_taxid_1436892.gbk,62,165,1,165,cluster00001,
2,Black-medic-leaf-roll-virus_taxid_2038729.gbk,2,158,1,158,cluster00002,
10,Cow-vetch-latent-virus_taxid_2056780.gbk,10,160,1,160,cluster00002,
17,Faba-bean-necrotic-stunt-virus_taxid_283824.gbk,17,157,1,157,cluster00002,
33,Faba-bean-necrotic-yellows-virus_taxid_59817.gbk,33,155,1,155,cluster00002,
34,Faba-bean-yellow-leaf-virus_taxid_1137801.gbk,34,154,1,154,cluster00002,
49,Milk-vetch-dwarf-virus_taxid_67585.gbk,49,150,1,150,cluster00002,
53,Pea-necrotic-yellow-dwarf-virus_taxid_753670.gbk,53,154,1,154,cluster00002,
59,Pea-yellow-stunt-virus_taxid_1436892.gbk,59,151,1,151,cluster00002,
3,Black-medic-leaf-roll-virus_taxid_2038729.gbk,3,286,1,286,cluster00003,
14,Cow-vetch-latent-virus_taxid_2056780.gbk,14,286,1,286,cluster00003,
22,Faba-bean-necrotic-stunt-virus_taxid_283824.gbk,22,286,1,286,cluster00003,
28,Faba-bean-necrotic-yellows-virus_taxid_59817.gbk,28,286,1,286,cluster00003,
40,Faba-bean-yellow-leaf-virus_taxid_1137801.gbk,40,286,1,286,cluster00003,
43,Milk-vetch-dwarf-virus_taxid_67585.gbk,43,286,1,286,cluster00003,
50,Pea-necrotic-yellow-dwarf-virus_taxid_753670.gbk,50,286,1,286,cluster00003,
61,Pea-yellow-stunt-virus_taxid_1436892.gbk,61,286,1,286,cluster00003,
4,Black-medic-leaf-roll-virus_taxid_2038729.gbk,4,117,1,117,cluster00004,
13,Cow-vetch-latent-virus_taxid_2056780.gbk,13,115,1,115,cluster00004,
24,Faba-bean-necrotic-stunt-virus_taxid_283824.gbk,24,118,1,118,cluster00004,
31,Faba-bean-necrotic-yellows-virus_taxid_59817.gbk,31,114,1,114,cluster00004,
36,Faba-bean-yellow-leaf-virus_taxid_1137801.gbk,36,112,1,112,cluster00004,
46,Milk-vetch-dwarf-virus_taxid_67585.gbk,46,112,1,112,cluster00004,
56,Pea-necrotic-yellow-dwarf-virus_taxid_753670.gbk,56,119,1,119,cluster00004,
65,Pea-yellow-stunt-virus_taxid_1436892.gbk,65,112,1,112,cluster00004,
5,Black-medic-leaf-roll-virus_taxid_2038729.gbk,5,153,1,153,cluster00005,
12,Cow-vetch-latent-virus_taxid_2056780.gbk,12,151,1,151,cluster00005,
18,Faba-bean-necrotic-stunt-virus_taxid_283824.gbk,18,153,1,153,cluster00005,
25,Faba-bean-necrotic-yellows-virus_taxid_59817.gbk,25,153,1,153,cluster00005,
37,Faba-bean-yellow-leaf-virus_taxid_1137801.gbk,37,153,1,153,cluster00005,
47,Milk-vetch-dwarf-virus_taxid_67585.gbk,47,153,1,153,cluster00005,
54,Pea-necrotic-yellow-dwarf-virus_taxid_753670.gbk,54,153,1,153,cluster00005,
64,Pea-yellow-stunt-virus_taxid_1436892.gbk,64,153,1,153,cluster00005,
6,Black-medic-leaf-roll-virus_taxid_2038729.gbk,6,109,1,109,cluster00006,
15,Cow-vetch-latent-virus_taxid_2056780.gbk,15,104,1,104,cluster00006,
23,Faba-bean-necrotic-stunt-virus_taxid_283824.gbk,23,106,1,106,cluster00006,
26,Faba-bean-necrotic-yellows-virus_taxid_59817.gbk,26,105,1,105,cluster00006,
27,Faba-bean-necrotic-yellows-virus_taxid_59817.gbk,27,82,1,82,cluster00006,
41,Faba-bean-yellow-leaf-virus_taxid_1137801.gbk,41,106,1,106,cluster00006,
42,Milk-vetch-dwarf-virus_taxid_67585.gbk,42,123,1,123,cluster00006,
57,Pea-necrotic-yellow-dwarf-virus_taxid_753670.gbk,57,103,1,103,cluster00006,
58,Pea-yellow-stunt-virus_taxid_1436892.gbk,58,103,1,103,cluster00006,
7,Black-medic-leaf-roll-virus_taxid_2038729.gbk,7,173,1,173,cluster00007,
11,Cow-vetch-latent-virus_taxid_2056780.gbk,11,171,1,171,cluster00007,
21,Faba-bean-necrotic-stunt-virus_taxid_283824.gbk,21,172,1,172,cluster00007,
30,Faba-bean-necrotic-yellows-virus_taxid_59817.gbk,30,172,1,172,cluster00007,
38,Faba-bean-yellow-leaf-virus_taxid_1137801.gbk,38,172,1,172,cluster00007,
44,Milk-vetch-dwarf-virus_taxid_67585.gbk,44,172,1,172,cluster00007,
52,Pea-necrotic-yellow-dwarf-virus_taxid_753670.gbk,52,170,1,170,cluster00007,
63,Pea-yellow-stunt-virus_taxid_1436892.gbk,63,171,1,171,cluster00007,
8,Black-medic-leaf-roll-virus_taxid_2038729.gbk,8,123,1,123,cluster00008,
16,Cow-vetch-latent-virus_taxid_2056780.gbk,16,112,1,112,cluster00008,
20,Faba-bean-necrotic-stunt-virus_taxid_283824.gbk,20,121,1,121,cluster00008,
32,Faba-bean-necrotic-yellows-virus_taxid_59817.gbk,32,124,1,124,cluster00008,
39,Faba-bean-yellow-leaf-virus_taxid_1137801.gbk,39,121,1,121,cluster00008,
48,Milk-vetch-dwarf-virus_taxid_67585.gbk,48,125,1,125,cluster00008,
51,Pea-necrotic-yellow-dwarf-virus_taxid_753670.gbk,51,118,1,118,cluster00008,
60,Pea-yellow-stunt-virus_taxid_1436892.gbk,60,124,1,124,cluster00008,
