INFO [2021-10-29 03:17:01] $x
INFO [2021-10-29 03:17:01] list(Not_Annotated, Annotated_by_eval, Annotated_by_perc)
INFO [2021-10-29 03:17:01] 
INFO [2021-10-29 03:17:01] $category.names
INFO [2021-10-29 03:17:01] c("Not annotated", "Annotated by e-value", "Annotated by %identity")
INFO [2021-10-29 03:17:01] 
INFO [2021-10-29 03:17:01] $filename
INFO [2021-10-29 03:17:01] vennfile
INFO [2021-10-29 03:17:01] 
INFO [2021-10-29 03:17:01] $output
INFO [2021-10-29 03:17:01] [1] TRUE
INFO [2021-10-29 03:17:01] 
INFO [2021-10-29 03:17:01] $imagetype
INFO [2021-10-29 03:17:01] [1] "png"
INFO [2021-10-29 03:17:01] 
INFO [2021-10-29 03:17:01] $height
INFO [2021-10-29 03:17:01] [1] 700
INFO [2021-10-29 03:17:01] 
INFO [2021-10-29 03:17:01] $width
INFO [2021-10-29 03:17:01] [1] 700
INFO [2021-10-29 03:17:01] 
INFO [2021-10-29 03:17:01] $resolution
INFO [2021-10-29 03:17:01] [1] 300
INFO [2021-10-29 03:17:01] 
INFO [2021-10-29 03:17:01] $compression
INFO [2021-10-29 03:17:01] [1] "lzw"
INFO [2021-10-29 03:17:01] 
INFO [2021-10-29 03:17:01] $lwd
INFO [2021-10-29 03:17:01] [1] 1
INFO [2021-10-29 03:17:01] 
INFO [2021-10-29 03:17:01] $col
INFO [2021-10-29 03:17:01] c("#440154ff", "#21908dff", "#DC143C")
INFO [2021-10-29 03:17:01] 
INFO [2021-10-29 03:17:01] $fill
INFO [2021-10-29 03:17:01] c(alpha("#440154ff", 0.3), alpha("#21908dff", 0.3), alpha("#DC143C", 
INFO [2021-10-29 03:17:01]     0.3))
INFO [2021-10-29 03:17:01] 
INFO [2021-10-29 03:17:01] $cex
INFO [2021-10-29 03:17:01] [1] 0.3
INFO [2021-10-29 03:17:01] 
INFO [2021-10-29 03:17:01] $fontfamily
INFO [2021-10-29 03:17:01] [1] "sans"
INFO [2021-10-29 03:17:01] 
INFO [2021-10-29 03:17:01] $cat.cex
INFO [2021-10-29 03:17:01] [1] 0.3
INFO [2021-10-29 03:17:01] 
INFO [2021-10-29 03:17:01] $cat.default.pos
INFO [2021-10-29 03:17:01] [1] "outer"
INFO [2021-10-29 03:17:01] 
INFO [2021-10-29 03:17:01] $cat.fontfamily
INFO [2021-10-29 03:17:01] [1] "sans"
INFO [2021-10-29 03:17:01] 
INFO [2021-10-29 03:17:01] $cat.col
INFO [2021-10-29 03:17:01] c("#440154ff", "#21908dff", "#DC143C")
INFO [2021-10-29 03:17:01] 
INFO [2021-10-29 03:17:01] $rotation
INFO [2021-10-29 03:17:01] [1] 1
INFO [2021-10-29 03:17:01] 
INFO [2021-10-29 03:17:01] $margin
INFO [2021-10-29 03:17:01] [1] 0.1
INFO [2021-10-29 03:17:01] 
