INFO [2021-10-29 16:12:23] $x
INFO [2021-10-29 16:12:23] list(Not_Annotated, Annotated_by_eval, Annotated_by_perc)
INFO [2021-10-29 16:12:23] 
INFO [2021-10-29 16:12:23] $category.names
INFO [2021-10-29 16:12:23] c("Not annotated", "Annotated by e-value", "Annotated by %identity")
INFO [2021-10-29 16:12:23] 
INFO [2021-10-29 16:12:23] $filename
INFO [2021-10-29 16:12:23] vennfile
INFO [2021-10-29 16:12:23] 
INFO [2021-10-29 16:12:23] $output
INFO [2021-10-29 16:12:23] [1] TRUE
INFO [2021-10-29 16:12:23] 
INFO [2021-10-29 16:12:23] $imagetype
INFO [2021-10-29 16:12:23] [1] "png"
INFO [2021-10-29 16:12:23] 
INFO [2021-10-29 16:12:23] $height
INFO [2021-10-29 16:12:23] [1] 700
INFO [2021-10-29 16:12:23] 
INFO [2021-10-29 16:12:23] $width
INFO [2021-10-29 16:12:23] [1] 700
INFO [2021-10-29 16:12:23] 
INFO [2021-10-29 16:12:23] $resolution
INFO [2021-10-29 16:12:23] [1] 300
INFO [2021-10-29 16:12:23] 
INFO [2021-10-29 16:12:23] $compression
INFO [2021-10-29 16:12:23] [1] "lzw"
INFO [2021-10-29 16:12:23] 
INFO [2021-10-29 16:12:23] $lwd
INFO [2021-10-29 16:12:23] [1] 1
INFO [2021-10-29 16:12:23] 
INFO [2021-10-29 16:12:23] $col
INFO [2021-10-29 16:12:23] c("#440154ff", "#21908dff", "#DC143C")
INFO [2021-10-29 16:12:23] 
INFO [2021-10-29 16:12:23] $fill
INFO [2021-10-29 16:12:23] c(alpha("#440154ff", 0.3), alpha("#21908dff", 0.3), alpha("#DC143C", 
INFO [2021-10-29 16:12:23]     0.3))
INFO [2021-10-29 16:12:23] 
INFO [2021-10-29 16:12:23] $cex
INFO [2021-10-29 16:12:23] [1] 0.3
INFO [2021-10-29 16:12:23] 
INFO [2021-10-29 16:12:23] $fontfamily
INFO [2021-10-29 16:12:23] [1] "sans"
INFO [2021-10-29 16:12:23] 
INFO [2021-10-29 16:12:23] $cat.cex
INFO [2021-10-29 16:12:23] [1] 0.3
INFO [2021-10-29 16:12:23] 
INFO [2021-10-29 16:12:23] $cat.default.pos
INFO [2021-10-29 16:12:23] [1] "outer"
INFO [2021-10-29 16:12:23] 
INFO [2021-10-29 16:12:23] $cat.fontfamily
INFO [2021-10-29 16:12:23] [1] "sans"
INFO [2021-10-29 16:12:23] 
INFO [2021-10-29 16:12:23] $cat.col
INFO [2021-10-29 16:12:23] c("#440154ff", "#21908dff", "#DC143C")
INFO [2021-10-29 16:12:23] 
INFO [2021-10-29 16:12:23] $rotation
INFO [2021-10-29 16:12:23] [1] 1
INFO [2021-10-29 16:12:23] 
INFO [2021-10-29 16:12:23] $margin
INFO [2021-10-29 16:12:23] [1] 0.1
INFO [2021-10-29 16:12:23] 
