INFO [2021-10-30 01:51:42] $x
INFO [2021-10-30 01:51:42] list(Not_Annotated, Annotated_by_eval, Annotated_by_perc)
INFO [2021-10-30 01:51:42] 
INFO [2021-10-30 01:51:42] $category.names
INFO [2021-10-30 01:51:42] c("Not annotated", "Annotated by e-value", "Annotated by %identity")
INFO [2021-10-30 01:51:42] 
INFO [2021-10-30 01:51:42] $filename
INFO [2021-10-30 01:51:42] vennfile
INFO [2021-10-30 01:51:42] 
INFO [2021-10-30 01:51:42] $output
INFO [2021-10-30 01:51:42] [1] TRUE
INFO [2021-10-30 01:51:42] 
INFO [2021-10-30 01:51:42] $imagetype
INFO [2021-10-30 01:51:42] [1] "png"
INFO [2021-10-30 01:51:42] 
INFO [2021-10-30 01:51:42] $height
INFO [2021-10-30 01:51:42] [1] 700
INFO [2021-10-30 01:51:42] 
INFO [2021-10-30 01:51:42] $width
INFO [2021-10-30 01:51:42] [1] 700
INFO [2021-10-30 01:51:42] 
INFO [2021-10-30 01:51:42] $resolution
INFO [2021-10-30 01:51:42] [1] 300
INFO [2021-10-30 01:51:42] 
INFO [2021-10-30 01:51:42] $compression
INFO [2021-10-30 01:51:42] [1] "lzw"
INFO [2021-10-30 01:51:42] 
INFO [2021-10-30 01:51:42] $lwd
INFO [2021-10-30 01:51:42] [1] 1
INFO [2021-10-30 01:51:42] 
INFO [2021-10-30 01:51:42] $col
INFO [2021-10-30 01:51:42] c("#440154ff", "#21908dff", "#DC143C")
INFO [2021-10-30 01:51:42] 
INFO [2021-10-30 01:51:42] $fill
INFO [2021-10-30 01:51:42] c(alpha("#440154ff", 0.3), alpha("#21908dff", 0.3), alpha("#DC143C", 
INFO [2021-10-30 01:51:42]     0.3))
INFO [2021-10-30 01:51:42] 
INFO [2021-10-30 01:51:42] $cex
INFO [2021-10-30 01:51:42] [1] 0.3
INFO [2021-10-30 01:51:42] 
INFO [2021-10-30 01:51:42] $fontfamily
INFO [2021-10-30 01:51:42] [1] "sans"
INFO [2021-10-30 01:51:42] 
INFO [2021-10-30 01:51:42] $cat.cex
INFO [2021-10-30 01:51:42] [1] 0.3
INFO [2021-10-30 01:51:42] 
INFO [2021-10-30 01:51:42] $cat.default.pos
INFO [2021-10-30 01:51:42] [1] "outer"
INFO [2021-10-30 01:51:42] 
INFO [2021-10-30 01:51:42] $cat.fontfamily
INFO [2021-10-30 01:51:42] [1] "sans"
INFO [2021-10-30 01:51:42] 
INFO [2021-10-30 01:51:42] $cat.col
INFO [2021-10-30 01:51:42] c("#440154ff", "#21908dff", "#DC143C")
INFO [2021-10-30 01:51:42] 
INFO [2021-10-30 01:51:42] $rotation
INFO [2021-10-30 01:51:42] [1] 1
INFO [2021-10-30 01:51:42] 
INFO [2021-10-30 01:51:42] $margin
INFO [2021-10-30 01:51:42] [1] 0.1
INFO [2021-10-30 01:51:42] 
