INFO [2021-10-30 01:51:58] $x
INFO [2021-10-30 01:51:58] list(Not_Annotated, Annotated_by_eval, Annotated_by_perc)
INFO [2021-10-30 01:51:58] 
INFO [2021-10-30 01:51:58] $category.names
INFO [2021-10-30 01:51:58] c("Not annotated", "Annotated by e-value", "Annotated by %identity")
INFO [2021-10-30 01:51:58] 
INFO [2021-10-30 01:51:58] $filename
INFO [2021-10-30 01:51:58] vennfile
INFO [2021-10-30 01:51:58] 
INFO [2021-10-30 01:51:58] $output
INFO [2021-10-30 01:51:58] [1] TRUE
INFO [2021-10-30 01:51:58] 
INFO [2021-10-30 01:51:58] $imagetype
INFO [2021-10-30 01:51:58] [1] "png"
INFO [2021-10-30 01:51:58] 
INFO [2021-10-30 01:51:58] $height
INFO [2021-10-30 01:51:58] [1] 700
INFO [2021-10-30 01:51:58] 
INFO [2021-10-30 01:51:58] $width
INFO [2021-10-30 01:51:58] [1] 700
INFO [2021-10-30 01:51:58] 
INFO [2021-10-30 01:51:58] $resolution
INFO [2021-10-30 01:51:58] [1] 300
INFO [2021-10-30 01:51:58] 
INFO [2021-10-30 01:51:58] $compression
INFO [2021-10-30 01:51:58] [1] "lzw"
INFO [2021-10-30 01:51:58] 
INFO [2021-10-30 01:51:58] $lwd
INFO [2021-10-30 01:51:58] [1] 1
INFO [2021-10-30 01:51:58] 
INFO [2021-10-30 01:51:58] $col
INFO [2021-10-30 01:51:58] c("#440154ff", "#21908dff", "#DC143C")
INFO [2021-10-30 01:51:58] 
INFO [2021-10-30 01:51:58] $fill
INFO [2021-10-30 01:51:58] c(alpha("#440154ff", 0.3), alpha("#21908dff", 0.3), alpha("#DC143C", 
INFO [2021-10-30 01:51:58]     0.3))
INFO [2021-10-30 01:51:58] 
INFO [2021-10-30 01:51:58] $cex
INFO [2021-10-30 01:51:58] [1] 0.3
INFO [2021-10-30 01:51:58] 
INFO [2021-10-30 01:51:58] $fontfamily
INFO [2021-10-30 01:51:58] [1] "sans"
INFO [2021-10-30 01:51:58] 
INFO [2021-10-30 01:51:58] $cat.cex
INFO [2021-10-30 01:51:58] [1] 0.3
INFO [2021-10-30 01:51:58] 
INFO [2021-10-30 01:51:58] $cat.default.pos
INFO [2021-10-30 01:51:58] [1] "outer"
INFO [2021-10-30 01:51:58] 
INFO [2021-10-30 01:51:58] $cat.fontfamily
INFO [2021-10-30 01:51:58] [1] "sans"
INFO [2021-10-30 01:51:58] 
INFO [2021-10-30 01:51:58] $cat.col
INFO [2021-10-30 01:51:58] c("#440154ff", "#21908dff", "#DC143C")
INFO [2021-10-30 01:51:58] 
INFO [2021-10-30 01:51:58] $rotation
INFO [2021-10-30 01:51:58] [1] 1
INFO [2021-10-30 01:51:58] 
INFO [2021-10-30 01:51:58] $margin
INFO [2021-10-30 01:51:58] [1] 0.1
INFO [2021-10-30 01:51:58] 
