1,Enterobacteria-phage-WA13-sensu-lato_taxid_489828.gbk,1,494,1,494,cluster00001,
11,Escherichia-phage-ID21_taxid_338101.gbk,11,494,1,494,cluster00001,
21,Escherichia-phage-ID32_taxid_338102.gbk,21,494,1,494,cluster00001,
31,Escherichia-phage-ID62_taxid_338107.gbk,31,494,1,494,cluster00001,
41,Escherichia-phage-NC28_taxid_338106.gbk,41,494,1,494,cluster00001,
51,Escherichia-phage-NC29_taxid_338110.gbk,51,494,1,494,cluster00001,
61,Escherichia-phage-NC35_taxid_338103.gbk,61,494,1,494,cluster00001,
71,Escherichia-phage-St-1_taxid_10845.gbk,71,494,1,494,cluster00001,
72,Escherichia-phage-St-1_taxid_10845.gbk,72,323,1,323,cluster00001,
82,Escherichia-phage-WA45_taxid_338105.gbk,82,494,1,494,cluster00001,
92,Escherichia-phage-alpha3_taxid_10849.gbk,92,494,1,494,cluster00001,
102,Escherichia-phage-phiK_taxid_2507234.gbk,102,494,1,494,cluster00001,
2,Enterobacteria-phage-WA13-sensu-lato_taxid_489828.gbk,2,117,1,117,cluster00002,
12,Escherichia-phage-ID21_taxid_338101.gbk,12,117,1,117,cluster00002,
22,Escherichia-phage-ID32_taxid_338102.gbk,22,117,1,117,cluster00002,
32,Escherichia-phage-ID62_taxid_338107.gbk,32,117,1,117,cluster00002,
42,Escherichia-phage-NC28_taxid_338106.gbk,42,117,1,117,cluster00002,
52,Escherichia-phage-NC29_taxid_338110.gbk,52,117,1,117,cluster00002,
62,Escherichia-phage-NC35_taxid_338103.gbk,62,117,1,117,cluster00002,
73,Escherichia-phage-St-1_taxid_10845.gbk,73,117,1,117,cluster00002,
83,Escherichia-phage-WA45_taxid_338105.gbk,83,117,1,117,cluster00002,
93,Escherichia-phage-alpha3_taxid_10849.gbk,93,117,1,117,cluster00002,
103,Escherichia-phage-phiK_taxid_2507234.gbk,103,117,1,117,cluster00002,
3,Enterobacteria-phage-WA13-sensu-lato_taxid_489828.gbk,3,53,1,53,cluster00003,
13,Escherichia-phage-ID21_taxid_338101.gbk,13,62,1,62,cluster00003,
23,Escherichia-phage-ID32_taxid_338102.gbk,23,53,1,53,cluster00003,
33,Escherichia-phage-ID62_taxid_338107.gbk,33,53,1,53,cluster00003,
43,Escherichia-phage-NC28_taxid_338106.gbk,43,53,1,53,cluster00003,
53,Escherichia-phage-NC29_taxid_338110.gbk,53,53,1,53,cluster00003,
63,Escherichia-phage-NC35_taxid_338103.gbk,63,53,1,53,cluster00003,
74,Escherichia-phage-St-1_taxid_10845.gbk,74,58,1,58,cluster00003,
84,Escherichia-phage-WA45_taxid_338105.gbk,84,53,1,53,cluster00003,
94,Escherichia-phage-alpha3_taxid_10849.gbk,94,53,1,53,cluster00003,
104,Escherichia-phage-phiK_taxid_2507234.gbk,104,53,1,53,cluster00003,
4,Enterobacteria-phage-WA13-sensu-lato_taxid_489828.gbk,4,68,1,68,cluster00004,
14,Escherichia-phage-ID21_taxid_338101.gbk,14,68,1,68,cluster00004,
24,Escherichia-phage-ID32_taxid_338102.gbk,24,68,1,68,cluster00004,
34,Escherichia-phage-ID62_taxid_338107.gbk,34,68,1,68,cluster00004,
44,Escherichia-phage-NC28_taxid_338106.gbk,44,68,1,68,cluster00004,
54,Escherichia-phage-NC29_taxid_338110.gbk,54,68,1,68,cluster00004,
64,Escherichia-phage-NC35_taxid_338103.gbk,64,68,1,68,cluster00004,
75,Escherichia-phage-St-1_taxid_10845.gbk,75,68,1,68,cluster00004,
85,Escherichia-phage-WA45_taxid_338105.gbk,85,68,1,68,cluster00004,
95,Escherichia-phage-alpha3_taxid_10849.gbk,95,68,1,68,cluster00004,
105,Escherichia-phage-phiK_taxid_2507234.gbk,105,68,1,68,cluster00004,
5,Enterobacteria-phage-WA13-sensu-lato_taxid_489828.gbk,5,152,1,152,cluster00005,
15,Escherichia-phage-ID21_taxid_338101.gbk,15,152,1,152,cluster00005,
25,Escherichia-phage-ID32_taxid_338102.gbk,25,152,1,152,cluster00005,
35,Escherichia-phage-ID62_taxid_338107.gbk,35,152,1,152,cluster00005,
45,Escherichia-phage-NC28_taxid_338106.gbk,45,152,1,152,cluster00005,
55,Escherichia-phage-NC29_taxid_338110.gbk,55,152,1,152,cluster00005,
65,Escherichia-phage-NC35_taxid_338103.gbk,65,152,1,152,cluster00005,
76,Escherichia-phage-St-1_taxid_10845.gbk,76,150,1,150,cluster00005,
86,Escherichia-phage-WA45_taxid_338105.gbk,86,152,1,152,cluster00005,
96,Escherichia-phage-alpha3_taxid_10849.gbk,96,150,1,150,cluster00005,
106,Escherichia-phage-phiK_taxid_2507234.gbk,106,150,1,150,cluster00005,
6,Enterobacteria-phage-WA13-sensu-lato_taxid_489828.gbk,6,76,1,76,cluster00006,
16,Escherichia-phage-ID21_taxid_338101.gbk,16,76,1,76,cluster00006,
26,Escherichia-phage-ID32_taxid_338102.gbk,26,76,1,76,cluster00006,
36,Escherichia-phage-ID62_taxid_338107.gbk,36,76,1,76,cluster00006,
46,Escherichia-phage-NC28_taxid_338106.gbk,46,76,1,76,cluster00006,
56,Escherichia-phage-NC29_taxid_338110.gbk,56,76,1,76,cluster00006,
66,Escherichia-phage-NC35_taxid_338103.gbk,66,76,1,76,cluster00006,
77,Escherichia-phage-St-1_taxid_10845.gbk,77,75,1,75,cluster00006,
87,Escherichia-phage-WA45_taxid_338105.gbk,87,76,1,76,cluster00006,
97,Escherichia-phage-alpha3_taxid_10849.gbk,97,75,1,75,cluster00006,
107,Escherichia-phage-phiK_taxid_2507234.gbk,107,75,1,75,cluster00006,
7,Enterobacteria-phage-WA13-sensu-lato_taxid_489828.gbk,7,24,1,24,cluster00007,
17,Escherichia-phage-ID21_taxid_338101.gbk,17,24,1,24,cluster00007,
27,Escherichia-phage-ID32_taxid_338102.gbk,27,24,1,24,cluster00007,
37,Escherichia-phage-ID62_taxid_338107.gbk,37,24,1,24,cluster00007,
47,Escherichia-phage-NC28_taxid_338106.gbk,47,24,1,24,cluster00007,
57,Escherichia-phage-NC29_taxid_338110.gbk,57,24,1,24,cluster00007,
67,Escherichia-phage-NC35_taxid_338103.gbk,67,24,1,24,cluster00007,
78,Escherichia-phage-St-1_taxid_10845.gbk,78,24,1,24,cluster00007,
88,Escherichia-phage-WA45_taxid_338105.gbk,88,24,1,24,cluster00007,
98,Escherichia-phage-alpha3_taxid_10849.gbk,98,24,1,24,cluster00007,
108,Escherichia-phage-phiK_taxid_2507234.gbk,108,24,1,24,cluster00007,
8,Enterobacteria-phage-WA13-sensu-lato_taxid_489828.gbk,8,427,1,427,cluster00008,
18,Escherichia-phage-ID21_taxid_338101.gbk,18,427,1,427,cluster00008,
28,Escherichia-phage-ID32_taxid_338102.gbk,28,427,1,427,cluster00008,
38,Escherichia-phage-ID62_taxid_338107.gbk,38,427,1,427,cluster00008,
48,Escherichia-phage-NC28_taxid_338106.gbk,48,427,1,427,cluster00008,
58,Escherichia-phage-NC29_taxid_338110.gbk,58,427,1,427,cluster00008,
68,Escherichia-phage-NC35_taxid_338103.gbk,68,427,1,427,cluster00008,
79,Escherichia-phage-St-1_taxid_10845.gbk,79,431,1,431,cluster00008,
89,Escherichia-phage-WA45_taxid_338105.gbk,89,427,1,427,cluster00008,
99,Escherichia-phage-alpha3_taxid_10849.gbk,99,431,1,431,cluster00008,
109,Escherichia-phage-phiK_taxid_2507234.gbk,109,431,1,431,cluster00008,
9,Enterobacteria-phage-WA13-sensu-lato_taxid_489828.gbk,9,181,1,181,cluster00009,
19,Escherichia-phage-ID21_taxid_338101.gbk,19,181,1,181,cluster00009,
29,Escherichia-phage-ID32_taxid_338102.gbk,29,181,1,181,cluster00009,
39,Escherichia-phage-ID62_taxid_338107.gbk,39,181,1,181,cluster00009,
49,Escherichia-phage-NC28_taxid_338106.gbk,49,181,1,181,cluster00009,
59,Escherichia-phage-NC29_taxid_338110.gbk,59,181,1,181,cluster00009,
69,Escherichia-phage-NC35_taxid_338103.gbk,69,181,1,181,cluster00009,
80,Escherichia-phage-St-1_taxid_10845.gbk,80,187,1,187,cluster00009,
90,Escherichia-phage-WA45_taxid_338105.gbk,90,181,1,181,cluster00009,
100,Escherichia-phage-alpha3_taxid_10849.gbk,100,187,1,187,cluster00009,
110,Escherichia-phage-phiK_taxid_2507234.gbk,110,187,1,187,cluster00009,
10,Enterobacteria-phage-WA13-sensu-lato_taxid_489828.gbk,10,325,1,325,cluster00010,
20,Escherichia-phage-ID21_taxid_338101.gbk,20,325,1,325,cluster00010,
30,Escherichia-phage-ID32_taxid_338102.gbk,30,325,1,325,cluster00010,
40,Escherichia-phage-ID62_taxid_338107.gbk,40,325,1,325,cluster00010,
50,Escherichia-phage-NC28_taxid_338106.gbk,50,325,1,325,cluster00010,
60,Escherichia-phage-NC29_taxid_338110.gbk,60,325,1,325,cluster00010,
70,Escherichia-phage-NC35_taxid_338103.gbk,70,325,1,325,cluster00010,
81,Escherichia-phage-St-1_taxid_10845.gbk,81,332,1,332,cluster00010,
91,Escherichia-phage-WA45_taxid_338105.gbk,91,325,1,325,cluster00010,
101,Escherichia-phage-alpha3_taxid_10849.gbk,101,330,1,330,cluster00010,
111,Escherichia-phage-phiK_taxid_2507234.gbk,111,332,1,332,cluster00010,
