INFO [2021-10-20 03:07:59] $x
INFO [2021-10-20 03:07:59] list(Not_Annotated, Annotated_by_eval, Annotated_by_perc)
INFO [2021-10-20 03:07:59] 
INFO [2021-10-20 03:07:59] $category.names
INFO [2021-10-20 03:07:59] c("Not annotated", "Annotated by e-value", "Annotated by %identity")
INFO [2021-10-20 03:07:59] 
INFO [2021-10-20 03:07:59] $filename
INFO [2021-10-20 03:07:59] vennfile
INFO [2021-10-20 03:07:59] 
INFO [2021-10-20 03:07:59] $output
INFO [2021-10-20 03:07:59] [1] TRUE
INFO [2021-10-20 03:07:59] 
INFO [2021-10-20 03:07:59] $imagetype
INFO [2021-10-20 03:07:59] [1] "png"
INFO [2021-10-20 03:07:59] 
INFO [2021-10-20 03:07:59] $height
INFO [2021-10-20 03:07:59] [1] 700
INFO [2021-10-20 03:07:59] 
INFO [2021-10-20 03:07:59] $width
INFO [2021-10-20 03:07:59] [1] 700
INFO [2021-10-20 03:07:59] 
INFO [2021-10-20 03:07:59] $resolution
INFO [2021-10-20 03:07:59] [1] 300
INFO [2021-10-20 03:07:59] 
INFO [2021-10-20 03:07:59] $compression
INFO [2021-10-20 03:07:59] [1] "lzw"
INFO [2021-10-20 03:07:59] 
INFO [2021-10-20 03:07:59] $lwd
INFO [2021-10-20 03:07:59] [1] 1
INFO [2021-10-20 03:07:59] 
INFO [2021-10-20 03:07:59] $col
INFO [2021-10-20 03:07:59] c("#440154ff", "#21908dff", "#DC143C")
INFO [2021-10-20 03:07:59] 
INFO [2021-10-20 03:07:59] $fill
INFO [2021-10-20 03:07:59] c(alpha("#440154ff", 0.3), alpha("#21908dff", 0.3), alpha("#DC143C", 
INFO [2021-10-20 03:07:59]     0.3))
INFO [2021-10-20 03:07:59] 
INFO [2021-10-20 03:07:59] $cex
INFO [2021-10-20 03:07:59] [1] 0.3
INFO [2021-10-20 03:07:59] 
INFO [2021-10-20 03:07:59] $fontfamily
INFO [2021-10-20 03:07:59] [1] "sans"
INFO [2021-10-20 03:07:59] 
INFO [2021-10-20 03:07:59] $cat.cex
INFO [2021-10-20 03:07:59] [1] 0.3
INFO [2021-10-20 03:07:59] 
INFO [2021-10-20 03:07:59] $cat.default.pos
INFO [2021-10-20 03:07:59] [1] "outer"
INFO [2021-10-20 03:07:59] 
INFO [2021-10-20 03:07:59] $cat.fontfamily
INFO [2021-10-20 03:07:59] [1] "sans"
INFO [2021-10-20 03:07:59] 
INFO [2021-10-20 03:07:59] $cat.col
INFO [2021-10-20 03:07:59] c("#440154ff", "#21908dff", "#DC143C")
INFO [2021-10-20 03:07:59] 
INFO [2021-10-20 03:07:59] $rotation
INFO [2021-10-20 03:07:59] [1] 1
INFO [2021-10-20 03:07:59] 
INFO [2021-10-20 03:07:59] $margin
INFO [2021-10-20 03:07:59] [1] 0.1
INFO [2021-10-20 03:07:59] 
