1,Ageratum-conyzoides-associated-symptomless-alphasatellite_taxid_944995.gbk,1,284,1,284,cluster00001,
2,Ageratum-conyzoides-symptomless-alphasatellite_taxid_1705092.gbk,2,315,1,315,cluster00001,
3,Ageratum-enation-alphasatellite_taxid_1260769.gbk,3,315,1,315,cluster00001,
7,Ageratum-yellow-vein-China-alphasatellite_taxid_1454227.gbk,7,315,1,315,cluster00001,
8,Ageratum-yellow-vein-India-alphasatellite_taxid_1407058.gbk,8,315,1,315,cluster00001,
9,Ageratum-yellow-vein-Pakistan-alphasatellite_taxid_1468596.gbk,9,315,1,315,cluster00001,
10,Ageratum-yellow-vein-Singapore-alphasatellite_taxid_915293.gbk,10,295,1,295,cluster00001,
11,Ageratum-yellow-vein-alphasatellite_taxid_187850.gbk,11,315,1,315,cluster00001,
12,Banana-bunchy-top-alphasatellite-2_taxid_2169722.gbk,12,283,1,283,cluster00001,
13,Banana-bunchy-top-alphasatellite-3_taxid_2169723.gbk,13,284,1,284,cluster00001,
14,Bendhi-Yellow-Vein-Mosaic-Mesta-Yellow-Vein-Mosaic-alphasatellite_taxid_713090.gbk,14,315,1,315,cluster00001,
16,Bhendi-yellow-vein-mosaic-virus-associated-alphasatellite_taxid_1225644.gbk,16,295,1,295,cluster00001,
17,Bhindi-yellow-vein-alphasatellite_taxid_1841147.gbk,17,298,1,298,cluster00001,
18,Black-medic-leafroll-alphasatellite-1_taxid_1441796.gbk,18,281,1,281,cluster00001,
19,Cardamom-bushy-dwarf-alphasatellite_taxid_2169724.gbk,19,284,1,284,cluster00001,
20,Cassava-mosaic-Madagascar-alphasatellite_taxid_1231298.gbk,20,315,1,315,cluster00001,
21,Chilli-leaf-curl-India-alphasatellite_taxid_1507725.gbk,21,315,1,315,cluster00001,
22,Chilli-leaf-curl-Multan-alphasatellite_taxid_661505.gbk,22,314,1,314,cluster00001,
23,Chilli-leaf-curl-alphasatellite_taxid_1428342.gbk,23,315,1,315,cluster00001,
24,Cleome-leaf-crumple-alphasatellite_taxid_2169824.gbk,24,313,1,313,cluster00001,
27,Coconut-foliar-decay-alphasatellite-3_taxid_2161876.gbk,27,287,1,287,cluster00001,
28,Coconut-foliar-decay-alphasatellite-6_taxid_2161879.gbk,28,287,1,287,cluster00001,
29,Coconut-foliar-decay-alphasatellite-7_taxid_2161880.gbk,29,290,1,290,cluster00001,
31,Cotton-leaf-curl-Burewala-alphasatellite_taxid_713091.gbk,31,315,1,315,cluster00001,
32,Cotton-leaf-curl-Gezira-alphasatellite_taxid_679536.gbk,32,315,1,315,cluster00001,
33,Cotton-leaf-curl-Lucknow-alphasatellite_taxid_2169841.gbk,33,315,1,315,cluster00001,
34,Cotton-leaf-curl-Multan-alphasatellite_taxid_1048668.gbk,34,315,1,315,cluster00001,
35,Croton-yellow-vein-mosaic-alphasatellite_taxid_713089.gbk,35,313,1,313,cluster00001,
36,Cuban-alphasatellite-1_taxid_1188819.gbk,36,313,1,313,cluster00001,
38,Cucurbit-yellow-mosaic-alphasatellite_taxid_1819678.gbk,38,315,1,315,cluster00001,
40,Dragonfly-associated-alphasatellite_taxid_2169905.gbk,40,307,1,307,cluster00001,
41,Euphorbia-yellow-mosaic-virus-associated-DNA-1_taxid_666147.gbk,41,314,1,314,cluster00001,
42,Faba-bean-necrotic-stunt-alphasatellite-1_taxid_1441799.gbk,42,278,1,278,cluster00001,
43,Faba-bean-necrotic-stunt-alphasatellite-2_taxid_1441800.gbk,43,279,1,279,cluster00001,
45,Faba-bean-necrotic-yellows-C1-alphasatellite_taxid_1453080.gbk,45,278,1,278,cluster00001,
47,Faba-bean-necrotic-yellows-C11-alphasatellite_taxid_1453081.gbk,47,282,1,282,cluster00001,
48,Faba-bean-necrotic-yellows-C7-alphasatellite_taxid_1453082.gbk,48,283,1,283,cluster00001,
49,Faba-bean-necrotic-yellows-C9-alphasatellite_taxid_1453083.gbk,49,281,1,281,cluster00001,
50,Gossypium-darwinii-symptomless-alphasatellite_taxid_656025.gbk,50,315,1,315,cluster00001,
51,Gossypium-davidsonii-symptomless-alphasatellite_taxid_656028.gbk,51,295,1,295,cluster00001,
52,Gossypium-mustelinum-symptomless-alphasatellite_taxid_2169907.gbk,52,295,1,295,cluster00001,
53,Guar-leaf-curl-alphasatellite_taxid_748170.gbk,53,315,1,315,cluster00001,
54,Hibiscus-leaf-curl-alphasatellite_taxid_1468597.gbk,54,315,1,315,cluster00001,
55,Hollyhock-yellow-vein-virus-associated-symptomless-alphasatellite_taxid_944996.gbk,55,289,1,289,cluster00001,
56,Malvastrum-yellow-mosaic-Cameroon-alphasatellite_taxid_741733.gbk,56,316,1,316,cluster00001,
57,Malvastrum-yellow-mosaic-alphasatellite_taxid_377461.gbk,57,315,1,315,cluster00001,
58,Melon-chlorotic-mosaic-alphasatellite_taxid_2169825.gbk,58,314,1,314,cluster00001,
60,Mesta-yellow-vein-mosaic-alphasatellite_taxid_1705093.gbk,60,289,1,289,cluster00001,
61,Milk-vetch-dwarf-C1-alphasatellite_taxid_1455651.gbk,61,281,1,281,cluster00001,
62,Milk-vetch-dwarf-C10-alphasatellite_taxid_1455652.gbk,62,283,1,283,cluster00001,
63,Milk-vetch-dwarf-C2-alphasatellite_taxid_1455653.gbk,63,282,1,282,cluster00001,
64,Milk-vetch-dwarf-C3-alphasatellite_taxid_1455654.gbk,64,284,1,284,cluster00001,
65,Mimosa-yellow-leaf-curl-virus-associated-DNA-1_taxid_447598.gbk,65,315,1,315,cluster00001,
66,Nanovirus-like-particle_taxid_96892.gbk,66,315,1,315,cluster00001,
67,Nanovirus-like-particle_taxid_96892.gbk,67,315,1,315,cluster00001,
68,Nanovirus-like-particle_taxid_96892.gbk,68,315,1,315,cluster00001,
69,Okra-enation-leaf-curl-alphasatellite_taxid_1249467.gbk,69,217,1,217,cluster00001,
70,Okra-leaf-curl-alphasatellite_taxid_518829.gbk,70,315,1,315,cluster00001,
71,Okra-leaf-curl-alphasatellite_taxid_518829.gbk,71,315,1,315,cluster00001,
72,Okra-yellow-crinkle-Cameroon-alphasatellite-CM-Lys1sp2-09_taxid_743026.gbk,72,289,1,289,cluster00001,
73,Okra-yellow-crinkle-Cameroon-alphasatellite-CM-Lys1sp3-09_taxid_743027.gbk,73,289,1,289,cluster00001,
74,Papaya-leaf-curl-alphasatellite_taxid_1112202.gbk,74,312,1,312,cluster00001,
75,Parthenium-leaf-curl-alphasatellite_taxid_1755198.gbk,75,224,1,224,cluster00001,
76,Pea-necrotic-yellow-dwarf-alphasatellite-1_taxid_1441797.gbk,76,279,1,279,cluster00001,
77,Pea-necrotic-yellow-dwarf-alphasatellite-3_taxid_1441798.gbk,77,284,1,284,cluster00001,
78,Pedilanthus-leaf-curl-alphasatellite_taxid_2169842.gbk,78,315,1,315,cluster00001,
79,Sida-leaf-curl-alphasatellite_taxid_2169843.gbk,79,315,1,315,cluster00001,
80,Sida-yellow-vein-China-alphasatellite_taxid_1293961.gbk,80,315,1,315,cluster00001,
81,Sida-yellow-vein-Vietnam-alphasatellite_taxid_447597.gbk,81,315,1,315,cluster00001,
82,Sida-yellow-vein-alphasatellite_taxid_1506184.gbk,82,315,1,315,cluster00001,
83,Sida-yellow-vein-mosaic-alphasatellite_taxid_1535266.gbk,83,315,1,315,cluster00001,
84,Sophora-alopecuroides-yellow-stunt-alphasatellite-1a_taxid_1980161.gbk,84,281,1,281,cluster00001,
85,Sophora-alopecuroides-yellow-stunt-alphasatellite-4_taxid_1980165.gbk,85,279,1,279,cluster00001,
86,Sophora-alopecuroides-yellow-stunt-alphasatellite-7a_taxid_1980168.gbk,86,282,1,282,cluster00001,
87,Sophora-alopecuroides-yellow-stunt-alphasatellite-8_taxid_1980173.gbk,87,285,1,285,cluster00001,
88,Sophora-alopecuroides-yellow-stunt-alphasatellite-9_taxid_1980174.gbk,88,286,1,286,cluster00001,
89,Subterranean-clover-stunt-C2-alphasatellite_taxid_1458458.gbk,89,280,1,280,cluster00001,
90,Subterranean-clover-stunt-C6-alphasatellite_taxid_1458459.gbk,90,285,1,285,cluster00001,
91,Sunflower-leaf-curl-Karnataka-alphasatellite_taxid_1250303.gbk,91,315,1,315,cluster00001,
92,Synedrella-leaf-curl-alphasatellite_taxid_1544378.gbk,92,315,1,315,cluster00001,
93,Tobacco-curly-shoot-alphasatellite_taxid_926844.gbk,93,315,1,315,cluster00001,
94,Tobacco-leaf-curl-PUSA-alphasatellite_taxid_905055.gbk,94,315,1,315,cluster00001,
95,Tomato-leaf-curl-Cameroon-alphasatellite-CM-OMHD3-Ok-09_taxid_743041.gbk,95,317,1,317,cluster00001,
96,Tomato-leaf-curl-Cameroon-alphasatellite-CM-TOS2D1-To-09_taxid_743042.gbk,96,317,1,317,cluster00001,
97,Tomato-leaf-curl-Cameroon-alphasatellite_taxid_743040.gbk,97,315,1,315,cluster00001,
98,Tomato-leaf-curl-Pakistan-alphasatellite_taxid_538004.gbk,98,204,1,204,cluster00001,
99,Tomato-leaf-curl-alphasatellite_taxid_1407057.gbk,99,315,1,315,cluster00001,
100,Tomato-yellow-leaf-curl-China-alphasatellite_taxid_240557.gbk,100,314,1,314,cluster00001,
101,Tomato-yellow-leaf-curl-Yunnan-alphasatellite_taxid_2169846.gbk,101,315,1,315,cluster00001,
102,Tomato-yellow-spot-alphasatellite_taxid_2169827.gbk,102,313,1,313,cluster00001,
103,Vernonia-yellow-vein-Fujian-alphasatellite_taxid_2169908.gbk,103,295,1,295,cluster00001,
104,Whitefly-associated-Guatemala-alphasatellite-1_taxid_2560838.gbk,104,314,1,314,cluster00001,
105,Whitefly-associated-Guatemala-alphasatellite-2_taxid_2169828.gbk,105,313,1,313,cluster00001,
106,Whitefly-associated-Puerto-Rico-alphasatellite-1_taxid_2169829.gbk,106,313,1,313,cluster00001,
37,Cuban-alphasatellite-1_taxid_1188819.gbk,37,167,1,167,cluster00002,
39,Cucurbit-yellow-mosaic-alphasatellite_taxid_1819678.gbk,39,139,1,139,cluster00002,
59,Melon-chlorotic-mosaic-alphasatellite_taxid_2169825.gbk,59,139,1,139,cluster00002,
37,Cuban-alphasatellite-1_taxid_1188819.gbk,37,167,1,167,cluster00003,
74,Papaya-leaf-curl-alphasatellite_taxid_1112202.gbk,74,312,1,312,cluster00003,
4,Ageratum-leaf-curl-Cameroon-alphasatellite_taxid_743035.gbk,4,74,1,74,,
5,Ageratum-leaf-curl-Cameroon-alphasatellite_taxid_743035.gbk,5,69,1,69,,
6,Ageratum-leaf-curl-Cameroon-alphasatellite_taxid_743035.gbk,6,115,1,115,,
15,Bhendi-yellow-vein-mosaic-alphasatellite_taxid_759124.gbk,15,153,1,153,,
25,Coconut-foliar-decay-alphasatellite-3_taxid_2161876.gbk,25,69,1,69,,
26,Coconut-foliar-decay-alphasatellite-3_taxid_2161876.gbk,26,85,1,85,,
30,Coconut-foliar-decay-alphasatellite-7_taxid_2161880.gbk,30,108,1,108,,
44,Faba-bean-necrotic-yellows-C1-alphasatellite_taxid_1453080.gbk,44,65,1,65,,
46,Faba-bean-necrotic-yellows-C1-alphasatellite_taxid_1453080.gbk,46,77,1,77,,
