INFO [2021-10-29 15:54:15] $x
INFO [2021-10-29 15:54:15] list(Not_Annotated, Annotated_by_eval, Annotated_by_perc)
INFO [2021-10-29 15:54:15] 
INFO [2021-10-29 15:54:15] $category.names
INFO [2021-10-29 15:54:15] c("Not annotated", "Annotated by e-value", "Annotated by %identity")
INFO [2021-10-29 15:54:15] 
INFO [2021-10-29 15:54:15] $filename
INFO [2021-10-29 15:54:15] vennfile
INFO [2021-10-29 15:54:15] 
INFO [2021-10-29 15:54:15] $output
INFO [2021-10-29 15:54:15] [1] TRUE
INFO [2021-10-29 15:54:15] 
INFO [2021-10-29 15:54:15] $imagetype
INFO [2021-10-29 15:54:15] [1] "png"
INFO [2021-10-29 15:54:15] 
INFO [2021-10-29 15:54:15] $height
INFO [2021-10-29 15:54:15] [1] 700
INFO [2021-10-29 15:54:15] 
INFO [2021-10-29 15:54:15] $width
INFO [2021-10-29 15:54:15] [1] 700
INFO [2021-10-29 15:54:15] 
INFO [2021-10-29 15:54:15] $resolution
INFO [2021-10-29 15:54:15] [1] 300
INFO [2021-10-29 15:54:15] 
INFO [2021-10-29 15:54:15] $compression
INFO [2021-10-29 15:54:15] [1] "lzw"
INFO [2021-10-29 15:54:15] 
INFO [2021-10-29 15:54:15] $lwd
INFO [2021-10-29 15:54:15] [1] 1
INFO [2021-10-29 15:54:15] 
INFO [2021-10-29 15:54:15] $col
INFO [2021-10-29 15:54:15] c("#440154ff", "#21908dff", "#DC143C")
INFO [2021-10-29 15:54:15] 
INFO [2021-10-29 15:54:15] $fill
INFO [2021-10-29 15:54:15] c(alpha("#440154ff", 0.3), alpha("#21908dff", 0.3), alpha("#DC143C", 
INFO [2021-10-29 15:54:15]     0.3))
INFO [2021-10-29 15:54:15] 
INFO [2021-10-29 15:54:15] $cex
INFO [2021-10-29 15:54:15] [1] 0.3
INFO [2021-10-29 15:54:15] 
INFO [2021-10-29 15:54:15] $fontfamily
INFO [2021-10-29 15:54:15] [1] "sans"
INFO [2021-10-29 15:54:15] 
INFO [2021-10-29 15:54:15] $cat.cex
INFO [2021-10-29 15:54:15] [1] 0.3
INFO [2021-10-29 15:54:15] 
INFO [2021-10-29 15:54:15] $cat.default.pos
INFO [2021-10-29 15:54:15] [1] "outer"
INFO [2021-10-29 15:54:15] 
INFO [2021-10-29 15:54:15] $cat.fontfamily
INFO [2021-10-29 15:54:15] [1] "sans"
INFO [2021-10-29 15:54:15] 
INFO [2021-10-29 15:54:15] $cat.col
INFO [2021-10-29 15:54:15] c("#440154ff", "#21908dff", "#DC143C")
INFO [2021-10-29 15:54:15] 
INFO [2021-10-29 15:54:15] $rotation
INFO [2021-10-29 15:54:15] [1] 1
INFO [2021-10-29 15:54:15] 
INFO [2021-10-29 15:54:15] $margin
INFO [2021-10-29 15:54:15] [1] 0.1
INFO [2021-10-29 15:54:15] 
