INFO [2021-10-30 01:51:03] $x
INFO [2021-10-30 01:51:03] list(Not_Annotated, Annotated_by_eval, Annotated_by_perc)
INFO [2021-10-30 01:51:03] 
INFO [2021-10-30 01:51:03] $category.names
INFO [2021-10-30 01:51:03] c("Not annotated", "Annotated by e-value", "Annotated by %identity")
INFO [2021-10-30 01:51:03] 
INFO [2021-10-30 01:51:03] $filename
INFO [2021-10-30 01:51:03] vennfile
INFO [2021-10-30 01:51:03] 
INFO [2021-10-30 01:51:03] $output
INFO [2021-10-30 01:51:03] [1] TRUE
INFO [2021-10-30 01:51:03] 
INFO [2021-10-30 01:51:03] $imagetype
INFO [2021-10-30 01:51:03] [1] "png"
INFO [2021-10-30 01:51:03] 
INFO [2021-10-30 01:51:03] $height
INFO [2021-10-30 01:51:03] [1] 700
INFO [2021-10-30 01:51:03] 
INFO [2021-10-30 01:51:03] $width
INFO [2021-10-30 01:51:03] [1] 700
INFO [2021-10-30 01:51:03] 
INFO [2021-10-30 01:51:03] $resolution
INFO [2021-10-30 01:51:03] [1] 300
INFO [2021-10-30 01:51:03] 
INFO [2021-10-30 01:51:03] $compression
INFO [2021-10-30 01:51:03] [1] "lzw"
INFO [2021-10-30 01:51:03] 
INFO [2021-10-30 01:51:03] $lwd
INFO [2021-10-30 01:51:03] [1] 1
INFO [2021-10-30 01:51:03] 
INFO [2021-10-30 01:51:03] $col
INFO [2021-10-30 01:51:03] c("#440154ff", "#21908dff", "#DC143C")
INFO [2021-10-30 01:51:03] 
INFO [2021-10-30 01:51:03] $fill
INFO [2021-10-30 01:51:03] c(alpha("#440154ff", 0.3), alpha("#21908dff", 0.3), alpha("#DC143C", 
INFO [2021-10-30 01:51:03]     0.3))
INFO [2021-10-30 01:51:03] 
INFO [2021-10-30 01:51:03] $cex
INFO [2021-10-30 01:51:03] [1] 0.3
INFO [2021-10-30 01:51:03] 
INFO [2021-10-30 01:51:03] $fontfamily
INFO [2021-10-30 01:51:03] [1] "sans"
INFO [2021-10-30 01:51:03] 
INFO [2021-10-30 01:51:03] $cat.cex
INFO [2021-10-30 01:51:03] [1] 0.3
INFO [2021-10-30 01:51:03] 
INFO [2021-10-30 01:51:03] $cat.default.pos
INFO [2021-10-30 01:51:03] [1] "outer"
INFO [2021-10-30 01:51:03] 
INFO [2021-10-30 01:51:03] $cat.fontfamily
INFO [2021-10-30 01:51:03] [1] "sans"
INFO [2021-10-30 01:51:03] 
INFO [2021-10-30 01:51:03] $cat.col
INFO [2021-10-30 01:51:03] c("#440154ff", "#21908dff", "#DC143C")
INFO [2021-10-30 01:51:03] 
INFO [2021-10-30 01:51:03] $rotation
INFO [2021-10-30 01:51:03] [1] 1
INFO [2021-10-30 01:51:03] 
INFO [2021-10-30 01:51:03] $margin
INFO [2021-10-30 01:51:03] [1] 0.1
INFO [2021-10-30 01:51:03] 
