INFO [2021-10-29 03:44:37] $x
INFO [2021-10-29 03:44:37] list(Not_Annotated, Annotated_by_eval, Annotated_by_perc)
INFO [2021-10-29 03:44:37] 
INFO [2021-10-29 03:44:37] $category.names
INFO [2021-10-29 03:44:37] c("Not annotated", "Annotated by e-value", "Annotated by %identity")
INFO [2021-10-29 03:44:37] 
INFO [2021-10-29 03:44:37] $filename
INFO [2021-10-29 03:44:37] vennfile
INFO [2021-10-29 03:44:37] 
INFO [2021-10-29 03:44:37] $output
INFO [2021-10-29 03:44:37] [1] TRUE
INFO [2021-10-29 03:44:37] 
INFO [2021-10-29 03:44:37] $imagetype
INFO [2021-10-29 03:44:37] [1] "png"
INFO [2021-10-29 03:44:37] 
INFO [2021-10-29 03:44:37] $height
INFO [2021-10-29 03:44:37] [1] 700
INFO [2021-10-29 03:44:37] 
INFO [2021-10-29 03:44:37] $width
INFO [2021-10-29 03:44:37] [1] 700
INFO [2021-10-29 03:44:37] 
INFO [2021-10-29 03:44:37] $resolution
INFO [2021-10-29 03:44:37] [1] 300
INFO [2021-10-29 03:44:37] 
INFO [2021-10-29 03:44:37] $compression
INFO [2021-10-29 03:44:37] [1] "lzw"
INFO [2021-10-29 03:44:37] 
INFO [2021-10-29 03:44:37] $lwd
INFO [2021-10-29 03:44:37] [1] 1
INFO [2021-10-29 03:44:37] 
INFO [2021-10-29 03:44:37] $col
INFO [2021-10-29 03:44:37] c("#440154ff", "#21908dff", "#DC143C")
INFO [2021-10-29 03:44:37] 
INFO [2021-10-29 03:44:37] $fill
INFO [2021-10-29 03:44:37] c(alpha("#440154ff", 0.3), alpha("#21908dff", 0.3), alpha("#DC143C", 
INFO [2021-10-29 03:44:37]     0.3))
INFO [2021-10-29 03:44:37] 
INFO [2021-10-29 03:44:37] $cex
INFO [2021-10-29 03:44:37] [1] 0.3
INFO [2021-10-29 03:44:37] 
INFO [2021-10-29 03:44:37] $fontfamily
INFO [2021-10-29 03:44:37] [1] "sans"
INFO [2021-10-29 03:44:37] 
INFO [2021-10-29 03:44:37] $cat.cex
INFO [2021-10-29 03:44:37] [1] 0.3
INFO [2021-10-29 03:44:37] 
INFO [2021-10-29 03:44:37] $cat.default.pos
INFO [2021-10-29 03:44:37] [1] "outer"
INFO [2021-10-29 03:44:37] 
INFO [2021-10-29 03:44:37] $cat.fontfamily
INFO [2021-10-29 03:44:37] [1] "sans"
INFO [2021-10-29 03:44:37] 
INFO [2021-10-29 03:44:37] $cat.col
INFO [2021-10-29 03:44:37] c("#440154ff", "#21908dff", "#DC143C")
INFO [2021-10-29 03:44:37] 
INFO [2021-10-29 03:44:37] $rotation
INFO [2021-10-29 03:44:37] [1] 1
INFO [2021-10-29 03:44:37] 
INFO [2021-10-29 03:44:37] $margin
INFO [2021-10-29 03:44:37] [1] 0.1
INFO [2021-10-29 03:44:37] 
