INFO [2021-10-30 01:51:24] $x
INFO [2021-10-30 01:51:24] list(Not_Annotated, Annotated_by_eval, Annotated_by_perc)
INFO [2021-10-30 01:51:24] 
INFO [2021-10-30 01:51:24] $category.names
INFO [2021-10-30 01:51:24] c("Not annotated", "Annotated by e-value", "Annotated by %identity")
INFO [2021-10-30 01:51:24] 
INFO [2021-10-30 01:51:24] $filename
INFO [2021-10-30 01:51:24] vennfile
INFO [2021-10-30 01:51:24] 
INFO [2021-10-30 01:51:24] $output
INFO [2021-10-30 01:51:24] [1] TRUE
INFO [2021-10-30 01:51:24] 
INFO [2021-10-30 01:51:24] $imagetype
INFO [2021-10-30 01:51:24] [1] "png"
INFO [2021-10-30 01:51:24] 
INFO [2021-10-30 01:51:24] $height
INFO [2021-10-30 01:51:24] [1] 700
INFO [2021-10-30 01:51:24] 
INFO [2021-10-30 01:51:24] $width
INFO [2021-10-30 01:51:24] [1] 700
INFO [2021-10-30 01:51:24] 
INFO [2021-10-30 01:51:24] $resolution
INFO [2021-10-30 01:51:24] [1] 300
INFO [2021-10-30 01:51:24] 
INFO [2021-10-30 01:51:24] $compression
INFO [2021-10-30 01:51:24] [1] "lzw"
INFO [2021-10-30 01:51:24] 
INFO [2021-10-30 01:51:24] $lwd
INFO [2021-10-30 01:51:24] [1] 1
INFO [2021-10-30 01:51:24] 
INFO [2021-10-30 01:51:24] $col
INFO [2021-10-30 01:51:24] c("#440154ff", "#21908dff", "#DC143C")
INFO [2021-10-30 01:51:24] 
INFO [2021-10-30 01:51:24] $fill
INFO [2021-10-30 01:51:24] c(alpha("#440154ff", 0.3), alpha("#21908dff", 0.3), alpha("#DC143C", 
INFO [2021-10-30 01:51:24]     0.3))
INFO [2021-10-30 01:51:24] 
INFO [2021-10-30 01:51:24] $cex
INFO [2021-10-30 01:51:24] [1] 0.3
INFO [2021-10-30 01:51:24] 
INFO [2021-10-30 01:51:24] $fontfamily
INFO [2021-10-30 01:51:24] [1] "sans"
INFO [2021-10-30 01:51:24] 
INFO [2021-10-30 01:51:24] $cat.cex
INFO [2021-10-30 01:51:24] [1] 0.3
INFO [2021-10-30 01:51:24] 
INFO [2021-10-30 01:51:24] $cat.default.pos
INFO [2021-10-30 01:51:24] [1] "outer"
INFO [2021-10-30 01:51:24] 
INFO [2021-10-30 01:51:24] $cat.fontfamily
INFO [2021-10-30 01:51:24] [1] "sans"
INFO [2021-10-30 01:51:24] 
INFO [2021-10-30 01:51:24] $cat.col
INFO [2021-10-30 01:51:24] c("#440154ff", "#21908dff", "#DC143C")
INFO [2021-10-30 01:51:24] 
INFO [2021-10-30 01:51:24] $rotation
INFO [2021-10-30 01:51:24] [1] 1
INFO [2021-10-30 01:51:24] 
INFO [2021-10-30 01:51:24] $margin
INFO [2021-10-30 01:51:24] [1] 0.1
INFO [2021-10-30 01:51:24] 
