INFO [2021-12-21 05:19:51] $x
INFO [2021-12-21 05:19:51] list(Not_Annotated, Annotated_by_eval, Annotated_by_perc)
INFO [2021-12-21 05:19:51] 
INFO [2021-12-21 05:19:51] $category.names
INFO [2021-12-21 05:19:51] c("Not annotated", "Annotated by e-value", "Annotated by %identity")
INFO [2021-12-21 05:19:51] 
INFO [2021-12-21 05:19:51] $filename
INFO [2021-12-21 05:19:51] vennfile
INFO [2021-12-21 05:19:51] 
INFO [2021-12-21 05:19:51] $output
INFO [2021-12-21 05:19:51] [1] TRUE
INFO [2021-12-21 05:19:51] 
INFO [2021-12-21 05:19:51] $imagetype
INFO [2021-12-21 05:19:51] [1] "png"
INFO [2021-12-21 05:19:51] 
INFO [2021-12-21 05:19:51] $height
INFO [2021-12-21 05:19:51] [1] 700
INFO [2021-12-21 05:19:51] 
INFO [2021-12-21 05:19:51] $width
INFO [2021-12-21 05:19:51] [1] 700
INFO [2021-12-21 05:19:51] 
INFO [2021-12-21 05:19:51] $resolution
INFO [2021-12-21 05:19:51] [1] 300
INFO [2021-12-21 05:19:51] 
INFO [2021-12-21 05:19:51] $compression
INFO [2021-12-21 05:19:51] [1] "lzw"
INFO [2021-12-21 05:19:51] 
INFO [2021-12-21 05:19:51] $lwd
INFO [2021-12-21 05:19:51] [1] 1
INFO [2021-12-21 05:19:51] 
INFO [2021-12-21 05:19:51] $col
INFO [2021-12-21 05:19:51] c("#440154ff", "#21908dff", "#DC143C")
INFO [2021-12-21 05:19:51] 
INFO [2021-12-21 05:19:51] $fill
INFO [2021-12-21 05:19:51] c(alpha("#440154ff", 0.3), alpha("#21908dff", 0.3), alpha("#DC143C", 
INFO [2021-12-21 05:19:51]     0.3))
INFO [2021-12-21 05:19:51] 
INFO [2021-12-21 05:19:51] $cex
INFO [2021-12-21 05:19:51] [1] 0.3
INFO [2021-12-21 05:19:51] 
INFO [2021-12-21 05:19:51] $fontfamily
INFO [2021-12-21 05:19:51] [1] "sans"
INFO [2021-12-21 05:19:51] 
INFO [2021-12-21 05:19:51] $cat.cex
INFO [2021-12-21 05:19:51] [1] 0.3
INFO [2021-12-21 05:19:51] 
INFO [2021-12-21 05:19:51] $cat.default.pos
INFO [2021-12-21 05:19:51] [1] "outer"
INFO [2021-12-21 05:19:51] 
INFO [2021-12-21 05:19:51] $cat.fontfamily
INFO [2021-12-21 05:19:51] [1] "sans"
INFO [2021-12-21 05:19:51] 
INFO [2021-12-21 05:19:51] $cat.col
INFO [2021-12-21 05:19:51] c("#440154ff", "#21908dff", "#DC143C")
INFO [2021-12-21 05:19:51] 
INFO [2021-12-21 05:19:51] $rotation
INFO [2021-12-21 05:19:51] [1] 1
INFO [2021-12-21 05:19:51] 
INFO [2021-12-21 05:19:51] $margin
INFO [2021-12-21 05:19:51] [1] 0.1
INFO [2021-12-21 05:19:51] 
