1,Blackbird-associated-gemykibivirus-1_taxid_1391038.gbk,1,305,1,305,cluster00001,
5,Faeces-associated-gemycircularvirus-21_taxid_1843741.gbk,5,301,1,301,cluster00001,
8,Giant-house-spider-associated-circular-virus-1_taxid_2293288.gbk,8,296,1,296,cluster00001,
10,HCBI8215-virus_taxid_1516079.gbk,10,311,1,311,cluster00001,
13,HCBI9212-virus_taxid_1516080.gbk,13,294,1,294,cluster00001,
16,Mongoose-feces-associated-gemycircularvirus-a_taxid_1634485.gbk,16,304,1,304,cluster00001,
18,Mongoose-feces-associated-gemycircularvirus-c_taxid_1634488.gbk,18,305,1,305,cluster00001,
22,Sclerotinia-sclerotiorum-hypovirulence-associated-DNA-virus-1_taxid_664785.gbk,22,312,1,312,cluster00001,
24,Sewage-associated-gemycircularvirus-4_taxid_1519399.gbk,24,294,1,294,cluster00001,
27,Sewage-associated-gemycircularvirus-6_taxid_1519401.gbk,27,313,1,313,cluster00001,
2,Blackbird-associated-gemykibivirus-1_taxid_1391038.gbk,2,325,1,325,cluster00002,
4,Faeces-associated-gemycircularvirus-12_taxid_1391027.gbk,4,384,1,384,cluster00002,
6,Faeces-associated-gemycircularvirus-21_taxid_1843741.gbk,6,326,1,326,cluster00002,
7,Faeces-associated-gemycircularvirus-21_taxid_1843741.gbk,7,233,1,233,cluster00002,
9,Giant-house-spider-associated-circular-virus-1_taxid_2293288.gbk,9,325,1,325,cluster00002,
12,HCBI8215-virus_taxid_1516079.gbk,12,196,1,196,cluster00002,
15,HCBI9212-virus_taxid_1516080.gbk,15,244,1,244,cluster00002,
17,Mongoose-feces-associated-gemycircularvirus-a_taxid_1634485.gbk,17,312,1,312,cluster00002,
19,Mongoose-feces-associated-gemycircularvirus-c_taxid_1634488.gbk,19,306,1,306,cluster00002,
20,Rhinolophus-associated-gemykibivirus-1_taxid_2004965.gbk,20,232,1,232,cluster00002,
23,Sclerotinia-sclerotiorum-hypovirulence-associated-DNA-virus-1_taxid_664785.gbk,23,324,1,324,cluster00002,
25,Sewage-associated-gemycircularvirus-4_taxid_1519399.gbk,25,330,1,330,cluster00002,
26,Sewage-associated-gemycircularvirus-4_taxid_1519399.gbk,26,207,1,207,cluster00002,
28,Sewage-associated-gemycircularvirus-6_taxid_1519401.gbk,28,325,1,325,cluster00002,
11,HCBI8215-virus_taxid_1516079.gbk,11,104,1,104,cluster00003,
14,HCBI9212-virus_taxid_1516080.gbk,14,103,1,103,cluster00003,
21,Rhinolophus-associated-gemykibivirus-1_taxid_2004965.gbk,21,112,1,112,cluster00003,
3,Faeces-associated-gemycircularvirus-12_taxid_1391027.gbk,3,261,1,261,,
