
Discrete character parsimony algorithm, version 3.695


     4 trees in all found


  +0000000011
  |  
  1-0000000010
  |  
  +0000000009
  |  
  +0000000006
  |  
  +--------------0000000005
  |  
  |                             +0000000007
  |                             |  
  |              +--------------3--------------0000000004
  |              |              |  
  +--------------2              +0000000003
  |              |  
  |              +0000000002
  |  
  |              +--------------0000000008
  +--------------4  
  |              +--------------0000000001
  |  
  +0000000000


requires a total of      7.000

  between      and       length
  -------      ---       ------
     1      0000000011     0.00
     1      0000000010     0.00
     1      0000000009     0.00
     1      0000000006     0.00
     1      0000000005     1.00
     1           2         1.00
     2           3         1.00
     3      0000000007     0.00
     3      0000000004     1.00
     3      0000000003     0.00
     2      0000000002     0.00
     1           4         1.00
     4      0000000008     1.00
     4      0000000001     1.00
     1      0000000000     0.00


  +0000000011
  |  
  1-0000000010
  |  
  +0000000009
  |  
  +0000000006
  |  
  |              +--------------0000000008
  +--------------4  
  |              +0000000005
  |  
  |                             +0000000007
  |                             |  
  |              +--------------3--------------0000000004
  |              |              |  
  +--------------2              +0000000003
  |              |  
  |              +0000000002
  |  
  +-----------------------------0000000001
  |  
  +0000000000


requires a total of      7.000

  between      and       length
  -------      ---       ------
     1      0000000011     0.00
     1      0000000010     0.00
     1      0000000009     0.00
     1      0000000006     0.00
     1           4         1.00
     4      0000000008     1.00
     4      0000000005     0.00
     1           2         1.00
     2           3         1.00
     3      0000000007     0.00
     3      0000000004     1.00
     3      0000000003     0.00
     2      0000000002     0.00
     1      0000000001     2.00
     1      0000000000     0.00


  +0000000011
  |  
  1-0000000010
  |  
  +0000000009
  |  
  +0000000006
  |  
  |                             +0000000007
  |                             |  
  |              +--------------3--------------0000000004
  |              |              |  
  +--------------2              +0000000003
  |              |  
  |              +0000000002
  |  
  |       +-------0000000005
  +-------4  
  |       |              +-------0000000008
  |       +--------------5  
  |                      +----------------------0000000001
  |  
  +0000000000


requires a total of      7.000

  between      and       length
  -------      ---       ------
     1      0000000011     0.00
     1      0000000010     0.00
     1      0000000009     0.00
     1      0000000006     0.00
     1           2         1.00
     2           3         1.00
     3      0000000007     0.00
     3      0000000004     1.00
     3      0000000003     0.00
     2      0000000002     0.00
     1           4         0.50
     4      0000000005     0.50
     4           5         1.00
     5      0000000008     0.50
     5      0000000001     1.50
     1      0000000000     0.00


  +0000000011
  |  
  1-0000000010
  |  
  +0000000009
  |  
  +0000000006
  |  
  |                             +0000000007
  |                             |  
  |              +--------------3--------------0000000004
  |              |              |  
  +--------------2              +0000000003
  |              |  
  |              +0000000002
  |  
  |                      +-------0000000008
  |       +--------------5  
  +-------4              +-------0000000005
  |       |  
  |       +----------------------0000000001
  |  
  +0000000000


requires a total of      7.000

  between      and       length
  -------      ---       ------
     1      0000000011     0.00
     1      0000000010     0.00
     1      0000000009     0.00
     1      0000000006     0.00
     1           2         1.00
     2           3         1.00
     3      0000000007     0.00
     3      0000000004     1.00
     3      0000000003     0.00
     2      0000000002     0.00
     1           4         0.50
     4           5         1.00
     5      0000000008     0.50
     5      0000000005     0.50
     4      0000000001     1.50
     1      0000000000     0.00

