1,Badger-associated-gemykibivirus-1_taxid_1634484.gbk,1,302,1,302,cluster00001,
3,Bark-beetle-associated-genomovirus-1_taxid_2230896.gbk,3,312,1,312,cluster00001,
5,Bark-beetle-associated-genomovirus-5_taxid_2230900.gbk,5,314,1,314,cluster00001,
7,Bemisia-associated-genomovirus-AdDF_taxid_1986477.gbk,7,290,1,290,cluster00001,
9,Bemisia-associated-genomovirus-AdO_taxid_1986478.gbk,9,258,1,258,cluster00001,
11,Bemisia-associated-genomovirus-NfO_taxid_1986479.gbk,11,318,1,318,cluster00001,
13,Black-robin-associated-gemykibivirus-1_taxid_1391037.gbk,13,302,1,302,cluster00001,
15,Blackbird-associated-gemycircularvirus-1_taxid_1985371.gbk,15,311,1,311,cluster00001,
17,Caribou-feces-associated-gemycircularvirus_taxid_1542743.gbk,17,318,1,318,cluster00001,
19,Cassava-associated-gemycircularvirus-1_taxid_1985374.gbk,19,315,1,315,cluster00001,
21,Common-bean-associated-gemycircularvirus_taxid_1897538.gbk,21,279,1,279,cluster00001,
24,Dragonfly-associated-circular-virus-2_taxid_1234886.gbk,24,309,1,309,cluster00001,
28,Dragonfly-associated-circular-virus-3_taxid_1234884.gbk,28,289,1,289,cluster00001,
32,Dragonfly-associated-gemykibivirus-1_taxid_1234887.gbk,32,290,1,290,cluster00001,
36,Euphorbia-heterophylla-associated-gemycircularvirus_taxid_2291614.gbk,36,298,1,298,cluster00001,
38,Faeces-associated-gemycircularvirus-10_taxid_1391025.gbk,38,305,1,305,cluster00001,
40,Faeces-associated-gemycircularvirus-11_taxid_1391026.gbk,40,285,1,285,cluster00001,
42,Faeces-associated-gemycircularvirus-14_taxid_1843734.gbk,42,310,1,310,cluster00001,
45,Faeces-associated-gemycircularvirus-15_taxid_1843735.gbk,45,308,1,308,cluster00001,
48,Faeces-associated-gemycircularvirus-17_taxid_1843737.gbk,48,329,1,329,cluster00001,
51,Faeces-associated-gemycircularvirus-18_taxid_1843738.gbk,51,322,1,322,cluster00001,
54,Faeces-associated-gemycircularvirus-20_taxid_1843740.gbk,54,307,1,307,cluster00001,
57,Faeces-associated-gemycircularvirus-22_taxid_1843742.gbk,57,304,1,304,cluster00001,
60,Faeces-associated-gemycircularvirus-2_taxid_1391031.gbk,60,309,1,309,cluster00001,
62,Faeces-associated-gemycircularvirus-3_taxid_1391032.gbk,62,308,1,308,cluster00001,
64,Faeces-associated-gemycircularvirus-4_taxid_1391033.gbk,64,313,1,313,cluster00001,
66,Faeces-associated-gemycircularvirus-5_taxid_1391034.gbk,66,310,1,310,cluster00001,
69,Gemycircularvirus-HV-GcV1_taxid_1862824.gbk,69,259,1,259,cluster00001,
73,Gemycircularvirus-HV-GcV2_taxid_1862825.gbk,73,264,1,264,cluster00001,
75,Gemycircularvirus-SL1_taxid_1588764.gbk,75,322,1,322,cluster00001,
77,Gemycircularvirus-gemy-ch-rat1_taxid_1708653.gbk,77,262,1,262,cluster00001,
80,Gopherus-associated-genomovirus-1_taxid_2041417.gbk,80,305,1,305,cluster00001,
83,Human-gemycircularvirus-GeTz1_taxid_1792832.gbk,83,236,1,236,cluster00001,
88,Human-genital-associated-circular-DNA-virus-1_taxid_1488574.gbk,88,279,1,279,cluster00001,
89,Hypericum-japonicum-associated-circular-DNA-virus_taxid_1367218.gbk,89,304,1,304,cluster00001,
94,Lepus-americanus-faeces-associated-genomovirus-SHP111_taxid_2219118.gbk,94,306,1,306,cluster00001,
96,Lepus-americanus-faeces-associated-genomovirus-SHP7_taxid_2219120.gbk,96,315,1,315,cluster00001,
98,Lynx-canadensis-faeces-associated-genomovirus-CL1-148_taxid_2219123.gbk,98,316,1,316,cluster00001,
100,MSSI2225-virus_taxid_1516081.gbk,100,300,1,300,cluster00001,
103,Mongoose-feces-associated-gemycircularvirus-b_taxid_1634486.gbk,103,314,1,314,cluster00001,
105,Mongoose-feces-associated-gemycircularvirus-d_taxid_1634487.gbk,105,320,1,320,cluster00001,
107,Odonata-associated-gemycircularvirus-2_taxid_1592108.gbk,107,314,1,314,cluster00001,
109,Pacific-flying-fox-faeces-associated-gemycircularvirus-10_taxid_1795989.gbk,109,305,1,305,cluster00001,
112,Pacific-flying-fox-faeces-associated-gemycircularvirus-1_taxid_1795988.gbk,112,294,1,294,cluster00001,
115,Pacific-flying-fox-faeces-associated-gemycircularvirus-2_taxid_1795994.gbk,115,313,1,313,cluster00001,
118,Pacific-flying-fox-faeces-associated-gemycircularvirus-6_taxid_1795998.gbk,118,316,1,316,cluster00001,
121,Pacific-flying-fox-faeces-associated-gemycircularvirus-7_taxid_1795999.gbk,121,310,1,310,cluster00001,
124,Poaceae-associated-gemycircularvirus-1_taxid_1708497.gbk,124,317,1,317,cluster00001,
127,Poecile-atricapillus-GI-tract-associated-gemycircularvirus_taxid_1699094.gbk,127,310,1,310,cluster00001,
129,Porcine-feces-associated-gemycircularvirus_taxid_2017712.gbk,129,310,1,310,cluster00001,
131,Pteropus-associated-gemycircularvirus-10_taxid_1985404.gbk,131,319,1,319,cluster00001,
134,Pteropus-associated-gemycircularvirus-3_taxid_1985397.gbk,134,304,1,304,cluster00001,
137,Pteropus-associated-gemycircularvirus-4_taxid_1985398.gbk,137,310,1,310,cluster00001,
140,Pteropus-associated-gemycircularvirus-5_taxid_1985399.gbk,140,312,1,312,cluster00001,
143,Pteropus-associated-gemycircularvirus-6_taxid_1985400.gbk,143,309,1,309,cluster00001,
146,Pteropus-associated-gemycircularvirus-7_taxid_1985401.gbk,146,302,1,302,cluster00001,
149,Pteropus-associated-gemycircularvirus-8_taxid_1985402.gbk,149,306,1,306,cluster00001,
152,Pteropus-associated-gemycircularvirus-9_taxid_1985403.gbk,152,290,1,290,cluster00001,
155,Sewage-associated-gemycircularvirus-10a_taxid_1519409.gbk,155,300,1,300,cluster00001,
158,Sewage-associated-gemycircularvirus-1_taxid_1592081.gbk,158,278,1,278,cluster00001,
160,Sewage-associated-gemycircularvirus-2_taxid_1519407.gbk,160,300,1,300,cluster00001,
163,Sewage-associated-gemycircularvirus-5_taxid_1519400.gbk,163,295,1,295,cluster00001,
166,Sewage-associated-gemycircularvirus-7b_taxid_1519405.gbk,166,312,1,312,cluster00001,
169,Sewage-associated-gemycircularvirus-9_taxid_1519404.gbk,169,308,1,308,cluster00001,
172,Sewage-derived-gemycircularvirus-1_taxid_1985407.gbk,172,307,1,307,cluster00001,
175,Sewage-derived-gemycircularvirus-2_taxid_1985408.gbk,175,308,1,308,cluster00001,
178,Sierra-dome-spider-associated-circular-virus-1_taxid_2293299.gbk,178,308,1,308,cluster00001,
180,Soybean-leaf-associated-gemycircularvirus-1_taxid_1719040.gbk,180,298,1,298,cluster00001,
182,Termite-associated-circular-virus-2_taxid_2108550.gbk,182,317,1,317,cluster00001,
184,Thrips-associated-genomovirus-1_taxid_1941233.gbk,184,319,1,319,cluster00001,
187,Thrips-associated-genomovirus-2_taxid_1941234.gbk,187,307,1,307,cluster00001,
190,Thrips-associated-genomovirus-3_taxid_1941237.gbk,190,296,1,296,cluster00001,
193,Thrips-associated-genomovirus-4_taxid_1941239.gbk,193,317,1,317,cluster00001,
196,Tubeweb-spider-associated-circular-virus-1_taxid_2293308.gbk,196,309,1,309,cluster00001,
198,Varroa-mite-associated-genomovirus-1_taxid_2077299.gbk,198,265,1,265,cluster00001,
2,Badger-associated-gemykibivirus-1_taxid_1634484.gbk,2,329,1,329,cluster00002,
4,Bark-beetle-associated-genomovirus-1_taxid_2230896.gbk,4,319,1,319,cluster00002,
6,Bark-beetle-associated-genomovirus-5_taxid_2230900.gbk,6,342,1,342,cluster00002,
8,Bemisia-associated-genomovirus-AdDF_taxid_1986477.gbk,8,320,1,320,cluster00002,
10,Bemisia-associated-genomovirus-AdO_taxid_1986478.gbk,10,342,1,342,cluster00002,
12,Bemisia-associated-genomovirus-NfO_taxid_1986479.gbk,12,319,1,319,cluster00002,
14,Black-robin-associated-gemykibivirus-1_taxid_1391037.gbk,14,320,1,320,cluster00002,
16,Blackbird-associated-gemycircularvirus-1_taxid_1985371.gbk,16,339,1,339,cluster00002,
18,Caribou-feces-associated-gemycircularvirus_taxid_1542743.gbk,18,206,1,206,cluster00002,
20,Cassava-associated-gemycircularvirus-1_taxid_1985374.gbk,20,329,1,329,cluster00002,
22,Common-bean-associated-gemycircularvirus_taxid_1897538.gbk,22,337,1,337,cluster00002,
23,Common-bean-associated-gemycircularvirus_taxid_1897538.gbk,23,218,1,218,cluster00002,
25,Dragonfly-associated-circular-virus-2_taxid_1234886.gbk,25,319,1,319,cluster00002,
27,Dragonfly-associated-circular-virus-2_taxid_1234886.gbk,27,201,1,201,cluster00002,
29,Dragonfly-associated-circular-virus-3_taxid_1234884.gbk,29,323,1,323,cluster00002,
31,Dragonfly-associated-circular-virus-3_taxid_1234884.gbk,31,256,1,256,cluster00002,
33,Dragonfly-associated-gemykibivirus-1_taxid_1234887.gbk,33,318,1,318,cluster00002,
35,Dragonfly-associated-gemykibivirus-1_taxid_1234887.gbk,35,249,1,249,cluster00002,
37,Euphorbia-heterophylla-associated-gemycircularvirus_taxid_2291614.gbk,37,307,1,307,cluster00002,
39,Faeces-associated-gemycircularvirus-10_taxid_1391025.gbk,39,324,1,324,cluster00002,
41,Faeces-associated-gemycircularvirus-11_taxid_1391026.gbk,41,360,1,360,cluster00002,
43,Faeces-associated-gemycircularvirus-14_taxid_1843734.gbk,43,318,1,318,cluster00002,
44,Faeces-associated-gemycircularvirus-14_taxid_1843734.gbk,44,237,1,237,cluster00002,
46,Faeces-associated-gemycircularvirus-15_taxid_1843735.gbk,46,320,1,320,cluster00002,
47,Faeces-associated-gemycircularvirus-15_taxid_1843735.gbk,47,233,1,233,cluster00002,
49,Faeces-associated-gemycircularvirus-17_taxid_1843737.gbk,49,335,1,335,cluster00002,
50,Faeces-associated-gemycircularvirus-17_taxid_1843737.gbk,50,252,1,252,cluster00002,
52,Faeces-associated-gemycircularvirus-18_taxid_1843738.gbk,52,338,1,338,cluster00002,
53,Faeces-associated-gemycircularvirus-18_taxid_1843738.gbk,53,210,1,210,cluster00002,
55,Faeces-associated-gemycircularvirus-20_taxid_1843740.gbk,55,327,1,327,cluster00002,
56,Faeces-associated-gemycircularvirus-20_taxid_1843740.gbk,56,200,1,200,cluster00002,
58,Faeces-associated-gemycircularvirus-22_taxid_1843742.gbk,58,328,1,328,cluster00002,
59,Faeces-associated-gemycircularvirus-22_taxid_1843742.gbk,59,245,1,245,cluster00002,
61,Faeces-associated-gemycircularvirus-2_taxid_1391031.gbk,61,339,1,339,cluster00002,
63,Faeces-associated-gemycircularvirus-3_taxid_1391032.gbk,63,342,1,342,cluster00002,
65,Faeces-associated-gemycircularvirus-4_taxid_1391033.gbk,65,338,1,338,cluster00002,
67,Faeces-associated-gemycircularvirus-5_taxid_1391034.gbk,67,335,1,335,cluster00002,
74,Gemycircularvirus-HV-GcV2_taxid_1862825.gbk,74,345,1,345,cluster00002,
76,Gemycircularvirus-SL1_taxid_1588764.gbk,76,320,1,320,cluster00002,
78,Gemycircularvirus-gemy-ch-rat1_taxid_1708653.gbk,78,322,1,322,cluster00002,
81,Gopherus-associated-genomovirus-1_taxid_2041417.gbk,81,325,1,325,cluster00002,
82,Gopherus-associated-genomovirus-1_taxid_2041417.gbk,82,215,1,215,cluster00002,
84,Human-gemycircularvirus-GeTz1_taxid_1792832.gbk,84,330,1,330,cluster00002,
86,Human-genital-associated-circular-DNA-virus-1_taxid_1488574.gbk,86,310,1,310,cluster00002,
87,Human-genital-associated-circular-DNA-virus-1_taxid_1488574.gbk,87,195,1,195,cluster00002,
91,Hypericum-japonicum-associated-circular-DNA-virus_taxid_1367218.gbk,91,336,1,336,cluster00002,
95,Lepus-americanus-faeces-associated-genomovirus-SHP111_taxid_2219118.gbk,95,307,1,307,cluster00002,
97,Lepus-americanus-faeces-associated-genomovirus-SHP7_taxid_2219120.gbk,97,307,1,307,cluster00002,
99,Lynx-canadensis-faeces-associated-genomovirus-CL1-148_taxid_2219123.gbk,99,312,1,312,cluster00002,
102,MSSI2225-virus_taxid_1516081.gbk,102,232,1,232,cluster00002,
104,Mongoose-feces-associated-gemycircularvirus-b_taxid_1634486.gbk,104,338,1,338,cluster00002,
106,Mongoose-feces-associated-gemycircularvirus-d_taxid_1634487.gbk,106,349,1,349,cluster00002,
108,Odonata-associated-gemycircularvirus-2_taxid_1592108.gbk,108,340,1,340,cluster00002,
110,Pacific-flying-fox-faeces-associated-gemycircularvirus-10_taxid_1795989.gbk,110,336,1,336,cluster00002,
111,Pacific-flying-fox-faeces-associated-gemycircularvirus-10_taxid_1795989.gbk,111,238,1,238,cluster00002,
113,Pacific-flying-fox-faeces-associated-gemycircularvirus-1_taxid_1795988.gbk,113,312,1,312,cluster00002,
114,Pacific-flying-fox-faeces-associated-gemycircularvirus-1_taxid_1795988.gbk,114,245,1,245,cluster00002,
116,Pacific-flying-fox-faeces-associated-gemycircularvirus-2_taxid_1795994.gbk,116,344,1,344,cluster00002,
117,Pacific-flying-fox-faeces-associated-gemycircularvirus-2_taxid_1795994.gbk,117,239,1,239,cluster00002,
119,Pacific-flying-fox-faeces-associated-gemycircularvirus-6_taxid_1795998.gbk,119,337,1,337,cluster00002,
120,Pacific-flying-fox-faeces-associated-gemycircularvirus-6_taxid_1795998.gbk,120,218,1,218,cluster00002,
122,Pacific-flying-fox-faeces-associated-gemycircularvirus-7_taxid_1795999.gbk,122,331,1,331,cluster00002,
123,Pacific-flying-fox-faeces-associated-gemycircularvirus-7_taxid_1795999.gbk,123,207,1,207,cluster00002,
125,Poaceae-associated-gemycircularvirus-1_taxid_1708497.gbk,125,319,1,319,cluster00002,
126,Poaceae-associated-gemycircularvirus-1_taxid_1708497.gbk,126,197,1,197,cluster00002,
128,Poecile-atricapillus-GI-tract-associated-gemycircularvirus_taxid_1699094.gbk,128,248,1,248,cluster00002,
130,Porcine-feces-associated-gemycircularvirus_taxid_2017712.gbk,130,353,1,353,cluster00002,
132,Pteropus-associated-gemycircularvirus-10_taxid_1985404.gbk,132,326,1,326,cluster00002,
133,Pteropus-associated-gemycircularvirus-10_taxid_1985404.gbk,133,241,1,241,cluster00002,
135,Pteropus-associated-gemycircularvirus-3_taxid_1985397.gbk,135,336,1,336,cluster00002,
136,Pteropus-associated-gemycircularvirus-3_taxid_1985397.gbk,136,238,1,238,cluster00002,
138,Pteropus-associated-gemycircularvirus-4_taxid_1985398.gbk,138,317,1,317,cluster00002,
139,Pteropus-associated-gemycircularvirus-4_taxid_1985398.gbk,139,202,1,202,cluster00002,
141,Pteropus-associated-gemycircularvirus-5_taxid_1985399.gbk,141,322,1,322,cluster00002,
142,Pteropus-associated-gemycircularvirus-5_taxid_1985399.gbk,142,200,1,200,cluster00002,
144,Pteropus-associated-gemycircularvirus-6_taxid_1985400.gbk,144,320,1,320,cluster00002,
145,Pteropus-associated-gemycircularvirus-6_taxid_1985400.gbk,145,255,1,255,cluster00002,
147,Pteropus-associated-gemycircularvirus-7_taxid_1985401.gbk,147,317,1,317,cluster00002,
148,Pteropus-associated-gemycircularvirus-7_taxid_1985401.gbk,148,201,1,201,cluster00002,
150,Pteropus-associated-gemycircularvirus-8_taxid_1985402.gbk,150,332,1,332,cluster00002,
151,Pteropus-associated-gemycircularvirus-8_taxid_1985402.gbk,151,204,1,204,cluster00002,
153,Pteropus-associated-gemycircularvirus-9_taxid_1985403.gbk,153,335,1,335,cluster00002,
154,Pteropus-associated-gemycircularvirus-9_taxid_1985403.gbk,154,377,1,377,cluster00002,
156,Sewage-associated-gemycircularvirus-10a_taxid_1519409.gbk,156,314,1,314,cluster00002,
157,Sewage-associated-gemycircularvirus-10a_taxid_1519409.gbk,157,196,1,196,cluster00002,
159,Sewage-associated-gemycircularvirus-1_taxid_1592081.gbk,159,327,1,327,cluster00002,
161,Sewage-associated-gemycircularvirus-2_taxid_1519407.gbk,161,318,1,318,cluster00002,
162,Sewage-associated-gemycircularvirus-2_taxid_1519407.gbk,162,202,1,202,cluster00002,
164,Sewage-associated-gemycircularvirus-5_taxid_1519400.gbk,164,311,1,311,cluster00002,
165,Sewage-associated-gemycircularvirus-5_taxid_1519400.gbk,165,195,1,195,cluster00002,
167,Sewage-associated-gemycircularvirus-7b_taxid_1519405.gbk,167,340,1,340,cluster00002,
168,Sewage-associated-gemycircularvirus-7b_taxid_1519405.gbk,168,251,1,251,cluster00002,
170,Sewage-associated-gemycircularvirus-9_taxid_1519404.gbk,170,334,1,334,cluster00002,
171,Sewage-associated-gemycircularvirus-9_taxid_1519404.gbk,171,272,1,272,cluster00002,
173,Sewage-derived-gemycircularvirus-1_taxid_1985407.gbk,173,327,1,327,cluster00002,
174,Sewage-derived-gemycircularvirus-1_taxid_1985407.gbk,174,199,1,199,cluster00002,
176,Sewage-derived-gemycircularvirus-2_taxid_1985408.gbk,176,336,1,336,cluster00002,
177,Sewage-derived-gemycircularvirus-2_taxid_1985408.gbk,177,231,1,231,cluster00002,
179,Sierra-dome-spider-associated-circular-virus-1_taxid_2293299.gbk,179,324,1,324,cluster00002,
181,Soybean-leaf-associated-gemycircularvirus-1_taxid_1719040.gbk,181,332,1,332,cluster00002,
183,Termite-associated-circular-virus-2_taxid_2108550.gbk,183,348,1,348,cluster00002,
185,Thrips-associated-genomovirus-1_taxid_1941233.gbk,185,324,1,324,cluster00002,
186,Thrips-associated-genomovirus-1_taxid_1941233.gbk,186,210,1,210,cluster00002,
188,Thrips-associated-genomovirus-2_taxid_1941234.gbk,188,338,1,338,cluster00002,
189,Thrips-associated-genomovirus-2_taxid_1941234.gbk,189,229,1,229,cluster00002,
191,Thrips-associated-genomovirus-3_taxid_1941237.gbk,191,318,1,318,cluster00002,
192,Thrips-associated-genomovirus-3_taxid_1941237.gbk,192,195,1,195,cluster00002,
194,Thrips-associated-genomovirus-4_taxid_1941239.gbk,194,335,1,335,cluster00002,
195,Thrips-associated-genomovirus-4_taxid_1941239.gbk,195,219,1,219,cluster00002,
197,Tubeweb-spider-associated-circular-virus-1_taxid_2293308.gbk,197,333,1,333,cluster00002,
199,Varroa-mite-associated-genomovirus-1_taxid_2077299.gbk,199,334,1,334,cluster00002,
200,Varroa-mite-associated-genomovirus-1_taxid_2077299.gbk,200,200,1,200,cluster00002,
26,Dragonfly-associated-circular-virus-2_taxid_1234886.gbk,26,91,1,91,cluster00003,
30,Dragonfly-associated-circular-virus-3_taxid_1234884.gbk,30,97,1,97,cluster00003,
34,Dragonfly-associated-gemykibivirus-1_taxid_1234887.gbk,34,77,1,77,cluster00003,
70,Gemycircularvirus-HV-GcV1_taxid_1862824.gbk,70,108,1,108,cluster00003,
101,MSSI2225-virus_taxid_1516081.gbk,101,108,1,108,cluster00003,
71,Gemycircularvirus-HV-GcV1_taxid_1862824.gbk,71,233,1,233,cluster00004,
79,Gemycircularvirus-gemy-ch-rat1_taxid_1708653.gbk,79,191,1,191,cluster00004,
85,Human-gemycircularvirus-GeTz1_taxid_1792832.gbk,85,178,1,178,cluster00004,
92,Hypericum-japonicum-associated-circular-DNA-virus_taxid_1367218.gbk,92,188,1,188,cluster00004,
68,Gemycircularvirus-HV-GcV1_taxid_1862824.gbk,68,40,1,40,,
72,Gemycircularvirus-HV-GcV2_taxid_1862825.gbk,72,54,1,54,,
90,Hypericum-japonicum-associated-circular-DNA-virus_taxid_1367218.gbk,90,118,1,118,,
93,Hypericum-japonicum-associated-circular-DNA-virus_taxid_1367218.gbk,93,106,1,106,,
