3,Haloarcula-hispanica-pleomorphic-virus-3_taxid_1879051.gbk,3,613,1,613,cluster00001,
21,Halogeometricum-pleomorphic-virus-1_taxid_1156722.gbk,21,486,1,486,cluster00001,
36,Halorubrum-pleomorphic-virus-10_taxid_2507576.gbk,36,526,1,526,cluster00001,
49,Halorubrum-pleomorphic-virus-11_taxid_2507577.gbk,49,524,1,524,cluster00001,
64,Halorubrum-pleomorphic-virus-12_taxid_2507578.gbk,64,526,1,526,cluster00001,
80,Halorubrum-pleomorphic-virus-1_taxid_634168.gbk,80,518,1,518,cluster00001,
90,Halorubrum-pleomorphic-virus-2_taxid_1156719.gbk,90,565,1,565,cluster00001,
102,Halorubrum-pleomorphic-virus-3_taxid_1156720.gbk,102,613,1,613,cluster00001,
117,Halorubrum-pleomorphic-virus-6_taxid_1156721.gbk,117,569,1,569,cluster00001,
6,Haloarcula-hispanica-pleomorphic-virus-3_taxid_1879051.gbk,6,390,1,390,cluster00002,
24,Halogeometricum-pleomorphic-virus-1_taxid_1156722.gbk,24,381,1,381,cluster00002,
39,Halorubrum-pleomorphic-virus-10_taxid_2507576.gbk,39,370,1,370,cluster00002,
52,Halorubrum-pleomorphic-virus-11_taxid_2507577.gbk,52,370,1,370,cluster00002,
67,Halorubrum-pleomorphic-virus-12_taxid_2507578.gbk,67,370,1,370,cluster00002,
84,Halorubrum-pleomorphic-virus-1_taxid_634168.gbk,84,343,1,343,cluster00002,
93,Halorubrum-pleomorphic-virus-2_taxid_1156719.gbk,93,317,1,317,cluster00002,
105,Halorubrum-pleomorphic-virus-3_taxid_1156720.gbk,105,387,1,387,cluster00002,
120,Halorubrum-pleomorphic-virus-6_taxid_1156721.gbk,120,316,1,316,cluster00002,
7,Haloarcula-hispanica-pleomorphic-virus-3_taxid_1879051.gbk,7,127,1,127,cluster00003,
26,Halogeometricum-pleomorphic-virus-1_taxid_1156722.gbk,26,126,1,126,cluster00003,
40,Halorubrum-pleomorphic-virus-10_taxid_2507576.gbk,40,132,1,132,cluster00003,
53,Halorubrum-pleomorphic-virus-11_taxid_2507577.gbk,53,132,1,132,cluster00003,
68,Halorubrum-pleomorphic-virus-12_taxid_2507578.gbk,68,132,1,132,cluster00003,
106,Halorubrum-pleomorphic-virus-3_taxid_1156720.gbk,106,131,1,131,cluster00003,
11,Haloarcula-hispanica-pleomorphic-virus-3_taxid_1879051.gbk,11,587,1,587,cluster00004,
31,Halogeometricum-pleomorphic-virus-1_taxid_1156722.gbk,31,544,1,544,cluster00004,
43,Halorubrum-pleomorphic-virus-10_taxid_2507576.gbk,43,538,1,538,cluster00004,
57,Halorubrum-pleomorphic-virus-11_taxid_2507577.gbk,57,538,1,538,cluster00004,
72,Halorubrum-pleomorphic-virus-12_taxid_2507578.gbk,72,539,1,539,cluster00004,
109,Halorubrum-pleomorphic-virus-3_taxid_1156720.gbk,109,545,1,545,cluster00004,
19,Halogeometricum-pleomorphic-virus-1_taxid_1156722.gbk,19,135,1,135,cluster00005,
33,Halorubrum-pleomorphic-virus-10_taxid_2507576.gbk,33,136,1,136,cluster00005,
46,Halorubrum-pleomorphic-virus-11_taxid_2507577.gbk,46,136,1,136,cluster00005,
61,Halorubrum-pleomorphic-virus-12_taxid_2507578.gbk,61,136,1,136,cluster00005,
22,Halogeometricum-pleomorphic-virus-1_taxid_1156722.gbk,22,189,1,189,cluster00006,
37,Halorubrum-pleomorphic-virus-10_taxid_2507576.gbk,37,178,1,178,cluster00006,
50,Halorubrum-pleomorphic-virus-11_taxid_2507577.gbk,50,190,1,190,cluster00006,
65,Halorubrum-pleomorphic-virus-12_taxid_2507578.gbk,65,190,1,190,cluster00006,
22,Halogeometricum-pleomorphic-virus-1_taxid_1156722.gbk,22,189,1,189,cluster00007,
91,Halorubrum-pleomorphic-virus-2_taxid_1156719.gbk,91,176,1,176,cluster00007,
118,Halorubrum-pleomorphic-virus-6_taxid_1156721.gbk,118,176,1,176,cluster00007,
23,Halogeometricum-pleomorphic-virus-1_taxid_1156722.gbk,23,258,1,258,cluster00008,
38,Halorubrum-pleomorphic-virus-10_taxid_2507576.gbk,38,256,1,256,cluster00008,
51,Halorubrum-pleomorphic-virus-11_taxid_2507577.gbk,51,256,1,256,cluster00008,
66,Halorubrum-pleomorphic-virus-12_taxid_2507578.gbk,66,256,1,256,cluster00008,
83,Halorubrum-pleomorphic-virus-1_taxid_634168.gbk,83,270,1,270,cluster00008,
30,Halogeometricum-pleomorphic-virus-1_taxid_1156722.gbk,30,79,1,79,cluster00009,
42,Halorubrum-pleomorphic-virus-10_taxid_2507576.gbk,42,83,1,83,cluster00009,
56,Halorubrum-pleomorphic-virus-11_taxid_2507577.gbk,56,83,1,83,cluster00009,
71,Halorubrum-pleomorphic-virus-12_taxid_2507578.gbk,71,83,1,83,cluster00009,
34,Halorubrum-pleomorphic-virus-10_taxid_2507576.gbk,34,85,1,85,cluster00010,
47,Halorubrum-pleomorphic-virus-11_taxid_2507577.gbk,47,85,1,85,cluster00010,
62,Halorubrum-pleomorphic-virus-12_taxid_2507578.gbk,62,85,1,85,cluster00010,
35,Halorubrum-pleomorphic-virus-10_taxid_2507576.gbk,35,176,1,176,cluster00011,
48,Halorubrum-pleomorphic-virus-11_taxid_2507577.gbk,48,176,1,176,cluster00011,
63,Halorubrum-pleomorphic-virus-12_taxid_2507578.gbk,63,177,1,177,cluster00011,
41,Halorubrum-pleomorphic-virus-10_taxid_2507576.gbk,41,46,1,46,cluster00012,
55,Halorubrum-pleomorphic-virus-11_taxid_2507577.gbk,55,46,1,46,cluster00012,
70,Halorubrum-pleomorphic-virus-12_taxid_2507578.gbk,70,46,1,46,cluster00012,
44,Halorubrum-pleomorphic-virus-10_taxid_2507576.gbk,44,99,1,99,cluster00013,
58,Halorubrum-pleomorphic-virus-11_taxid_2507577.gbk,58,99,1,99,cluster00013,
74,Halorubrum-pleomorphic-virus-12_taxid_2507578.gbk,74,99,1,99,cluster00013,
45,Halorubrum-pleomorphic-virus-10_taxid_2507576.gbk,45,86,1,86,cluster00014,
60,Halorubrum-pleomorphic-virus-11_taxid_2507577.gbk,60,85,1,85,cluster00014,
76,Halorubrum-pleomorphic-virus-12_taxid_2507578.gbk,76,85,1,85,cluster00014,
112,Halorubrum-pleomorphic-virus-3_taxid_1156720.gbk,112,91,1,91,cluster00014,
77,Halorubrum-pleomorphic-virus-1_taxid_634168.gbk,77,500,1,500,cluster00015,
86,Halorubrum-pleomorphic-virus-2_taxid_1156719.gbk,86,655,1,655,cluster00015,
113,Halorubrum-pleomorphic-virus-6_taxid_1156721.gbk,113,655,1,655,cluster00015,
79,Halorubrum-pleomorphic-virus-1_taxid_634168.gbk,79,132,1,132,cluster00016,
89,Halorubrum-pleomorphic-virus-2_taxid_1156719.gbk,89,133,1,133,cluster00016,
116,Halorubrum-pleomorphic-virus-6_taxid_1156721.gbk,116,133,1,133,cluster00016,
83,Halorubrum-pleomorphic-virus-1_taxid_634168.gbk,83,270,1,270,cluster00017,
92,Halorubrum-pleomorphic-virus-2_taxid_1156719.gbk,92,278,1,278,cluster00017,
119,Halorubrum-pleomorphic-virus-6_taxid_1156721.gbk,119,278,1,278,cluster00017,
5,Haloarcula-hispanica-pleomorphic-virus-3_taxid_1879051.gbk,5,264,1,264,cluster00018,
104,Halorubrum-pleomorphic-virus-3_taxid_1156720.gbk,104,261,1,261,cluster00018,
54,Halorubrum-pleomorphic-virus-11_taxid_2507577.gbk,54,52,1,52,cluster00019,
69,Halorubrum-pleomorphic-virus-12_taxid_2507578.gbk,69,52,1,52,cluster00019,
59,Halorubrum-pleomorphic-virus-11_taxid_2507577.gbk,59,44,1,44,cluster00020,
75,Halorubrum-pleomorphic-virus-12_taxid_2507578.gbk,75,44,1,44,cluster00020,
82,Halorubrum-pleomorphic-virus-1_taxid_634168.gbk,82,181,1,181,cluster00021,
91,Halorubrum-pleomorphic-virus-2_taxid_1156719.gbk,91,176,1,176,cluster00021,
88,Halorubrum-pleomorphic-virus-2_taxid_1156719.gbk,88,127,1,127,cluster00022,
115,Halorubrum-pleomorphic-virus-6_taxid_1156721.gbk,115,127,1,127,cluster00022,
100,Halorubrum-pleomorphic-virus-2_taxid_1156719.gbk,100,74,1,74,cluster00023,
122,Halorubrum-pleomorphic-virus-6_taxid_1156721.gbk,122,74,1,74,cluster00023,
1,Haloarcula-hispanica-pleomorphic-virus-3_taxid_1879051.gbk,1,152,1,152,,
2,Haloarcula-hispanica-pleomorphic-virus-3_taxid_1879051.gbk,2,76,1,76,,
4,Haloarcula-hispanica-pleomorphic-virus-3_taxid_1879051.gbk,4,183,1,183,,
8,Haloarcula-hispanica-pleomorphic-virus-3_taxid_1879051.gbk,8,166,1,166,,
9,Haloarcula-hispanica-pleomorphic-virus-3_taxid_1879051.gbk,9,63,1,63,,
10,Haloarcula-hispanica-pleomorphic-virus-3_taxid_1879051.gbk,10,121,1,121,,
12,Haloarcula-hispanica-pleomorphic-virus-3_taxid_1879051.gbk,12,47,1,47,,
13,Haloarcula-hispanica-pleomorphic-virus-3_taxid_1879051.gbk,13,65,1,65,,
14,Haloarcula-hispanica-pleomorphic-virus-3_taxid_1879051.gbk,14,62,1,62,,
15,Haloarcula-hispanica-pleomorphic-virus-3_taxid_1879051.gbk,15,258,1,258,,
16,Haloarcula-hispanica-pleomorphic-virus-3_taxid_1879051.gbk,16,84,1,84,,
17,Haloarcula-hispanica-pleomorphic-virus-3_taxid_1879051.gbk,17,109,1,109,,
18,Halogeometricum-pleomorphic-virus-1_taxid_1156722.gbk,18,132,1,132,,
20,Halogeometricum-pleomorphic-virus-1_taxid_1156722.gbk,20,67,1,67,,
25,Halogeometricum-pleomorphic-virus-1_taxid_1156722.gbk,25,58,1,58,,
27,Halogeometricum-pleomorphic-virus-1_taxid_1156722.gbk,27,237,1,237,,
28,Halogeometricum-pleomorphic-virus-1_taxid_1156722.gbk,28,67,1,67,,
29,Halogeometricum-pleomorphic-virus-1_taxid_1156722.gbk,29,73,1,73,,
32,Halogeometricum-pleomorphic-virus-1_taxid_1156722.gbk,32,118,1,118,,
73,Halorubrum-pleomorphic-virus-12_taxid_2507578.gbk,73,189,1,189,,
78,Halorubrum-pleomorphic-virus-1_taxid_634168.gbk,78,126,1,126,,
81,Halorubrum-pleomorphic-virus-1_taxid_634168.gbk,81,57,1,57,,
85,Halorubrum-pleomorphic-virus-1_taxid_634168.gbk,85,123,1,123,,
87,Halorubrum-pleomorphic-virus-2_taxid_1156719.gbk,87,78,1,78,,
94,Halorubrum-pleomorphic-virus-2_taxid_1156719.gbk,94,65,1,65,,
95,Halorubrum-pleomorphic-virus-2_taxid_1156719.gbk,95,108,1,108,,
96,Halorubrum-pleomorphic-virus-2_taxid_1156719.gbk,96,103,1,103,,
97,Halorubrum-pleomorphic-virus-2_taxid_1156719.gbk,97,131,1,131,,
98,Halorubrum-pleomorphic-virus-2_taxid_1156719.gbk,98,128,1,128,,
99,Halorubrum-pleomorphic-virus-2_taxid_1156719.gbk,99,153,1,153,,
101,Halorubrum-pleomorphic-virus-3_taxid_1156720.gbk,101,140,1,140,,
103,Halorubrum-pleomorphic-virus-3_taxid_1156720.gbk,103,190,1,190,,
107,Halorubrum-pleomorphic-virus-3_taxid_1156720.gbk,107,138,1,138,,
108,Halorubrum-pleomorphic-virus-3_taxid_1156720.gbk,108,41,1,41,,
110,Halorubrum-pleomorphic-virus-3_taxid_1156720.gbk,110,80,1,80,,
111,Halorubrum-pleomorphic-virus-3_taxid_1156720.gbk,111,44,1,44,,
114,Halorubrum-pleomorphic-virus-6_taxid_1156721.gbk,114,126,1,126,,
121,Halorubrum-pleomorphic-virus-6_taxid_1156721.gbk,121,222,1,222,,
