1,Ageratum-leaf-curl-Buea-betasatellite_taxid_912035.gbk,1,117,1,117,cluster00001,
2,Ageratum-leaf-curl-Cameroon-betasatellite_taxid_635076.gbk,2,117,1,117,cluster00001,
3,Ageratum-leaf-curl-betasatellite_taxid_1175505.gbk,3,142,1,142,cluster00001,
4,Ageratum-yellow-leaf-curl-betasatellite_taxid_169687.gbk,4,138,1,138,cluster00001,
5,Ageratum-yellow-vein-China-betasatellite_taxid_329288.gbk,5,118,1,118,cluster00001,
6,Ageratum-yellow-vein-India-betasatellite_taxid_2010316.gbk,6,118,1,118,cluster00001,
7,Ageratum-yellow-vein-Sri-Lanka-betasatellite_taxid_2010317.gbk,7,118,1,118,cluster00001,
8,Ageratum-yellow-vein-betasatellite_taxid_185750.gbk,8,118,1,118,cluster00001,
9,Alternanthera-yellow-vein-betasatellite_taxid_447606.gbk,9,118,1,118,cluster00001,
10,Andrographis-yellow-vein-leaf-curl-betasatellite_taxid_1476485.gbk,10,118,1,118,cluster00001,
11,Bhendi-yellow-vein-India-betasatellite_taxid_908010.gbk,11,140,1,140,cluster00001,
12,Bhendi-yellow-vein-betasatellite_taxid_186371.gbk,12,140,1,140,cluster00001,
13,Bhendi-yellow-vein-mosaic-betasatellite_taxid_908072.gbk,13,118,1,118,cluster00001,
14,Bitter-gourd-leaf-curl-betasatellite_taxid_316106.gbk,14,89,1,89,cluster00001,
15,Cardiospermum-yellow-leaf-curl-betasatellite_taxid_497865.gbk,15,117,1,117,cluster00001,
16,Chayote-yellow-mosaic-Benin-betasatellite_taxid_1736759.gbk,16,117,1,117,cluster00001,
17,Chili-leaf-curl-Bhatinda-betasatellite_taxid_1335766.gbk,17,118,1,118,cluster00001,
18,Chili-leaf-curl-Sri-Lanka-betasatellite_taxid_2010315.gbk,18,121,1,121,cluster00001,
19,Chili-leaf-curl-betasatellite_taxid_2010286.gbk,19,149,1,149,cluster00001,
20,Corchorus-yellow-vein-mosaic-betasatellite_taxid_1297646.gbk,20,118,1,118,cluster00001,
21,Cotton-leaf-curl-Bangalore-betasatellite_taxid_307111.gbk,21,118,1,118,cluster00001,
22,Cotton-leaf-curl-Burewala-betasatellite_taxid_713092.gbk,22,118,1,118,cluster00001,
23,Cotton-leaf-curl-Gezira-betasatellite_taxid_304222.gbk,23,117,1,117,cluster00001,
24,Cotton-leaf-curl-Multan-betasatellite_taxid_306025.gbk,24,118,1,118,cluster00001,
25,Cotton-leaf-curl-betasatellite_taxid_134386.gbk,25,118,1,118,cluster00001,
26,Cotton-leaf-curl-virus-betasatellite_taxid_189515.gbk,26,118,1,118,cluster00001,
27,Cowpea-severe-leaf-curl-associated-DNA-beta_taxid_292627.gbk,27,118,1,118,cluster00001,
28,Croton-yellow-vein-mosaic-betasatellite_taxid_411248.gbk,28,118,1,118,cluster00001,
29,Emilia-yellow-vein-virus-associated-DNA-beta_taxid_640136.gbk,29,119,1,119,cluster00001,
30,Erectites-yellow-mosaic-virus-satellite-DNA-beta_taxid_447603.gbk,30,130,1,130,cluster00001,
31,Eupatorium-yellow-vein-betasatellite_taxid_221054.gbk,31,116,1,116,cluster00001,
32,Eupatorium-yellow-vein-mosaic-betasatellite_taxid_2010319.gbk,32,116,1,116,cluster00001,
33,French-bean-leaf-curl-betasatellite-Kanpur_taxid_1200971.gbk,33,109,1,109,cluster00001,
35,Hedyotis-yellow-mosaic-betasatellite_taxid_1428189.gbk,35,118,1,118,cluster00001,
36,Honeysuckle-yellow-vein-beta-Japan-Fukui-2001_taxid_435486.gbk,36,116,1,116,cluster00001,
37,Honeysuckle-yellow-vein-betasatellite_taxid_221037.gbk,37,116,1,116,cluster00001,
38,Honeysuckle-yellow-vein-mosaic-betasatellite_taxid_1198498.gbk,38,116,1,116,cluster00001,
39,Honeysuckle-yellow-vein-mosaic-disease-associated-satellite-DNA_taxid_417192.gbk,39,116,1,116,cluster00001,
40,Kenaf-leaf-curl-betasatellite_taxid_1273128.gbk,40,118,1,118,cluster00001,
41,Leucas-zeylanica-yellow-vein-virus-satellite-DNA-beta_taxid_670251.gbk,41,118,1,118,cluster00001,
42,Lindernia-anagallis-yellow-vein-virus-satellite-DNA-beta_taxid_447605.gbk,42,120,1,120,cluster00001,
43,Ludwigia-leaf-distortion-betasatellite_taxid_570832.gbk,43,118,1,118,cluster00001,
44,Ludwigia-yellow-vein-virus-associated-DNA-beta_taxid_325113.gbk,44,118,1,118,cluster00001,
45,Luffa-begomovirus-betasatellite_taxid_1705090.gbk,45,149,1,149,cluster00001,
46,Luffa-puckering-and-leaf-distortion-associated-betasatellite_taxid_1506157.gbk,46,149,1,149,cluster00001,
47,Malachra-yellow-vein-mosaic-betasatellite_taxid_1705091.gbk,47,118,1,118,cluster00001,
48,Malachra-yellow-vein-mosaic-virus-associated-satellite-DNA-beta_taxid_488255.gbk,48,118,1,118,cluster00001,
49,Malvastrum-leaf-curl-Guangdong-betasatellite_taxid_1461792.gbk,49,118,1,118,cluster00001,
50,Malvastrum-leaf-curl-betasatellite_taxid_339965.gbk,50,118,1,118,cluster00001,
51,Malvastrum-yellow-mosaic-virus-satellite-DNA-beta_taxid_377463.gbk,51,118,1,118,cluster00001,
52,Malvastrum-yellow-vein-Chitwan-betasatellite_taxid_1246849.gbk,52,118,1,118,cluster00001,
53,Malvastrum-yellow-vein-Yunnan-virus-satellite-DNA-beta_taxid_377611.gbk,53,118,1,118,cluster00001,
54,Malvastrum-yellow-vein-betasatellite_taxid_221036.gbk,54,118,1,118,cluster00001,
55,Mesta-yellow-vein-mosaic-virus-associated-DNA-beta_taxid_360580.gbk,55,118,1,118,cluster00001,
56,Mimosa-yellow-leaf-curl-virus-satellite-DNA-beta_taxid_447600.gbk,56,122,1,122,cluster00001,
57,Mirabilis-leaf-curl-India-virus-associated-betasatellite_taxid_1507403.gbk,57,118,1,118,cluster00001,
58,Mirabilis-leaf-curl-betasatellite_taxid_2049883.gbk,58,118,1,118,cluster00001,
59,Mungbean-yellow-mosaic-India-virus-associated-betasatellite-India-_taxid_1238162.gbk,59,129,1,129,cluster00001,
60,Okra-enation-leaf-curl-betasatellite-India-Sonipat-EL10-2006_taxid_908277.gbk,60,140,1,140,cluster00001,
61,Okra-leaf-curl-Mali-virus-satellite-DNA-beta_taxid_454128.gbk,61,117,1,117,cluster00001,
62,Okra-leaf-curl-Oman-betasatellite_taxid_2010323.gbk,62,117,1,117,cluster00001,
63,Okra-leaf-curl-betasatellite_taxid_756759.gbk,63,117,1,117,cluster00001,
64,Okra-yellow-vein-disease-associated-sequence_taxid_169693.gbk,64,117,1,117,cluster00001,
65,Papaya-leaf-curl-China-betasatellite-China-Hainan-2014_taxid_1507984.gbk,65,118,1,118,cluster00001,
66,Papaya-leaf-curl-betasatellite-Panipat-6_taxid_1036255.gbk,66,118,1,118,cluster00001,
67,Papaya-leaf-curl-betasatellite_taxid_714640.gbk,67,118,1,118,cluster00001,
68,Pea-leaf-distortion-betasatellite_taxid_1931113.gbk,68,118,1,118,cluster00001,
69,Pepper-leaf-curl-Yunnan-virus-satellite-DNA-beta_taxid_519016.gbk,69,118,1,118,cluster00001,
70,Pepper-leaf-curl-virus-satellite-DNA-beta_taxid_436242.gbk,70,120,1,120,cluster00001,
71,Potato-apical-leaf-curl-disease-associated-satellite-DNA-beta_taxid_410826.gbk,71,118,1,118,cluster00001,
72,Radish-leaf-curl-betasatellite_taxid_662596.gbk,72,118,1,118,cluster00001,
73,Rhynchosia-yellow-mosaic-betasatellite_taxid_2010325.gbk,73,118,1,118,cluster00001,
74,Rose-leaf-curl-betasatellite_taxid_875325.gbk,74,118,1,118,cluster00001,
75,Sida-leaf-curl-virus-associated-DNA-beta_taxid_337824.gbk,75,118,1,118,cluster00001,
76,Sida-yellow-mosaic-China-satellite-DNA-beta_taxid_291270.gbk,76,118,1,118,cluster00001,
77,Sida-yellow-vein-Vietnam-virus-satellite-DNA-beta_taxid_447602.gbk,77,118,1,118,cluster00001,
79,Siegesbeckia-yellow-vein-betasatellite_taxid_1418029.gbk,79,116,1,116,cluster00001,
80,Siegesbeckia-yellow-vein-virus-associated-DNA-beta_taxid_393034.gbk,80,116,1,116,cluster00001,
81,TYLCCNV-Y322-satellite-DNA-beta_taxid_366686.gbk,81,118,1,118,cluster00001,
82,Tobacco-curly-shoot-betasatellite_taxid_219596.gbk,82,118,1,118,cluster00001,
83,Tobacco-leaf-chlorosis-betasatellite_taxid_1213187.gbk,83,126,1,126,cluster00001,
84,Tobacco-leaf-curl-Japan-betasatellite_taxid_2010326.gbk,84,116,1,116,cluster00001,
85,Tobacco-leaf-curl-Patna-betasatellite_taxid_2010327.gbk,85,118,1,118,cluster00001,
86,Tobacco-leaf-curl-Yunnan-betasatellite_taxid_218845.gbk,86,118,1,118,cluster00001,
87,Tobacco-leaf-curl-betasatellite-Pakistan-Multan-Pedilanthus-2004_taxid_587314.gbk,87,127,1,127,cluster00001,
88,Tobacco-leaf-curl-disease-associated-sequence_taxid_169691.gbk,88,127,1,127,cluster00001,
89,Tomato-begomovirus-satellite-DNA-beta_taxid_234829.gbk,89,118,1,118,cluster00001,
90,Tomato-leaf-curl-Bangalore-betasatellite_taxid_2010331.gbk,90,118,1,118,cluster00001,
91,Tomato-leaf-curl-Bangalore-virus-Ban5-satellite-DNA-beta_taxid_486898.gbk,91,117,1,117,cluster00001,
92,Tomato-leaf-curl-Bangladesh-betasatellite_taxid_885379.gbk,92,118,1,118,cluster00001,
93,Tomato-leaf-curl-China-betasatellite_taxid_278069.gbk,93,118,1,118,cluster00001,
94,Tomato-leaf-curl-Gandhinagar-betasatellite_taxid_1384632.gbk,94,118,1,118,cluster00001,
95,Tomato-leaf-curl-Hajipur-betasatellite_taxid_1231334.gbk,95,118,1,118,cluster00001,
96,Tomato-leaf-curl-Java-virus-Ageratum-satellite-DNA_taxid_263578.gbk,96,118,1,118,cluster00001,
97,Tomato-leaf-curl-Joydebpur-betasatellite_taxid_1000690.gbk,97,118,1,118,cluster00001,
98,Tomato-leaf-curl-Joydebpur-betasatellite_taxid_436243.gbk,98,126,1,126,cluster00001,
99,Tomato-leaf-curl-Karnataka-betasatellite_taxid_1397670.gbk,99,118,1,118,cluster00001,
100,Tomato-leaf-curl-Laguna-betasatellite_taxid_2010332.gbk,100,118,1,118,cluster00001,
101,Tomato-leaf-curl-Laos-betasatellite_taxid_2010333.gbk,101,122,1,122,cluster00001,
102,Tomato-leaf-curl-Malaysia-betasatellite_taxid_2049892.gbk,102,118,1,118,cluster00001,
103,Tomato-leaf-curl-Nepal-betasatellite_taxid_2031200.gbk,103,118,1,118,cluster00001,
104,Tomato-leaf-curl-New-Delhi-betasatellite_taxid_478812.gbk,104,118,1,118,cluster00001,
105,Tomato-leaf-curl-Pakistan-betasatellite_taxid_1609290.gbk,105,127,1,127,cluster00001,
106,Tomato-leaf-curl-Patna-betasatellite_taxid_575918.gbk,106,126,1,126,cluster00001,
107,Tomato-leaf-curl-Philippine-betasatellite_taxid_2173168.gbk,107,118,1,118,cluster00001,
108,Tomato-leaf-curl-Togo-betasatellite-Togo-2006_taxid_929051.gbk,108,117,1,117,cluster00001,
109,Tomato-leaf-curl-Yemen-betasatellite_taxid_1176156.gbk,109,117,1,117,cluster00001,
110,Tomato-leaf-curl-Yunnan-betasatellite_taxid_2203894.gbk,110,118,1,118,cluster00001,
111,Tomato-leaf-curl-betasatellite_taxid_220812.gbk,111,118,1,118,cluster00001,
112,Tomato-leaf-curl-virus-Pune-associated-DNA-beta_taxid_315392.gbk,112,118,1,118,cluster00001,
113,Tomato-yellow-dwarf-disease-associated-satellite-DNA-beta-Kochi_taxid_427315.gbk,113,116,1,116,cluster00001,
114,Tomato-yellow-leaf-curl-China-betasatellite_taxid_1255765.gbk,114,118,1,118,cluster00001,
115,Tomato-yellow-leaf-curl-Rajasthan-betasatellite_taxid_2083207.gbk,115,120,1,120,cluster00001,
116,Tomato-yellow-leaf-curl-Shandong-betasatellite_taxid_2040662.gbk,116,118,1,118,cluster00001,
117,Tomato-yellow-leaf-curl-Thailand-betasatellite_taxid_693897.gbk,117,118,1,118,cluster00001,
118,Tomato-yellow-leaf-curl-Vietnam-betasatellite_taxid_447604.gbk,118,118,1,118,cluster00001,
119,Tomato-yellow-leaf-curl-Yunnan-betasatellite_taxid_2033721.gbk,119,118,1,118,cluster00001,
120,Tomato-yellow-leaf-curl-betasatellite_taxid_391090.gbk,120,118,1,118,cluster00001,
121,Vernonia-crinkle-betasatellite_taxid_1925152.gbk,121,118,1,118,cluster00001,
122,Vernonia-yellow-vein-Fujian-betasatellite_taxid_2050589.gbk,122,129,1,129,cluster00001,
123,Vernonia-yellow-vein-betasatellite_taxid_666635.gbk,123,126,1,126,cluster00001,
124,Zinnia-leaf-curl-virus-associated-DNA-beta_taxid_220813.gbk,124,118,1,118,cluster00001,
34,Hedyotis-yellow-mosaic-betasatellite_taxid_1428189.gbk,34,121,1,121,,
78,Sida-yellow-vein-virus-satellite-DNA-beta_taxid_326489.gbk,78,123,1,123,,
