1,Alces-alces-faeces-associated-microvirus-MP10-5560_taxid_2219133.gbk,1,332,1,332,cluster00001,
7,Alces-alces-faeces-associated-microvirus-MP11-5517_taxid_2219134.gbk,7,361,1,361,cluster00001,
13,Alces-alces-faeces-associated-microvirus-MP12-5423_taxid_2219135.gbk,13,348,1,348,cluster00001,
19,Alces-alces-faeces-associated-microvirus-MP15-5067_taxid_2219136.gbk,19,304,1,304,cluster00001,
23,Alces-alces-faeces-associated-microvirus-MP18-4940_taxid_2219137.gbk,23,356,1,356,cluster00001,
27,Bdellovibrio-phage-phiMH2K_taxid_145579.gbk,27,315,1,315,cluster00001,
39,Chimpanzee-faeces-associated-microphage-1_taxid_1676181.gbk,39,275,1,275,cluster00001,
42,Chimpanzee-faeces-associated-microphage-2_taxid_1676182.gbk,42,308,1,308,cluster00001,
48,Chimpanzee-faeces-associated-microphage-3_taxid_1676183.gbk,48,282,1,282,cluster00001,
57,Chlamydia-phage-2_taxid_105154.gbk,57,336,1,336,cluster00001,
65,Chlamydia-phage-4_taxid_313629.gbk,65,315,1,315,cluster00001,
75,Chlamydia-phage-CPG1_taxid_90963.gbk,75,263,1,263,cluster00001,
81,Chlamydia-virus-CPAR39_taxid_1986029.gbk,81,327,1,327,cluster00001,
90,Chlamydia-virus-Chp1_taxid_2003327.gbk,90,399,1,399,cluster00001,
91,Chlamydia-virus-Chp1_taxid_2003327.gbk,91,206,1,206,cluster00001,
105,Escherichia-phage-EC6098_taxid_2720215.gbk,105,301,1,301,cluster00001,
157,Gokushovirinae-Bog1183-53_taxid_1655646.gbk,157,244,1,244,cluster00001,
164,Gokushovirinae-Bog5712-52_taxid_1655649.gbk,164,301,1,301,cluster00001,
170,Gokushovirinae-Bog8989-22_taxid_1655650.gbk,170,263,1,263,cluster00001,
176,Gokushovirinae-Fen672-31_taxid_1655656.gbk,176,280,1,280,cluster00001,
183,Gokushovirinae-Fen7875-21_taxid_1655659.gbk,183,298,1,298,cluster00001,
185,Lynx-canadensis-associated-microvirus-CLP-9413_taxid_2219141.gbk,185,271,1,271,cluster00001,
193,Marine-gokushovirus_taxid_1385658.gbk,193,312,1,312,cluster00001,
199,Microviridae-Bog1249-12_taxid_1655647.gbk,199,275,1,275,cluster00001,
202,Microviridae-Bog5275-51_taxid_1655648.gbk,202,323,1,323,cluster00001,
207,Microviridae-Bog9017-22_taxid_1655651.gbk,207,280,1,280,cluster00001,
211,Microviridae-Fen2266-11_taxid_1655652.gbk,211,291,1,291,cluster00001,
216,Microviridae-Fen418-41_taxid_1655653.gbk,216,380,1,380,cluster00001,
224,Microviridae-Fen4707-41_taxid_1655654.gbk,224,270,1,270,cluster00001,
227,Microviridae-Fen685-11_taxid_1655657.gbk,227,332,1,332,cluster00001,
232,Microviridae-Fen7786-21_taxid_1655658.gbk,232,227,1,227,cluster00001,
237,Microviridae-Fen7895-21_taxid_1655660.gbk,237,296,1,296,cluster00001,
242,Microviridae-Fen7918-21_taxid_1655661.gbk,242,274,1,274,cluster00001,
250,Microviridae-Fen7940-21_taxid_1655662.gbk,250,253,1,253,cluster00001,
261,Microviridae-phi-CA82_taxid_913970.gbk,261,353,1,353,cluster00001,
273,Parabacteroides-phage-YZ-2015a_taxid_1655644.gbk,273,284,1,284,cluster00001,
277,Parabacteroides-phage-YZ-2015b_taxid_1655645.gbk,277,285,1,285,cluster00001,
278,Spiroplasma-virus-SpV4_taxid_10855.gbk,278,320,1,320,cluster00001,
2,Alces-alces-faeces-associated-microvirus-MP10-5560_taxid_2219133.gbk,2,84,1,84,cluster00002,
15,Alces-alces-faeces-associated-microvirus-MP12-5423_taxid_2219135.gbk,15,84,1,84,cluster00002,
24,Alces-alces-faeces-associated-microvirus-MP18-4940_taxid_2219137.gbk,24,79,1,79,cluster00002,
35,Bdellovibrio-phage-phiMH2K_taxid_145579.gbk,35,84,1,84,cluster00002,
58,Chlamydia-phage-2_taxid_105154.gbk,58,84,1,84,cluster00002,
66,Chlamydia-phage-4_taxid_313629.gbk,66,84,1,84,cluster00002,
67,Chlamydia-phage-CPG1_taxid_90963.gbk,67,84,1,84,cluster00002,
92,Chlamydia-virus-Chp1_taxid_2003327.gbk,92,96,1,96,cluster00002,
93,Chlamydia-virus-Chp1_taxid_2003327.gbk,93,58,1,58,cluster00002,
158,Gokushovirinae-Bog1183-53_taxid_1655646.gbk,158,69,1,69,cluster00002,
165,Gokushovirinae-Bog5712-52_taxid_1655649.gbk,165,96,1,96,cluster00002,
171,Gokushovirinae-Bog8989-22_taxid_1655650.gbk,171,89,1,89,cluster00002,
177,Gokushovirinae-Fen672-31_taxid_1655656.gbk,177,99,1,99,cluster00002,
184,Gokushovirinae-Fen7875-21_taxid_1655659.gbk,184,84,1,84,cluster00002,
186,Lynx-canadensis-associated-microvirus-CLP-9413_taxid_2219141.gbk,186,81,1,81,cluster00002,
194,Marine-gokushovirus_taxid_1385658.gbk,194,87,1,87,cluster00002,
3,Alces-alces-faeces-associated-microvirus-MP10-5560_taxid_2219133.gbk,3,159,1,159,cluster00003,
16,Alces-alces-faeces-associated-microvirus-MP12-5423_taxid_2219135.gbk,16,225,1,225,cluster00003,
25,Alces-alces-faeces-associated-microvirus-MP18-4940_taxid_2219137.gbk,25,158,1,158,cluster00003,
43,Chimpanzee-faeces-associated-microphage-2_taxid_1676182.gbk,43,166,1,166,cluster00003,
191,Marine-gokushovirus_taxid_1385658.gbk,191,163,1,163,cluster00003,
5,Alces-alces-faeces-associated-microvirus-MP10-5560_taxid_2219133.gbk,5,559,1,559,cluster00004,
11,Alces-alces-faeces-associated-microvirus-MP11-5517_taxid_2219134.gbk,11,542,1,542,cluster00004,
17,Alces-alces-faeces-associated-microvirus-MP12-5423_taxid_2219135.gbk,17,547,1,547,cluster00004,
20,Alces-alces-faeces-associated-microvirus-MP15-5067_taxid_2219136.gbk,20,626,1,626,cluster00004,
28,Bdellovibrio-phage-phiMH2K_taxid_145579.gbk,28,533,1,533,cluster00004,
41,Chimpanzee-faeces-associated-microphage-1_taxid_1676181.gbk,41,537,1,537,cluster00004,
44,Chimpanzee-faeces-associated-microphage-2_taxid_1676182.gbk,44,580,1,580,cluster00004,
50,Chimpanzee-faeces-associated-microphage-3_taxid_1676183.gbk,50,558,1,558,cluster00004,
51,Chlamydia-phage-2_taxid_105154.gbk,51,565,1,565,cluster00004,
59,Chlamydia-phage-4_taxid_313629.gbk,59,554,1,554,cluster00004,
68,Chlamydia-phage-CPG1_taxid_90963.gbk,68,553,1,553,cluster00004,
76,Chlamydia-virus-CPAR39_taxid_1986029.gbk,76,553,1,553,cluster00004,
82,Chlamydia-virus-Chp1_taxid_2003327.gbk,82,596,1,596,cluster00004,
108,Escherichia-phage-EC6098_taxid_2720215.gbk,108,566,1,566,cluster00004,
155,Gokushovirinae-Bog1183-53_taxid_1655646.gbk,155,606,1,606,cluster00004,
160,Gokushovirinae-Bog5712-52_taxid_1655649.gbk,160,536,1,536,cluster00004,
166,Gokushovirinae-Bog8989-22_taxid_1655650.gbk,166,529,1,529,cluster00004,
172,Gokushovirinae-Fen672-31_taxid_1655656.gbk,172,526,1,526,cluster00004,
179,Gokushovirinae-Fen7875-21_taxid_1655659.gbk,179,548,1,548,cluster00004,
187,Lynx-canadensis-associated-microvirus-CLP-9413_taxid_2219141.gbk,187,558,1,558,cluster00004,
189,Marine-gokushovirus_taxid_1385658.gbk,189,538,1,538,cluster00004,
195,Microviridae-Bog1249-12_taxid_1655647.gbk,195,511,1,511,cluster00004,
201,Microviridae-Bog5275-51_taxid_1655648.gbk,201,546,1,546,cluster00004,
206,Microviridae-Bog9017-22_taxid_1655651.gbk,206,537,1,537,cluster00004,
210,Microviridae-Fen2266-11_taxid_1655652.gbk,210,554,1,554,cluster00004,
215,Microviridae-Fen418-41_taxid_1655653.gbk,215,551,1,551,cluster00004,
220,Microviridae-Fen4707-41_taxid_1655654.gbk,220,537,1,537,cluster00004,
226,Microviridae-Fen685-11_taxid_1655657.gbk,226,473,1,473,cluster00004,
231,Microviridae-Fen7786-21_taxid_1655658.gbk,231,553,1,553,cluster00004,
236,Microviridae-Fen7895-21_taxid_1655660.gbk,236,528,1,528,cluster00004,
241,Microviridae-Fen7918-21_taxid_1655661.gbk,241,506,1,506,cluster00004,
246,Microviridae-Fen7940-21_taxid_1655662.gbk,246,507,1,507,cluster00004,
259,Microviridae-phi-CA82_taxid_913970.gbk,259,565,1,565,cluster00004,
268,Parabacteroides-phage-YZ-2015a_taxid_1655644.gbk,268,538,1,538,cluster00004,
274,Parabacteroides-phage-YZ-2015b_taxid_1655645.gbk,274,553,1,553,cluster00004,
284,Spiroplasma-virus-SpV4_taxid_10855.gbk,284,553,1,553,cluster00004,
9,Alces-alces-faeces-associated-microvirus-MP11-5517_taxid_2219134.gbk,9,157,1,157,cluster00005,
34,Bdellovibrio-phage-phiMH2K_taxid_145579.gbk,34,151,1,151,cluster00005,
40,Chimpanzee-faeces-associated-microphage-1_taxid_1676181.gbk,40,136,1,136,cluster00005,
49,Chimpanzee-faeces-associated-microphage-3_taxid_1676183.gbk,49,136,1,136,cluster00005,
55,Chlamydia-phage-2_taxid_105154.gbk,55,148,1,148,cluster00005,
63,Chlamydia-phage-4_taxid_313629.gbk,63,148,1,148,cluster00005,
71,Chlamydia-phage-CPG1_taxid_90963.gbk,71,148,1,148,cluster00005,
78,Chlamydia-virus-CPAR39_taxid_1986029.gbk,78,148,1,148,cluster00005,
88,Chlamydia-virus-Chp1_taxid_2003327.gbk,88,145,1,145,cluster00005,
107,Escherichia-phage-EC6098_taxid_2720215.gbk,107,167,1,167,cluster00005,
159,Gokushovirinae-Bog1183-53_taxid_1655646.gbk,159,147,1,147,cluster00005,
162,Gokushovirinae-Bog5712-52_taxid_1655649.gbk,162,170,1,170,cluster00005,
168,Gokushovirinae-Bog8989-22_taxid_1655650.gbk,168,119,1,119,cluster00005,
174,Gokushovirinae-Fen672-31_taxid_1655656.gbk,174,177,1,177,cluster00005,
181,Gokushovirinae-Fen7875-21_taxid_1655659.gbk,181,157,1,157,cluster00005,
191,Marine-gokushovirus_taxid_1385658.gbk,191,163,1,163,cluster00005,
32,Bdellovibrio-phage-phiMH2K_taxid_145579.gbk,32,199,1,199,cluster00006,
54,Chlamydia-phage-2_taxid_105154.gbk,54,186,1,186,cluster00006,
62,Chlamydia-phage-4_taxid_313629.gbk,62,186,1,186,cluster00006,
70,Chlamydia-phage-CPG1_taxid_90963.gbk,70,186,1,186,cluster00006,
77,Chlamydia-virus-CPAR39_taxid_1986029.gbk,77,186,1,186,cluster00006,
156,Gokushovirinae-Bog1183-53_taxid_1655646.gbk,156,200,1,200,cluster00006,
53,Chlamydia-phage-2_taxid_105154.gbk,53,52,1,52,cluster00007,
61,Chlamydia-phage-4_taxid_313629.gbk,61,52,1,52,cluster00007,
69,Chlamydia-phage-CPG1_taxid_90963.gbk,69,52,1,52,cluster00007,
94,Enterobacteria-phage-ID18-sensu-lato_taxid_489829.gbk,94,556,1,556,cluster00008,
95,Enterobacteria-phage-ID18-sensu-lato_taxid_489829.gbk,95,341,1,341,cluster00008,
111,Escherichia-phage-G4_taxid_10843.gbk,111,554,1,554,cluster00008,
112,Escherichia-phage-G4_taxid_10843.gbk,112,341,1,341,cluster00008,
122,Escherichia-phage-ID2-Moscow-ID-2001_taxid_511969.gbk,122,553,1,553,cluster00008,
123,Escherichia-phage-ID2-Moscow-ID-2001_taxid_511969.gbk,123,341,1,341,cluster00008,
133,Escherichia-phage-ID52_taxid_338108.gbk,133,554,1,554,cluster00008,
134,Escherichia-phage-ID52_taxid_338108.gbk,134,341,1,341,cluster00008,
144,Escherichia-virus-phiX174_taxid_10847.gbk,144,513,1,513,cluster00008,
145,Escherichia-virus-phiX174_taxid_10847.gbk,145,341,1,341,cluster00008,
96,Enterobacteria-phage-ID18-sensu-lato_taxid_489829.gbk,96,120,1,120,cluster00009,
113,Escherichia-phage-G4_taxid_10843.gbk,113,120,1,120,cluster00009,
124,Escherichia-phage-ID2-Moscow-ID-2001_taxid_511969.gbk,124,120,1,120,cluster00009,
135,Escherichia-phage-ID52_taxid_338108.gbk,135,120,1,120,cluster00009,
146,Escherichia-virus-phiX174_taxid_10847.gbk,146,120,1,120,cluster00009,
97,Enterobacteria-phage-ID18-sensu-lato_taxid_489829.gbk,97,56,1,56,cluster00010,
114,Escherichia-phage-G4_taxid_10843.gbk,114,56,1,56,cluster00010,
125,Escherichia-phage-ID2-Moscow-ID-2001_taxid_511969.gbk,125,56,1,56,cluster00010,
136,Escherichia-phage-ID52_taxid_338108.gbk,136,56,1,56,cluster00010,
147,Escherichia-virus-phiX174_taxid_10847.gbk,147,56,1,56,cluster00010,
98,Enterobacteria-phage-ID18-sensu-lato_taxid_489829.gbk,98,89,1,89,cluster00011,
115,Escherichia-phage-G4_taxid_10843.gbk,115,84,1,84,cluster00011,
126,Escherichia-phage-ID2-Moscow-ID-2001_taxid_511969.gbk,126,84,1,84,cluster00011,
137,Escherichia-phage-ID52_taxid_338108.gbk,137,87,1,87,cluster00011,
148,Escherichia-virus-phiX174_taxid_10847.gbk,148,86,1,86,cluster00011,
99,Enterobacteria-phage-ID18-sensu-lato_taxid_489829.gbk,99,153,1,153,cluster00012,
116,Escherichia-phage-G4_taxid_10843.gbk,116,152,1,152,cluster00012,
127,Escherichia-phage-ID2-Moscow-ID-2001_taxid_511969.gbk,127,151,1,151,cluster00012,
138,Escherichia-phage-ID52_taxid_338108.gbk,138,152,1,152,cluster00012,
149,Escherichia-virus-phiX174_taxid_10847.gbk,149,152,1,152,cluster00012,
100,Enterobacteria-phage-ID18-sensu-lato_taxid_489829.gbk,100,91,1,91,cluster00013,
117,Escherichia-phage-G4_taxid_10843.gbk,117,96,1,96,cluster00013,
128,Escherichia-phage-ID2-Moscow-ID-2001_taxid_511969.gbk,128,91,1,91,cluster00013,
139,Escherichia-phage-ID52_taxid_338108.gbk,139,103,1,103,cluster00013,
150,Escherichia-virus-phiX174_taxid_10847.gbk,150,91,1,91,cluster00013,
101,Enterobacteria-phage-ID18-sensu-lato_taxid_489829.gbk,101,26,1,26,cluster00014,
118,Escherichia-phage-G4_taxid_10843.gbk,118,25,1,25,cluster00014,
140,Escherichia-phage-ID52_taxid_338108.gbk,140,25,1,25,cluster00014,
151,Escherichia-virus-phiX174_taxid_10847.gbk,151,38,1,38,cluster00014,
102,Enterobacteria-phage-ID18-sensu-lato_taxid_489829.gbk,102,426,1,426,cluster00015,
119,Escherichia-phage-G4_taxid_10843.gbk,119,427,1,427,cluster00015,
130,Escherichia-phage-ID2-Moscow-ID-2001_taxid_511969.gbk,130,427,1,427,cluster00015,
141,Escherichia-phage-ID52_taxid_338108.gbk,141,427,1,427,cluster00015,
152,Escherichia-virus-phiX174_taxid_10847.gbk,152,427,1,427,cluster00015,
103,Enterobacteria-phage-ID18-sensu-lato_taxid_489829.gbk,103,177,1,177,cluster00016,
120,Escherichia-phage-G4_taxid_10843.gbk,120,177,1,177,cluster00016,
131,Escherichia-phage-ID2-Moscow-ID-2001_taxid_511969.gbk,131,179,1,179,cluster00016,
142,Escherichia-phage-ID52_taxid_338108.gbk,142,177,1,177,cluster00016,
153,Escherichia-virus-phiX174_taxid_10847.gbk,153,175,1,175,cluster00016,
104,Enterobacteria-phage-ID18-sensu-lato_taxid_489829.gbk,104,337,1,337,cluster00017,
121,Escherichia-phage-G4_taxid_10843.gbk,121,337,1,337,cluster00017,
132,Escherichia-phage-ID2-Moscow-ID-2001_taxid_511969.gbk,132,335,1,335,cluster00017,
143,Escherichia-phage-ID52_taxid_338108.gbk,143,337,1,337,cluster00017,
154,Escherichia-virus-phiX174_taxid_10847.gbk,154,328,1,328,cluster00017,
198,Microviridae-Bog1249-12_taxid_1655647.gbk,198,237,1,237,cluster00018,
205,Microviridae-Bog5275-51_taxid_1655648.gbk,205,334,1,334,cluster00018,
209,Microviridae-Bog9017-22_taxid_1655651.gbk,209,349,1,349,cluster00018,
214,Microviridae-Fen2266-11_taxid_1655652.gbk,214,338,1,338,cluster00018,
219,Microviridae-Fen418-41_taxid_1655653.gbk,219,341,1,341,cluster00018,
230,Microviridae-Fen685-11_taxid_1655657.gbk,230,336,1,336,cluster00018,
235,Microviridae-Fen7786-21_taxid_1655658.gbk,235,369,1,369,cluster00018,
240,Microviridae-Fen7895-21_taxid_1655660.gbk,240,325,1,325,cluster00018,
244,Microviridae-Fen7918-21_taxid_1655661.gbk,244,341,1,341,cluster00018,
203,Microviridae-Bog5275-51_taxid_1655648.gbk,203,137,1,137,cluster00019,
208,Microviridae-Bog9017-22_taxid_1655651.gbk,208,125,1,125,cluster00019,
212,Microviridae-Fen2266-11_taxid_1655652.gbk,212,102,1,102,cluster00019,
217,Microviridae-Fen418-41_taxid_1655653.gbk,217,121,1,121,cluster00019,
218,Microviridae-Fen418-41_taxid_1655653.gbk,218,115,1,115,cluster00020,
229,Microviridae-Fen685-11_taxid_1655657.gbk,229,92,1,92,cluster00020,
234,Microviridae-Fen7786-21_taxid_1655658.gbk,234,102,1,102,cluster00020,
239,Microviridae-Fen7895-21_taxid_1655660.gbk,239,115,1,115,cluster00020,
2,Alces-alces-faeces-associated-microvirus-MP10-5560_taxid_2219133.gbk,2,84,1,84,cluster00021,
194,Marine-gokushovirus_taxid_1385658.gbk,194,87,1,87,cluster00021,
14,Alces-alces-faeces-associated-microvirus-MP12-5423_taxid_2219135.gbk,14,38,1,38,cluster00022,
192,Marine-gokushovirus_taxid_1385658.gbk,192,41,1,41,cluster00022,
32,Bdellovibrio-phage-phiMH2K_taxid_145579.gbk,32,199,1,199,cluster00023,
167,Gokushovirinae-Bog8989-22_taxid_1655650.gbk,167,219,1,219,cluster00023,
38,Chimpanzee-faeces-associated-microphage-1_taxid_1676181.gbk,38,305,1,305,cluster00024,
47,Chimpanzee-faeces-associated-microphage-3_taxid_1676183.gbk,47,339,1,339,cluster00024,
45,Chimpanzee-faeces-associated-microphage-2_taxid_1676182.gbk,45,274,1,274,cluster00025,
260,Microviridae-phi-CA82_taxid_913970.gbk,260,234,1,234,cluster00025,
52,Chlamydia-phage-2_taxid_105154.gbk,52,32,1,32,cluster00026,
60,Chlamydia-phage-4_taxid_313629.gbk,60,32,1,32,cluster00026,
72,Chlamydia-phage-CPG1_taxid_90963.gbk,72,35,1,35,cluster00027,
79,Chlamydia-virus-CPAR39_taxid_1986029.gbk,79,35,1,35,cluster00027,
73,Chlamydia-phage-CPG1_taxid_90963.gbk,73,33,1,33,cluster00028,
80,Chlamydia-virus-CPAR39_taxid_1986029.gbk,80,31,1,31,cluster00028,
101,Enterobacteria-phage-ID18-sensu-lato_taxid_489829.gbk,101,26,1,26,cluster00029,
129,Escherichia-phage-ID2-Moscow-ID-2001_taxid_511969.gbk,129,26,1,26,cluster00029,
156,Gokushovirinae-Bog1183-53_taxid_1655646.gbk,156,200,1,200,cluster00030,
173,Gokushovirinae-Fen672-31_taxid_1655656.gbk,173,228,1,228,cluster00030,
163,Gokushovirinae-Bog5712-52_taxid_1655649.gbk,163,65,1,65,cluster00031,
182,Gokushovirinae-Fen7875-21_taxid_1655659.gbk,182,41,1,41,cluster00031,
173,Gokushovirinae-Fen672-31_taxid_1655656.gbk,173,228,1,228,cluster00032,
180,Gokushovirinae-Fen7875-21_taxid_1655659.gbk,180,327,1,327,cluster00032,
173,Gokushovirinae-Fen672-31_taxid_1655656.gbk,173,228,1,228,cluster00033,
244,Microviridae-Fen7918-21_taxid_1655661.gbk,244,341,1,341,cluster00033,
188,Lynx-canadensis-associated-microvirus-CLP-9413_taxid_2219141.gbk,188,336,1,336,cluster00034,
260,Microviridae-phi-CA82_taxid_913970.gbk,260,234,1,234,cluster00034,
196,Microviridae-Bog1249-12_taxid_1655647.gbk,196,139,1,139,cluster00035,
243,Microviridae-Fen7918-21_taxid_1655661.gbk,243,118,1,118,cluster00035,
198,Microviridae-Bog1249-12_taxid_1655647.gbk,198,237,1,237,cluster00036,
222,Microviridae-Fen4707-41_taxid_1655654.gbk,222,205,1,205,cluster00036,
217,Microviridae-Fen418-41_taxid_1655653.gbk,217,121,1,121,cluster00037,
233,Microviridae-Fen7786-21_taxid_1655658.gbk,233,202,1,202,cluster00037,
219,Microviridae-Fen418-41_taxid_1655653.gbk,219,341,1,341,cluster00038,
276,Parabacteroides-phage-YZ-2015b_taxid_1655645.gbk,276,259,1,259,cluster00038,
243,Microviridae-Fen7918-21_taxid_1655661.gbk,243,118,1,118,cluster00039,
275,Parabacteroides-phage-YZ-2015b_taxid_1655645.gbk,275,119,1,119,cluster00039,
244,Microviridae-Fen7918-21_taxid_1655661.gbk,244,341,1,341,cluster00040,
272,Parabacteroides-phage-YZ-2015a_taxid_1655644.gbk,272,288,1,288,cluster00040,
269,Parabacteroides-phage-YZ-2015a_taxid_1655644.gbk,269,116,1,116,cluster00041,
275,Parabacteroides-phage-YZ-2015b_taxid_1655645.gbk,275,119,1,119,cluster00041,
272,Parabacteroides-phage-YZ-2015a_taxid_1655644.gbk,272,288,1,288,cluster00042,
276,Parabacteroides-phage-YZ-2015b_taxid_1655645.gbk,276,259,1,259,cluster00042,
4,Alces-alces-faeces-associated-microvirus-MP10-5560_taxid_2219133.gbk,4,231,1,231,,
6,Alces-alces-faeces-associated-microvirus-MP10-5560_taxid_2219133.gbk,6,166,1,166,,
8,Alces-alces-faeces-associated-microvirus-MP11-5517_taxid_2219134.gbk,8,143,1,143,,
10,Alces-alces-faeces-associated-microvirus-MP11-5517_taxid_2219134.gbk,10,56,1,56,,
12,Alces-alces-faeces-associated-microvirus-MP11-5517_taxid_2219134.gbk,12,37,1,37,,
18,Alces-alces-faeces-associated-microvirus-MP12-5423_taxid_2219135.gbk,18,144,1,144,,
21,Alces-alces-faeces-associated-microvirus-MP15-5067_taxid_2219136.gbk,21,140,1,140,,
22,Alces-alces-faeces-associated-microvirus-MP15-5067_taxid_2219136.gbk,22,305,1,305,,
26,Alces-alces-faeces-associated-microvirus-MP18-4940_taxid_2219137.gbk,26,304,1,304,,
29,Bdellovibrio-phage-phiMH2K_taxid_145579.gbk,29,64,1,64,,
30,Bdellovibrio-phage-phiMH2K_taxid_145579.gbk,30,63,1,63,,
31,Bdellovibrio-phage-phiMH2K_taxid_145579.gbk,31,70,1,70,,
33,Bdellovibrio-phage-phiMH2K_taxid_145579.gbk,33,51,1,51,,
36,Bdellovibrio-phage-phiMH2K_taxid_145579.gbk,36,38,1,38,,
37,Bdellovibrio-phage-phiMH2K_taxid_145579.gbk,37,109,1,109,,
46,Chimpanzee-faeces-associated-microphage-2_taxid_1676182.gbk,46,118,1,118,,
56,Chlamydia-phage-2_taxid_105154.gbk,56,44,1,44,,
64,Chlamydia-phage-4_taxid_313629.gbk,64,-1,1,-1,,
74,Chlamydia-phage-CPG1_taxid_90963.gbk,74,40,1,40,,
83,Chlamydia-virus-Chp1_taxid_2003327.gbk,83,31,1,31,,
84,Chlamydia-virus-Chp1_taxid_2003327.gbk,84,263,1,263,,
85,Chlamydia-virus-Chp1_taxid_2003327.gbk,85,175,1,175,,
86,Chlamydia-virus-Chp1_taxid_2003327.gbk,86,169,1,169,,
87,Chlamydia-virus-Chp1_taxid_2003327.gbk,87,82,1,82,,
89,Chlamydia-virus-Chp1_taxid_2003327.gbk,89,-1,1,-1,,
106,Escherichia-phage-EC6098_taxid_2720215.gbk,106,89,1,89,,
109,Escherichia-phage-EC6098_taxid_2720215.gbk,109,259,1,259,,
110,Escherichia-phage-EC6098_taxid_2720215.gbk,110,39,1,39,,
161,Gokushovirinae-Bog5712-52_taxid_1655649.gbk,161,296,1,296,,
169,Gokushovirinae-Bog8989-22_taxid_1655650.gbk,169,73,1,73,,
175,Gokushovirinae-Fen672-31_taxid_1655656.gbk,175,34,1,34,,
178,Gokushovirinae-Fen672-31_taxid_1655656.gbk,178,60,1,60,,
190,Marine-gokushovirus_taxid_1385658.gbk,190,152,1,152,,
197,Microviridae-Bog1249-12_taxid_1655647.gbk,197,113,1,113,,
200,Microviridae-Bog1249-12_taxid_1655647.gbk,200,61,1,61,,
204,Microviridae-Bog5275-51_taxid_1655648.gbk,204,140,1,140,,
213,Microviridae-Fen2266-11_taxid_1655652.gbk,213,88,1,88,,
221,Microviridae-Fen4707-41_taxid_1655654.gbk,221,147,1,147,,
223,Microviridae-Fen4707-41_taxid_1655654.gbk,223,46,1,46,,
225,Microviridae-Fen4707-41_taxid_1655654.gbk,225,82,1,82,,
228,Microviridae-Fen685-11_taxid_1655657.gbk,228,89,1,89,,
238,Microviridae-Fen7895-21_taxid_1655660.gbk,238,108,1,108,,
245,Microviridae-Fen7918-21_taxid_1655661.gbk,245,54,1,54,,
247,Microviridae-Fen7940-21_taxid_1655662.gbk,247,145,1,145,,
248,Microviridae-Fen7940-21_taxid_1655662.gbk,248,203,1,203,,
249,Microviridae-Fen7940-21_taxid_1655662.gbk,249,243,1,243,,
251,Microviridae-IME-16_taxid_1544364.gbk,251,398,1,398,,
252,Microviridae-IME-16_taxid_1544364.gbk,252,189,1,189,,
253,Microviridae-IME-16_taxid_1544364.gbk,253,201,1,201,,
254,Microviridae-IME-16_taxid_1544364.gbk,254,70,1,70,,
255,Microviridae-IME-16_taxid_1544364.gbk,255,39,1,39,,
256,Microviridae-IME-16_taxid_1544364.gbk,256,111,1,111,,
257,Microviridae-IME-16_taxid_1544364.gbk,257,706,1,706,,
258,Microviridae-phi-CA82_taxid_913970.gbk,258,52,1,52,,
262,Microviridae-phi-CA82_taxid_913970.gbk,262,71,1,71,,
263,Microviridae-phi-CA82_taxid_913970.gbk,263,78,1,78,,
264,Microviridae-phi-CA82_taxid_913970.gbk,264,39,1,39,,
265,Microviridae-phi-CA82_taxid_913970.gbk,265,80,1,80,,
266,Microviridae-phi-CA82_taxid_913970.gbk,266,80,1,80,,
267,Microviridae-phi-CA82_taxid_913970.gbk,267,117,1,117,,
270,Parabacteroides-phage-YZ-2015a_taxid_1655644.gbk,270,60,1,60,,
271,Parabacteroides-phage-YZ-2015a_taxid_1655644.gbk,271,54,1,54,,
279,Spiroplasma-virus-SpV4_taxid_10855.gbk,279,38,1,38,,
280,Spiroplasma-virus-SpV4_taxid_10855.gbk,280,28,1,28,,
281,Spiroplasma-virus-SpV4_taxid_10855.gbk,281,71,1,71,,
282,Spiroplasma-virus-SpV4_taxid_10855.gbk,282,101,1,101,,
283,Spiroplasma-virus-SpV4_taxid_10855.gbk,283,149,1,149,,
285,Spiroplasma-virus-SpV4_taxid_10855.gbk,285,133,1,133,,
286,Spiroplasma-virus-SpV4_taxid_10855.gbk,286,54,1,54,,
