3,Ashy-storm-petrel-gyrovirus_taxid_2249930.gbk,3,455,1,455,cluster00001,
7,Avian-gyrovirus-2_taxid_1002273.gbk,7,460,1,460,cluster00001,
11,Chicken-anemia-virus_taxid_12618.gbk,11,449,1,449,cluster00001,
18,Gyrovirus-4_taxid_1214955.gbk,18,352,1,352,cluster00001,
21,Gyrovirus-GyV3_taxid_1163715.gbk,21,463,1,463,cluster00001,
24,Gyrovirus-GyV7-SF_taxid_1548711.gbk,24,465,1,465,cluster00001,
27,Gyrovirus-GyV8_taxid_1670973.gbk,27,478,1,478,cluster00001,
30,Gyrovirus-Tu243_taxid_1415627.gbk,30,356,1,356,cluster00001,
33,Gyrovirus-Tu789_taxid_1415628.gbk,33,453,1,453,cluster00001,
5,Avian-gyrovirus-2_taxid_1002273.gbk,5,231,1,231,cluster00002,
9,Chicken-anemia-virus_taxid_12618.gbk,9,216,1,216,cluster00002,
19,Gyrovirus-GyV3_taxid_1163715.gbk,19,239,1,239,cluster00002,
22,Gyrovirus-GyV7-SF_taxid_1548711.gbk,22,238,1,238,cluster00002,
25,Gyrovirus-GyV8_taxid_1670973.gbk,25,232,1,232,cluster00002,
31,Gyrovirus-Tu789_taxid_1415628.gbk,31,225,1,225,cluster00002,
6,Avian-gyrovirus-2_taxid_1002273.gbk,6,124,1,124,cluster00003,
10,Chicken-anemia-virus_taxid_12618.gbk,10,121,1,121,cluster00003,
20,Gyrovirus-GyV3_taxid_1163715.gbk,20,125,1,125,cluster00003,
23,Gyrovirus-GyV7-SF_taxid_1548711.gbk,23,130,1,130,cluster00003,
32,Gyrovirus-Tu789_taxid_1415628.gbk,32,111,1,111,cluster00003,
13,Giant-panda-anellovirus_taxid_2016460.gbk,13,495,1,495,cluster00004,
44,Seal-anellovirus-2_taxid_1427157.gbk,44,464,1,464,cluster00004,
47,Seal-anellovirus-3_taxid_1427156.gbk,47,488,1,488,cluster00004,
50,Seal-anellovirus-TFFN-USA-2006_taxid_991022.gbk,50,469,1,469,cluster00004,
65,Torque-teno-Leptonychotes-weddellii-virus-1_taxid_2012676.gbk,65,509,1,509,cluster00004,
69,Torque-teno-Leptonychotes-weddellii-virus-2_taxid_2012677.gbk,69,491,1,491,cluster00004,
82,Torque-teno-felis-virus-2_taxid_2065043.gbk,82,404,1,404,cluster00004,
86,Torque-teno-felis-virus_taxid_687384.gbk,86,436,1,436,cluster00004,
153,Torque-teno-tupaia-virus_taxid_687381.gbk,153,502,1,502,cluster00004,
155,Torque-teno-zalophus-virus-1_taxid_1218490.gbk,155,469,1,469,cluster00004,
15,Gorilla-anellovirus_taxid_1743411.gbk,15,116,1,116,cluster00005,
52,Small-anellovirus-1_taxid_289366.gbk,52,123,1,123,cluster00005,
55,Small-anellovirus-2_taxid_289367.gbk,55,121,1,121,cluster00005,
60,TTV-like-mini-virus_taxid_93678.gbk,60,96,1,96,cluster00005,
90,Torque-teno-midi-virus-3_taxid_2065044.gbk,90,116,1,116,cluster00005,
92,Torque-teno-midi-virus-4_taxid_2065045.gbk,92,116,1,116,cluster00005,
95,Torque-teno-mini-virus-10_taxid_2065036.gbk,95,107,1,107,cluster00005,
99,Torque-teno-mini-virus-11_taxid_2065037.gbk,99,103,1,103,cluster00005,
102,Torque-teno-mini-virus-12_taxid_2065038.gbk,102,99,1,99,cluster00005,
106,Torque-teno-mini-virus-18_taxid_1859149.gbk,106,88,1,88,cluster00005,
109,Torque-teno-mini-virus-1_taxid_687369.gbk,109,91,1,91,cluster00005,
112,Torque-teno-mini-virus-2_taxid_687370.gbk,112,89,1,89,cluster00005,
115,Torque-teno-mini-virus-3_taxid_687371.gbk,115,109,1,109,cluster00005,
118,Torque-teno-mini-virus-4_taxid_687372.gbk,118,91,1,91,cluster00005,
120,Torque-teno-mini-virus-5_taxid_687373.gbk,120,99,1,99,cluster00005,
123,Torque-teno-mini-virus-6_taxid_687374.gbk,123,97,1,97,cluster00005,
126,Torque-teno-mini-virus-7_taxid_687375.gbk,126,100,1,100,cluster00005,
128,Torque-teno-mini-virus-8_taxid_687376.gbk,128,99,1,99,cluster00005,
130,Torque-teno-mini-virus-9_taxid_687377.gbk,130,105,1,105,cluster00005,
133,Torque-teno-mini-virus-ALA22_taxid_1535290.gbk,133,101,1,101,cluster00005,
136,Torque-teno-mini-virus-ALH8_taxid_1535291.gbk,136,89,1,89,cluster00005,
16,Gorilla-anellovirus_taxid_1743411.gbk,16,665,1,665,cluster00006,
53,Small-anellovirus-1_taxid_289366.gbk,53,626,1,626,cluster00006,
57,Small-anellovirus-2_taxid_289367.gbk,57,502,1,502,cluster00006,
61,TTV-like-mini-virus_taxid_93678.gbk,61,672,1,672,cluster00006,
91,Torque-teno-midi-virus-3_taxid_2065044.gbk,91,533,1,533,cluster00006,
93,Torque-teno-midi-virus-4_taxid_2065045.gbk,93,658,1,658,cluster00006,
96,Torque-teno-mini-virus-10_taxid_2065036.gbk,96,650,1,650,cluster00006,
100,Torque-teno-mini-virus-11_taxid_2065037.gbk,100,662,1,662,cluster00006,
103,Torque-teno-mini-virus-12_taxid_2065038.gbk,103,661,1,661,cluster00006,
107,Torque-teno-mini-virus-18_taxid_1859149.gbk,107,646,1,646,cluster00006,
110,Torque-teno-mini-virus-1_taxid_687369.gbk,110,662,1,662,cluster00006,
113,Torque-teno-mini-virus-2_taxid_687370.gbk,113,628,1,628,cluster00006,
116,Torque-teno-mini-virus-3_taxid_687371.gbk,116,661,1,661,cluster00006,
119,Torque-teno-mini-virus-4_taxid_687372.gbk,119,654,1,654,cluster00006,
121,Torque-teno-mini-virus-5_taxid_687373.gbk,121,671,1,671,cluster00006,
124,Torque-teno-mini-virus-6_taxid_687374.gbk,124,656,1,656,cluster00006,
127,Torque-teno-mini-virus-7_taxid_687375.gbk,127,665,1,665,cluster00006,
129,Torque-teno-mini-virus-8_taxid_687376.gbk,129,675,1,675,cluster00006,
131,Torque-teno-mini-virus-9_taxid_687377.gbk,131,683,1,683,cluster00006,
134,Torque-teno-mini-virus-ALA22_taxid_1535290.gbk,134,674,1,674,cluster00006,
137,Torque-teno-mini-virus-ALH8_taxid_1535291.gbk,137,656,1,656,cluster00006,
36,Lesser-panda-anellovirus_taxid_2012640.gbk,36,580,1,580,cluster00007,
38,Rodent-Torque-teno-virus-2_taxid_1514665.gbk,38,574,1,574,cluster00007,
40,Rodent-Torque-teno-virus-6_taxid_2054613.gbk,40,572,1,572,cluster00007,
72,Torque-teno-Tadarida-brasiliensis-virus_taxid_1543419.gbk,72,547,1,547,cluster00007,
76,Torque-teno-canis-virus_taxid_687385.gbk,76,576,1,576,cluster00007,
88,Torque-teno-indri-virus-1_taxid_2010248.gbk,88,520,1,520,cluster00007,
146,Torque-teno-sus-virus-k2a_taxid_1968861.gbk,146,624,1,624,cluster00007,
149,Torque-teno-sus-virus-k2b_taxid_1239832.gbk,149,630,1,630,cluster00007,
43,Seal-anellovirus-2_taxid_1427157.gbk,43,94,1,94,cluster00008,
64,Torque-teno-Leptonychotes-weddellii-virus-1_taxid_2012676.gbk,64,93,1,93,cluster00008,
68,Torque-teno-Leptonychotes-weddellii-virus-2_taxid_2012677.gbk,68,108,1,108,cluster00008,
45,Seal-anellovirus-2_taxid_1427157.gbk,45,204,1,204,cluster00009,
48,Seal-anellovirus-3_taxid_1427156.gbk,48,186,1,186,cluster00009,
51,Seal-anellovirus-TFFN-USA-2006_taxid_991022.gbk,51,204,1,204,cluster00009,
70,Torque-teno-Leptonychotes-weddellii-virus-2_taxid_2012677.gbk,70,107,1,107,cluster00009,
156,Torque-teno-zalophus-virus-1_taxid_1218490.gbk,156,162,1,162,cluster00009,
46,Seal-anellovirus-3_taxid_1427156.gbk,46,83,1,83,cluster00010,
49,Seal-anellovirus-TFFN-USA-2006_taxid_991022.gbk,49,111,1,111,cluster00010,
63,Torque-teno-Leptonychotes-weddellii-virus-1_taxid_2012676.gbk,63,80,1,80,cluster00010,
67,Torque-teno-Leptonychotes-weddellii-virus-2_taxid_2012677.gbk,67,73,1,73,cluster00010,
104,Torque-teno-mini-virus-12_taxid_2065038.gbk,104,117,1,117,cluster00011,
111,Torque-teno-mini-virus-1_taxid_687369.gbk,111,130,1,130,cluster00011,
114,Torque-teno-mini-virus-2_taxid_687370.gbk,114,128,1,128,cluster00011,
117,Torque-teno-mini-virus-3_taxid_687371.gbk,117,131,1,131,cluster00011,
125,Torque-teno-mini-virus-6_taxid_687374.gbk,125,140,1,140,cluster00011,
132,Torque-teno-mini-virus-9_taxid_687377.gbk,132,115,1,115,cluster00011,
135,Torque-teno-mini-virus-ALA22_taxid_1535290.gbk,135,134,1,134,cluster00011,
2,Ashy-storm-petrel-gyrovirus_taxid_2249930.gbk,2,222,1,222,cluster00012,
25,Gyrovirus-GyV8_taxid_1670973.gbk,25,232,1,232,cluster00012,
12,Giant-panda-anellovirus_taxid_2016460.gbk,12,90,1,90,cluster00013,
37,Rodent-Torque-teno-virus-2_taxid_1514665.gbk,37,79,1,79,cluster00013,
17,Gyrovirus-4_taxid_1214955.gbk,17,217,1,217,cluster00014,
28,Gyrovirus-Tu243_taxid_1415627.gbk,28,231,1,231,cluster00014,
36,Lesser-panda-anellovirus_taxid_2012640.gbk,36,580,1,580,cluster00015,
93,Torque-teno-midi-virus-4_taxid_2065045.gbk,93,658,1,658,cluster00015,
36,Lesser-panda-anellovirus_taxid_2012640.gbk,36,580,1,580,cluster00016,
140,Torque-teno-sus-virus-1a_taxid_687386.gbk,140,635,1,635,cluster00016,
57,Small-anellovirus-2_taxid_289367.gbk,57,502,1,502,cluster00017,
146,Torque-teno-sus-virus-k2a_taxid_1968861.gbk,146,624,1,624,cluster00017,
58,Small-anellovirus-2_taxid_289367.gbk,58,165,1,165,cluster00018,
94,Torque-teno-midi-virus-4_taxid_2065045.gbk,94,178,1,178,cluster00018,
66,Torque-teno-Leptonychotes-weddellii-virus-1_taxid_2012676.gbk,66,85,1,85,cluster00019,
70,Torque-teno-Leptonychotes-weddellii-virus-2_taxid_2012677.gbk,70,107,1,107,cluster00019,
68,Torque-teno-Leptonychotes-weddellii-virus-2_taxid_2012677.gbk,68,108,1,108,cluster00020,
81,Torque-teno-felis-virus-2_taxid_2065043.gbk,81,104,1,104,cluster00020,
71,Torque-teno-Tadarida-brasiliensis-virus_taxid_1543419.gbk,71,99,1,99,cluster00021,
112,Torque-teno-mini-virus-2_taxid_687370.gbk,112,89,1,89,cluster00021,
94,Torque-teno-midi-virus-4_taxid_2065045.gbk,94,178,1,178,cluster00022,
125,Torque-teno-mini-virus-6_taxid_687374.gbk,125,140,1,140,cluster00022,
97,Torque-teno-mini-virus-10_taxid_2065036.gbk,97,114,1,114,cluster00023,
122,Torque-teno-mini-virus-5_taxid_687373.gbk,122,112,1,112,cluster00023,
98,Torque-teno-mini-virus-10_taxid_2065036.gbk,98,117,1,117,cluster00024,
101,Torque-teno-mini-virus-11_taxid_2065037.gbk,101,189,1,189,cluster00024,
104,Torque-teno-mini-virus-12_taxid_2065038.gbk,104,117,1,117,cluster00025,
122,Torque-teno-mini-virus-5_taxid_687373.gbk,122,112,1,112,cluster00025,
106,Torque-teno-mini-virus-18_taxid_1859149.gbk,106,88,1,88,cluster00026,
144,Torque-teno-sus-virus-k2a_taxid_1968861.gbk,144,199,1,199,cluster00026,
145,Torque-teno-sus-virus-k2a_taxid_1968861.gbk,145,68,1,68,cluster00026,
138,Torque-teno-sus-virus-1a_taxid_687386.gbk,138,224,1,224,cluster00027,
139,Torque-teno-sus-virus-1a_taxid_687386.gbk,139,73,1,73,cluster00027,
141,Torque-teno-sus-virus-1b_taxid_687387.gbk,141,228,1,228,cluster00027,
142,Torque-teno-sus-virus-1b_taxid_687387.gbk,142,72,1,72,cluster00027,
140,Torque-teno-sus-virus-1a_taxid_687386.gbk,140,635,1,635,cluster00028,
143,Torque-teno-sus-virus-1b_taxid_687387.gbk,143,637,1,637,cluster00028,
144,Torque-teno-sus-virus-k2a_taxid_1968861.gbk,144,199,1,199,cluster00029,
145,Torque-teno-sus-virus-k2a_taxid_1968861.gbk,145,68,1,68,cluster00029,
147,Torque-teno-sus-virus-k2b_taxid_1239832.gbk,147,224,1,224,cluster00029,
148,Torque-teno-sus-virus-k2b_taxid_1239832.gbk,148,80,1,80,cluster00029,
1,Ashy-storm-petrel-gyrovirus_taxid_2249930.gbk,1,102,1,102,,
4,Ashy-storm-petrel-gyrovirus_taxid_2249930.gbk,4,90,1,90,,
8,Chicken-anemia-virus_taxid_12618.gbk,8,91,1,91,,
14,Giant-panda-anellovirus_taxid_2016460.gbk,14,92,1,92,,
26,Gyrovirus-GyV8_taxid_1670973.gbk,26,103,1,103,,
29,Gyrovirus-Tu243_taxid_1415627.gbk,29,89,1,89,,
34,Lesser-panda-anellovirus_taxid_2012640.gbk,34,262,1,262,,
35,Lesser-panda-anellovirus_taxid_2012640.gbk,35,132,1,132,,
39,Rodent-Torque-teno-virus-2_taxid_1514665.gbk,39,98,1,98,,
41,Rodent-Torque-teno-virus-6_taxid_2054613.gbk,41,128,1,128,,
42,Rodent-Torque-teno-virus-6_taxid_2054613.gbk,42,127,1,127,,
54,Small-anellovirus-1_taxid_289366.gbk,54,81,1,81,,
56,Small-anellovirus-2_taxid_289367.gbk,56,183,1,183,,
59,Small-anellovirus-2_taxid_289367.gbk,59,117,1,117,,
62,TTV-like-mini-virus_taxid_93678.gbk,62,100,1,100,,
73,Torque-teno-Tadarida-brasiliensis-virus_taxid_1543419.gbk,73,131,1,131,,
74,Torque-teno-canis-virus_taxid_687385.gbk,74,243,1,243,,
75,Torque-teno-canis-virus_taxid_687385.gbk,75,101,1,101,,
77,Torque-teno-equus-virus-1_taxid_1673633.gbk,77,635,1,635,,
78,Torque-teno-equus-virus-1_taxid_1673633.gbk,78,69,1,69,,
79,Torque-teno-equus-virus-1_taxid_1673633.gbk,79,138,1,138,,
80,Torque-teno-equus-virus-1_taxid_1673633.gbk,80,77,1,77,,
83,Torque-teno-felis-virus-2_taxid_2065043.gbk,83,183,1,183,,
84,Torque-teno-felis-virus_taxid_687384.gbk,84,231,1,231,,
85,Torque-teno-felis-virus_taxid_687384.gbk,85,105,1,105,,
87,Torque-teno-indri-virus-1_taxid_2010248.gbk,87,90,1,90,,
89,Torque-teno-indri-virus-1_taxid_2010248.gbk,89,95,1,95,,
105,Torque-teno-mini-virus-12_taxid_2065038.gbk,105,64,1,64,,
108,Torque-teno-mini-virus-18_taxid_1859149.gbk,108,90,1,90,,
150,Torque-teno-sus-virus-k2b_taxid_1239832.gbk,150,188,1,188,,
151,Torque-teno-tupaia-virus_taxid_687381.gbk,151,214,1,214,,
152,Torque-teno-tupaia-virus_taxid_687381.gbk,152,59,1,59,,
154,Torque-teno-zalophus-virus-1_taxid_1218490.gbk,154,139,1,139,,
