2,Simian-torque-teno-virus-30_taxid_1619218.gbk,2,731,1,731,cluster00001,
5,Simian-torque-teno-virus-31_taxid_1619219.gbk,5,773,1,773,cluster00001,
9,Simian-torque-teno-virus-32_taxid_1619220.gbk,9,762,1,762,cluster00001,
13,Simian-torque-teno-virus-33_taxid_1629656.gbk,13,774,1,774,cluster00001,
17,Simian-torque-teno-virus-34_taxid_1629657.gbk,17,716,1,716,cluster00001,
21,Torque-teno-douroucouli-virus_taxid_687383.gbk,21,720,1,720,cluster00001,
26,Torque-teno-virus-10_taxid_687349.gbk,26,745,1,745,cluster00001,
30,Torque-teno-virus-12_taxid_687351.gbk,30,744,1,744,cluster00001,
32,Torque-teno-virus-14_taxid_687353.gbk,32,765,1,765,cluster00001,
34,Torque-teno-virus-15_taxid_687354.gbk,34,754,1,754,cluster00001,
36,Torque-teno-virus-16_taxid_687355.gbk,36,761,1,761,cluster00001,
38,Torque-teno-virus-19_taxid_687358.gbk,38,745,1,745,cluster00001,
41,Torque-teno-virus-1_taxid_687340.gbk,41,770,1,770,cluster00001,
43,Torque-teno-virus-25_taxid_687364.gbk,43,723,1,723,cluster00001,
46,Torque-teno-virus-26_taxid_687365.gbk,46,732,1,732,cluster00001,
51,Torque-teno-virus-27_taxid_687366.gbk,51,745,1,745,cluster00001,
55,Torque-teno-virus-28_taxid_687367.gbk,55,734,1,734,cluster00001,
57,Torque-teno-virus-29_taxid_687368.gbk,57,733,1,733,cluster00001,
63,Torque-teno-virus-3_taxid_687342.gbk,63,736,1,736,cluster00001,
66,Torque-teno-virus-4_taxid_687343.gbk,66,735,1,735,cluster00001,
70,Torque-teno-virus-6_taxid_687345.gbk,70,719,1,719,cluster00001,
72,Torque-teno-virus-7_taxid_687346.gbk,72,766,1,766,cluster00001,
77,Torque-teno-virus-8_taxid_687347.gbk,77,745,1,745,cluster00001,
4,Simian-torque-teno-virus-31_taxid_1619219.gbk,4,159,1,159,cluster00002,
8,Simian-torque-teno-virus-32_taxid_1619220.gbk,8,169,1,169,cluster00002,
12,Simian-torque-teno-virus-33_taxid_1629656.gbk,12,155,1,155,cluster00002,
33,Torque-teno-virus-15_taxid_687354.gbk,33,157,1,157,cluster00002,
35,Torque-teno-virus-16_taxid_687355.gbk,35,156,1,156,cluster00002,
24,Torque-teno-virus-10_taxid_687349.gbk,24,271,1,271,cluster00003,
25,Torque-teno-virus-10_taxid_687349.gbk,25,130,1,130,cluster00003,
28,Torque-teno-virus-12_taxid_687351.gbk,28,272,1,272,cluster00003,
29,Torque-teno-virus-12_taxid_687351.gbk,29,130,1,130,cluster00003,
74,Torque-teno-virus-8_taxid_687347.gbk,74,279,1,279,cluster00003,
75,Torque-teno-virus-8_taxid_687347.gbk,75,267,1,267,cluster00003,
76,Torque-teno-virus-8_taxid_687347.gbk,76,125,1,125,cluster00003,
52,Torque-teno-virus-28_taxid_687367.gbk,52,267,1,267,cluster00004,
53,Torque-teno-virus-28_taxid_687367.gbk,53,277,1,277,cluster00004,
54,Torque-teno-virus-28_taxid_687367.gbk,54,101,1,101,cluster00004,
59,Torque-teno-virus-3_taxid_687342.gbk,59,275,1,275,cluster00004,
60,Torque-teno-virus-3_taxid_687342.gbk,60,281,1,281,cluster00004,
61,Torque-teno-virus-3_taxid_687342.gbk,61,117,1,117,cluster00004,
62,Torque-teno-virus-3_taxid_687342.gbk,62,142,1,142,cluster00004,
67,Torque-teno-virus-6_taxid_687345.gbk,67,273,1,273,cluster00004,
68,Torque-teno-virus-6_taxid_687345.gbk,68,264,1,264,cluster00004,
69,Torque-teno-virus-6_taxid_687345.gbk,69,125,1,125,cluster00004,
74,Torque-teno-virus-8_taxid_687347.gbk,74,279,1,279,cluster00004,
75,Torque-teno-virus-8_taxid_687347.gbk,75,267,1,267,cluster00004,
76,Torque-teno-virus-8_taxid_687347.gbk,76,125,1,125,cluster00004,
11,Simian-torque-teno-virus-32_taxid_1619220.gbk,11,186,1,186,cluster00005,
15,Simian-torque-teno-virus-33_taxid_1629656.gbk,15,184,1,184,cluster00005,
16,Simian-torque-teno-virus-34_taxid_1629657.gbk,16,209,1,209,cluster00006,
42,Torque-teno-virus-25_taxid_687364.gbk,42,136,1,136,cluster00006,
23,Torque-teno-virus-10_taxid_687349.gbk,23,280,1,280,cluster00007,
27,Torque-teno-virus-12_taxid_687351.gbk,27,266,1,266,cluster00007,
28,Torque-teno-virus-12_taxid_687351.gbk,28,272,1,272,cluster00008,
29,Torque-teno-virus-12_taxid_687351.gbk,29,130,1,130,cluster00008,
39,Torque-teno-virus-1_taxid_687340.gbk,39,290,1,290,cluster00008,
40,Torque-teno-virus-1_taxid_687340.gbk,40,286,1,286,cluster00008,
35,Torque-teno-virus-16_taxid_687355.gbk,35,156,1,156,cluster00009,
37,Torque-teno-virus-19_taxid_687358.gbk,37,163,1,163,cluster00009,
35,Torque-teno-virus-16_taxid_687355.gbk,35,156,1,156,cluster00010,
71,Torque-teno-virus-7_taxid_687346.gbk,71,154,1,154,cluster00010,
1,Simian-torque-teno-virus-30_taxid_1619218.gbk,1,134,1,134,,
3,Simian-torque-teno-virus-30_taxid_1619218.gbk,3,125,1,125,,
6,Simian-torque-teno-virus-31_taxid_1619219.gbk,6,167,1,167,,
7,Simian-torque-teno-virus-31_taxid_1619219.gbk,7,190,1,190,,
10,Simian-torque-teno-virus-32_taxid_1619220.gbk,10,148,1,148,,
14,Simian-torque-teno-virus-33_taxid_1629656.gbk,14,155,1,155,,
18,Simian-torque-teno-virus-34_taxid_1629657.gbk,18,161,1,161,,
19,Simian-torque-teno-virus-34_taxid_1629657.gbk,19,146,1,146,,
20,Torque-teno-douroucouli-virus_taxid_687383.gbk,20,130,1,130,,
22,Torque-teno-douroucouli-virus_taxid_687383.gbk,22,151,1,151,,
31,Torque-teno-virus-14_taxid_687353.gbk,31,134,1,134,,
44,Torque-teno-virus-25_taxid_687364.gbk,44,86,1,86,,
45,Torque-teno-virus-26_taxid_687365.gbk,45,141,1,141,,
47,Torque-teno-virus-26_taxid_687365.gbk,47,87,1,87,,
48,Torque-teno-virus-27_taxid_687366.gbk,48,297,1,297,,
49,Torque-teno-virus-27_taxid_687366.gbk,49,280,1,280,,
50,Torque-teno-virus-27_taxid_687366.gbk,50,128,1,128,,
56,Torque-teno-virus-29_taxid_687368.gbk,56,128,1,128,,
58,Torque-teno-virus-29_taxid_687368.gbk,58,114,1,114,,
64,Torque-teno-virus-3_taxid_687342.gbk,64,199,1,199,,
65,Torque-teno-virus-4_taxid_687343.gbk,65,152,1,152,,
73,Torque-teno-virus-7_taxid_687346.gbk,73,54,1,54,,
