
Discrete character parsimony algorithm, version 3.695


One most parsimonious tree found:


  +----------------------------------0000000005
  |  
  |                                  +----0000000007
  |    +-----------------------------6  
  |    |                             |    +0000000008
  |    |                             +----7  
  |    |                                  +0000000006
  1----5  
  |    |         +-----------------------------0000000004
  |    |    +----4  
  |    |    |    |    +----------------------------------0000000003
  |    +----2    +----3  
  |         |         +-----------------------------0000000002
  |         |  
  |         +----------------------------------0000000001
  |  
  +--------------------------------------------0000000000


requires a total of     54.000

  between      and       length
  -------      ---       ------
     1      0000000005     7.00
     1           5         1.00
     5           6         6.00
     6      0000000007     1.00
     6           7         1.00
     7      0000000008     0.00
     7      0000000006     0.00
     5           2         1.00
     2           4         1.00
     4      0000000004     6.00
     4           3         1.00
     3      0000000003     7.00
     3      0000000002     6.00
     2      0000000001     7.00
     1      0000000000     9.00

