
Discrete character parsimony algorithm, version 3.695


     2 trees in all found


                                +---------0000000006
            +-------------------3  
            |                   |         +0000000007
            |                   +---------4  
            |                             +0000000005
            |  
  +---------2---------------------------------------0000000004
  |         |  
  |         +-------------------0000000003
  |         |  
  |         +-----------------------------0000000002
  |  
  1---------0000000001
  |  
  +---------0000000000


requires a total of     16.000

  between      and       length
  -------      ---       ------
     1           2         1.00
     2           3         2.00
     3      0000000006     1.00
     3           4         1.00
     4      0000000007     0.00
     4      0000000005     0.00
     2      0000000004     4.00
     2      0000000003     2.00
     2      0000000002     3.00
     1      0000000001     1.00
     1      0000000000     1.00


                                     +0000000007
                                     |  
                    +----------------4----------------0000000006
                    |                |  
           +--------3                +0000000005
           |        |  
           |        +-------------------------0000000004
           |  
  +--------2----------------0000000003
  |        |  
  |        +-------------------------0000000002
  |  
  1--------0000000001
  |  
  +--------0000000000


requires a total of     16.000

  between      and       length
  -------      ---       ------
     1           2         1.00
     2           3         1.00
     3           4         2.00
     4      0000000007     0.00
     4      0000000006     2.00
     4      0000000005     0.00
     3      0000000004     3.00
     2      0000000003     2.00
     2      0000000002     3.00
     1      0000000001     1.00
     1      0000000000     1.00

