
Discrete character parsimony algorithm, version 3.695


One most parsimonious tree found:


  +----0000000007
  |  
  |    +----0000000004
  |    |  
  |    |         +-------------------------------0000000038
  |    |         |  
  1----2    +---12                                         +0000000019
  |    |    |    |                                         |  
  |    |    |    +-----------------------------------------8-0000000018
  |    |    |                                              |  
  |    |    |                                              +0000000017
  |    +----7                                              |  
  |         |                                              +0000000016
  |         |                                              |  
  |         |                                              +0000000014
  |         |  
  |         |    +----0000000020
  |         +----9  
  |              +--------0000000003
  |  
  +--------0000000002
  |  
  |    +-------------------------------0000000042
  |    |  
  +---11-0000000041
  |    |  
  |    +--------0000000040
  |    |  
  |    +-------------------------------0000000039
  |    |  
  |    +-------------0000000037
  |    |  
  |    +----0000000036
  |    |  
  |    +----0000000035
  |    |  
  |    +0000000034
  |    |  
  |    +----0000000033
  |    |  
  |    +--------0000000032
  |    |  
  |    +0000000031
  |    |  
  |    +----0000000030
  |    |  
  |    +0000000029
  |    |  
  |    +0000000028
  |    |  
  |    +--------0000000027
  |    |  
  |    +0000000025
  |    |  
  |    |    +--------0000000026
  |    |    |  
  |    +----3--------0000000023
  |         |  
  |         +----0000000022
  |         |  
  |         |    +0000000024
  |         +---10  
  |         |    +----0000000021
  |         |  
  |         +-------------0000000015
  |         |  
  |         +-----------------0000000013
  |         |  
  |         |        +0000000012
  |         +--------6  
  |         |        +--------0000000011
  |         |  
  |         |        +----0000000010
  |         +--------5  
  |         |        +----0000000009
  |         |  
  |         |    +0000000008
  |         +----4  
  |         |    +0000000006
  |         |  
  |         +---------------------------0000000005
  |         |  
  |         +-------------0000000001
  |  
  +--------0000000000


requires a total of     90.000

  between      and       length
  -------      ---       ------
     1      0000000007     1.00
     1           2         1.00
     2      0000000004     1.00
     2           7         1.00
     7          12         1.00
    12      0000000038     7.00
    12           8         9.00
     8      0000000019     0.00
     8      0000000018     0.00
     8      0000000017     0.00
     8      0000000016     0.00
     8      0000000014     0.00
     7           9         1.00
     9      0000000020     1.00
     9      0000000003     2.00
     1      0000000002     2.00
     1          11         1.00
    11      0000000042     7.00
    11      0000000041     0.00
    11      0000000040     2.00
    11      0000000039     7.00
    11      0000000037     3.00
    11      0000000036     1.00
    11      0000000035     1.00
    11      0000000034     0.00
    11      0000000033     1.00
    11      0000000032     2.00
    11      0000000031     0.00
    11      0000000030     1.00
    11      0000000029     0.00
    11      0000000028     0.00
    11      0000000027     2.00
    11      0000000025     0.00
    11           3         1.00
     3      0000000026     2.00
     3      0000000023     2.00
     3      0000000022     1.00
     3          10         1.00
    10      0000000024     0.00
    10      0000000021     1.00
     3      0000000015     3.00
     3      0000000013     4.00
     3           6         2.00
     6      0000000012     0.00
     6      0000000011     2.00
     3           5         2.00
     5      0000000010     1.00
     5      0000000009     1.00
     3           4         1.00
     4      0000000008     0.00
     4      0000000006     0.00
     3      0000000005     6.00
     3      0000000001     3.00
     1      0000000000     2.00

