1,Alces-alces-faeces-associated-microvirus-MP10-5560_taxid_2219133.gbk,1,332,1,332,cluster00001,
7,Alces-alces-faeces-associated-microvirus-MP11-5517_taxid_2219134.gbk,7,361,1,361,cluster00001,
13,Alces-alces-faeces-associated-microvirus-MP12-5423_taxid_2219135.gbk,13,348,1,348,cluster00001,
19,Alces-alces-faeces-associated-microvirus-MP15-5067_taxid_2219136.gbk,19,304,1,304,cluster00001,
23,Alces-alces-faeces-associated-microvirus-MP18-4940_taxid_2219137.gbk,23,356,1,356,cluster00001,
27,Bdellovibrio-phage-phiMH2K_taxid_145579.gbk,27,315,1,315,cluster00001,
65,Chimpanzee-faeces-associated-microphage-1_taxid_1676181.gbk,65,275,1,275,cluster00001,
68,Chimpanzee-faeces-associated-microphage-2_taxid_1676182.gbk,68,308,1,308,cluster00001,
74,Chimpanzee-faeces-associated-microphage-3_taxid_1676183.gbk,74,282,1,282,cluster00001,
83,Chlamydia-phage-2_taxid_105154.gbk,83,336,1,336,cluster00001,
91,Chlamydia-phage-4_taxid_313629.gbk,91,315,1,315,cluster00001,
101,Chlamydia-phage-CPG1_taxid_90963.gbk,101,263,1,263,cluster00001,
107,Chlamydia-virus-CPAR39_taxid_1986029.gbk,107,327,1,327,cluster00001,
116,Chlamydia-virus-Chp1_taxid_2003327.gbk,116,399,1,399,cluster00001,
117,Chlamydia-virus-Chp1_taxid_2003327.gbk,117,206,1,206,cluster00001,
150,Escherichia-phage-EC6098_taxid_2720215.gbk,150,301,1,301,cluster00001,
303,Gokushovirinae-Bog1183-53_taxid_1655646.gbk,303,244,1,244,cluster00001,
310,Gokushovirinae-Bog5712-52_taxid_1655649.gbk,310,301,1,301,cluster00001,
316,Gokushovirinae-Bog8989-22_taxid_1655650.gbk,316,263,1,263,cluster00001,
322,Gokushovirinae-Fen672-31_taxid_1655656.gbk,322,280,1,280,cluster00001,
329,Gokushovirinae-Fen7875-21_taxid_1655659.gbk,329,298,1,298,cluster00001,
331,Lynx-canadensis-associated-microvirus-CLP-9413_taxid_2219141.gbk,331,271,1,271,cluster00001,
339,Marine-gokushovirus_taxid_1385658.gbk,339,312,1,312,cluster00001,
345,Microviridae-Bog1249-12_taxid_1655647.gbk,345,275,1,275,cluster00001,
348,Microviridae-Bog5275-51_taxid_1655648.gbk,348,323,1,323,cluster00001,
353,Microviridae-Bog9017-22_taxid_1655651.gbk,353,280,1,280,cluster00001,
357,Microviridae-Fen2266-11_taxid_1655652.gbk,357,291,1,291,cluster00001,
362,Microviridae-Fen418-41_taxid_1655653.gbk,362,380,1,380,cluster00001,
370,Microviridae-Fen4707-41_taxid_1655654.gbk,370,270,1,270,cluster00001,
373,Microviridae-Fen685-11_taxid_1655657.gbk,373,332,1,332,cluster00001,
378,Microviridae-Fen7786-21_taxid_1655658.gbk,378,227,1,227,cluster00001,
383,Microviridae-Fen7895-21_taxid_1655660.gbk,383,296,1,296,cluster00001,
388,Microviridae-Fen7918-21_taxid_1655661.gbk,388,274,1,274,cluster00001,
396,Microviridae-Fen7940-21_taxid_1655662.gbk,396,253,1,253,cluster00001,
407,Microviridae-phi-CA82_taxid_913970.gbk,407,353,1,353,cluster00001,
419,Parabacteroides-phage-YZ-2015a_taxid_1655644.gbk,419,284,1,284,cluster00001,
423,Parabacteroides-phage-YZ-2015b_taxid_1655645.gbk,423,285,1,285,cluster00001,
424,Spiroplasma-virus-SpV4_taxid_10855.gbk,424,320,1,320,cluster00001,
2,Alces-alces-faeces-associated-microvirus-MP10-5560_taxid_2219133.gbk,2,84,1,84,cluster00002,
15,Alces-alces-faeces-associated-microvirus-MP12-5423_taxid_2219135.gbk,15,84,1,84,cluster00002,
24,Alces-alces-faeces-associated-microvirus-MP18-4940_taxid_2219137.gbk,24,79,1,79,cluster00002,
35,Bdellovibrio-phage-phiMH2K_taxid_145579.gbk,35,84,1,84,cluster00002,
84,Chlamydia-phage-2_taxid_105154.gbk,84,84,1,84,cluster00002,
92,Chlamydia-phage-4_taxid_313629.gbk,92,84,1,84,cluster00002,
93,Chlamydia-phage-CPG1_taxid_90963.gbk,93,84,1,84,cluster00002,
118,Chlamydia-virus-Chp1_taxid_2003327.gbk,118,96,1,96,cluster00002,
119,Chlamydia-virus-Chp1_taxid_2003327.gbk,119,58,1,58,cluster00002,
304,Gokushovirinae-Bog1183-53_taxid_1655646.gbk,304,69,1,69,cluster00002,
311,Gokushovirinae-Bog5712-52_taxid_1655649.gbk,311,96,1,96,cluster00002,
317,Gokushovirinae-Bog8989-22_taxid_1655650.gbk,317,89,1,89,cluster00002,
323,Gokushovirinae-Fen672-31_taxid_1655656.gbk,323,99,1,99,cluster00002,
330,Gokushovirinae-Fen7875-21_taxid_1655659.gbk,330,84,1,84,cluster00002,
332,Lynx-canadensis-associated-microvirus-CLP-9413_taxid_2219141.gbk,332,81,1,81,cluster00002,
340,Marine-gokushovirus_taxid_1385658.gbk,340,87,1,87,cluster00002,
3,Alces-alces-faeces-associated-microvirus-MP10-5560_taxid_2219133.gbk,3,159,1,159,cluster00003,
16,Alces-alces-faeces-associated-microvirus-MP12-5423_taxid_2219135.gbk,16,225,1,225,cluster00003,
25,Alces-alces-faeces-associated-microvirus-MP18-4940_taxid_2219137.gbk,25,158,1,158,cluster00003,
69,Chimpanzee-faeces-associated-microphage-2_taxid_1676182.gbk,69,166,1,166,cluster00003,
337,Marine-gokushovirus_taxid_1385658.gbk,337,163,1,163,cluster00003,
5,Alces-alces-faeces-associated-microvirus-MP10-5560_taxid_2219133.gbk,5,559,1,559,cluster00004,
11,Alces-alces-faeces-associated-microvirus-MP11-5517_taxid_2219134.gbk,11,542,1,542,cluster00004,
17,Alces-alces-faeces-associated-microvirus-MP12-5423_taxid_2219135.gbk,17,547,1,547,cluster00004,
20,Alces-alces-faeces-associated-microvirus-MP15-5067_taxid_2219136.gbk,20,626,1,626,cluster00004,
28,Bdellovibrio-phage-phiMH2K_taxid_145579.gbk,28,533,1,533,cluster00004,
67,Chimpanzee-faeces-associated-microphage-1_taxid_1676181.gbk,67,537,1,537,cluster00004,
70,Chimpanzee-faeces-associated-microphage-2_taxid_1676182.gbk,70,580,1,580,cluster00004,
76,Chimpanzee-faeces-associated-microphage-3_taxid_1676183.gbk,76,558,1,558,cluster00004,
77,Chlamydia-phage-2_taxid_105154.gbk,77,565,1,565,cluster00004,
85,Chlamydia-phage-4_taxid_313629.gbk,85,554,1,554,cluster00004,
94,Chlamydia-phage-CPG1_taxid_90963.gbk,94,553,1,553,cluster00004,
102,Chlamydia-virus-CPAR39_taxid_1986029.gbk,102,553,1,553,cluster00004,
108,Chlamydia-virus-Chp1_taxid_2003327.gbk,108,596,1,596,cluster00004,
153,Escherichia-phage-EC6098_taxid_2720215.gbk,153,566,1,566,cluster00004,
301,Gokushovirinae-Bog1183-53_taxid_1655646.gbk,301,606,1,606,cluster00004,
306,Gokushovirinae-Bog5712-52_taxid_1655649.gbk,306,536,1,536,cluster00004,
312,Gokushovirinae-Bog8989-22_taxid_1655650.gbk,312,529,1,529,cluster00004,
318,Gokushovirinae-Fen672-31_taxid_1655656.gbk,318,526,1,526,cluster00004,
325,Gokushovirinae-Fen7875-21_taxid_1655659.gbk,325,548,1,548,cluster00004,
333,Lynx-canadensis-associated-microvirus-CLP-9413_taxid_2219141.gbk,333,558,1,558,cluster00004,
335,Marine-gokushovirus_taxid_1385658.gbk,335,538,1,538,cluster00004,
341,Microviridae-Bog1249-12_taxid_1655647.gbk,341,511,1,511,cluster00004,
347,Microviridae-Bog5275-51_taxid_1655648.gbk,347,546,1,546,cluster00004,
352,Microviridae-Bog9017-22_taxid_1655651.gbk,352,537,1,537,cluster00004,
356,Microviridae-Fen2266-11_taxid_1655652.gbk,356,554,1,554,cluster00004,
361,Microviridae-Fen418-41_taxid_1655653.gbk,361,551,1,551,cluster00004,
366,Microviridae-Fen4707-41_taxid_1655654.gbk,366,537,1,537,cluster00004,
372,Microviridae-Fen685-11_taxid_1655657.gbk,372,473,1,473,cluster00004,
377,Microviridae-Fen7786-21_taxid_1655658.gbk,377,553,1,553,cluster00004,
382,Microviridae-Fen7895-21_taxid_1655660.gbk,382,528,1,528,cluster00004,
387,Microviridae-Fen7918-21_taxid_1655661.gbk,387,506,1,506,cluster00004,
392,Microviridae-Fen7940-21_taxid_1655662.gbk,392,507,1,507,cluster00004,
405,Microviridae-phi-CA82_taxid_913970.gbk,405,565,1,565,cluster00004,
414,Parabacteroides-phage-YZ-2015a_taxid_1655644.gbk,414,538,1,538,cluster00004,
420,Parabacteroides-phage-YZ-2015b_taxid_1655645.gbk,420,553,1,553,cluster00004,
430,Spiroplasma-virus-SpV4_taxid_10855.gbk,430,553,1,553,cluster00004,
9,Alces-alces-faeces-associated-microvirus-MP11-5517_taxid_2219134.gbk,9,157,1,157,cluster00005,
34,Bdellovibrio-phage-phiMH2K_taxid_145579.gbk,34,151,1,151,cluster00005,
66,Chimpanzee-faeces-associated-microphage-1_taxid_1676181.gbk,66,136,1,136,cluster00005,
75,Chimpanzee-faeces-associated-microphage-3_taxid_1676183.gbk,75,136,1,136,cluster00005,
81,Chlamydia-phage-2_taxid_105154.gbk,81,148,1,148,cluster00005,
89,Chlamydia-phage-4_taxid_313629.gbk,89,148,1,148,cluster00005,
97,Chlamydia-phage-CPG1_taxid_90963.gbk,97,148,1,148,cluster00005,
104,Chlamydia-virus-CPAR39_taxid_1986029.gbk,104,148,1,148,cluster00005,
114,Chlamydia-virus-Chp1_taxid_2003327.gbk,114,145,1,145,cluster00005,
152,Escherichia-phage-EC6098_taxid_2720215.gbk,152,167,1,167,cluster00005,
305,Gokushovirinae-Bog1183-53_taxid_1655646.gbk,305,147,1,147,cluster00005,
308,Gokushovirinae-Bog5712-52_taxid_1655649.gbk,308,170,1,170,cluster00005,
314,Gokushovirinae-Bog8989-22_taxid_1655650.gbk,314,119,1,119,cluster00005,
320,Gokushovirinae-Fen672-31_taxid_1655656.gbk,320,177,1,177,cluster00005,
327,Gokushovirinae-Fen7875-21_taxid_1655659.gbk,327,157,1,157,cluster00005,
337,Marine-gokushovirus_taxid_1385658.gbk,337,163,1,163,cluster00005,
32,Bdellovibrio-phage-phiMH2K_taxid_145579.gbk,32,199,1,199,cluster00006,
80,Chlamydia-phage-2_taxid_105154.gbk,80,186,1,186,cluster00006,
88,Chlamydia-phage-4_taxid_313629.gbk,88,186,1,186,cluster00006,
96,Chlamydia-phage-CPG1_taxid_90963.gbk,96,186,1,186,cluster00006,
103,Chlamydia-virus-CPAR39_taxid_1986029.gbk,103,186,1,186,cluster00006,
302,Gokushovirinae-Bog1183-53_taxid_1655646.gbk,302,200,1,200,cluster00006,
79,Chlamydia-phage-2_taxid_105154.gbk,79,52,1,52,cluster00007,
87,Chlamydia-phage-4_taxid_313629.gbk,87,52,1,52,cluster00007,
95,Chlamydia-phage-CPG1_taxid_90963.gbk,95,52,1,52,cluster00007,
121,Eel-River-basin-pequenovirus_taxid_1609634.gbk,121,387,1,387,cluster00008,
129,Enterobacteria-phage-ID18-sensu-lato_taxid_489829.gbk,129,556,1,556,cluster00008,
130,Enterobacteria-phage-ID18-sensu-lato_taxid_489829.gbk,130,341,1,341,cluster00008,
140,Enterobacteria-phage-WA13-sensu-lato_taxid_489828.gbk,140,494,1,494,cluster00008,
156,Escherichia-phage-G4_taxid_10843.gbk,156,554,1,554,cluster00008,
157,Escherichia-phage-G4_taxid_10843.gbk,157,341,1,341,cluster00008,
167,Escherichia-phage-ID2-Moscow-ID-2001_taxid_511969.gbk,167,553,1,553,cluster00008,
168,Escherichia-phage-ID2-Moscow-ID-2001_taxid_511969.gbk,168,341,1,341,cluster00008,
178,Escherichia-phage-ID21_taxid_338101.gbk,178,494,1,494,cluster00008,
188,Escherichia-phage-ID32_taxid_338102.gbk,188,494,1,494,cluster00008,
198,Escherichia-phage-ID52_taxid_338108.gbk,198,554,1,554,cluster00008,
199,Escherichia-phage-ID52_taxid_338108.gbk,199,341,1,341,cluster00008,
209,Escherichia-phage-ID62_taxid_338107.gbk,209,494,1,494,cluster00008,
219,Escherichia-phage-NC28_taxid_338106.gbk,219,494,1,494,cluster00008,
229,Escherichia-phage-NC29_taxid_338110.gbk,229,494,1,494,cluster00008,
239,Escherichia-phage-NC35_taxid_338103.gbk,239,494,1,494,cluster00008,
249,Escherichia-phage-St-1_taxid_10845.gbk,249,494,1,494,cluster00008,
250,Escherichia-phage-St-1_taxid_10845.gbk,250,323,1,323,cluster00008,
260,Escherichia-phage-WA45_taxid_338105.gbk,260,494,1,494,cluster00008,
270,Escherichia-phage-alpha3_taxid_10849.gbk,270,494,1,494,cluster00008,
280,Escherichia-phage-phiK_taxid_2507234.gbk,280,494,1,494,cluster00008,
290,Escherichia-virus-phiX174_taxid_10847.gbk,290,513,1,513,cluster00008,
291,Escherichia-virus-phiX174_taxid_10847.gbk,291,341,1,341,cluster00008,
123,Eel-River-basin-pequenovirus_taxid_1609634.gbk,123,169,1,169,cluster00009,
134,Enterobacteria-phage-ID18-sensu-lato_taxid_489829.gbk,134,153,1,153,cluster00009,
144,Enterobacteria-phage-WA13-sensu-lato_taxid_489828.gbk,144,152,1,152,cluster00009,
161,Escherichia-phage-G4_taxid_10843.gbk,161,152,1,152,cluster00009,
172,Escherichia-phage-ID2-Moscow-ID-2001_taxid_511969.gbk,172,151,1,151,cluster00009,
182,Escherichia-phage-ID21_taxid_338101.gbk,182,152,1,152,cluster00009,
192,Escherichia-phage-ID32_taxid_338102.gbk,192,152,1,152,cluster00009,
203,Escherichia-phage-ID52_taxid_338108.gbk,203,152,1,152,cluster00009,
213,Escherichia-phage-ID62_taxid_338107.gbk,213,152,1,152,cluster00009,
223,Escherichia-phage-NC28_taxid_338106.gbk,223,152,1,152,cluster00009,
233,Escherichia-phage-NC29_taxid_338110.gbk,233,152,1,152,cluster00009,
243,Escherichia-phage-NC35_taxid_338103.gbk,243,152,1,152,cluster00009,
254,Escherichia-phage-St-1_taxid_10845.gbk,254,150,1,150,cluster00009,
264,Escherichia-phage-WA45_taxid_338105.gbk,264,152,1,152,cluster00009,
274,Escherichia-phage-alpha3_taxid_10849.gbk,274,150,1,150,cluster00009,
284,Escherichia-phage-phiK_taxid_2507234.gbk,284,150,1,150,cluster00009,
295,Escherichia-virus-phiX174_taxid_10847.gbk,295,152,1,152,cluster00009,
125,Eel-River-basin-pequenovirus_taxid_1609634.gbk,125,428,1,428,cluster00010,
137,Enterobacteria-phage-ID18-sensu-lato_taxid_489829.gbk,137,426,1,426,cluster00010,
147,Enterobacteria-phage-WA13-sensu-lato_taxid_489828.gbk,147,427,1,427,cluster00010,
164,Escherichia-phage-G4_taxid_10843.gbk,164,427,1,427,cluster00010,
175,Escherichia-phage-ID2-Moscow-ID-2001_taxid_511969.gbk,175,427,1,427,cluster00010,
185,Escherichia-phage-ID21_taxid_338101.gbk,185,427,1,427,cluster00010,
195,Escherichia-phage-ID32_taxid_338102.gbk,195,427,1,427,cluster00010,
206,Escherichia-phage-ID52_taxid_338108.gbk,206,427,1,427,cluster00010,
216,Escherichia-phage-ID62_taxid_338107.gbk,216,427,1,427,cluster00010,
226,Escherichia-phage-NC28_taxid_338106.gbk,226,427,1,427,cluster00010,
236,Escherichia-phage-NC29_taxid_338110.gbk,236,427,1,427,cluster00010,
246,Escherichia-phage-NC35_taxid_338103.gbk,246,427,1,427,cluster00010,
257,Escherichia-phage-St-1_taxid_10845.gbk,257,431,1,431,cluster00010,
267,Escherichia-phage-WA45_taxid_338105.gbk,267,427,1,427,cluster00010,
277,Escherichia-phage-alpha3_taxid_10849.gbk,277,431,1,431,cluster00010,
287,Escherichia-phage-phiK_taxid_2507234.gbk,287,431,1,431,cluster00010,
298,Escherichia-virus-phiX174_taxid_10847.gbk,298,427,1,427,cluster00010,
131,Enterobacteria-phage-ID18-sensu-lato_taxid_489829.gbk,131,120,1,120,cluster00011,
141,Enterobacteria-phage-WA13-sensu-lato_taxid_489828.gbk,141,117,1,117,cluster00011,
158,Escherichia-phage-G4_taxid_10843.gbk,158,120,1,120,cluster00011,
169,Escherichia-phage-ID2-Moscow-ID-2001_taxid_511969.gbk,169,120,1,120,cluster00011,
179,Escherichia-phage-ID21_taxid_338101.gbk,179,117,1,117,cluster00011,
189,Escherichia-phage-ID32_taxid_338102.gbk,189,117,1,117,cluster00011,
200,Escherichia-phage-ID52_taxid_338108.gbk,200,120,1,120,cluster00011,
210,Escherichia-phage-ID62_taxid_338107.gbk,210,117,1,117,cluster00011,
220,Escherichia-phage-NC28_taxid_338106.gbk,220,117,1,117,cluster00011,
230,Escherichia-phage-NC29_taxid_338110.gbk,230,117,1,117,cluster00011,
240,Escherichia-phage-NC35_taxid_338103.gbk,240,117,1,117,cluster00011,
251,Escherichia-phage-St-1_taxid_10845.gbk,251,117,1,117,cluster00011,
261,Escherichia-phage-WA45_taxid_338105.gbk,261,117,1,117,cluster00011,
271,Escherichia-phage-alpha3_taxid_10849.gbk,271,117,1,117,cluster00011,
281,Escherichia-phage-phiK_taxid_2507234.gbk,281,117,1,117,cluster00011,
292,Escherichia-virus-phiX174_taxid_10847.gbk,292,120,1,120,cluster00011,
132,Enterobacteria-phage-ID18-sensu-lato_taxid_489829.gbk,132,56,1,56,cluster00012,
159,Escherichia-phage-G4_taxid_10843.gbk,159,56,1,56,cluster00012,
170,Escherichia-phage-ID2-Moscow-ID-2001_taxid_511969.gbk,170,56,1,56,cluster00012,
201,Escherichia-phage-ID52_taxid_338108.gbk,201,56,1,56,cluster00012,
293,Escherichia-virus-phiX174_taxid_10847.gbk,293,56,1,56,cluster00012,
133,Enterobacteria-phage-ID18-sensu-lato_taxid_489829.gbk,133,89,1,89,cluster00013,
143,Enterobacteria-phage-WA13-sensu-lato_taxid_489828.gbk,143,68,1,68,cluster00013,
160,Escherichia-phage-G4_taxid_10843.gbk,160,84,1,84,cluster00013,
171,Escherichia-phage-ID2-Moscow-ID-2001_taxid_511969.gbk,171,84,1,84,cluster00013,
181,Escherichia-phage-ID21_taxid_338101.gbk,181,68,1,68,cluster00013,
191,Escherichia-phage-ID32_taxid_338102.gbk,191,68,1,68,cluster00013,
202,Escherichia-phage-ID52_taxid_338108.gbk,202,87,1,87,cluster00013,
212,Escherichia-phage-ID62_taxid_338107.gbk,212,68,1,68,cluster00013,
222,Escherichia-phage-NC28_taxid_338106.gbk,222,68,1,68,cluster00013,
232,Escherichia-phage-NC29_taxid_338110.gbk,232,68,1,68,cluster00013,
242,Escherichia-phage-NC35_taxid_338103.gbk,242,68,1,68,cluster00013,
253,Escherichia-phage-St-1_taxid_10845.gbk,253,68,1,68,cluster00013,
263,Escherichia-phage-WA45_taxid_338105.gbk,263,68,1,68,cluster00013,
273,Escherichia-phage-alpha3_taxid_10849.gbk,273,68,1,68,cluster00013,
283,Escherichia-phage-phiK_taxid_2507234.gbk,283,68,1,68,cluster00013,
294,Escherichia-virus-phiX174_taxid_10847.gbk,294,86,1,86,cluster00013,
135,Enterobacteria-phage-ID18-sensu-lato_taxid_489829.gbk,135,91,1,91,cluster00014,
145,Enterobacteria-phage-WA13-sensu-lato_taxid_489828.gbk,145,76,1,76,cluster00014,
162,Escherichia-phage-G4_taxid_10843.gbk,162,96,1,96,cluster00014,
173,Escherichia-phage-ID2-Moscow-ID-2001_taxid_511969.gbk,173,91,1,91,cluster00014,
183,Escherichia-phage-ID21_taxid_338101.gbk,183,76,1,76,cluster00014,
193,Escherichia-phage-ID32_taxid_338102.gbk,193,76,1,76,cluster00014,
204,Escherichia-phage-ID52_taxid_338108.gbk,204,103,1,103,cluster00014,
214,Escherichia-phage-ID62_taxid_338107.gbk,214,76,1,76,cluster00014,
224,Escherichia-phage-NC28_taxid_338106.gbk,224,76,1,76,cluster00014,
234,Escherichia-phage-NC29_taxid_338110.gbk,234,76,1,76,cluster00014,
244,Escherichia-phage-NC35_taxid_338103.gbk,244,76,1,76,cluster00014,
255,Escherichia-phage-St-1_taxid_10845.gbk,255,75,1,75,cluster00014,
265,Escherichia-phage-WA45_taxid_338105.gbk,265,76,1,76,cluster00014,
275,Escherichia-phage-alpha3_taxid_10849.gbk,275,75,1,75,cluster00014,
285,Escherichia-phage-phiK_taxid_2507234.gbk,285,75,1,75,cluster00014,
296,Escherichia-virus-phiX174_taxid_10847.gbk,296,91,1,91,cluster00014,
136,Enterobacteria-phage-ID18-sensu-lato_taxid_489829.gbk,136,26,1,26,cluster00015,
146,Enterobacteria-phage-WA13-sensu-lato_taxid_489828.gbk,146,24,1,24,cluster00015,
163,Escherichia-phage-G4_taxid_10843.gbk,163,25,1,25,cluster00015,
184,Escherichia-phage-ID21_taxid_338101.gbk,184,24,1,24,cluster00015,
194,Escherichia-phage-ID32_taxid_338102.gbk,194,24,1,24,cluster00015,
205,Escherichia-phage-ID52_taxid_338108.gbk,205,25,1,25,cluster00015,
215,Escherichia-phage-ID62_taxid_338107.gbk,215,24,1,24,cluster00015,
225,Escherichia-phage-NC28_taxid_338106.gbk,225,24,1,24,cluster00015,
235,Escherichia-phage-NC29_taxid_338110.gbk,235,24,1,24,cluster00015,
245,Escherichia-phage-NC35_taxid_338103.gbk,245,24,1,24,cluster00015,
256,Escherichia-phage-St-1_taxid_10845.gbk,256,24,1,24,cluster00015,
266,Escherichia-phage-WA45_taxid_338105.gbk,266,24,1,24,cluster00015,
276,Escherichia-phage-alpha3_taxid_10849.gbk,276,24,1,24,cluster00015,
286,Escherichia-phage-phiK_taxid_2507234.gbk,286,24,1,24,cluster00015,
297,Escherichia-virus-phiX174_taxid_10847.gbk,297,38,1,38,cluster00015,
138,Enterobacteria-phage-ID18-sensu-lato_taxid_489829.gbk,138,177,1,177,cluster00016,
148,Enterobacteria-phage-WA13-sensu-lato_taxid_489828.gbk,148,181,1,181,cluster00016,
165,Escherichia-phage-G4_taxid_10843.gbk,165,177,1,177,cluster00016,
176,Escherichia-phage-ID2-Moscow-ID-2001_taxid_511969.gbk,176,179,1,179,cluster00016,
186,Escherichia-phage-ID21_taxid_338101.gbk,186,181,1,181,cluster00016,
196,Escherichia-phage-ID32_taxid_338102.gbk,196,181,1,181,cluster00016,
207,Escherichia-phage-ID52_taxid_338108.gbk,207,177,1,177,cluster00016,
217,Escherichia-phage-ID62_taxid_338107.gbk,217,181,1,181,cluster00016,
227,Escherichia-phage-NC28_taxid_338106.gbk,227,181,1,181,cluster00016,
237,Escherichia-phage-NC29_taxid_338110.gbk,237,181,1,181,cluster00016,
247,Escherichia-phage-NC35_taxid_338103.gbk,247,181,1,181,cluster00016,
258,Escherichia-phage-St-1_taxid_10845.gbk,258,187,1,187,cluster00016,
268,Escherichia-phage-WA45_taxid_338105.gbk,268,181,1,181,cluster00016,
278,Escherichia-phage-alpha3_taxid_10849.gbk,278,187,1,187,cluster00016,
288,Escherichia-phage-phiK_taxid_2507234.gbk,288,187,1,187,cluster00016,
299,Escherichia-virus-phiX174_taxid_10847.gbk,299,175,1,175,cluster00016,
139,Enterobacteria-phage-ID18-sensu-lato_taxid_489829.gbk,139,337,1,337,cluster00017,
149,Enterobacteria-phage-WA13-sensu-lato_taxid_489828.gbk,149,325,1,325,cluster00017,
166,Escherichia-phage-G4_taxid_10843.gbk,166,337,1,337,cluster00017,
177,Escherichia-phage-ID2-Moscow-ID-2001_taxid_511969.gbk,177,335,1,335,cluster00017,
187,Escherichia-phage-ID21_taxid_338101.gbk,187,325,1,325,cluster00017,
197,Escherichia-phage-ID32_taxid_338102.gbk,197,325,1,325,cluster00017,
208,Escherichia-phage-ID52_taxid_338108.gbk,208,337,1,337,cluster00017,
218,Escherichia-phage-ID62_taxid_338107.gbk,218,325,1,325,cluster00017,
228,Escherichia-phage-NC28_taxid_338106.gbk,228,325,1,325,cluster00017,
238,Escherichia-phage-NC29_taxid_338110.gbk,238,325,1,325,cluster00017,
248,Escherichia-phage-NC35_taxid_338103.gbk,248,325,1,325,cluster00017,
259,Escherichia-phage-St-1_taxid_10845.gbk,259,332,1,332,cluster00017,
269,Escherichia-phage-WA45_taxid_338105.gbk,269,325,1,325,cluster00017,
279,Escherichia-phage-alpha3_taxid_10849.gbk,279,330,1,330,cluster00017,
289,Escherichia-phage-phiK_taxid_2507234.gbk,289,332,1,332,cluster00017,
300,Escherichia-virus-phiX174_taxid_10847.gbk,300,328,1,328,cluster00017,
142,Enterobacteria-phage-WA13-sensu-lato_taxid_489828.gbk,142,53,1,53,cluster00018,
180,Escherichia-phage-ID21_taxid_338101.gbk,180,62,1,62,cluster00018,
190,Escherichia-phage-ID32_taxid_338102.gbk,190,53,1,53,cluster00018,
211,Escherichia-phage-ID62_taxid_338107.gbk,211,53,1,53,cluster00018,
221,Escherichia-phage-NC28_taxid_338106.gbk,221,53,1,53,cluster00018,
231,Escherichia-phage-NC29_taxid_338110.gbk,231,53,1,53,cluster00018,
241,Escherichia-phage-NC35_taxid_338103.gbk,241,53,1,53,cluster00018,
252,Escherichia-phage-St-1_taxid_10845.gbk,252,58,1,58,cluster00018,
262,Escherichia-phage-WA45_taxid_338105.gbk,262,53,1,53,cluster00018,
272,Escherichia-phage-alpha3_taxid_10849.gbk,272,53,1,53,cluster00018,
282,Escherichia-phage-phiK_taxid_2507234.gbk,282,53,1,53,cluster00018,
344,Microviridae-Bog1249-12_taxid_1655647.gbk,344,237,1,237,cluster00019,
351,Microviridae-Bog5275-51_taxid_1655648.gbk,351,334,1,334,cluster00019,
355,Microviridae-Bog9017-22_taxid_1655651.gbk,355,349,1,349,cluster00019,
360,Microviridae-Fen2266-11_taxid_1655652.gbk,360,338,1,338,cluster00019,
365,Microviridae-Fen418-41_taxid_1655653.gbk,365,341,1,341,cluster00019,
376,Microviridae-Fen685-11_taxid_1655657.gbk,376,336,1,336,cluster00019,
381,Microviridae-Fen7786-21_taxid_1655658.gbk,381,369,1,369,cluster00019,
386,Microviridae-Fen7895-21_taxid_1655660.gbk,386,325,1,325,cluster00019,
390,Microviridae-Fen7918-21_taxid_1655661.gbk,390,341,1,341,cluster00019,
349,Microviridae-Bog5275-51_taxid_1655648.gbk,349,137,1,137,cluster00020,
354,Microviridae-Bog9017-22_taxid_1655651.gbk,354,125,1,125,cluster00020,
358,Microviridae-Fen2266-11_taxid_1655652.gbk,358,102,1,102,cluster00020,
363,Microviridae-Fen418-41_taxid_1655653.gbk,363,121,1,121,cluster00020,
364,Microviridae-Fen418-41_taxid_1655653.gbk,364,115,1,115,cluster00021,
375,Microviridae-Fen685-11_taxid_1655657.gbk,375,92,1,92,cluster00021,
380,Microviridae-Fen7786-21_taxid_1655658.gbk,380,102,1,102,cluster00021,
385,Microviridae-Fen7895-21_taxid_1655660.gbk,385,115,1,115,cluster00021,
2,Alces-alces-faeces-associated-microvirus-MP10-5560_taxid_2219133.gbk,2,84,1,84,cluster00022,
340,Marine-gokushovirus_taxid_1385658.gbk,340,87,1,87,cluster00022,
14,Alces-alces-faeces-associated-microvirus-MP12-5423_taxid_2219135.gbk,14,38,1,38,cluster00023,
338,Marine-gokushovirus_taxid_1385658.gbk,338,41,1,41,cluster00023,
32,Bdellovibrio-phage-phiMH2K_taxid_145579.gbk,32,199,1,199,cluster00024,
313,Gokushovirinae-Bog8989-22_taxid_1655650.gbk,313,219,1,219,cluster00024,
38,Cellulophaga-phage-phi12-2_taxid_1327969.gbk,38,60,1,60,cluster00025,
51,Cellulophaga-phage-phi12a-1_taxid_1327987.gbk,51,40,1,40,cluster00025,
39,Cellulophaga-phage-phi12-2_taxid_1327969.gbk,39,378,1,378,cluster00026,
52,Cellulophaga-phage-phi12a-1_taxid_1327987.gbk,52,378,1,378,cluster00026,
40,Cellulophaga-phage-phi12-2_taxid_1327969.gbk,40,73,1,73,cluster00027,
53,Cellulophaga-phage-phi12a-1_taxid_1327987.gbk,53,73,1,73,cluster00027,
41,Cellulophaga-phage-phi12-2_taxid_1327969.gbk,41,241,1,241,cluster00028,
54,Cellulophaga-phage-phi12a-1_taxid_1327987.gbk,54,241,1,241,cluster00028,
42,Cellulophaga-phage-phi12-2_taxid_1327969.gbk,42,94,1,94,cluster00029,
55,Cellulophaga-phage-phi12a-1_taxid_1327987.gbk,55,140,1,140,cluster00029,
43,Cellulophaga-phage-phi12-2_taxid_1327969.gbk,43,162,1,162,cluster00030,
56,Cellulophaga-phage-phi12a-1_taxid_1327987.gbk,56,147,1,147,cluster00030,
44,Cellulophaga-phage-phi12-2_taxid_1327969.gbk,44,52,1,52,cluster00031,
57,Cellulophaga-phage-phi12a-1_taxid_1327987.gbk,57,52,1,52,cluster00031,
45,Cellulophaga-phage-phi12-2_taxid_1327969.gbk,45,186,1,186,cluster00032,
58,Cellulophaga-phage-phi12a-1_taxid_1327987.gbk,58,186,1,186,cluster00032,
46,Cellulophaga-phage-phi12-2_taxid_1327969.gbk,46,138,1,138,cluster00033,
59,Cellulophaga-phage-phi12a-1_taxid_1327987.gbk,59,138,1,138,cluster00033,
47,Cellulophaga-phage-phi12-2_taxid_1327969.gbk,47,222,1,222,cluster00034,
60,Cellulophaga-phage-phi12a-1_taxid_1327987.gbk,60,222,1,222,cluster00034,
48,Cellulophaga-phage-phi12-2_taxid_1327969.gbk,48,123,1,123,cluster00035,
61,Cellulophaga-phage-phi12a-1_taxid_1327987.gbk,61,123,1,123,cluster00035,
49,Cellulophaga-phage-phi12-2_taxid_1327969.gbk,49,172,1,172,cluster00036,
62,Cellulophaga-phage-phi12a-1_taxid_1327987.gbk,62,172,1,172,cluster00036,
50,Cellulophaga-phage-phi12-2_taxid_1327969.gbk,50,85,1,85,cluster00037,
63,Cellulophaga-phage-phi12a-1_taxid_1327987.gbk,63,85,1,85,cluster00037,
64,Chimpanzee-faeces-associated-microphage-1_taxid_1676181.gbk,64,305,1,305,cluster00038,
73,Chimpanzee-faeces-associated-microphage-3_taxid_1676183.gbk,73,339,1,339,cluster00038,
71,Chimpanzee-faeces-associated-microphage-2_taxid_1676182.gbk,71,274,1,274,cluster00039,
406,Microviridae-phi-CA82_taxid_913970.gbk,406,234,1,234,cluster00039,
78,Chlamydia-phage-2_taxid_105154.gbk,78,32,1,32,cluster00040,
86,Chlamydia-phage-4_taxid_313629.gbk,86,32,1,32,cluster00040,
98,Chlamydia-phage-CPG1_taxid_90963.gbk,98,35,1,35,cluster00041,
105,Chlamydia-virus-CPAR39_taxid_1986029.gbk,105,35,1,35,cluster00041,
99,Chlamydia-phage-CPG1_taxid_90963.gbk,99,33,1,33,cluster00042,
106,Chlamydia-virus-CPAR39_taxid_1986029.gbk,106,31,1,31,cluster00042,
136,Enterobacteria-phage-ID18-sensu-lato_taxid_489829.gbk,136,26,1,26,cluster00043,
174,Escherichia-phage-ID2-Moscow-ID-2001_taxid_511969.gbk,174,26,1,26,cluster00043,
302,Gokushovirinae-Bog1183-53_taxid_1655646.gbk,302,200,1,200,cluster00044,
319,Gokushovirinae-Fen672-31_taxid_1655656.gbk,319,228,1,228,cluster00044,
309,Gokushovirinae-Bog5712-52_taxid_1655649.gbk,309,65,1,65,cluster00045,
328,Gokushovirinae-Fen7875-21_taxid_1655659.gbk,328,41,1,41,cluster00045,
319,Gokushovirinae-Fen672-31_taxid_1655656.gbk,319,228,1,228,cluster00046,
326,Gokushovirinae-Fen7875-21_taxid_1655659.gbk,326,327,1,327,cluster00046,
319,Gokushovirinae-Fen672-31_taxid_1655656.gbk,319,228,1,228,cluster00047,
390,Microviridae-Fen7918-21_taxid_1655661.gbk,390,341,1,341,cluster00047,
334,Lynx-canadensis-associated-microvirus-CLP-9413_taxid_2219141.gbk,334,336,1,336,cluster00048,
406,Microviridae-phi-CA82_taxid_913970.gbk,406,234,1,234,cluster00048,
342,Microviridae-Bog1249-12_taxid_1655647.gbk,342,139,1,139,cluster00049,
389,Microviridae-Fen7918-21_taxid_1655661.gbk,389,118,1,118,cluster00049,
344,Microviridae-Bog1249-12_taxid_1655647.gbk,344,237,1,237,cluster00050,
368,Microviridae-Fen4707-41_taxid_1655654.gbk,368,205,1,205,cluster00050,
363,Microviridae-Fen418-41_taxid_1655653.gbk,363,121,1,121,cluster00051,
379,Microviridae-Fen7786-21_taxid_1655658.gbk,379,202,1,202,cluster00051,
365,Microviridae-Fen418-41_taxid_1655653.gbk,365,341,1,341,cluster00052,
422,Parabacteroides-phage-YZ-2015b_taxid_1655645.gbk,422,259,1,259,cluster00052,
389,Microviridae-Fen7918-21_taxid_1655661.gbk,389,118,1,118,cluster00053,
421,Parabacteroides-phage-YZ-2015b_taxid_1655645.gbk,421,119,1,119,cluster00053,
390,Microviridae-Fen7918-21_taxid_1655661.gbk,390,341,1,341,cluster00054,
418,Parabacteroides-phage-YZ-2015a_taxid_1655644.gbk,418,288,1,288,cluster00054,
415,Parabacteroides-phage-YZ-2015a_taxid_1655644.gbk,415,116,1,116,cluster00055,
421,Parabacteroides-phage-YZ-2015b_taxid_1655645.gbk,421,119,1,119,cluster00055,
418,Parabacteroides-phage-YZ-2015a_taxid_1655644.gbk,418,288,1,288,cluster00056,
422,Parabacteroides-phage-YZ-2015b_taxid_1655645.gbk,422,259,1,259,cluster00056,
4,Alces-alces-faeces-associated-microvirus-MP10-5560_taxid_2219133.gbk,4,231,1,231,,
6,Alces-alces-faeces-associated-microvirus-MP10-5560_taxid_2219133.gbk,6,166,1,166,,
8,Alces-alces-faeces-associated-microvirus-MP11-5517_taxid_2219134.gbk,8,143,1,143,,
10,Alces-alces-faeces-associated-microvirus-MP11-5517_taxid_2219134.gbk,10,56,1,56,,
12,Alces-alces-faeces-associated-microvirus-MP11-5517_taxid_2219134.gbk,12,37,1,37,,
18,Alces-alces-faeces-associated-microvirus-MP12-5423_taxid_2219135.gbk,18,144,1,144,,
21,Alces-alces-faeces-associated-microvirus-MP15-5067_taxid_2219136.gbk,21,140,1,140,,
22,Alces-alces-faeces-associated-microvirus-MP15-5067_taxid_2219136.gbk,22,305,1,305,,
26,Alces-alces-faeces-associated-microvirus-MP18-4940_taxid_2219137.gbk,26,304,1,304,,
29,Bdellovibrio-phage-phiMH2K_taxid_145579.gbk,29,64,1,64,,
30,Bdellovibrio-phage-phiMH2K_taxid_145579.gbk,30,63,1,63,,
31,Bdellovibrio-phage-phiMH2K_taxid_145579.gbk,31,70,1,70,,
33,Bdellovibrio-phage-phiMH2K_taxid_145579.gbk,33,51,1,51,,
36,Bdellovibrio-phage-phiMH2K_taxid_145579.gbk,36,38,1,38,,
37,Bdellovibrio-phage-phiMH2K_taxid_145579.gbk,37,109,1,109,,
72,Chimpanzee-faeces-associated-microphage-2_taxid_1676182.gbk,72,118,1,118,,
82,Chlamydia-phage-2_taxid_105154.gbk,82,44,1,44,,
90,Chlamydia-phage-4_taxid_313629.gbk,90,-1,1,-1,,
100,Chlamydia-phage-CPG1_taxid_90963.gbk,100,40,1,40,,
109,Chlamydia-virus-Chp1_taxid_2003327.gbk,109,31,1,31,,
110,Chlamydia-virus-Chp1_taxid_2003327.gbk,110,263,1,263,,
111,Chlamydia-virus-Chp1_taxid_2003327.gbk,111,175,1,175,,
112,Chlamydia-virus-Chp1_taxid_2003327.gbk,112,169,1,169,,
113,Chlamydia-virus-Chp1_taxid_2003327.gbk,113,82,1,82,,
115,Chlamydia-virus-Chp1_taxid_2003327.gbk,115,-1,1,-1,,
120,Eel-River-basin-pequenovirus_taxid_1609634.gbk,120,182,1,182,,
122,Eel-River-basin-pequenovirus_taxid_1609634.gbk,122,77,1,77,,
124,Eel-River-basin-pequenovirus_taxid_1609634.gbk,124,59,1,59,,
126,Eel-River-basin-pequenovirus_taxid_1609634.gbk,126,63,1,63,,
127,Eel-River-basin-pequenovirus_taxid_1609634.gbk,127,202,1,202,,
128,Eel-River-basin-pequenovirus_taxid_1609634.gbk,128,257,1,257,,
151,Escherichia-phage-EC6098_taxid_2720215.gbk,151,89,1,89,,
154,Escherichia-phage-EC6098_taxid_2720215.gbk,154,259,1,259,,
155,Escherichia-phage-EC6098_taxid_2720215.gbk,155,39,1,39,,
307,Gokushovirinae-Bog5712-52_taxid_1655649.gbk,307,296,1,296,,
315,Gokushovirinae-Bog8989-22_taxid_1655650.gbk,315,73,1,73,,
321,Gokushovirinae-Fen672-31_taxid_1655656.gbk,321,34,1,34,,
324,Gokushovirinae-Fen672-31_taxid_1655656.gbk,324,60,1,60,,
336,Marine-gokushovirus_taxid_1385658.gbk,336,152,1,152,,
343,Microviridae-Bog1249-12_taxid_1655647.gbk,343,113,1,113,,
346,Microviridae-Bog1249-12_taxid_1655647.gbk,346,61,1,61,,
350,Microviridae-Bog5275-51_taxid_1655648.gbk,350,140,1,140,,
359,Microviridae-Fen2266-11_taxid_1655652.gbk,359,88,1,88,,
367,Microviridae-Fen4707-41_taxid_1655654.gbk,367,147,1,147,,
369,Microviridae-Fen4707-41_taxid_1655654.gbk,369,46,1,46,,
371,Microviridae-Fen4707-41_taxid_1655654.gbk,371,82,1,82,,
374,Microviridae-Fen685-11_taxid_1655657.gbk,374,89,1,89,,
384,Microviridae-Fen7895-21_taxid_1655660.gbk,384,108,1,108,,
391,Microviridae-Fen7918-21_taxid_1655661.gbk,391,54,1,54,,
393,Microviridae-Fen7940-21_taxid_1655662.gbk,393,145,1,145,,
394,Microviridae-Fen7940-21_taxid_1655662.gbk,394,203,1,203,,
395,Microviridae-Fen7940-21_taxid_1655662.gbk,395,243,1,243,,
397,Microviridae-IME-16_taxid_1544364.gbk,397,398,1,398,,
398,Microviridae-IME-16_taxid_1544364.gbk,398,189,1,189,,
399,Microviridae-IME-16_taxid_1544364.gbk,399,201,1,201,,
400,Microviridae-IME-16_taxid_1544364.gbk,400,70,1,70,,
401,Microviridae-IME-16_taxid_1544364.gbk,401,39,1,39,,
402,Microviridae-IME-16_taxid_1544364.gbk,402,111,1,111,,
403,Microviridae-IME-16_taxid_1544364.gbk,403,706,1,706,,
404,Microviridae-phi-CA82_taxid_913970.gbk,404,52,1,52,,
408,Microviridae-phi-CA82_taxid_913970.gbk,408,71,1,71,,
409,Microviridae-phi-CA82_taxid_913970.gbk,409,78,1,78,,
410,Microviridae-phi-CA82_taxid_913970.gbk,410,39,1,39,,
411,Microviridae-phi-CA82_taxid_913970.gbk,411,80,1,80,,
412,Microviridae-phi-CA82_taxid_913970.gbk,412,80,1,80,,
413,Microviridae-phi-CA82_taxid_913970.gbk,413,117,1,117,,
416,Parabacteroides-phage-YZ-2015a_taxid_1655644.gbk,416,60,1,60,,
417,Parabacteroides-phage-YZ-2015a_taxid_1655644.gbk,417,54,1,54,,
425,Spiroplasma-virus-SpV4_taxid_10855.gbk,425,38,1,38,,
426,Spiroplasma-virus-SpV4_taxid_10855.gbk,426,28,1,28,,
427,Spiroplasma-virus-SpV4_taxid_10855.gbk,427,71,1,71,,
428,Spiroplasma-virus-SpV4_taxid_10855.gbk,428,101,1,101,,
429,Spiroplasma-virus-SpV4_taxid_10855.gbk,429,149,1,149,,
431,Spiroplasma-virus-SpV4_taxid_10855.gbk,431,133,1,133,,
432,Spiroplasma-virus-SpV4_taxid_10855.gbk,432,54,1,54,,
