INFO [2021-10-30 02:12:09] $x
INFO [2021-10-30 02:12:09] list(Not_Annotated, Annotated_by_eval, Annotated_by_perc)
INFO [2021-10-30 02:12:09] 
INFO [2021-10-30 02:12:09] $category.names
INFO [2021-10-30 02:12:09] c("Not annotated", "Annotated by e-value", "Annotated by %identity")
INFO [2021-10-30 02:12:09] 
INFO [2021-10-30 02:12:09] $filename
INFO [2021-10-30 02:12:09] vennfile
INFO [2021-10-30 02:12:09] 
INFO [2021-10-30 02:12:09] $output
INFO [2021-10-30 02:12:09] [1] TRUE
INFO [2021-10-30 02:12:09] 
INFO [2021-10-30 02:12:09] $imagetype
INFO [2021-10-30 02:12:09] [1] "png"
INFO [2021-10-30 02:12:09] 
INFO [2021-10-30 02:12:09] $height
INFO [2021-10-30 02:12:09] [1] 700
INFO [2021-10-30 02:12:09] 
INFO [2021-10-30 02:12:09] $width
INFO [2021-10-30 02:12:09] [1] 700
INFO [2021-10-30 02:12:09] 
INFO [2021-10-30 02:12:09] $resolution
INFO [2021-10-30 02:12:09] [1] 300
INFO [2021-10-30 02:12:09] 
INFO [2021-10-30 02:12:09] $compression
INFO [2021-10-30 02:12:09] [1] "lzw"
INFO [2021-10-30 02:12:09] 
INFO [2021-10-30 02:12:09] $lwd
INFO [2021-10-30 02:12:09] [1] 1
INFO [2021-10-30 02:12:09] 
INFO [2021-10-30 02:12:09] $col
INFO [2021-10-30 02:12:09] c("#440154ff", "#21908dff", "#DC143C")
INFO [2021-10-30 02:12:09] 
INFO [2021-10-30 02:12:09] $fill
INFO [2021-10-30 02:12:09] c(alpha("#440154ff", 0.3), alpha("#21908dff", 0.3), alpha("#DC143C", 
INFO [2021-10-30 02:12:09]     0.3))
INFO [2021-10-30 02:12:09] 
INFO [2021-10-30 02:12:09] $cex
INFO [2021-10-30 02:12:09] [1] 0.3
INFO [2021-10-30 02:12:09] 
INFO [2021-10-30 02:12:09] $fontfamily
INFO [2021-10-30 02:12:09] [1] "sans"
INFO [2021-10-30 02:12:09] 
INFO [2021-10-30 02:12:09] $cat.cex
INFO [2021-10-30 02:12:09] [1] 0.3
INFO [2021-10-30 02:12:09] 
INFO [2021-10-30 02:12:09] $cat.default.pos
INFO [2021-10-30 02:12:09] [1] "outer"
INFO [2021-10-30 02:12:09] 
INFO [2021-10-30 02:12:09] $cat.fontfamily
INFO [2021-10-30 02:12:09] [1] "sans"
INFO [2021-10-30 02:12:09] 
INFO [2021-10-30 02:12:09] $cat.col
INFO [2021-10-30 02:12:09] c("#440154ff", "#21908dff", "#DC143C")
INFO [2021-10-30 02:12:09] 
INFO [2021-10-30 02:12:09] $rotation
INFO [2021-10-30 02:12:09] [1] 1
INFO [2021-10-30 02:12:09] 
INFO [2021-10-30 02:12:09] $margin
INFO [2021-10-30 02:12:09] [1] 0.1
INFO [2021-10-30 02:12:09] 
