1,Alces-alces-faeces-associated-smacovirus-MP78_taxid_2219142.gbk,1,526,1,526,cluster00001,
3,Bovine-faeces-associated-smacovirus-1_taxid_1843749.gbk,3,317,1,317,cluster00001,
5,Bovine-faeces-associated-smacovirus-2_taxid_1843750.gbk,5,348,1,348,cluster00001,
7,Bovine-faeces-associated-smacovirus-3_taxid_1843751.gbk,7,344,1,344,cluster00001,
9,Bovine-faeces-associated-smacovirus-4_taxid_1843752.gbk,9,351,1,351,cluster00001,
11,Bovine-faeces-associated-smacovirus-5_taxid_1843753.gbk,11,335,1,335,cluster00001,
13,Bovine-faeces-associated-smacovirus-6_taxid_1843754.gbk,13,363,1,363,cluster00001,
17,Camel-associated-drosmacovirus-1_taxid_2169876.gbk,17,374,1,374,cluster00001,
20,Camel-associated-drosmacovirus-2_taxid_2169877.gbk,20,345,1,345,cluster00001,
23,Camel-associated-porprismacovirus-1_taxid_2170105.gbk,23,343,1,343,cluster00001,
25,Camel-associated-porprismacovirus-2_taxid_2170106.gbk,25,313,1,313,cluster00001,
27,Camel-associated-porprismacovirus-3_taxid_2170107.gbk,27,368,1,368,cluster00001,
29,Camel-associated-porprismacovirus-4_taxid_2170108.gbk,29,352,1,352,cluster00001,
31,Cattle-blood-associated-circovirus-like-virus_taxid_2077298.gbk,31,333,1,333,cluster00001,
36,Chicken-associated-huchismacovirus-1_taxid_2169932.gbk,36,305,1,305,cluster00001,
38,Chicken-associated-huchismacovirus-2_taxid_2169933.gbk,38,326,1,326,cluster00001,
40,Chicken-associated-smacovirus_taxid_1932006.gbk,40,315,1,315,cluster00001,
41,Chimpanzee-associated-porprismacovirus-1_taxid_2170109.gbk,41,361,1,361,cluster00001,
46,Chimpanzee-associated-porprismacovirus-2_taxid_2170110.gbk,46,420,1,420,cluster00001,
50,Fly-associated-circular-virus-4_taxid_2293284.gbk,50,332,1,332,cluster00001,
51,Gorilla-associated-porprismacovirus-1_taxid_2170111.gbk,51,330,1,330,cluster00001,
53,Howler-monkey-associated-porprismacovirus-1_taxid_2170112.gbk,53,410,1,410,cluster00001,
55,Human-associated-huchismacovirus-1_taxid_2169934.gbk,55,317,1,317,cluster00001,
57,Human-associated-huchismacovirus-2_taxid_2169935.gbk,57,324,1,324,cluster00001,
59,Human-associated-huchismacovirus-3_taxid_2169936.gbk,59,325,1,325,cluster00001,
61,Human-associated-porprismacovirus-2_taxid_2170114.gbk,61,363,1,363,cluster00001,
63,Human-feces-smacovirus-2_taxid_1820158.gbk,63,369,1,369,cluster00001,
65,Human-feces-smacovirus-3_taxid_1820159.gbk,65,353,1,353,cluster00001,
67,Human-smacovirus-1_taxid_1595998.gbk,67,317,1,317,cluster00001,
69,Lemur-associated-porprismacovirus-1_taxid_2170115.gbk,69,364,1,364,cluster00001,
72,Odonata-associated-circular-virus-21_taxid_1592122.gbk,72,350,1,350,cluster00001,
73,Odonata-associated-circular-virus-5_taxid_1592125.gbk,73,371,1,371,cluster00001,
77,Pig-stool-associated-circular-ssDNA-virus-GER2011_taxid_1114942.gbk,77,333,1,333,cluster00001,
80,PoSCV-Kor-J481_taxid_1488557.gbk,80,349,1,349,cluster00001,
82,Porcine-associated-porprismacovirus-10_taxid_2170117.gbk,82,353,1,353,cluster00001,
84,Porcine-associated-porprismacovirus-3_taxid_2170119.gbk,84,299,1,299,cluster00001,
86,Porcine-associated-porprismacovirus-4_taxid_2170120.gbk,86,329,1,329,cluster00001,
88,Porcine-associated-porprismacovirus-5_taxid_2170121.gbk,88,365,1,365,cluster00001,
90,Porcine-associated-porprismacovirus-6_taxid_2170122.gbk,90,370,1,370,cluster00001,
92,Porcine-associated-porprismacovirus-7_taxid_2170123.gbk,92,358,1,358,cluster00001,
94,Porcine-associated-porprismacovirus-8_taxid_2170124.gbk,94,346,1,346,cluster00001,
96,Porcine-associated-porprismacovirus-9_taxid_2170125.gbk,96,366,1,366,cluster00001,
98,Porcine-stool-associated-circular-virus-2_taxid_1328031.gbk,98,325,1,325,cluster00001,
100,Porcine-stool-associated-circular-virus_taxid_1843773.gbk,100,349,1,349,cluster00001,
102,Rat-associated-porprismacovirus-1_taxid_2170126.gbk,102,385,1,385,cluster00001,
104,Sheep-faeces-associated-smacovirus-1_taxid_1843756.gbk,104,358,1,358,cluster00001,
106,Sheep-faeces-associated-smacovirus-2_taxid_1843757.gbk,106,353,1,353,cluster00001,
108,Sheep-faeces-associated-smacovirus-3_taxid_1843758.gbk,108,328,1,328,cluster00001,
111,Turkey-associated-porprismacovirus-1_taxid_2170130.gbk,111,345,1,345,cluster00001,
2,Alces-alces-faeces-associated-smacovirus-MP78_taxid_2219142.gbk,2,350,1,350,cluster00002,
4,Bovine-faeces-associated-smacovirus-1_taxid_1843749.gbk,4,244,1,244,cluster00002,
6,Bovine-faeces-associated-smacovirus-2_taxid_1843750.gbk,6,244,1,244,cluster00002,
8,Bovine-faeces-associated-smacovirus-3_taxid_1843751.gbk,8,262,1,262,cluster00002,
10,Bovine-faeces-associated-smacovirus-4_taxid_1843752.gbk,10,254,1,254,cluster00002,
12,Bovine-faeces-associated-smacovirus-5_taxid_1843753.gbk,12,271,1,271,cluster00002,
14,Bovine-faeces-associated-smacovirus-6_taxid_1843754.gbk,14,252,1,252,cluster00002,
15,Camel-associated-drosmacovirus-1_taxid_2169876.gbk,15,261,1,261,cluster00002,
18,Camel-associated-drosmacovirus-2_taxid_2169877.gbk,18,265,1,265,cluster00002,
21,Camel-associated-porprismacovirus-1_taxid_2170105.gbk,21,267,1,267,cluster00002,
24,Camel-associated-porprismacovirus-2_taxid_2170106.gbk,24,254,1,254,cluster00002,
26,Camel-associated-porprismacovirus-3_taxid_2170107.gbk,26,244,1,244,cluster00002,
28,Camel-associated-porprismacovirus-4_taxid_2170108.gbk,28,253,1,253,cluster00002,
30,Cattle-blood-associated-circovirus-like-virus_taxid_2077298.gbk,30,248,1,248,cluster00002,
35,Chicken-associated-huchismacovirus-1_taxid_2169932.gbk,35,248,1,248,cluster00002,
37,Chicken-associated-huchismacovirus-2_taxid_2169933.gbk,37,248,1,248,cluster00002,
39,Chicken-associated-smacovirus_taxid_1932006.gbk,39,248,1,248,cluster00002,
42,Chimpanzee-associated-porprismacovirus-1_taxid_2170109.gbk,42,289,1,289,cluster00002,
48,Chimpanzee-associated-porprismacovirus-2_taxid_2170110.gbk,48,271,1,271,cluster00002,
49,Fly-associated-circular-virus-4_taxid_2293284.gbk,49,273,1,273,cluster00002,
52,Gorilla-associated-porprismacovirus-1_taxid_2170111.gbk,52,242,1,242,cluster00002,
54,Howler-monkey-associated-porprismacovirus-1_taxid_2170112.gbk,54,231,1,231,cluster00002,
56,Human-associated-huchismacovirus-1_taxid_2169934.gbk,56,248,1,248,cluster00002,
58,Human-associated-huchismacovirus-2_taxid_2169935.gbk,58,249,1,249,cluster00002,
60,Human-associated-huchismacovirus-3_taxid_2169936.gbk,60,249,1,249,cluster00002,
62,Human-associated-porprismacovirus-2_taxid_2170114.gbk,62,266,1,266,cluster00002,
64,Human-feces-smacovirus-2_taxid_1820158.gbk,64,278,1,278,cluster00002,
66,Human-feces-smacovirus-3_taxid_1820159.gbk,66,267,1,267,cluster00002,
68,Human-smacovirus-1_taxid_1595998.gbk,68,248,1,248,cluster00002,
70,Lemur-associated-porprismacovirus-1_taxid_2170115.gbk,70,252,1,252,cluster00002,
71,Odonata-associated-circular-virus-21_taxid_1592122.gbk,71,306,1,306,cluster00002,
74,Odonata-associated-circular-virus-5_taxid_1592125.gbk,74,291,1,291,cluster00002,
76,Pig-stool-associated-circular-ssDNA-virus-GER2011_taxid_1114942.gbk,76,237,1,237,cluster00002,
81,PoSCV-Kor-J481_taxid_1488557.gbk,81,243,1,243,cluster00002,
83,Porcine-associated-porprismacovirus-10_taxid_2170117.gbk,83,273,1,273,cluster00002,
85,Porcine-associated-porprismacovirus-3_taxid_2170119.gbk,85,271,1,271,cluster00002,
87,Porcine-associated-porprismacovirus-4_taxid_2170120.gbk,87,243,1,243,cluster00002,
89,Porcine-associated-porprismacovirus-5_taxid_2170121.gbk,89,243,1,243,cluster00002,
91,Porcine-associated-porprismacovirus-6_taxid_2170122.gbk,91,279,1,279,cluster00002,
93,Porcine-associated-porprismacovirus-7_taxid_2170123.gbk,93,262,1,262,cluster00002,
95,Porcine-associated-porprismacovirus-8_taxid_2170124.gbk,95,245,1,245,cluster00002,
97,Porcine-associated-porprismacovirus-9_taxid_2170125.gbk,97,272,1,272,cluster00002,
99,Porcine-stool-associated-circular-virus-2_taxid_1328031.gbk,99,260,1,260,cluster00002,
101,Porcine-stool-associated-circular-virus_taxid_1843773.gbk,101,243,1,243,cluster00002,
103,Rat-associated-porprismacovirus-1_taxid_2170126.gbk,103,282,1,282,cluster00002,
105,Sheep-faeces-associated-smacovirus-1_taxid_1843756.gbk,105,247,1,247,cluster00002,
107,Sheep-faeces-associated-smacovirus-2_taxid_1843757.gbk,107,260,1,260,cluster00002,
109,Sheep-faeces-associated-smacovirus-3_taxid_1843758.gbk,109,267,1,267,cluster00002,
110,Turkey-associated-porprismacovirus-1_taxid_2170130.gbk,110,243,1,243,cluster00002,
16,Camel-associated-drosmacovirus-1_taxid_2169876.gbk,16,117,1,117,cluster00003,
19,Camel-associated-drosmacovirus-2_taxid_2169877.gbk,19,129,1,129,cluster00003,
22,Camel-associated-porprismacovirus-1_taxid_2170105.gbk,22,122,1,122,cluster00003,
79,Pig-stool-associated-circular-ssDNA-virus-GER2011_taxid_1114942.gbk,79,108,1,108,cluster00003,
32,Cattle-blood-associated-circovirus-like-virus_taxid_2077298.gbk,32,120,1,120,,
33,Cattle-blood-associated-circovirus-like-virus_taxid_2077298.gbk,33,291,1,291,,
34,Cattle-blood-associated-circovirus-like-virus_taxid_2077298.gbk,34,182,1,182,,
43,Chimpanzee-associated-porprismacovirus-2_taxid_2170110.gbk,43,210,1,210,,
44,Chimpanzee-associated-porprismacovirus-2_taxid_2170110.gbk,44,127,1,127,,
45,Chimpanzee-associated-porprismacovirus-2_taxid_2170110.gbk,45,105,1,105,,
47,Chimpanzee-associated-porprismacovirus-2_taxid_2170110.gbk,47,421,1,421,,
75,Pig-stool-associated-circular-ssDNA-virus-GER2011_taxid_1114942.gbk,75,104,1,104,,
78,Pig-stool-associated-circular-ssDNA-virus-GER2011_taxid_1114942.gbk,78,147,1,147,,
