
Discrete character parsimony algorithm, version 3.695


One most parsimonious tree found:


                                +0000000007
                                |  
  +-----------------------------2-0000000006
  |                             |  
  |                             +0000000005
  |                             |  
  |                             +0000000004
  |                             |  
  |                             +0000000003
  |  
  1-0000000002
  |  
  +0000000001
  |  
  +0000000000


requires a total of      1.000

  between      and       length
  -------      ---       ------
     1           2         1.00
     2      0000000007     0.00
     2      0000000006     0.00
     2      0000000005     0.00
     2      0000000004     0.00
     2      0000000003     0.00
     1      0000000002     0.00
     1      0000000001     0.00
     1      0000000000     0.00

