INFO [2021-10-20 03:09:14] $x
INFO [2021-10-20 03:09:14] list(Not_Annotated, Annotated_by_eval, Annotated_by_perc)
INFO [2021-10-20 03:09:14] 
INFO [2021-10-20 03:09:14] $category.names
INFO [2021-10-20 03:09:14] c("Not annotated", "Annotated by e-value", "Annotated by %identity")
INFO [2021-10-20 03:09:14] 
INFO [2021-10-20 03:09:14] $filename
INFO [2021-10-20 03:09:14] vennfile
INFO [2021-10-20 03:09:14] 
INFO [2021-10-20 03:09:14] $output
INFO [2021-10-20 03:09:14] [1] TRUE
INFO [2021-10-20 03:09:14] 
INFO [2021-10-20 03:09:14] $imagetype
INFO [2021-10-20 03:09:14] [1] "png"
INFO [2021-10-20 03:09:14] 
INFO [2021-10-20 03:09:14] $height
INFO [2021-10-20 03:09:14] [1] 700
INFO [2021-10-20 03:09:14] 
INFO [2021-10-20 03:09:14] $width
INFO [2021-10-20 03:09:14] [1] 700
INFO [2021-10-20 03:09:14] 
INFO [2021-10-20 03:09:14] $resolution
INFO [2021-10-20 03:09:14] [1] 300
INFO [2021-10-20 03:09:14] 
INFO [2021-10-20 03:09:14] $compression
INFO [2021-10-20 03:09:14] [1] "lzw"
INFO [2021-10-20 03:09:14] 
INFO [2021-10-20 03:09:14] $lwd
INFO [2021-10-20 03:09:14] [1] 1
INFO [2021-10-20 03:09:14] 
INFO [2021-10-20 03:09:14] $col
INFO [2021-10-20 03:09:14] c("#440154ff", "#21908dff", "#DC143C")
INFO [2021-10-20 03:09:14] 
INFO [2021-10-20 03:09:14] $fill
INFO [2021-10-20 03:09:14] c(alpha("#440154ff", 0.3), alpha("#21908dff", 0.3), alpha("#DC143C", 
INFO [2021-10-20 03:09:14]     0.3))
INFO [2021-10-20 03:09:14] 
INFO [2021-10-20 03:09:14] $cex
INFO [2021-10-20 03:09:14] [1] 0.3
INFO [2021-10-20 03:09:14] 
INFO [2021-10-20 03:09:14] $fontfamily
INFO [2021-10-20 03:09:14] [1] "sans"
INFO [2021-10-20 03:09:14] 
INFO [2021-10-20 03:09:14] $cat.cex
INFO [2021-10-20 03:09:14] [1] 0.3
INFO [2021-10-20 03:09:14] 
INFO [2021-10-20 03:09:14] $cat.default.pos
INFO [2021-10-20 03:09:14] [1] "outer"
INFO [2021-10-20 03:09:14] 
INFO [2021-10-20 03:09:14] $cat.fontfamily
INFO [2021-10-20 03:09:14] [1] "sans"
INFO [2021-10-20 03:09:14] 
INFO [2021-10-20 03:09:14] $cat.col
INFO [2021-10-20 03:09:14] c("#440154ff", "#21908dff", "#DC143C")
INFO [2021-10-20 03:09:14] 
INFO [2021-10-20 03:09:14] $rotation
INFO [2021-10-20 03:09:14] [1] 1
INFO [2021-10-20 03:09:14] 
INFO [2021-10-20 03:09:14] $margin
INFO [2021-10-20 03:09:14] [1] 0.1
INFO [2021-10-20 03:09:14] 
