INFO [2021-10-30 02:22:31] $x
INFO [2021-10-30 02:22:31] list(Not_Annotated, Annotated_by_eval, Annotated_by_perc)
INFO [2021-10-30 02:22:31] 
INFO [2021-10-30 02:22:31] $category.names
INFO [2021-10-30 02:22:31] c("Not annotated", "Annotated by e-value", "Annotated by %identity")
INFO [2021-10-30 02:22:31] 
INFO [2021-10-30 02:22:31] $filename
INFO [2021-10-30 02:22:31] vennfile
INFO [2021-10-30 02:22:31] 
INFO [2021-10-30 02:22:31] $output
INFO [2021-10-30 02:22:31] [1] TRUE
INFO [2021-10-30 02:22:31] 
INFO [2021-10-30 02:22:31] $imagetype
INFO [2021-10-30 02:22:31] [1] "png"
INFO [2021-10-30 02:22:31] 
INFO [2021-10-30 02:22:31] $height
INFO [2021-10-30 02:22:31] [1] 700
INFO [2021-10-30 02:22:31] 
INFO [2021-10-30 02:22:31] $width
INFO [2021-10-30 02:22:31] [1] 700
INFO [2021-10-30 02:22:31] 
INFO [2021-10-30 02:22:31] $resolution
INFO [2021-10-30 02:22:31] [1] 300
INFO [2021-10-30 02:22:31] 
INFO [2021-10-30 02:22:31] $compression
INFO [2021-10-30 02:22:31] [1] "lzw"
INFO [2021-10-30 02:22:31] 
INFO [2021-10-30 02:22:31] $lwd
INFO [2021-10-30 02:22:31] [1] 1
INFO [2021-10-30 02:22:31] 
INFO [2021-10-30 02:22:31] $col
INFO [2021-10-30 02:22:31] c("#440154ff", "#21908dff", "#DC143C")
INFO [2021-10-30 02:22:31] 
INFO [2021-10-30 02:22:31] $fill
INFO [2021-10-30 02:22:31] c(alpha("#440154ff", 0.3), alpha("#21908dff", 0.3), alpha("#DC143C", 
INFO [2021-10-30 02:22:31]     0.3))
INFO [2021-10-30 02:22:31] 
INFO [2021-10-30 02:22:31] $cex
INFO [2021-10-30 02:22:31] [1] 0.3
INFO [2021-10-30 02:22:31] 
INFO [2021-10-30 02:22:31] $fontfamily
INFO [2021-10-30 02:22:31] [1] "sans"
INFO [2021-10-30 02:22:31] 
INFO [2021-10-30 02:22:31] $cat.cex
INFO [2021-10-30 02:22:31] [1] 0.3
INFO [2021-10-30 02:22:31] 
INFO [2021-10-30 02:22:31] $cat.default.pos
INFO [2021-10-30 02:22:31] [1] "outer"
INFO [2021-10-30 02:22:31] 
INFO [2021-10-30 02:22:31] $cat.fontfamily
INFO [2021-10-30 02:22:31] [1] "sans"
INFO [2021-10-30 02:22:31] 
INFO [2021-10-30 02:22:31] $cat.col
INFO [2021-10-30 02:22:31] c("#440154ff", "#21908dff", "#DC143C")
INFO [2021-10-30 02:22:31] 
INFO [2021-10-30 02:22:31] $rotation
INFO [2021-10-30 02:22:31] [1] 1
INFO [2021-10-30 02:22:31] 
INFO [2021-10-30 02:22:31] $margin
INFO [2021-10-30 02:22:31] [1] 0.1
INFO [2021-10-30 02:22:31] 
