
Discrete character parsimony algorithm, version 3.695


One most parsimonious tree found:


  +0000000033
  |  
  1-0000000032
  |  
  +0000000031
  |  
  +0000000030
  |  
  +0000000029
  |  
  +-----------------------0000000028
  |  
  +0000000027
  |  
  +0000000026
  |  
  +0000000025
  |  
  +0000000024
  |  
  +0000000023
  |  
  +0000000022
  |  
  +0000000021
  |  
  +-----------------------------------0000000020
  |  
  +0000000019
  |  
  +0000000018
  |  
  +0000000017
  |  
  +0000000016
  |  
  +0000000015
  |  
  +0000000014
  |  
  +0000000013
  |  
  +0000000012
  |  
  +0000000011
  |  
  +0000000010
  |  
  +0000000009
  |  
  +0000000008
  |  
  +-----------------------------------------------0000000007
  |  
  +0000000006
  |  
  +0000000005
  |  
  +0000000004
  |  
  +0000000003
  |  
  +0000000002
  |  
  +0000000001
  |  
  +0000000000


requires a total of      9.000

  between      and       length
  -------      ---       ------
     1      0000000033     0.00
     1      0000000032     0.00
     1      0000000031     0.00
     1      0000000030     0.00
     1      0000000029     0.00
     1      0000000028     2.00
     1      0000000027     0.00
     1      0000000026     0.00
     1      0000000025     0.00
     1      0000000024     0.00
     1      0000000023     0.00
     1      0000000022     0.00
     1      0000000021     0.00
     1      0000000020     3.00
     1      0000000019     0.00
     1      0000000018     0.00
     1      0000000017     0.00
     1      0000000016     0.00
     1      0000000015     0.00
     1      0000000014     0.00
     1      0000000013     0.00
     1      0000000012     0.00
     1      0000000011     0.00
     1      0000000010     0.00
     1      0000000009     0.00
     1      0000000008     0.00
     1      0000000007     4.00
     1      0000000006     0.00
     1      0000000005     0.00
     1      0000000004     0.00
     1      0000000003     0.00
     1      0000000002     0.00
     1      0000000001     0.00
     1      0000000000     0.00

