
Discrete character parsimony algorithm, version 3.695


One most parsimonious tree found:


  +0000000022
  |  
  1--------------0000000021
  |  
  +0000000020
  |  
  +--------------0000000019
  |  
  +-----------------------------0000000018
  |  
  +--------------0000000017
  |  
  +0000000016
  |  
  +0000000015
  |  
  +-----------------------------0000000014
  |  
  +-----------------------------0000000013
  |  
  +--------------0000000012
  |  
  +0000000011
  |  
  +0000000010
  |  
  +0000000009
  |  
  +-----------------------------0000000008
  |  
  +0000000007
  |  
  +0000000006
  |  
  +--------------0000000005
  |  
  +--------------------------------------------0000000004
  |  
  |              +--------------0000000003
  +--------------2  
  |              +--------------0000000002
  |  
  +-----------------------------0000000001
  |  
  +-----------------------------0000000000


requires a total of     23.000

  between      and       length
  -------      ---       ------
     1      0000000022     0.00
     1      0000000021     1.00
     1      0000000020     0.00
     1      0000000019     1.00
     1      0000000018     2.00
     1      0000000017     1.00
     1      0000000016     0.00
     1      0000000015     0.00
     1      0000000014     2.00
     1      0000000013     2.00
     1      0000000012     1.00
     1      0000000011     0.00
     1      0000000010     0.00
     1      0000000009     0.00
     1      0000000008     2.00
     1      0000000007     0.00
     1      0000000006     0.00
     1      0000000005     1.00
     1      0000000004     3.00
     1           2         1.00
     2      0000000003     1.00
     2      0000000002     1.00
     1      0000000001     2.00
     1      0000000000     2.00

