1,Acartia-tonsa-copepod-circovirus_taxid_1168547.gbk,1,351,1,351,cluster00001,
3,Aiptasia-sp-sea-anemone-associated-circular-virus_taxid_1692242.gbk,3,293,1,293,cluster00001,
5,Apteryx-rowi-circovirus-like-virus_taxid_1634476.gbk,5,322,1,322,cluster00001,
8,Arboreal-ant-associated-circular-virus-1_taxid_2293273.gbk,8,277,1,277,cluster00001,
9,Avon-Heathcote-Estuary-associated-circular-virus-10_taxid_1618233.gbk,9,344,1,344,cluster00001,
12,Avon-Heathcote-Estuary-associated-circular-virus-11_taxid_1618234.gbk,12,357,1,357,cluster00001,
14,Avon-Heathcote-Estuary-associated-circular-virus-12_taxid_1618235.gbk,14,291,1,291,cluster00001,
16,Avon-Heathcote-Estuary-associated-circular-virus-13_taxid_1618236.gbk,16,298,1,298,cluster00001,
18,Avon-Heathcote-Estuary-associated-circular-virus-14_taxid_1618237.gbk,18,315,1,315,cluster00001,
20,Avon-Heathcote-Estuary-associated-circular-virus-16_taxid_1618239.gbk,20,276,1,276,cluster00001,
21,Avon-Heathcote-Estuary-associated-circular-virus-17_taxid_1618240.gbk,21,276,1,276,cluster00001,
23,Avon-Heathcote-Estuary-associated-circular-virus-1_taxid_1618232.gbk,23,274,1,274,cluster00001,
26,Avon-Heathcote-Estuary-associated-circular-virus-21_taxid_1618245.gbk,26,271,1,271,cluster00001,
27,Avon-Heathcote-Estuary-associated-circular-virus-22_taxid_1618246.gbk,27,270,1,270,cluster00001,
30,Avon-Heathcote-Estuary-associated-circular-virus-23_taxid_1618247.gbk,30,316,1,316,cluster00001,
31,Avon-Heathcote-Estuary-associated-circular-virus-24_taxid_1618248.gbk,31,304,1,304,cluster00001,
36,Avon-Heathcote-Estuary-associated-circular-virus-29_taxid_1618253.gbk,36,268,1,268,cluster00001,
37,Avon-Heathcote-Estuary-associated-circular-virus-2_taxid_1618243.gbk,37,283,1,283,cluster00001,
39,Avon-Heathcote-Estuary-associated-circular-virus-4_taxid_1618255.gbk,39,258,1,258,cluster00001,
41,Avon-Heathcote-Estuary-associated-circular-virus-6_taxid_1618257.gbk,41,265,1,265,cluster00001,
43,Avon-Heathcote-Estuary-associated-circular-virus-7_taxid_1618258.gbk,43,318,1,318,cluster00001,
46,Avon-Heathcote-Estuary-associated-circular-virus-8_taxid_1618259.gbk,46,284,1,284,cluster00001,
47,Avon-Heathcote-Estuary-associated-circular-virus-9_taxid_1618260.gbk,47,273,1,273,cluster00001,
49,Barbel-circovirus_taxid_759938.gbk,49,319,1,319,cluster00001,
51,Bat-associated-circovirus-1_taxid_1868218.gbk,51,295,1,295,cluster00001,
53,Bat-associated-circovirus-2_taxid_1868219.gbk,53,313,1,313,cluster00001,
55,Bat-associated-cyclovirus-2_taxid_2050585.gbk,55,276,1,276,cluster00001,
57,Bat-associated-cyclovirus-3_taxid_2050586.gbk,57,279,1,279,cluster00001,
59,Bat-associated-cyclovirus-4_taxid_2050587.gbk,59,286,1,286,cluster00001,
62,Bat-circovirus-POA-2012-II_taxid_1572237.gbk,62,276,1,276,cluster00001,
64,Bat-circovirus-POA-2012-VI_taxid_1572239.gbk,64,232,1,232,cluster00001,
65,Bat-circovirus_taxid_1329650.gbk,65,306,1,306,cluster00001,
67,Bat-cyclovirus-GF-4c_taxid_795381.gbk,67,281,1,281,cluster00001,
69,Beak-and-feather-disease-virus_taxid_77856.gbk,69,299,1,299,cluster00001,
72,Callinectes-sapidus-associated-circular-virus_taxid_1692246.gbk,72,270,1,270,cluster00001,
74,Canary-circovirus_taxid_142661.gbk,74,290,1,290,cluster00001,
76,Canine-circovirus_taxid_1194757.gbk,76,303,1,303,cluster00001,
79,Chicken-associated-cyclovirus-2_taxid_2109365.gbk,79,245,1,245,cluster00001,
80,Chimpanzee-stool-avian-like-circovirus-Chimp17_taxid_743290.gbk,80,291,1,291,cluster00001,
83,Circoviridae-16-LDMD-2013_taxid_1379720.gbk,83,240,1,240,cluster00001,
86,Circoviridae-21-LDMD-2013_taxid_1379725.gbk,86,355,1,355,cluster00001,
89,Circovirus-like-genome-DCCV-12_taxid_1788440.gbk,89,325,1,325,cluster00001,
95,Circovirus-like-genome-DCCV-3_taxid_1788443.gbk,95,312,1,312,cluster00001,
98,Circovirus-like-genome-DCCV-9_taxid_1788449.gbk,98,329,1,329,cluster00001,
101,Circovirus-like-genome-DHCV-3_taxid_1788452.gbk,101,290,1,290,cluster00001,
104,Circovirus-like-genome-DHCV-5_taxid_1788454.gbk,104,289,1,289,cluster00001,
106,Circovirus-sp_taxid_1964372.gbk,106,244,1,244,cluster00001,
109,Cockroach-associated-cyclovirus-1_taxid_2050038.gbk,109,247,1,247,cluster00001,
110,Cockroach-associated-cyclovirus-1_taxid_2050038.gbk,110,198,1,198,cluster00001,
113,Columbid-circovirus_taxid_126070.gbk,113,317,1,317,cluster00001,
117,Cyclovirus-Chimp11_taxid_742920.gbk,117,280,1,280,cluster00001,
119,Cyclovirus-Equ1_taxid_1673638.gbk,119,271,1,271,cluster00001,
121,Cyclovirus-NG12_taxid_742922.gbk,121,281,1,281,cluster00001,
123,Cyclovirus-NG14_taxid_742923.gbk,123,286,1,286,cluster00001,
125,Cyclovirus-NGchicken15-NGA-2009_taxid_942037.gbk,125,278,1,278,cluster00001,
127,Cyclovirus-NGchicken8-NGA-2009_taxid_942036.gbk,127,278,1,278,cluster00001,
129,Cyclovirus-PK5006_taxid_742915.gbk,129,278,1,278,cluster00001,
131,Cyclovirus-PK5034_taxid_742916.gbk,131,277,1,277,cluster00001,
133,Cyclovirus-PK5222_taxid_742917.gbk,133,279,1,279,cluster00001,
135,Cyclovirus-PK5510_taxid_742918.gbk,135,280,1,280,cluster00001,
137,Cyclovirus-PKbeef23-PAK-2009_taxid_942032.gbk,137,280,1,280,cluster00001,
139,Cyclovirus-PKgoat11-PAK-2009_taxid_942034.gbk,139,278,1,278,cluster00001,
141,Cyclovirus-PKgoat21-PAK-2009_taxid_942033.gbk,141,280,1,280,cluster00001,
144,Cyclovirus-SL-108277_taxid_1520935.gbk,144,276,1,276,cluster00001,
145,Cyclovirus-TN25_taxid_742924.gbk,145,286,1,286,cluster00001,
148,Cyclovirus-TsCyV-1-JP-NUBS-2014_taxid_1592764.gbk,148,276,1,276,cluster00001,
149,Cyclovirus-VN_taxid_1348500.gbk,149,292,1,292,cluster00001,
152,Cyclovirus-ZM36a_taxid_1506568.gbk,152,277,1,277,cluster00001,
153,Cyclovirus-bat-USA-2009_taxid_942035.gbk,153,278,1,278,cluster00001,
155,Didemnum-sp-Sea-Squirt-associated-virus_taxid_1692247.gbk,155,300,1,300,cluster00001,
157,Dragonfly-associated-cyclovirus-1_taxid_1234879.gbk,157,309,1,309,cluster00001,
160,Dragonfly-associated-cyclovirus-2_taxid_1234880.gbk,160,325,1,325,cluster00001,
161,Dragonfly-associated-cyclovirus-3_taxid_1234881.gbk,161,251,1,251,cluster00001,
162,Dragonfly-associated-cyclovirus-3_taxid_1234881.gbk,162,300,1,300,cluster00001,
165,Dragonfly-associated-cyclovirus-4_taxid_1234882.gbk,165,310,1,310,cluster00001,
167,Dragonfly-associated-cyclovirus-5_taxid_1234883.gbk,167,277,1,277,cluster00001,
169,Dragonfly-associated-cyclovirus-6_taxid_1574360.gbk,169,276,1,276,cluster00001,
171,Dragonfly-associated-cyclovirus-7_taxid_1574361.gbk,171,283,1,283,cluster00001,
173,Dragonfly-associated-cyclovirus-8_taxid_1574362.gbk,173,278,1,278,cluster00001,
175,Dragonfly-associated-cyclovirus_taxid_2152567.gbk,175,278,1,278,cluster00001,
177,Duck-associated-cyclovirus-1_taxid_2006585.gbk,177,326,1,326,cluster00001,
178,Duck-circovirus_taxid_324685.gbk,178,292,1,292,cluster00001,
182,Ecklonia-radiata-associated-virus-5_taxid_2480195.gbk,182,304,1,304,cluster00001,
184,Farfantepenaeus-duorarum-circovirus_taxid_1380894.gbk,184,287,1,287,cluster00001,
186,Farfantepenaeus-duorarum-pink-shrimp-associated-circular-virus_taxid_1692248.gbk,186,175,1,175,cluster00001,
188,Feline-cyclovirus_taxid_1530454.gbk,188,272,1,272,cluster00001,
190,Feline-stool-associated-circular-virus-KU14_taxid_2249941.gbk,190,319,1,319,cluster00001,
192,Fiddler-Crab-associated-circular-virus_taxid_1692249.gbk,192,273,1,273,cluster00001,
194,Finch-circovirus_taxid_400122.gbk,194,291,1,291,cluster00001,
197,Gammarus-sp-amphipod-associated-circular-virus_taxid_1692250.gbk,197,294,1,294,cluster00001,
199,Garrulus-glandarius-associated-circular-virus-1_taxid_2006642.gbk,199,296,1,296,cluster00001,
201,Giant-panda-circovirus-2_taxid_2016457.gbk,201,321,1,321,cluster00001,
204,Giant-panda-circovirus-4_taxid_2016459.gbk,204,368,1,368,cluster00001,
207,Goose-circovirus_taxid_146032.gbk,207,293,1,293,cluster00001,
210,Gull-circovirus_taxid_400121.gbk,210,305,1,305,cluster00001,
213,Hermit-crab-associated-circular-virus_taxid_1692252.gbk,213,304,1,304,cluster00001,
216,Human-associated-cyclovirus-10_taxid_2038728.gbk,216,278,1,278,cluster00001,
217,Human-cyclovirus-VS5700009_taxid_1345637.gbk,217,278,1,278,cluster00001,
219,Human-fecal-virus-Jorvi3_taxid_2017082.gbk,219,291,1,291,cluster00001,
221,Human-stool-associated-circular-virus-NG13_taxid_743300.gbk,221,307,1,307,cluster00001,
223,Indian-encephalitis-associated-cyclovirus_taxid_1755290.gbk,223,221,1,221,cluster00001,
225,Labidocera-aestiva-circovirus_taxid_1173709.gbk,225,255,1,255,cluster00001,
228,Littorina-sp-associated-circular-virus_taxid_1692253.gbk,228,366,1,366,cluster00001,
231,Marine-snail-associated-circular-virus_taxid_1692255.gbk,231,315,1,315,cluster00001,
233,Meles-meles-circovirus-like-virus_taxid_1128073.gbk,233,343,1,343,cluster00001,
235,Mink-circovirus_taxid_1475143.gbk,235,297,1,297,cluster00001,
237,Molossus-molossus-circovirus-3_taxid_1959844.gbk,237,283,1,283,cluster00001,
239,Molossus-molossus-circovirus-4_taxid_1959845.gbk,239,271,1,271,cluster00001,
241,Mosquito-circovirus_taxid_1611039.gbk,241,301,1,301,cluster00001,
243,Mouse-associated-cyclovirus-1_taxid_2169856.gbk,243,353,1,353,cluster00001,
245,Mulard-duck-circovirus_taxid_232802.gbk,245,292,1,292,cluster00001,
247,Muscovy-duck-circovirus_taxid_257468.gbk,247,292,1,292,cluster00001,
251,Mytilus-sp-clam-associated-circular-virus_taxid_1692256.gbk,251,301,1,301,cluster00001,
254,Pacific-flying-fox-associated-cyclovirus-1_taxid_1795983.gbk,254,323,1,323,cluster00001,
256,Pacific-flying-fox-associated-cyclovirus-2_taxid_1795984.gbk,256,325,1,325,cluster00001,
258,Pacific-flying-fox-associated-cyclovirus-3_taxid_1795985.gbk,258,277,1,277,cluster00001,
259,Paguma-larvata-circovirus_taxid_2294094.gbk,259,298,1,298,cluster00001,
261,Palaemonetes-intermedius-brackish-grass-shrimp-associated-circular_taxid_1692257.gbk,261,301,1,301,cluster00001,
263,Palaemonetes-kadiakensis-Mississippi-grass-shrimp-associated_taxid_1692258.gbk,263,305,1,305,cluster00001,
266,Palaemonetes-sp-common-grass-shrimp-associated-circular-virus_taxid_1692259.gbk,266,321,1,321,cluster00001,
268,Paramuricea-placomus-associated-circular-virus_taxid_1692260.gbk,268,304,1,304,cluster00001,
269,Penaeus-monodon-circovirus-VN11_taxid_1419711.gbk,269,266,1,266,cluster00001,
272,Petrochirus-diogenes-giant-hermit-crab-associated-circular-virus_taxid_1692261.gbk,272,349,1,349,cluster00001,
275,Pleurochrysis-carterae-circular-virus_taxid_2057942.gbk,275,309,1,309,cluster00001,
277,Porcine-circovirus-1_taxid_133704.gbk,277,312,1,312,cluster00001,
279,Porcine-circovirus-2_taxid_85708.gbk,279,314,1,314,cluster00001,
282,Porcine-circovirus-type-1-2a_taxid_720569.gbk,282,312,1,312,cluster00001,
284,Raven-circovirus_taxid_345250.gbk,284,291,1,291,cluster00001,
286,Rhinolophus-ferrumequinum-circovirus-1_taxid_1195373.gbk,286,294,1,294,cluster00001,
290,Silurus-glanis-circovirus_taxid_1126411.gbk,290,314,1,314,cluster00001,
293,Soft-spider-associated-circular-virus-1_taxid_2293301.gbk,293,305,1,305,cluster00001,
294,Starling-circovirus_taxid_349370.gbk,294,289,1,289,cluster00001,
297,Swan-circovirus_taxid_459957.gbk,297,293,1,293,cluster00001,
299,Tadarida-brasiliensis-circovirus-1_taxid_1732201.gbk,299,303,1,303,cluster00001,
301,Zebra-finch-circovirus_taxid_1642515.gbk,301,291,1,291,cluster00001,
4,Aiptasia-sp-sea-anemone-associated-circular-virus_taxid_1692242.gbk,4,290,1,290,cluster00002,
183,Ecklonia-radiata-associated-virus-5_taxid_2480195.gbk,183,284,1,284,cluster00002,
187,Farfantepenaeus-duorarum-pink-shrimp-associated-circular-virus_taxid_1692248.gbk,187,288,1,288,cluster00002,
198,Gammarus-sp-amphipod-associated-circular-virus_taxid_1692250.gbk,198,262,1,262,cluster00002,
203,Giant-panda-circovirus-2_taxid_2016457.gbk,203,281,1,281,cluster00002,
214,Hermit-crab-associated-circular-virus_taxid_1692252.gbk,214,285,1,285,cluster00002,
232,Marine-snail-associated-circular-virus_taxid_1692255.gbk,232,341,1,341,cluster00002,
252,Mytilus-sp-clam-associated-circular-virus_taxid_1692256.gbk,252,284,1,284,cluster00002,
262,Palaemonetes-intermedius-brackish-grass-shrimp-associated-circular_taxid_1692257.gbk,262,339,1,339,cluster00002,
7,Arboreal-ant-associated-circular-virus-1_taxid_2293273.gbk,7,220,1,220,cluster00003,
56,Bat-associated-cyclovirus-2_taxid_2050585.gbk,56,219,1,219,cluster00003,
58,Bat-associated-cyclovirus-3_taxid_2050586.gbk,58,223,1,223,cluster00003,
60,Bat-associated-cyclovirus-4_taxid_2050587.gbk,60,222,1,222,cluster00003,
61,Bat-circovirus-POA-2012-II_taxid_1572237.gbk,61,221,1,221,cluster00003,
63,Bat-circovirus-POA-2012-VI_taxid_1572239.gbk,63,219,1,219,cluster00003,
68,Bat-cyclovirus-GF-4c_taxid_795381.gbk,68,227,1,227,cluster00003,
78,Chicken-associated-cyclovirus-2_taxid_2109365.gbk,78,263,1,263,cluster00003,
108,Cockroach-associated-cyclovirus-1_taxid_2050038.gbk,108,222,1,222,cluster00003,
118,Cyclovirus-Chimp11_taxid_742920.gbk,118,220,1,220,cluster00003,
122,Cyclovirus-NG12_taxid_742922.gbk,122,218,1,218,cluster00003,
124,Cyclovirus-NG14_taxid_742923.gbk,124,230,1,230,cluster00003,
126,Cyclovirus-NGchicken15-NGA-2009_taxid_942037.gbk,126,222,1,222,cluster00003,
128,Cyclovirus-NGchicken8-NGA-2009_taxid_942036.gbk,128,222,1,222,cluster00003,
130,Cyclovirus-PK5006_taxid_742915.gbk,130,219,1,219,cluster00003,
132,Cyclovirus-PK5034_taxid_742916.gbk,132,218,1,218,cluster00003,
134,Cyclovirus-PK5222_taxid_742917.gbk,134,218,1,218,cluster00003,
136,Cyclovirus-PK5510_taxid_742918.gbk,136,219,1,219,cluster00003,
138,Cyclovirus-PKbeef23-PAK-2009_taxid_942032.gbk,138,212,1,212,cluster00003,
140,Cyclovirus-PKgoat11-PAK-2009_taxid_942034.gbk,140,231,1,231,cluster00003,
142,Cyclovirus-PKgoat21-PAK-2009_taxid_942033.gbk,142,212,1,212,cluster00003,
143,Cyclovirus-SL-108277_taxid_1520935.gbk,143,230,1,230,cluster00003,
146,Cyclovirus-TN25_taxid_742924.gbk,146,222,1,222,cluster00003,
147,Cyclovirus-TsCyV-1-JP-NUBS-2014_taxid_1592764.gbk,147,223,1,223,cluster00003,
150,Cyclovirus-VN_taxid_1348500.gbk,150,222,1,222,cluster00003,
151,Cyclovirus-ZM36a_taxid_1506568.gbk,151,225,1,225,cluster00003,
154,Cyclovirus-bat-USA-2009_taxid_942035.gbk,154,225,1,225,cluster00003,
158,Dragonfly-associated-cyclovirus-1_taxid_1234879.gbk,158,224,1,224,cluster00003,
159,Dragonfly-associated-cyclovirus-2_taxid_1234880.gbk,159,235,1,235,cluster00003,
163,Dragonfly-associated-cyclovirus-3_taxid_1234881.gbk,163,219,1,219,cluster00003,
164,Dragonfly-associated-cyclovirus-4_taxid_1234882.gbk,164,223,1,223,cluster00003,
166,Dragonfly-associated-cyclovirus-5_taxid_1234883.gbk,166,225,1,225,cluster00003,
168,Dragonfly-associated-cyclovirus-6_taxid_1574360.gbk,168,224,1,224,cluster00003,
170,Dragonfly-associated-cyclovirus-7_taxid_1574361.gbk,170,219,1,219,cluster00003,
172,Dragonfly-associated-cyclovirus-8_taxid_1574362.gbk,172,220,1,220,cluster00003,
174,Dragonfly-associated-cyclovirus_taxid_2152567.gbk,174,277,1,277,cluster00003,
189,Feline-cyclovirus_taxid_1530454.gbk,189,223,1,223,cluster00003,
215,Human-associated-cyclovirus-10_taxid_2038728.gbk,215,237,1,237,cluster00003,
218,Human-cyclovirus-VS5700009_taxid_1345637.gbk,218,234,1,234,cluster00003,
224,Indian-encephalitis-associated-cyclovirus_taxid_1755290.gbk,224,231,1,231,cluster00003,
257,Pacific-flying-fox-associated-cyclovirus-3_taxid_1795985.gbk,257,230,1,230,cluster00003,
25,Avon-Heathcote-Estuary-associated-circular-virus-21_taxid_1618245.gbk,25,225,1,225,cluster00004,
50,Barbel-circovirus_taxid_759938.gbk,50,166,1,166,cluster00004,
52,Bat-associated-circovirus-1_taxid_1868218.gbk,52,238,1,238,cluster00004,
54,Bat-associated-circovirus-2_taxid_1868219.gbk,54,243,1,243,cluster00004,
66,Bat-circovirus_taxid_1329650.gbk,66,281,1,281,cluster00004,
71,Beak-and-feather-disease-virus_taxid_77856.gbk,71,244,1,244,cluster00004,
75,Canary-circovirus_taxid_142661.gbk,75,250,1,250,cluster00004,
77,Canine-circovirus_taxid_1194757.gbk,77,270,1,270,cluster00004,
81,Chimpanzee-stool-avian-like-circovirus-Chimp17_taxid_743290.gbk,81,232,1,232,cluster00004,
107,Circovirus-sp_taxid_1964372.gbk,107,225,1,225,cluster00004,
116,Columbid-circovirus_taxid_126070.gbk,116,273,1,273,cluster00004,
181,Duck-circovirus_taxid_324685.gbk,181,257,1,257,cluster00004,
196,Finch-circovirus_taxid_400122.gbk,196,249,1,249,cluster00004,
209,Goose-circovirus_taxid_146032.gbk,209,250,1,250,cluster00004,
212,Gull-circovirus_taxid_400121.gbk,212,245,1,245,cluster00004,
222,Human-stool-associated-circular-virus-NG13_taxid_743300.gbk,222,221,1,221,cluster00004,
236,Mink-circovirus_taxid_1475143.gbk,236,227,1,227,cluster00004,
246,Mulard-duck-circovirus_taxid_232802.gbk,246,257,1,257,cluster00004,
249,Muscovy-duck-circovirus_taxid_257468.gbk,249,257,1,257,cluster00004,
270,Penaeus-monodon-circovirus-VN11_taxid_1419711.gbk,270,255,1,255,cluster00004,
278,Porcine-circovirus-1_taxid_133704.gbk,278,230,1,230,cluster00004,
281,Porcine-circovirus-2_taxid_85708.gbk,281,233,1,233,cluster00004,
283,Porcine-circovirus-type-1-2a_taxid_720569.gbk,283,233,1,233,cluster00004,
285,Raven-circovirus_taxid_345250.gbk,285,243,1,243,cluster00004,
287,Rhinolophus-ferrumequinum-circovirus-1_taxid_1195373.gbk,287,218,1,218,cluster00004,
291,Silurus-glanis-circovirus_taxid_1126411.gbk,291,227,1,227,cluster00004,
296,Starling-circovirus_taxid_349370.gbk,296,276,1,276,cluster00004,
298,Swan-circovirus_taxid_459957.gbk,298,251,1,251,cluster00004,
300,Tadarida-brasiliensis-circovirus-1_taxid_1732201.gbk,300,218,1,218,cluster00004,
303,Zebra-finch-circovirus_taxid_1642515.gbk,303,244,1,244,cluster00004,
25,Avon-Heathcote-Estuary-associated-circular-virus-21_taxid_1618245.gbk,25,225,1,225,cluster00005,
105,Circovirus-like-genome-DHCV-5_taxid_1788454.gbk,105,235,1,235,cluster00005,
240,Molossus-molossus-circovirus-4_taxid_1959845.gbk,240,267,1,267,cluster00005,
29,Avon-Heathcote-Estuary-associated-circular-virus-23_taxid_1618247.gbk,29,251,1,251,cluster00006,
97,Circovirus-like-genome-DCCV-3_taxid_1788443.gbk,97,231,1,231,cluster00006,
193,Fiddler-Crab-associated-circular-virus_taxid_1692249.gbk,193,227,1,227,cluster00006,
220,Human-fecal-virus-Jorvi3_taxid_2017082.gbk,220,251,1,251,cluster00006,
73,Callinectes-sapidus-associated-circular-virus_taxid_1692246.gbk,73,143,1,143,cluster00007,
100,Circovirus-like-genome-DCCV-9_taxid_1788449.gbk,100,232,1,232,cluster00007,
289,Sicyonia-brevirostris-associated-circular-virus_taxid_1692263.gbk,289,227,1,227,cluster00007,
78,Chicken-associated-cyclovirus-2_taxid_2109365.gbk,78,263,1,263,cluster00008,
120,Cyclovirus-Equ1_taxid_1673638.gbk,120,268,1,268,cluster00008,
176,Duck-associated-cyclovirus-1_taxid_2006585.gbk,176,252,1,252,cluster00008,
179,Duck-circovirus_taxid_324685.gbk,179,78,1,78,cluster00009,
208,Goose-circovirus_taxid_146032.gbk,208,99,1,99,cluster00009,
248,Muscovy-duck-circovirus_taxid_257468.gbk,248,87,1,87,cluster00009,
253,Pacific-flying-fox-associated-cyclovirus-1_taxid_1795983.gbk,253,235,1,235,cluster00010,
255,Pacific-flying-fox-associated-cyclovirus-2_taxid_1795984.gbk,255,235,1,235,cluster00010,
292,Soft-spider-associated-circular-virus-1_taxid_2293301.gbk,292,225,1,225,cluster00010,
6,Apteryx-rowi-circovirus-like-virus_taxid_1634476.gbk,6,258,1,258,cluster00011,
234,Meles-meles-circovirus-like-virus_taxid_1128073.gbk,234,285,1,285,cluster00011,
10,Avon-Heathcote-Estuary-associated-circular-virus-10_taxid_1618233.gbk,10,291,1,291,cluster00012,
100,Circovirus-like-genome-DCCV-9_taxid_1788449.gbk,100,232,1,232,cluster00012,
15,Avon-Heathcote-Estuary-associated-circular-virus-13_taxid_1618236.gbk,15,367,1,367,cluster00013,
17,Avon-Heathcote-Estuary-associated-circular-virus-14_taxid_1618237.gbk,17,356,1,356,cluster00013,
32,Avon-Heathcote-Estuary-associated-circular-virus-24_taxid_1618248.gbk,32,287,1,287,cluster00014,
187,Farfantepenaeus-duorarum-pink-shrimp-associated-circular-virus_taxid_1692248.gbk,187,288,1,288,cluster00014,
33,Avon-Heathcote-Estuary-associated-circular-virus-25_taxid_1618249.gbk,33,347,1,347,cluster00015,
94,Circovirus-like-genome-DCCV-2_taxid_1788442.gbk,94,251,1,251,cluster00015,
34,Avon-Heathcote-Estuary-associated-circular-virus-25_taxid_1618249.gbk,34,294,1,294,cluster00016,
92,Circovirus-like-genome-DCCV-2_taxid_1788442.gbk,92,297,1,297,cluster00016,
82,Circoviridae-16-LDMD-2013_taxid_1379720.gbk,82,115,1,115,cluster00017,
111,Cockroach-associated-cyclovirus-1_taxid_2050038.gbk,111,105,1,105,cluster00017,
97,Circovirus-like-genome-DCCV-3_taxid_1788443.gbk,97,231,1,231,cluster00018,
185,Farfantepenaeus-duorarum-circovirus_taxid_1380894.gbk,185,181,1,181,cluster00018,
105,Circovirus-like-genome-DHCV-5_taxid_1788454.gbk,105,235,1,235,cluster00019,
270,Penaeus-monodon-circovirus-VN11_taxid_1419711.gbk,270,255,1,255,cluster00019,
114,Columbid-circovirus_taxid_126070.gbk,114,126,1,126,cluster00020,
180,Duck-circovirus_taxid_324685.gbk,180,134,1,134,cluster00020,
227,Littorina-sp-associated-circular-virus_taxid_1692253.gbk,227,265,1,265,cluster00021,
265,Palaemonetes-sp-common-grass-shrimp-associated-circular-virus_taxid_1692259.gbk,265,297,1,297,cluster00021,
238,Molossus-molossus-circovirus-3_taxid_1959844.gbk,238,231,1,231,cluster00022,
240,Molossus-molossus-circovirus-4_taxid_1959845.gbk,240,267,1,267,cluster00022,
238,Molossus-molossus-circovirus-3_taxid_1959844.gbk,238,231,1,231,cluster00023,
291,Silurus-glanis-circovirus_taxid_1126411.gbk,291,227,1,227,cluster00023,
2,Acartia-tonsa-copepod-circovirus_taxid_1168547.gbk,2,159,1,159,,
11,Avon-Heathcote-Estuary-associated-circular-virus-11_taxid_1618234.gbk,11,272,1,272,,
13,Avon-Heathcote-Estuary-associated-circular-virus-12_taxid_1618235.gbk,13,275,1,275,,
19,Avon-Heathcote-Estuary-associated-circular-virus-16_taxid_1618239.gbk,19,240,1,240,,
22,Avon-Heathcote-Estuary-associated-circular-virus-17_taxid_1618240.gbk,22,247,1,247,,
24,Avon-Heathcote-Estuary-associated-circular-virus-1_taxid_1618232.gbk,24,245,1,245,,
28,Avon-Heathcote-Estuary-associated-circular-virus-22_taxid_1618246.gbk,28,301,1,301,,
35,Avon-Heathcote-Estuary-associated-circular-virus-29_taxid_1618253.gbk,35,187,1,187,,
38,Avon-Heathcote-Estuary-associated-circular-virus-2_taxid_1618243.gbk,38,261,1,261,,
40,Avon-Heathcote-Estuary-associated-circular-virus-4_taxid_1618255.gbk,40,265,1,265,,
42,Avon-Heathcote-Estuary-associated-circular-virus-6_taxid_1618257.gbk,42,354,1,354,,
44,Avon-Heathcote-Estuary-associated-circular-virus-7_taxid_1618258.gbk,44,183,1,183,,
45,Avon-Heathcote-Estuary-associated-circular-virus-8_taxid_1618259.gbk,45,331,1,331,,
48,Avon-Heathcote-Estuary-associated-circular-virus-9_taxid_1618260.gbk,48,247,1,247,,
70,Beak-and-feather-disease-virus_taxid_77856.gbk,70,158,1,158,,
84,Circoviridae-16-LDMD-2013_taxid_1379720.gbk,84,329,1,329,,
85,Circoviridae-16-LDMD-2013_taxid_1379720.gbk,85,339,1,339,,
87,Circoviridae-21-LDMD-2013_taxid_1379725.gbk,87,248,1,248,,
88,Circoviridae-21-LDMD-2013_taxid_1379725.gbk,88,116,1,116,,
90,Circovirus-like-genome-DCCV-12_taxid_1788440.gbk,90,109,1,109,,
91,Circovirus-like-genome-DCCV-12_taxid_1788440.gbk,91,293,1,293,,
93,Circovirus-like-genome-DCCV-2_taxid_1788442.gbk,93,130,1,130,,
96,Circovirus-like-genome-DCCV-3_taxid_1788443.gbk,96,101,1,101,,
99,Circovirus-like-genome-DCCV-9_taxid_1788449.gbk,99,100,1,100,,
102,Circovirus-like-genome-DHCV-3_taxid_1788452.gbk,102,109,1,109,,
103,Circovirus-like-genome-DHCV-3_taxid_1788452.gbk,103,264,1,264,,
112,Columbid-circovirus_taxid_126070.gbk,112,97,1,97,,
115,Columbid-circovirus_taxid_126070.gbk,115,82,1,82,,
156,Didemnum-sp-Sea-Squirt-associated-virus_taxid_1692247.gbk,156,251,1,251,,
191,Feline-stool-associated-circular-virus-KU14_taxid_2249941.gbk,191,246,1,246,,
195,Finch-circovirus_taxid_400122.gbk,195,149,1,149,,
200,Garrulus-glandarius-associated-circular-virus-1_taxid_2006642.gbk,200,266,1,266,,
202,Giant-panda-circovirus-2_taxid_2016457.gbk,202,190,1,190,,
205,Giant-panda-circovirus-4_taxid_2016459.gbk,205,250,1,250,,
206,Goose-circovirus_taxid_146032.gbk,206,120,1,120,,
211,Gull-circovirus_taxid_400121.gbk,211,139,1,139,,
226,Labidocera-aestiva-circovirus_taxid_1173709.gbk,226,227,1,227,,
229,Lytechinus-variegatus-variable-sea-urchin-associated-circular-virus_taxid_1692254.gbk,229,285,1,285,,
230,Lytechinus-variegatus-variable-sea-urchin-associated-circular-virus_taxid_1692254.gbk,230,208,1,208,,
242,Mosquito-circovirus_taxid_1611039.gbk,242,206,1,206,,
244,Mouse-associated-cyclovirus-1_taxid_2169856.gbk,244,325,1,325,,
250,Muscovy-duck-circovirus_taxid_257468.gbk,250,85,1,85,,
260,Paguma-larvata-circovirus_taxid_2294094.gbk,260,258,1,258,,
264,Palaemonetes-kadiakensis-Mississippi-grass-shrimp-associated_taxid_1692258.gbk,264,330,1,330,,
267,Paramuricea-placomus-associated-circular-virus_taxid_1692260.gbk,267,347,1,347,,
271,Penaeus-monodon-circovirus-VN11_taxid_1419711.gbk,271,146,1,146,,
273,Petrochirus-diogenes-giant-hermit-crab-associated-circular-virus_taxid_1692261.gbk,273,226,1,226,,
274,Pleurochrysis-carterae-circular-virus_taxid_2057942.gbk,274,37,1,37,,
276,Pleurochrysis-carterae-circular-virus_taxid_2057942.gbk,276,274,1,274,,
280,Porcine-circovirus-2_taxid_85708.gbk,280,104,1,104,,
288,Sicyonia-brevirostris-associated-circular-virus_taxid_1692263.gbk,288,193,1,193,,
295,Starling-circovirus_taxid_349370.gbk,295,106,1,106,,
302,Zebra-finch-circovirus_taxid_1642515.gbk,302,250,1,250,,
304,Zebra-finch-circovirus_taxid_1642515.gbk,304,143,1,143,,
