INFO [2021-10-29 16:09:25] $x
INFO [2021-10-29 16:09:25] list(Not_Annotated, Annotated_by_eval, Annotated_by_perc)
INFO [2021-10-29 16:09:25] 
INFO [2021-10-29 16:09:25] $category.names
INFO [2021-10-29 16:09:25] c("Not annotated", "Annotated by e-value", "Annotated by %identity")
INFO [2021-10-29 16:09:25] 
INFO [2021-10-29 16:09:25] $filename
INFO [2021-10-29 16:09:25] vennfile
INFO [2021-10-29 16:09:25] 
INFO [2021-10-29 16:09:25] $output
INFO [2021-10-29 16:09:25] [1] TRUE
INFO [2021-10-29 16:09:25] 
INFO [2021-10-29 16:09:25] $imagetype
INFO [2021-10-29 16:09:25] [1] "png"
INFO [2021-10-29 16:09:25] 
INFO [2021-10-29 16:09:25] $height
INFO [2021-10-29 16:09:25] [1] 700
INFO [2021-10-29 16:09:25] 
INFO [2021-10-29 16:09:25] $width
INFO [2021-10-29 16:09:25] [1] 700
INFO [2021-10-29 16:09:25] 
INFO [2021-10-29 16:09:25] $resolution
INFO [2021-10-29 16:09:25] [1] 300
INFO [2021-10-29 16:09:25] 
INFO [2021-10-29 16:09:25] $compression
INFO [2021-10-29 16:09:25] [1] "lzw"
INFO [2021-10-29 16:09:25] 
INFO [2021-10-29 16:09:25] $lwd
INFO [2021-10-29 16:09:25] [1] 1
INFO [2021-10-29 16:09:25] 
INFO [2021-10-29 16:09:25] $col
INFO [2021-10-29 16:09:25] c("#440154ff", "#21908dff", "#DC143C")
INFO [2021-10-29 16:09:25] 
INFO [2021-10-29 16:09:25] $fill
INFO [2021-10-29 16:09:25] c(alpha("#440154ff", 0.3), alpha("#21908dff", 0.3), alpha("#DC143C", 
INFO [2021-10-29 16:09:25]     0.3))
INFO [2021-10-29 16:09:25] 
INFO [2021-10-29 16:09:25] $cex
INFO [2021-10-29 16:09:25] [1] 0.3
INFO [2021-10-29 16:09:25] 
INFO [2021-10-29 16:09:25] $fontfamily
INFO [2021-10-29 16:09:25] [1] "sans"
INFO [2021-10-29 16:09:25] 
INFO [2021-10-29 16:09:25] $cat.cex
INFO [2021-10-29 16:09:25] [1] 0.3
INFO [2021-10-29 16:09:25] 
INFO [2021-10-29 16:09:25] $cat.default.pos
INFO [2021-10-29 16:09:25] [1] "outer"
INFO [2021-10-29 16:09:25] 
INFO [2021-10-29 16:09:25] $cat.fontfamily
INFO [2021-10-29 16:09:25] [1] "sans"
INFO [2021-10-29 16:09:25] 
INFO [2021-10-29 16:09:25] $cat.col
INFO [2021-10-29 16:09:25] c("#440154ff", "#21908dff", "#DC143C")
INFO [2021-10-29 16:09:25] 
INFO [2021-10-29 16:09:25] $rotation
INFO [2021-10-29 16:09:25] [1] 1
INFO [2021-10-29 16:09:25] 
INFO [2021-10-29 16:09:25] $margin
INFO [2021-10-29 16:09:25] [1] 0.1
INFO [2021-10-29 16:09:25] 
