INFO [2021-12-23 18:05:20] $x
INFO [2021-12-23 18:05:20] list(Not_Annotated, Annotated_by_eval, Annotated_by_perc)
INFO [2021-12-23 18:05:20] 
INFO [2021-12-23 18:05:20] $category.names
INFO [2021-12-23 18:05:20] c("Not annotated", "Annotated by e-value", "Annotated by %identity")
INFO [2021-12-23 18:05:20] 
INFO [2021-12-23 18:05:20] $filename
INFO [2021-12-23 18:05:20] vennfile
INFO [2021-12-23 18:05:20] 
INFO [2021-12-23 18:05:20] $output
INFO [2021-12-23 18:05:20] [1] TRUE
INFO [2021-12-23 18:05:20] 
INFO [2021-12-23 18:05:20] $imagetype
INFO [2021-12-23 18:05:20] [1] "png"
INFO [2021-12-23 18:05:20] 
INFO [2021-12-23 18:05:20] $height
INFO [2021-12-23 18:05:20] [1] 700
INFO [2021-12-23 18:05:20] 
INFO [2021-12-23 18:05:20] $width
INFO [2021-12-23 18:05:20] [1] 700
INFO [2021-12-23 18:05:20] 
INFO [2021-12-23 18:05:20] $resolution
INFO [2021-12-23 18:05:20] [1] 300
INFO [2021-12-23 18:05:20] 
INFO [2021-12-23 18:05:20] $compression
INFO [2021-12-23 18:05:20] [1] "lzw"
INFO [2021-12-23 18:05:20] 
INFO [2021-12-23 18:05:20] $lwd
INFO [2021-12-23 18:05:20] [1] 1
INFO [2021-12-23 18:05:20] 
INFO [2021-12-23 18:05:20] $col
INFO [2021-12-23 18:05:20] c("#440154ff", "#21908dff", "#DC143C")
INFO [2021-12-23 18:05:20] 
INFO [2021-12-23 18:05:20] $fill
INFO [2021-12-23 18:05:20] c(alpha("#440154ff", 0.3), alpha("#21908dff", 0.3), alpha("#DC143C", 
INFO [2021-12-23 18:05:20]     0.3))
INFO [2021-12-23 18:05:20] 
INFO [2021-12-23 18:05:20] $cex
INFO [2021-12-23 18:05:20] [1] 0.3
INFO [2021-12-23 18:05:20] 
INFO [2021-12-23 18:05:20] $fontfamily
INFO [2021-12-23 18:05:20] [1] "sans"
INFO [2021-12-23 18:05:20] 
INFO [2021-12-23 18:05:20] $cat.cex
INFO [2021-12-23 18:05:20] [1] 0.3
INFO [2021-12-23 18:05:20] 
INFO [2021-12-23 18:05:20] $cat.default.pos
INFO [2021-12-23 18:05:20] [1] "outer"
INFO [2021-12-23 18:05:20] 
INFO [2021-12-23 18:05:20] $cat.fontfamily
INFO [2021-12-23 18:05:20] [1] "sans"
INFO [2021-12-23 18:05:20] 
INFO [2021-12-23 18:05:20] $cat.col
INFO [2021-12-23 18:05:20] c("#440154ff", "#21908dff", "#DC143C")
INFO [2021-12-23 18:05:20] 
INFO [2021-12-23 18:05:20] $rotation
INFO [2021-12-23 18:05:20] [1] 1
INFO [2021-12-23 18:05:20] 
INFO [2021-12-23 18:05:20] $margin
INFO [2021-12-23 18:05:20] [1] 0.1
INFO [2021-12-23 18:05:20] 
