INFO [2021-12-23 17:54:40] $x
INFO [2021-12-23 17:54:40] list(Not_Annotated, Annotated_by_eval, Annotated_by_perc)
INFO [2021-12-23 17:54:40] 
INFO [2021-12-23 17:54:40] $category.names
INFO [2021-12-23 17:54:40] c("Not annotated", "Annotated by e-value", "Annotated by %identity")
INFO [2021-12-23 17:54:40] 
INFO [2021-12-23 17:54:40] $filename
INFO [2021-12-23 17:54:40] vennfile
INFO [2021-12-23 17:54:40] 
INFO [2021-12-23 17:54:40] $output
INFO [2021-12-23 17:54:40] [1] TRUE
INFO [2021-12-23 17:54:40] 
INFO [2021-12-23 17:54:40] $imagetype
INFO [2021-12-23 17:54:40] [1] "png"
INFO [2021-12-23 17:54:40] 
INFO [2021-12-23 17:54:40] $height
INFO [2021-12-23 17:54:40] [1] 700
INFO [2021-12-23 17:54:40] 
INFO [2021-12-23 17:54:40] $width
INFO [2021-12-23 17:54:40] [1] 700
INFO [2021-12-23 17:54:40] 
INFO [2021-12-23 17:54:40] $resolution
INFO [2021-12-23 17:54:40] [1] 300
INFO [2021-12-23 17:54:40] 
INFO [2021-12-23 17:54:40] $compression
INFO [2021-12-23 17:54:40] [1] "lzw"
INFO [2021-12-23 17:54:40] 
INFO [2021-12-23 17:54:40] $lwd
INFO [2021-12-23 17:54:40] [1] 1
INFO [2021-12-23 17:54:40] 
INFO [2021-12-23 17:54:40] $col
INFO [2021-12-23 17:54:40] c("#440154ff", "#21908dff", "#DC143C")
INFO [2021-12-23 17:54:40] 
INFO [2021-12-23 17:54:40] $fill
INFO [2021-12-23 17:54:40] c(alpha("#440154ff", 0.3), alpha("#21908dff", 0.3), alpha("#DC143C", 
INFO [2021-12-23 17:54:40]     0.3))
INFO [2021-12-23 17:54:40] 
INFO [2021-12-23 17:54:40] $cex
INFO [2021-12-23 17:54:40] [1] 0.3
INFO [2021-12-23 17:54:40] 
INFO [2021-12-23 17:54:40] $fontfamily
INFO [2021-12-23 17:54:40] [1] "sans"
INFO [2021-12-23 17:54:40] 
INFO [2021-12-23 17:54:40] $cat.cex
INFO [2021-12-23 17:54:40] [1] 0.3
INFO [2021-12-23 17:54:40] 
INFO [2021-12-23 17:54:40] $cat.default.pos
INFO [2021-12-23 17:54:40] [1] "outer"
INFO [2021-12-23 17:54:40] 
INFO [2021-12-23 17:54:40] $cat.fontfamily
INFO [2021-12-23 17:54:40] [1] "sans"
INFO [2021-12-23 17:54:40] 
INFO [2021-12-23 17:54:40] $cat.col
INFO [2021-12-23 17:54:40] c("#440154ff", "#21908dff", "#DC143C")
INFO [2021-12-23 17:54:40] 
INFO [2021-12-23 17:54:40] $rotation
INFO [2021-12-23 17:54:40] [1] 1
INFO [2021-12-23 17:54:40] 
INFO [2021-12-23 17:54:40] $margin
INFO [2021-12-23 17:54:40] [1] 0.1
INFO [2021-12-23 17:54:40] 
