1,Avon-Heathcote-Estuary-associated-circular-virus-15_taxid_1618238.gbk,1,412,1,412,cluster00001,
4,Avon-Heathcote-Estuary-associated-circular-virus-19_taxid_1618242.gbk,4,303,1,303,cluster00001,
6,Avon-Heathcote-Estuary-associated-circular-virus-27_taxid_1618251.gbk,6,307,1,307,cluster00001,
8,Avon-Heathcote-Estuary-associated-circular-virus-3_taxid_1618254.gbk,8,264,1,264,cluster00001,
9,Circoviridae-11-LDMD-2013_taxid_1379715.gbk,9,292,1,292,cluster00001,
14,Circoviridae-13-LDMD-2013_taxid_1379717.gbk,14,292,1,292,cluster00001,
16,Circoviridae-14-LDMD-2013_taxid_1379718.gbk,16,280,1,280,cluster00001,
21,Circoviridae-15-LDMD-2013_taxid_1379719.gbk,21,290,1,290,cluster00001,
22,Circoviridae-18-LDMD-2013_taxid_1379722.gbk,22,263,1,263,cluster00001,
26,Circoviridae-5-LDMD-2013_taxid_1379709.gbk,26,282,1,282,cluster00001,
27,Circoviridae-6-LDMD-2013_taxid_1379710.gbk,27,240,1,240,cluster00001,
30,Circovirus-like-genome-DCCV-11_taxid_1788439.gbk,30,324,1,324,cluster00001,
35,Circovirus-like-genome-DCCV-4_taxid_1788444.gbk,35,401,1,401,cluster00001,
39,Circovirus-like-genome-DCCV-7_taxid_1788447.gbk,39,275,1,275,cluster00001,
44,Circovirus-like-genome-DCCV-8_taxid_1788448.gbk,44,263,1,263,cluster00001,
47,Circovirus-like-genome-DHCV-2_taxid_1788451.gbk,47,274,1,274,cluster00001,
52,Dromedary-stool-associated-circular-ssDNA-virus_taxid_1574422.gbk,52,360,1,360,cluster00001,
56,Ecklonia-radiata-associated-virus-7_taxid_2480197.gbk,56,307,1,307,cluster00001,
58,Fur-seal-faeces-associated-circular-DNA-virus_taxid_1353241.gbk,58,358,1,358,cluster00001,
59,Giant-panda-circovirus-1_taxid_2016456.gbk,59,288,1,288,cluster00001,
61,Giant-panda-circovirus-3_taxid_2016458.gbk,61,299,1,299,cluster00001,
64,Human-circovirus-VS6600022_taxid_1525173.gbk,64,370,1,370,cluster00001,
68,Molossus-molossus-circovirus-2_taxid_1959843.gbk,68,351,1,351,cluster00001,
70,Po-Circo-like-virus-41_taxid_1105385.gbk,70,325,1,325,cluster00001,
73,Po-Circo-like-virus-51_taxid_1105386.gbk,73,320,1,320,cluster00001,
77,Porcine-stool-associated-circular-virus-4_taxid_1475062.gbk,77,348,1,348,cluster00001,
79,Porcine-stool-associated-circular-virus-5_taxid_1475063.gbk,79,350,1,350,cluster00001,
81,Porcine-stool-associated-circular-virus-BEL-15V010_taxid_2017724.gbk,81,357,1,357,cluster00001,
54,Dromedary-stool-associated-circular-ssDNA-virus_taxid_1574422.gbk,54,363,1,363,cluster00002,
57,Fur-seal-faeces-associated-circular-DNA-virus_taxid_1353241.gbk,57,396,1,396,cluster00002,
66,Human-circovirus-VS6600022_taxid_1525173.gbk,66,370,1,370,cluster00002,
76,Porcine-stool-associated-circular-virus-4_taxid_1475062.gbk,76,385,1,385,cluster00002,
2,Avon-Heathcote-Estuary-associated-circular-virus-15_taxid_1618238.gbk,2,269,1,269,cluster00003,
37,Circovirus-like-genome-DCCV-4_taxid_1788444.gbk,37,286,1,286,cluster00003,
7,Avon-Heathcote-Estuary-associated-circular-virus-3_taxid_1618254.gbk,7,464,1,464,cluster00004,
49,Circovirus-like-genome-DHCV-2_taxid_1788451.gbk,49,449,1,449,cluster00004,
23,Circoviridae-18-LDMD-2013_taxid_1379722.gbk,23,403,1,403,cluster00005,
41,Circovirus-like-genome-DCCV-7_taxid_1788447.gbk,41,537,1,537,cluster00005,
38,Circovirus-like-genome-DCCV-7_taxid_1788447.gbk,38,259,1,259,cluster00006,
43,Circovirus-like-genome-DCCV-8_taxid_1788448.gbk,43,226,1,226,cluster00006,
43,Circovirus-like-genome-DCCV-8_taxid_1788448.gbk,43,226,1,226,cluster00007,
48,Circovirus-like-genome-DHCV-2_taxid_1788451.gbk,48,204,1,204,cluster00007,
71,Po-Circo-like-virus-41_taxid_1105385.gbk,71,190,1,190,cluster00008,
74,Po-Circo-like-virus-51_taxid_1105386.gbk,74,174,1,174,cluster00008,
78,Porcine-stool-associated-circular-virus-5_taxid_1475063.gbk,78,539,1,539,cluster00009,
80,Porcine-stool-associated-circular-virus-BEL-15V010_taxid_2017724.gbk,80,538,1,538,cluster00009,
3,Avon-Heathcote-Estuary-associated-circular-virus-19_taxid_1618242.gbk,3,386,1,386,,
5,Avon-Heathcote-Estuary-associated-circular-virus-27_taxid_1618251.gbk,5,332,1,332,,
10,Circoviridae-11-LDMD-2013_taxid_1379715.gbk,10,100,1,100,,
11,Circoviridae-11-LDMD-2013_taxid_1379715.gbk,11,162,1,162,,
12,Circoviridae-11-LDMD-2013_taxid_1379715.gbk,12,123,1,123,,
13,Circoviridae-11-LDMD-2013_taxid_1379715.gbk,13,160,1,160,,
15,Circoviridae-13-LDMD-2013_taxid_1379717.gbk,15,485,1,485,,
17,Circoviridae-14-LDMD-2013_taxid_1379718.gbk,17,117,1,117,,
18,Circoviridae-14-LDMD-2013_taxid_1379718.gbk,18,411,1,411,,
19,Circoviridae-15-LDMD-2013_taxid_1379719.gbk,19,162,1,162,,
20,Circoviridae-15-LDMD-2013_taxid_1379719.gbk,20,128,1,128,,
24,Circoviridae-5-LDMD-2013_taxid_1379709.gbk,24,218,1,218,,
25,Circoviridae-5-LDMD-2013_taxid_1379709.gbk,25,141,1,141,,
28,Circoviridae-6-LDMD-2013_taxid_1379710.gbk,28,179,1,179,,
29,Circoviridae-6-LDMD-2013_taxid_1379710.gbk,29,443,1,443,,
31,Circovirus-like-genome-DCCV-11_taxid_1788439.gbk,31,284,1,284,,
32,Circovirus-like-genome-DCCV-11_taxid_1788439.gbk,32,134,1,134,,
33,Circovirus-like-genome-DCCV-11_taxid_1788439.gbk,33,101,1,101,,
34,Circovirus-like-genome-DCCV-11_taxid_1788439.gbk,34,466,1,466,,
36,Circovirus-like-genome-DCCV-4_taxid_1788444.gbk,36,125,1,125,,
40,Circovirus-like-genome-DCCV-7_taxid_1788447.gbk,40,101,1,101,,
42,Circovirus-like-genome-DCCV-7_taxid_1788447.gbk,42,122,1,122,,
45,Circovirus-like-genome-DCCV-8_taxid_1788448.gbk,45,107,1,107,,
46,Circovirus-like-genome-DCCV-8_taxid_1788448.gbk,46,375,1,375,,
50,Circovirus-like-genome-DHCV-2_taxid_1788451.gbk,50,137,1,137,,
51,Circovirus-like-genome-DHCV-2_taxid_1788451.gbk,51,113,1,113,,
53,Dromedary-stool-associated-circular-ssDNA-virus_taxid_1574422.gbk,53,166,1,166,,
55,Ecklonia-radiata-associated-virus-7_taxid_2480197.gbk,55,283,1,283,,
60,Giant-panda-circovirus-1_taxid_2016456.gbk,60,425,1,425,,
62,Giant-panda-circovirus-3_taxid_2016458.gbk,62,236,1,236,,
63,Giant-panda-circovirus-3_taxid_2016458.gbk,63,139,1,139,,
65,Human-circovirus-VS6600022_taxid_1525173.gbk,65,195,1,195,,
67,Human-circovirus-VS6600022_taxid_1525173.gbk,67,315,1,315,,
69,Molossus-molossus-circovirus-2_taxid_1959843.gbk,69,398,1,398,,
72,Po-Circo-like-virus-41_taxid_1105385.gbk,72,191,1,191,,
75,Po-Circo-like-virus-51_taxid_1105386.gbk,75,200,1,200,,
