INFO [2021-10-30 02:04:22] $x
INFO [2021-10-30 02:04:22] list(Not_Annotated, Annotated_by_eval, Annotated_by_perc)
INFO [2021-10-30 02:04:22] 
INFO [2021-10-30 02:04:22] $category.names
INFO [2021-10-30 02:04:22] c("Not annotated", "Annotated by e-value", "Annotated by %identity")
INFO [2021-10-30 02:04:22] 
INFO [2021-10-30 02:04:22] $filename
INFO [2021-10-30 02:04:22] vennfile
INFO [2021-10-30 02:04:22] 
INFO [2021-10-30 02:04:22] $output
INFO [2021-10-30 02:04:22] [1] TRUE
INFO [2021-10-30 02:04:22] 
INFO [2021-10-30 02:04:22] $imagetype
INFO [2021-10-30 02:04:22] [1] "png"
INFO [2021-10-30 02:04:22] 
INFO [2021-10-30 02:04:22] $height
INFO [2021-10-30 02:04:22] [1] 700
INFO [2021-10-30 02:04:22] 
INFO [2021-10-30 02:04:22] $width
INFO [2021-10-30 02:04:22] [1] 700
INFO [2021-10-30 02:04:22] 
INFO [2021-10-30 02:04:22] $resolution
INFO [2021-10-30 02:04:22] [1] 300
INFO [2021-10-30 02:04:22] 
INFO [2021-10-30 02:04:22] $compression
INFO [2021-10-30 02:04:22] [1] "lzw"
INFO [2021-10-30 02:04:22] 
INFO [2021-10-30 02:04:22] $lwd
INFO [2021-10-30 02:04:22] [1] 1
INFO [2021-10-30 02:04:22] 
INFO [2021-10-30 02:04:22] $col
INFO [2021-10-30 02:04:22] c("#440154ff", "#21908dff", "#DC143C")
INFO [2021-10-30 02:04:22] 
INFO [2021-10-30 02:04:22] $fill
INFO [2021-10-30 02:04:22] c(alpha("#440154ff", 0.3), alpha("#21908dff", 0.3), alpha("#DC143C", 
INFO [2021-10-30 02:04:22]     0.3))
INFO [2021-10-30 02:04:22] 
INFO [2021-10-30 02:04:22] $cex
INFO [2021-10-30 02:04:22] [1] 0.3
INFO [2021-10-30 02:04:22] 
INFO [2021-10-30 02:04:22] $fontfamily
INFO [2021-10-30 02:04:22] [1] "sans"
INFO [2021-10-30 02:04:22] 
INFO [2021-10-30 02:04:22] $cat.cex
INFO [2021-10-30 02:04:22] [1] 0.3
INFO [2021-10-30 02:04:22] 
INFO [2021-10-30 02:04:22] $cat.default.pos
INFO [2021-10-30 02:04:22] [1] "outer"
INFO [2021-10-30 02:04:22] 
INFO [2021-10-30 02:04:22] $cat.fontfamily
INFO [2021-10-30 02:04:22] [1] "sans"
INFO [2021-10-30 02:04:22] 
INFO [2021-10-30 02:04:22] $cat.col
INFO [2021-10-30 02:04:22] c("#440154ff", "#21908dff", "#DC143C")
INFO [2021-10-30 02:04:22] 
INFO [2021-10-30 02:04:22] $rotation
INFO [2021-10-30 02:04:22] [1] 1
INFO [2021-10-30 02:04:22] 
INFO [2021-10-30 02:04:22] $margin
INFO [2021-10-30 02:04:22] [1] 0.1
INFO [2021-10-30 02:04:22] 
