INFO [2021-10-29 03:14:54] $x
INFO [2021-10-29 03:14:54] list(Not_Annotated, Annotated_by_eval, Annotated_by_perc)
INFO [2021-10-29 03:14:54] 
INFO [2021-10-29 03:14:54] $category.names
INFO [2021-10-29 03:14:54] c("Not annotated", "Annotated by e-value", "Annotated by %identity")
INFO [2021-10-29 03:14:54] 
INFO [2021-10-29 03:14:54] $filename
INFO [2021-10-29 03:14:54] vennfile
INFO [2021-10-29 03:14:54] 
INFO [2021-10-29 03:14:54] $output
INFO [2021-10-29 03:14:54] [1] TRUE
INFO [2021-10-29 03:14:54] 
INFO [2021-10-29 03:14:54] $imagetype
INFO [2021-10-29 03:14:54] [1] "png"
INFO [2021-10-29 03:14:54] 
INFO [2021-10-29 03:14:54] $height
INFO [2021-10-29 03:14:54] [1] 700
INFO [2021-10-29 03:14:54] 
INFO [2021-10-29 03:14:54] $width
INFO [2021-10-29 03:14:54] [1] 700
INFO [2021-10-29 03:14:54] 
INFO [2021-10-29 03:14:54] $resolution
INFO [2021-10-29 03:14:54] [1] 300
INFO [2021-10-29 03:14:54] 
INFO [2021-10-29 03:14:54] $compression
INFO [2021-10-29 03:14:54] [1] "lzw"
INFO [2021-10-29 03:14:54] 
INFO [2021-10-29 03:14:54] $lwd
INFO [2021-10-29 03:14:54] [1] 1
INFO [2021-10-29 03:14:54] 
INFO [2021-10-29 03:14:54] $col
INFO [2021-10-29 03:14:54] c("#440154ff", "#21908dff", "#DC143C")
INFO [2021-10-29 03:14:54] 
INFO [2021-10-29 03:14:54] $fill
INFO [2021-10-29 03:14:54] c(alpha("#440154ff", 0.3), alpha("#21908dff", 0.3), alpha("#DC143C", 
INFO [2021-10-29 03:14:54]     0.3))
INFO [2021-10-29 03:14:54] 
INFO [2021-10-29 03:14:54] $cex
INFO [2021-10-29 03:14:54] [1] 0.3
INFO [2021-10-29 03:14:54] 
INFO [2021-10-29 03:14:54] $fontfamily
INFO [2021-10-29 03:14:54] [1] "sans"
INFO [2021-10-29 03:14:54] 
INFO [2021-10-29 03:14:54] $cat.cex
INFO [2021-10-29 03:14:54] [1] 0.3
INFO [2021-10-29 03:14:54] 
INFO [2021-10-29 03:14:54] $cat.default.pos
INFO [2021-10-29 03:14:54] [1] "outer"
INFO [2021-10-29 03:14:54] 
INFO [2021-10-29 03:14:54] $cat.fontfamily
INFO [2021-10-29 03:14:54] [1] "sans"
INFO [2021-10-29 03:14:54] 
INFO [2021-10-29 03:14:54] $cat.col
INFO [2021-10-29 03:14:54] c("#440154ff", "#21908dff", "#DC143C")
INFO [2021-10-29 03:14:54] 
INFO [2021-10-29 03:14:54] $rotation
INFO [2021-10-29 03:14:54] [1] 1
INFO [2021-10-29 03:14:54] 
INFO [2021-10-29 03:14:54] $margin
INFO [2021-10-29 03:14:54] [1] 0.1
INFO [2021-10-29 03:14:54] 
