3,Amphibola-crenata-associated-bacilladnavirus-1_taxid_1941435.gbk,3,372,1,372,cluster00001,
7,Amphibola-crenata-associated-bacilladnavirus-2_taxid_1941436.gbk,7,377,1,377,cluster00001,
12,Avon-Heathcote-estuary-associated-bacilladnavirus_taxid_1941437.gbk,12,369,1,369,cluster00001,
16,Bacillariodnavirus-LDMD-2013_taxid_1379694.gbk,16,366,1,366,cluster00001,
22,Chaetoceros-protobacilladnavirus-1_taxid_2170140.gbk,22,392,1,392,cluster00001,
25,Chaetoceros-protobacilladnavirus-3_taxid_2170142.gbk,25,390,1,390,cluster00001,
28,Chaetoceros-protobacilladnavirus-4_taxid_2170143.gbk,28,372,1,372,cluster00001,
31,Chaetoceros-sp-DNA-virus-7_taxid_1382995.gbk,31,387,1,387,cluster00001,
4,Amphibola-crenata-associated-bacilladnavirus-1_taxid_1941435.gbk,4,513,1,513,cluster00002,
8,Amphibola-crenata-associated-bacilladnavirus-2_taxid_1941436.gbk,8,532,1,532,cluster00002,
13,Avon-Heathcote-estuary-associated-bacilladnavirus_taxid_1941437.gbk,13,474,1,474,cluster00002,
17,Bacillariodnavirus-LDMD-2013_taxid_1379694.gbk,17,423,1,423,cluster00002,
19,Chaetoceros-protobacilladnavirus-1_taxid_2170140.gbk,19,573,1,573,cluster00002,
26,Chaetoceros-protobacilladnavirus-3_taxid_2170142.gbk,26,531,1,531,cluster00002,
29,Chaetoceros-protobacilladnavirus-4_taxid_2170143.gbk,29,446,1,446,cluster00002,
32,Chaetoceros-sp-DNA-virus-7_taxid_1382995.gbk,32,484,1,484,cluster00002,
23,Chaetoceros-protobacilladnavirus-1_taxid_2170140.gbk,23,328,1,328,cluster00003,
24,Chaetoceros-protobacilladnavirus-3_taxid_2170142.gbk,24,331,1,331,cluster00003,
30,Chaetoceros-sp-DNA-virus-7_taxid_1382995.gbk,30,210,1,210,cluster00003,
2,Amphibola-crenata-associated-bacilladnavirus-1_taxid_1941435.gbk,2,221,1,221,cluster00004,
6,Amphibola-crenata-associated-bacilladnavirus-2_taxid_1941436.gbk,6,178,1,178,cluster00004,
1,Amphibola-crenata-associated-bacilladnavirus-1_taxid_1941435.gbk,1,154,1,154,,
5,Amphibola-crenata-associated-bacilladnavirus-2_taxid_1941436.gbk,5,155,1,155,,
9,Avon-Heathcote-estuary-associated-bacilladnavirus_taxid_1941437.gbk,9,235,1,235,,
10,Avon-Heathcote-estuary-associated-bacilladnavirus_taxid_1941437.gbk,10,174,1,174,,
11,Avon-Heathcote-estuary-associated-bacilladnavirus_taxid_1941437.gbk,11,210,1,210,,
14,Bacillariodnavirus-LDMD-2013_taxid_1379694.gbk,14,162,1,162,,
15,Bacillariodnavirus-LDMD-2013_taxid_1379694.gbk,15,240,1,240,,
18,Chaetoceros-protobacilladnavirus-1_taxid_2170140.gbk,18,208,1,208,,
20,Chaetoceros-protobacilladnavirus-1_taxid_2170140.gbk,20,196,1,196,,
21,Chaetoceros-protobacilladnavirus-1_taxid_2170140.gbk,21,102,1,102,,
27,Chaetoceros-protobacilladnavirus-4_taxid_2170143.gbk,27,415,1,415,,
