15,Ralstonia-phage-RS603_taxid_1505528.gbk,15,108,1,108,cluster00001,
52,Ralstonia-phage-Rs551_taxid_1852598.gbk,52,108,1,108,cluster00001,
66,Ralstonia-phage-p12J_taxid_247080.gbk,66,120,1,120,cluster00001,
17,Ralstonia-phage-RS603_taxid_1505528.gbk,17,98,1,98,cluster00002,
54,Ralstonia-phage-Rs551_taxid_1852598.gbk,54,92,1,92,cluster00002,
67,Ralstonia-phage-p12J_taxid_247080.gbk,67,102,1,102,cluster00002,
20,Ralstonia-phage-RS603_taxid_1505528.gbk,20,82,1,82,cluster00003,
57,Ralstonia-phage-Rs551_taxid_1852598.gbk,57,82,1,82,cluster00003,
95,Stenotrophomonas-phage-SMA7_taxid_1343494.gbk,95,85,1,85,cluster00003,
23,Ralstonia-phage-RS603_taxid_1505528.gbk,23,109,1,109,cluster00004,
60,Ralstonia-phage-Rs551_taxid_1852598.gbk,60,109,1,109,cluster00004,
99,Stenotrophomonas-phage-SMA7_taxid_1343494.gbk,99,132,1,132,cluster00004,
106,Stenotrophomonas-phage-SMA9_taxid_334856.gbk,106,115,1,115,cluster00004,
24,Ralstonia-phage-RS603_taxid_1505528.gbk,24,440,1,440,cluster00005,
61,Ralstonia-phage-Rs551_taxid_1852598.gbk,61,437,1,437,cluster00005,
87,Stenotrophomonas-phage-SMA6_taxid_1346893.gbk,87,400,1,400,cluster00005,
100,Stenotrophomonas-phage-SMA7_taxid_1343494.gbk,100,430,1,430,cluster00005,
105,Stenotrophomonas-phage-SMA9_taxid_334856.gbk,105,442,1,442,cluster00005,
25,Ralstonia-phage-RS603_taxid_1505528.gbk,25,239,1,239,cluster00006,
37,Ralstonia-phage-RSS0_taxid_1150992.gbk,37,208,1,208,cluster00006,
50,Ralstonia-phage-RSS1_taxid_384360.gbk,50,208,1,208,cluster00006,
26,Ralstonia-phage-RS603_taxid_1505528.gbk,26,306,1,306,cluster00007,
62,Ralstonia-phage-Rs551_taxid_1852598.gbk,62,311,1,311,cluster00007,
74,Ralstonia-phage-p12J_taxid_247080.gbk,74,340,1,340,cluster00007,
29,Ralstonia-phage-RSS0_taxid_1150992.gbk,29,375,1,375,cluster00008,
42,Ralstonia-phage-RSS1_taxid_384360.gbk,42,375,1,375,cluster00008,
75,Stenotrophomonas-phage-PSH1_taxid_2011087.gbk,75,365,1,365,cluster00008,
82,Stenotrophomonas-phage-SMA6_taxid_1346893.gbk,82,351,1,351,cluster00008,
93,Stenotrophomonas-phage-SMA7_taxid_1343494.gbk,93,368,1,368,cluster00008,
102,Stenotrophomonas-phage-SMA9_taxid_334856.gbk,102,351,1,351,cluster00008,
36,Ralstonia-phage-RSS0_taxid_1150992.gbk,36,364,1,364,cluster00009,
49,Ralstonia-phage-RSS1_taxid_384360.gbk,49,364,1,364,cluster00009,
72,Ralstonia-phage-p12J_taxid_247080.gbk,72,382,1,382,cluster00009,
79,Stenotrophomonas-phage-PSH1_taxid_2011087.gbk,79,407,1,407,cluster00009,
87,Stenotrophomonas-phage-SMA6_taxid_1346893.gbk,87,400,1,400,cluster00009,
115,Xanthomonas-phage-Xf109_taxid_1852597.gbk,115,395,1,395,cluster00009,
124,Xanthomonas-virus-Cf1c_taxid_10862.gbk,124,388,1,388,cluster00009,
39,Ralstonia-phage-RSS0_taxid_1150992.gbk,39,156,1,156,cluster00010,
90,Stenotrophomonas-phage-SMA6_taxid_1346893.gbk,90,148,1,148,cluster00010,
92,Stenotrophomonas-phage-SMA7_taxid_1343494.gbk,92,150,1,150,cluster00010,
103,Stenotrophomonas-phage-SMA9_taxid_334856.gbk,103,160,1,160,cluster00010,
118,Xanthomonas-phage-Xf109_taxid_1852597.gbk,118,156,1,156,cluster00010,
128,Xanthomonas-virus-Cf1c_taxid_10862.gbk,128,166,1,166,cluster00010,
76,Stenotrophomonas-phage-PSH1_taxid_2011087.gbk,76,99,1,99,cluster00011,
83,Stenotrophomonas-phage-SMA6_taxid_1346893.gbk,83,92,1,92,cluster00011,
108,Stenotrophomonas-phage-SMA9_taxid_334856.gbk,108,92,1,92,cluster00011,
110,Xanthomonas-phage-Xf109_taxid_1852597.gbk,110,98,1,98,cluster00011,
121,Xanthomonas-virus-Cf1c_taxid_10862.gbk,121,98,1,98,cluster00011,
77,Stenotrophomonas-phage-PSH1_taxid_2011087.gbk,77,68,1,68,cluster00012,
84,Stenotrophomonas-phage-SMA6_taxid_1346893.gbk,84,67,1,67,cluster00012,
111,Xanthomonas-phage-Xf109_taxid_1852597.gbk,111,67,1,67,cluster00012,
78,Stenotrophomonas-phage-PSH1_taxid_2011087.gbk,78,461,1,461,cluster00013,
85,Stenotrophomonas-phage-SMA6_taxid_1346893.gbk,85,630,1,630,cluster00013,
113,Xanthomonas-phage-Xf109_taxid_1852597.gbk,113,482,1,482,cluster00013,
80,Stenotrophomonas-phage-PSH1_taxid_2011087.gbk,80,126,1,126,cluster00014,
89,Stenotrophomonas-phage-SMA6_taxid_1346893.gbk,89,112,1,112,cluster00014,
101,Stenotrophomonas-phage-SMA7_taxid_1343494.gbk,101,113,1,113,cluster00014,
104,Stenotrophomonas-phage-SMA9_taxid_334856.gbk,104,126,1,126,cluster00014,
117,Xanthomonas-phage-Xf109_taxid_1852597.gbk,117,127,1,127,cluster00014,
127,Xanthomonas-virus-Cf1c_taxid_10862.gbk,127,127,1,127,cluster00014,
88,Stenotrophomonas-phage-SMA6_taxid_1346893.gbk,88,192,1,192,cluster00015,
116,Xanthomonas-phage-Xf109_taxid_1852597.gbk,116,215,1,215,cluster00015,
125,Xanthomonas-virus-Cf1c_taxid_10862.gbk,125,215,1,215,cluster00015,
16,Ralstonia-phage-RS603_taxid_1505528.gbk,16,66,1,66,cluster00016,
53,Ralstonia-phage-Rs551_taxid_1852598.gbk,53,81,1,81,cluster00016,
18,Ralstonia-phage-RS603_taxid_1505528.gbk,18,69,1,69,cluster00017,
55,Ralstonia-phage-Rs551_taxid_1852598.gbk,55,69,1,69,cluster00017,
19,Ralstonia-phage-RS603_taxid_1505528.gbk,19,69,1,69,cluster00018,
56,Ralstonia-phage-Rs551_taxid_1852598.gbk,56,69,1,69,cluster00018,
21,Ralstonia-phage-RS603_taxid_1505528.gbk,21,74,1,74,cluster00019,
58,Ralstonia-phage-Rs551_taxid_1852598.gbk,58,72,1,72,cluster00019,
22,Ralstonia-phage-RS603_taxid_1505528.gbk,22,510,1,510,cluster00020,
59,Ralstonia-phage-Rs551_taxid_1852598.gbk,59,507,1,507,cluster00020,
27,Ralstonia-phage-RS603_taxid_1505528.gbk,27,96,1,96,cluster00021,
65,Ralstonia-phage-Rs551_taxid_1852598.gbk,65,96,1,96,cluster00021,
28,Ralstonia-phage-RSS0_taxid_1150992.gbk,28,68,1,68,cluster00022,
41,Ralstonia-phage-RSS1_taxid_384360.gbk,41,68,1,68,cluster00022,
30,Ralstonia-phage-RSS0_taxid_1150992.gbk,30,103,1,103,cluster00023,
43,Ralstonia-phage-RSS1_taxid_384360.gbk,43,103,1,103,cluster00023,
31,Ralstonia-phage-RSS0_taxid_1150992.gbk,31,89,1,89,cluster00024,
44,Ralstonia-phage-RSS1_taxid_384360.gbk,44,89,1,89,cluster00024,
32,Ralstonia-phage-RSS0_taxid_1150992.gbk,32,111,1,111,cluster00025,
45,Ralstonia-phage-RSS1_taxid_384360.gbk,45,111,1,111,cluster00025,
33,Ralstonia-phage-RSS0_taxid_1150992.gbk,33,26,1,26,cluster00026,
46,Ralstonia-phage-RSS1_taxid_384360.gbk,46,26,1,26,cluster00026,
34,Ralstonia-phage-RSS0_taxid_1150992.gbk,34,426,1,426,cluster00027,
47,Ralstonia-phage-RSS1_taxid_384360.gbk,47,426,1,426,cluster00027,
35,Ralstonia-phage-RSS0_taxid_1150992.gbk,35,91,1,91,cluster00028,
48,Ralstonia-phage-RSS1_taxid_384360.gbk,48,91,1,91,cluster00028,
38,Ralstonia-phage-RSS0_taxid_1150992.gbk,38,143,1,143,cluster00029,
51,Ralstonia-phage-RSS1_taxid_384360.gbk,51,143,1,143,cluster00029,
68,Ralstonia-phage-p12J_taxid_247080.gbk,68,77,1,77,cluster00030,
111,Xanthomonas-phage-Xf109_taxid_1852597.gbk,111,67,1,67,cluster00030,
76,Stenotrophomonas-phage-PSH1_taxid_2011087.gbk,76,99,1,99,cluster00031,
94,Stenotrophomonas-phage-SMA7_taxid_1343494.gbk,94,99,1,99,cluster00031,
81,Stenotrophomonas-phage-PSH1_taxid_2011087.gbk,81,157,1,157,cluster00032,
103,Stenotrophomonas-phage-SMA9_taxid_334856.gbk,103,160,1,160,cluster00032,
86,Stenotrophomonas-phage-SMA6_taxid_1346893.gbk,86,103,1,103,cluster00033,
114,Xanthomonas-phage-Xf109_taxid_1852597.gbk,114,109,1,109,cluster00033,
109,Xanthomonas-phage-Xf109_taxid_1852597.gbk,109,346,1,346,cluster00034,
129,Xanthomonas-virus-Cf1c_taxid_10862.gbk,129,344,1,344,cluster00034,
1,Pseudomonas-virus-Pf1_taxid_2011081.gbk,1,144,1,144,,
2,Pseudomonas-virus-Pf1_taxid_2011081.gbk,2,30,1,30,,
3,Pseudomonas-virus-Pf1_taxid_2011081.gbk,3,83,1,83,,
4,Pseudomonas-virus-Pf1_taxid_2011081.gbk,4,82,1,82,,
5,Pseudomonas-virus-Pf1_taxid_2011081.gbk,5,437,1,437,,
6,Pseudomonas-virus-Pf1_taxid_2011081.gbk,6,141,1,141,,
7,Pseudomonas-virus-Pf1_taxid_2011081.gbk,7,424,1,424,,
8,Pseudomonas-virus-Pf1_taxid_2011081.gbk,8,430,1,430,,
9,Pseudomonas-virus-Pf1_taxid_2011081.gbk,9,100,1,100,,
10,Pseudomonas-virus-Pf1_taxid_2011081.gbk,10,90,1,90,,
11,Pseudomonas-virus-Pf1_taxid_2011081.gbk,11,71,1,71,,
12,Pseudomonas-virus-Pf1_taxid_2011081.gbk,12,103,1,103,,
13,Pseudomonas-virus-Pf1_taxid_2011081.gbk,13,96,1,96,,
14,Pseudomonas-virus-Pf1_taxid_2011081.gbk,14,110,1,110,,
40,Ralstonia-phage-RSS1_taxid_384360.gbk,40,109,1,109,,
63,Ralstonia-phage-Rs551_taxid_1852598.gbk,63,92,1,92,,
64,Ralstonia-phage-Rs551_taxid_1852598.gbk,64,196,1,196,,
69,Ralstonia-phage-p12J_taxid_247080.gbk,69,67,1,67,,
70,Ralstonia-phage-p12J_taxid_247080.gbk,70,488,1,488,,
71,Ralstonia-phage-p12J_taxid_247080.gbk,71,106,1,106,,
73,Ralstonia-phage-p12J_taxid_247080.gbk,73,164,1,164,,
91,Stenotrophomonas-phage-SMA6_taxid_1346893.gbk,91,86,1,86,,
96,Stenotrophomonas-phage-SMA7_taxid_1343494.gbk,96,45,1,45,,
97,Stenotrophomonas-phage-SMA7_taxid_1343494.gbk,97,89,1,89,,
98,Stenotrophomonas-phage-SMA7_taxid_1343494.gbk,98,305,1,305,,
107,Stenotrophomonas-phage-SMA9_taxid_334856.gbk,107,345,1,345,,
112,Xanthomonas-phage-Xf109_taxid_1852597.gbk,112,76,1,76,,
119,Xanthomonas-phage-Xf109_taxid_1852597.gbk,119,61,1,61,,
120,Xanthomonas-phage-Xf109_taxid_1852597.gbk,120,70,1,70,,
122,Xanthomonas-virus-Cf1c_taxid_10862.gbk,122,90,1,90,,
123,Xanthomonas-virus-Cf1c_taxid_10862.gbk,123,419,1,419,,
126,Xanthomonas-virus-Cf1c_taxid_10862.gbk,126,130,1,130,,
