INFO [2021-10-30 01:52:19] $x
INFO [2021-10-30 01:52:19] list(Not_Annotated, Annotated_by_eval, Annotated_by_perc)
INFO [2021-10-30 01:52:19] 
INFO [2021-10-30 01:52:19] $category.names
INFO [2021-10-30 01:52:19] c("Not annotated", "Annotated by e-value", "Annotated by %identity")
INFO [2021-10-30 01:52:19] 
INFO [2021-10-30 01:52:19] $filename
INFO [2021-10-30 01:52:19] vennfile
INFO [2021-10-30 01:52:19] 
INFO [2021-10-30 01:52:19] $output
INFO [2021-10-30 01:52:19] [1] TRUE
INFO [2021-10-30 01:52:19] 
INFO [2021-10-30 01:52:19] $imagetype
INFO [2021-10-30 01:52:19] [1] "png"
INFO [2021-10-30 01:52:19] 
INFO [2021-10-30 01:52:19] $height
INFO [2021-10-30 01:52:19] [1] 700
INFO [2021-10-30 01:52:19] 
INFO [2021-10-30 01:52:19] $width
INFO [2021-10-30 01:52:19] [1] 700
INFO [2021-10-30 01:52:19] 
INFO [2021-10-30 01:52:19] $resolution
INFO [2021-10-30 01:52:19] [1] 300
INFO [2021-10-30 01:52:19] 
INFO [2021-10-30 01:52:19] $compression
INFO [2021-10-30 01:52:19] [1] "lzw"
INFO [2021-10-30 01:52:19] 
INFO [2021-10-30 01:52:19] $lwd
INFO [2021-10-30 01:52:19] [1] 1
INFO [2021-10-30 01:52:19] 
INFO [2021-10-30 01:52:19] $col
INFO [2021-10-30 01:52:19] c("#440154ff", "#21908dff", "#DC143C")
INFO [2021-10-30 01:52:19] 
INFO [2021-10-30 01:52:19] $fill
INFO [2021-10-30 01:52:19] c(alpha("#440154ff", 0.3), alpha("#21908dff", 0.3), alpha("#DC143C", 
INFO [2021-10-30 01:52:19]     0.3))
INFO [2021-10-30 01:52:19] 
INFO [2021-10-30 01:52:19] $cex
INFO [2021-10-30 01:52:19] [1] 0.3
INFO [2021-10-30 01:52:19] 
INFO [2021-10-30 01:52:19] $fontfamily
INFO [2021-10-30 01:52:19] [1] "sans"
INFO [2021-10-30 01:52:19] 
INFO [2021-10-30 01:52:19] $cat.cex
INFO [2021-10-30 01:52:19] [1] 0.3
INFO [2021-10-30 01:52:19] 
INFO [2021-10-30 01:52:19] $cat.default.pos
INFO [2021-10-30 01:52:19] [1] "outer"
INFO [2021-10-30 01:52:19] 
INFO [2021-10-30 01:52:19] $cat.fontfamily
INFO [2021-10-30 01:52:19] [1] "sans"
INFO [2021-10-30 01:52:19] 
INFO [2021-10-30 01:52:19] $cat.col
INFO [2021-10-30 01:52:19] c("#440154ff", "#21908dff", "#DC143C")
INFO [2021-10-30 01:52:19] 
INFO [2021-10-30 01:52:19] $rotation
INFO [2021-10-30 01:52:19] [1] 1
INFO [2021-10-30 01:52:19] 
INFO [2021-10-30 01:52:19] $margin
INFO [2021-10-30 01:52:19] [1] 0.1
INFO [2021-10-30 01:52:19] 
