
Discrete character parsimony algorithm, version 3.695


     4 trees in all found


  +0000000002
  |  
  |           +---0000000003
  |           |  
  |           |                            +----------0000000007
  |           |                   +--------6  
  |           |                   |        |     +----------0000000009
  1-----------2                   |        +-----8  
  |           |       +-----------5              +------0000000006
  |           |       |           |  
  |           |       |           |   +---0000000008
  |           |       |           +---7  
  |           +-------3               |  +-------------0000000005
  |                   |               +--4  
  |                   |                  +-----------0000000004
  |                   |  
  |                   +---------0000000001
  |  
  +0000000000


requires a total of     63.000

  between      and       length
  -------      ---       ------
     1      0000000002     0.00
     1           2         6.00
     2      0000000003     2.00
     2           3         4.00
     3           5         6.00
     5           6         4.50
     6      0000000007     5.50
     6           8         3.00
     8      0000000009     5.50
     8      0000000006     3.50
     5           7         2.00
     7      0000000008     2.00
     7           4         1.00
     4      0000000005     7.00
     4      0000000004     6.00
     3      0000000001     5.00
     1      0000000000     0.00


  +0000000002
  |  
  |           +---0000000003
  |           |  
  |           |                                  +----------0000000009
  |           |                            +-----8  
  |           |                   +--------6     +----------0000000007
  1-----------2                   |        |  
  |           |                   |        +------0000000006
  |           |       +-----------5  
  |           |       |           |   +---0000000008
  |           |       |           +---7  
  |           +-------3               |  +-------------0000000005
  |                   |               +--4  
  |                   |                  +-----------0000000004
  |                   |  
  |                   +---------0000000001
  |  
  +0000000000


requires a total of     63.000

  between      and       length
  -------      ---       ------
     1      0000000002     0.00
     1           2         6.00
     2      0000000003     2.00
     2           3         4.00
     3           5         6.00
     5           6         4.50
     6           8         3.00
     8      0000000009     5.50
     8      0000000007     5.50
     6      0000000006     3.50
     5           7         2.00
     7      0000000008     2.00
     7           4         1.00
     4      0000000005     7.00
     4      0000000004     6.00
     3      0000000001     5.00
     1      0000000000     0.00


  +0000000002
  |  
  |                                     +------------0000000007
  |                           +---------6  
  |                           |         |      +------------0000000009
  |                           |         +------8  
  |             +-------------5                +-------0000000006
  |             |             |  
  |             |             |    +----0000000008
  |             |             +----7  
  1-------------3                  |  +---------------0000000005
  |             |                  +--4  
  |             |                     +-------------0000000004
  |             |  
  |             |        +----0000000003
  |             +--------2  
  |                      +-----------0000000001
  |  
  +0000000000


requires a total of     63.000

  between      and       length
  -------      ---       ------
     1      0000000002     0.00
     1           3         6.00
     3           5         6.00
     5           6         4.50
     6      0000000007     5.50
     6           8         3.00
     8      0000000009     5.50
     8      0000000006     3.50
     5           7         2.00
     7      0000000008     2.00
     7           4         1.00
     4      0000000005     7.00
     4      0000000004     6.00
     3           2         4.00
     2      0000000003     2.00
     2      0000000001     5.00
     1      0000000000     0.00


  +0000000002
  |  
  |                                            +------------0000000009
  |                                     +------8  
  |                           +---------6      +------------0000000007
  |                           |         |  
  |                           |         +-------0000000006
  |             +-------------5  
  |             |             |    +----0000000008
  |             |             +----7  
  |             |                  |  +---------------0000000005
  1-------------3                  +--4  
  |             |                     +-------------0000000004
  |             |  
  |             |        +----0000000003
  |             +--------2  
  |                      +-----------0000000001
  |  
  +0000000000


requires a total of     63.000

  between      and       length
  -------      ---       ------
     1      0000000002     0.00
     1           3         6.00
     3           5         6.00
     5           6         4.50
     6           8         3.00
     8      0000000009     5.50
     8      0000000007     5.50
     6      0000000006     3.50
     5           7         2.00
     7      0000000008     2.00
     7           4         1.00
     4      0000000005     7.00
     4      0000000004     6.00
     3           2         4.00
     2      0000000003     2.00
     2      0000000001     5.00
     1      0000000000     0.00

