INFO [2021-10-29 16:15:57] $x
INFO [2021-10-29 16:15:57] list(Not_Annotated, Annotated_by_eval, Annotated_by_perc)
INFO [2021-10-29 16:15:57] 
INFO [2021-10-29 16:15:57] $category.names
INFO [2021-10-29 16:15:57] c("Not annotated", "Annotated by e-value", "Annotated by %identity")
INFO [2021-10-29 16:15:57] 
INFO [2021-10-29 16:15:57] $filename
INFO [2021-10-29 16:15:57] vennfile
INFO [2021-10-29 16:15:57] 
INFO [2021-10-29 16:15:57] $output
INFO [2021-10-29 16:15:57] [1] TRUE
INFO [2021-10-29 16:15:57] 
INFO [2021-10-29 16:15:57] $imagetype
INFO [2021-10-29 16:15:57] [1] "png"
INFO [2021-10-29 16:15:57] 
INFO [2021-10-29 16:15:57] $height
INFO [2021-10-29 16:15:57] [1] 700
INFO [2021-10-29 16:15:57] 
INFO [2021-10-29 16:15:57] $width
INFO [2021-10-29 16:15:57] [1] 700
INFO [2021-10-29 16:15:57] 
INFO [2021-10-29 16:15:57] $resolution
INFO [2021-10-29 16:15:57] [1] 300
INFO [2021-10-29 16:15:57] 
INFO [2021-10-29 16:15:57] $compression
INFO [2021-10-29 16:15:57] [1] "lzw"
INFO [2021-10-29 16:15:57] 
INFO [2021-10-29 16:15:57] $lwd
INFO [2021-10-29 16:15:57] [1] 1
INFO [2021-10-29 16:15:57] 
INFO [2021-10-29 16:15:57] $col
INFO [2021-10-29 16:15:57] c("#440154ff", "#21908dff", "#DC143C")
INFO [2021-10-29 16:15:57] 
INFO [2021-10-29 16:15:57] $fill
INFO [2021-10-29 16:15:57] c(alpha("#440154ff", 0.3), alpha("#21908dff", 0.3), alpha("#DC143C", 
INFO [2021-10-29 16:15:57]     0.3))
INFO [2021-10-29 16:15:57] 
INFO [2021-10-29 16:15:57] $cex
INFO [2021-10-29 16:15:57] [1] 0.3
INFO [2021-10-29 16:15:57] 
INFO [2021-10-29 16:15:57] $fontfamily
INFO [2021-10-29 16:15:57] [1] "sans"
INFO [2021-10-29 16:15:57] 
INFO [2021-10-29 16:15:57] $cat.cex
INFO [2021-10-29 16:15:57] [1] 0.3
INFO [2021-10-29 16:15:57] 
INFO [2021-10-29 16:15:57] $cat.default.pos
INFO [2021-10-29 16:15:57] [1] "outer"
INFO [2021-10-29 16:15:57] 
INFO [2021-10-29 16:15:57] $cat.fontfamily
INFO [2021-10-29 16:15:57] [1] "sans"
INFO [2021-10-29 16:15:57] 
INFO [2021-10-29 16:15:57] $cat.col
INFO [2021-10-29 16:15:57] c("#440154ff", "#21908dff", "#DC143C")
INFO [2021-10-29 16:15:57] 
INFO [2021-10-29 16:15:57] $rotation
INFO [2021-10-29 16:15:57] [1] 1
INFO [2021-10-29 16:15:57] 
INFO [2021-10-29 16:15:57] $margin
INFO [2021-10-29 16:15:57] [1] 0.1
INFO [2021-10-29 16:15:57] 
