1,Ageratum-conyzoides-symptomless-alphasatellite_taxid_1705092.gbk,1,315,1,315,cluster00001,
2,Ageratum-enation-alphasatellite_taxid_1260769.gbk,2,315,1,315,cluster00001,
3,Ageratum-yellow-vein-China-alphasatellite_taxid_1454227.gbk,3,315,1,315,cluster00001,
4,Ageratum-yellow-vein-India-alphasatellite_taxid_1407058.gbk,4,315,1,315,cluster00001,
5,Ageratum-yellow-vein-Pakistan-alphasatellite_taxid_1468596.gbk,5,315,1,315,cluster00001,
6,Ageratum-yellow-vein-Singapore-alphasatellite_taxid_915293.gbk,6,295,1,295,cluster00001,
7,Ageratum-yellow-vein-alphasatellite_taxid_187850.gbk,7,315,1,315,cluster00001,
8,Bendhi-Yellow-Vein-Mosaic-Mesta-Yellow-Vein-Mosaic-alphasatellite_taxid_713090.gbk,8,315,1,315,cluster00001,
10,Bhendi-yellow-vein-mosaic-virus-associated-alphasatellite_taxid_1225644.gbk,10,295,1,295,cluster00001,
11,Bhindi-yellow-vein-alphasatellite_taxid_1841147.gbk,11,298,1,298,cluster00001,
12,Chilli-leaf-curl-India-alphasatellite_taxid_1507725.gbk,12,315,1,315,cluster00001,
13,Chilli-leaf-curl-Multan-alphasatellite_taxid_661505.gbk,13,314,1,314,cluster00001,
14,Chilli-leaf-curl-alphasatellite_taxid_1428342.gbk,14,315,1,315,cluster00001,
15,Cotton-leaf-curl-Burewala-alphasatellite_taxid_713091.gbk,15,315,1,315,cluster00001,
16,Cotton-leaf-curl-Gezira-alphasatellite_taxid_679536.gbk,16,315,1,315,cluster00001,
17,Cotton-leaf-curl-Lucknow-alphasatellite_taxid_2169841.gbk,17,315,1,315,cluster00001,
18,Cotton-leaf-curl-Multan-alphasatellite_taxid_1048668.gbk,18,315,1,315,cluster00001,
19,Euphorbia-yellow-mosaic-virus-associated-DNA-1_taxid_666147.gbk,19,314,1,314,cluster00001,
20,Gossypium-darwinii-symptomless-alphasatellite_taxid_656025.gbk,20,315,1,315,cluster00001,
21,Gossypium-davidsonii-symptomless-alphasatellite_taxid_656028.gbk,21,295,1,295,cluster00001,
22,Guar-leaf-curl-alphasatellite_taxid_748170.gbk,22,315,1,315,cluster00001,
23,Hibiscus-leaf-curl-alphasatellite_taxid_1468597.gbk,23,315,1,315,cluster00001,
24,Hollyhock-yellow-vein-virus-associated-symptomless-alphasatellite_taxid_944996.gbk,24,289,1,289,cluster00001,
25,Malvastrum-yellow-mosaic-Cameroon-alphasatellite_taxid_741733.gbk,25,316,1,316,cluster00001,
26,Malvastrum-yellow-mosaic-alphasatellite_taxid_377461.gbk,26,315,1,315,cluster00001,
27,Melon-chlorotic-mosaic-alphasatellite_taxid_2169825.gbk,27,314,1,314,cluster00001,
29,Mesta-yellow-vein-mosaic-alphasatellite_taxid_1705093.gbk,29,289,1,289,cluster00001,
30,Mimosa-yellow-leaf-curl-virus-associated-DNA-1_taxid_447598.gbk,30,315,1,315,cluster00001,
31,Okra-enation-leaf-curl-alphasatellite_taxid_1249467.gbk,31,217,1,217,cluster00001,
32,Okra-yellow-crinkle-Cameroon-alphasatellite-CM-Lys1sp2-09_taxid_743026.gbk,32,289,1,289,cluster00001,
33,Okra-yellow-crinkle-Cameroon-alphasatellite-CM-Lys1sp3-09_taxid_743027.gbk,33,289,1,289,cluster00001,
34,Parthenium-leaf-curl-alphasatellite_taxid_1755198.gbk,34,224,1,224,cluster00001,
35,Pedilanthus-leaf-curl-alphasatellite_taxid_2169842.gbk,35,315,1,315,cluster00001,
36,Sida-leaf-curl-alphasatellite_taxid_2169843.gbk,36,315,1,315,cluster00001,
37,Sida-yellow-vein-China-alphasatellite_taxid_1293961.gbk,37,315,1,315,cluster00001,
38,Sida-yellow-vein-Vietnam-alphasatellite_taxid_447597.gbk,38,315,1,315,cluster00001,
39,Sida-yellow-vein-alphasatellite_taxid_1506184.gbk,39,315,1,315,cluster00001,
40,Sida-yellow-vein-mosaic-alphasatellite_taxid_1535266.gbk,40,315,1,315,cluster00001,
41,Sunflower-leaf-curl-Karnataka-alphasatellite_taxid_1250303.gbk,41,315,1,315,cluster00001,
42,Synedrella-leaf-curl-alphasatellite_taxid_1544378.gbk,42,315,1,315,cluster00001,
43,Tobacco-curly-shoot-alphasatellite_taxid_926844.gbk,43,315,1,315,cluster00001,
44,Tobacco-leaf-curl-PUSA-alphasatellite_taxid_905055.gbk,44,315,1,315,cluster00001,
45,Tomato-leaf-curl-Cameroon-alphasatellite-CM-OMHD3-Ok-09_taxid_743041.gbk,45,317,1,317,cluster00001,
46,Tomato-leaf-curl-Cameroon-alphasatellite-CM-TOS2D1-To-09_taxid_743042.gbk,46,317,1,317,cluster00001,
47,Tomato-leaf-curl-Cameroon-alphasatellite_taxid_743040.gbk,47,315,1,315,cluster00001,
48,Tomato-leaf-curl-Pakistan-alphasatellite_taxid_538004.gbk,48,204,1,204,cluster00001,
49,Tomato-leaf-curl-alphasatellite_taxid_1407057.gbk,49,315,1,315,cluster00001,
50,Tomato-yellow-leaf-curl-China-alphasatellite_taxid_240557.gbk,50,314,1,314,cluster00001,
51,Tomato-yellow-leaf-curl-Yunnan-alphasatellite_taxid_2169846.gbk,51,315,1,315,cluster00001,
52,Tomato-yellow-spot-alphasatellite_taxid_2169827.gbk,52,313,1,313,cluster00001,
53,Vernonia-yellow-vein-Fujian-alphasatellite_taxid_2169908.gbk,53,295,1,295,cluster00001,
54,Whitefly-associated-Guatemala-alphasatellite-1_taxid_2560838.gbk,54,314,1,314,cluster00001,
55,Whitefly-associated-Guatemala-alphasatellite-2_taxid_2169828.gbk,55,313,1,313,cluster00001,
9,Bhendi-yellow-vein-mosaic-alphasatellite_taxid_759124.gbk,9,153,1,153,,
28,Melon-chlorotic-mosaic-alphasatellite_taxid_2169825.gbk,28,139,1,139,,
