
Discrete character parsimony algorithm, version 3.695


One most parsimonious tree found:


  +-----------------------------0000000003
  |  
  |              +0000000004
  |              |  
  1--------------3              +0000000005
  |              |              |  
  |              +--------------2--------------0000000002
  |                             |  
  |                             +0000000001
  |  
  +0000000000


requires a total of      5.000

  between      and       length
  -------      ---       ------
     1      0000000003     2.00
     1           3         1.00
     3      0000000004     0.00
     3           2         1.00
     2      0000000005     0.00
     2      0000000002     1.00
     2      0000000001     0.00
     1      0000000000     0.00

