
Discrete character parsimony algorithm, version 3.695


One most parsimonious tree found:


  +------------0000000136
  |  
  1-0000000135
  |  
  +0000000134
  |  
  +------0000000133
  |  
  +0000000131
  |  
  +0000000129
  |  
  +0000000128
  |  
  +0000000127
  |  
  +------0000000126
  |  
  +0000000125
  |  
  +------------0000000124
  |  
  +------0000000117
  |  
  +0000000116
  |  
  |      +0000000132
  |      |  
  +-----14-0000000115
  |      |  
  |      +0000000114
  |  
  +0000000111
  |  
  +------0000000110
  |  
  +------0000000109
  |  
  +0000000108
  |  
  +0000000107
  |  
  +0000000106
  |  
  +------0000000101
  |  
  +0000000099
  |  
  +0000000098
  |  
  +0000000097
  |  
  +0000000096
  |  
  +------0000000094
  |  
  |      +------0000000112
  +-----13  
  |      +------0000000093
  |  
  +------0000000092
  |  
  +------0000000090
  |  
  +------0000000088
  |  
  +------0000000086
  |  
  +0000000083
  |  
  +0000000080
  |  
  +0000000079
  |  
  +0000000078
  |  
  +0000000077
  |  
  +0000000076
  |  
  +0000000075
  |  
  +0000000074
  |  
  +0000000072
  |  
  +0000000071
  |  
  +------0000000070
  |  
  +0000000069
  |  
  +0000000068
  |  
  +0000000067
  |  
  +0000000066
  |  
  +0000000065
  |  
  +0000000064
  |  
  +0000000063
  |  
  +0000000062
  |  
  +0000000061
  |  
  +0000000060
  |  
  +0000000059
  |  
  +0000000057
  |  
  +0000000056
  |  
  +0000000055
  |  
  +0000000054
  |  
  +0000000053
  |  
  +0000000052
  |  
  +0000000051
  |  
  |      +------0000000081
  +-----10  
  |      +------------0000000050
  |  
  +------------0000000046
  |  
  +------0000000044
  |  
  +------------0000000041
  |  
  +0000000039
  |  
  +------0000000037
  |  
  +0000000036
  |  
  +------0000000034
  |  
  +0000000032
  |  
  +0000000030
  |  
  +0000000029
  |  
  +0000000028
  |  
  +0000000027
  |  
  +0000000026
  |  
  +0000000025
  |  
  +0000000024
  |  
  +------0000000023
  |  
  +------0000000021
  |  
  +------0000000020
  |  
  +------0000000019
  |  
  +------0000000018
  |  
  +0000000014
  |  
  +------0000000010
  |  
  +------0000000009
  |  
  |      +0000000008
  +------3  
  |      +0000000007
  |  
  +------0000000005
  |  
  +0000000004
  |  
  |      +0000000073
  |      |  
  +------6-0000000058
  |      |  
  |      +0000000033
  |      |  
  |      +0000000003
  |  
  |      +0000000105
  +-----12  
  |      +0000000002
  |  
  |      +------0000000049
  |      |  
  +------9      +------0000000119
  |      |      |  
  |      +------7-0000000100
  |             |  
  |             +0000000085
  |             |  
  |             +0000000048
  |             |  
  |             +0000000047
  |             |  
  |             +0000000038
  |             |  
  |             |      +------0000000130
  |             |      |  
  |             |      |      +0000000084
  |             |      |      |  
  |             +------4------5------0000000045
  |                    |      |  
  |                    |      +------------0000000042
  |                    |      |  
  |                    |      +-------------------0000000040
  |                    |      |  
  |                    |      +------0000000022
  |                    |      |  
  |                    |      +------0000000017
  |                    |      |  
  |                    |      |      +------------0000000103
  |                    |      +-----11  
  |                    |      |      |            +------0000000043
  |                    |      |      +------------8  
  |                    |      |                   +0000000016
  |                    |      |  
  |                    |      +------0000000013
  |                    |      |  
  |                    |      +------0000000011
  |                    |  
  |                    |      +------0000000123
  |                    |      |  
  |                    +------2------0000000122
  |                           |  
  |                           +------0000000121
  |                           |  
  |                           +0000000118
  |                           |  
  |                           +0000000113
  |                           |  
  |                           +0000000104
  |                           |  
  |                           |      +0000000120
  |                           +-----15  
  |                           |      +0000000102
  |                           |  
  |                           +0000000095
  |                           |  
  |                           +------0000000091
  |                           |  
  |                           +0000000089
  |                           |  
  |                           +0000000087
  |                           |  
  |                           +0000000082
  |                           |  
  |                           +0000000035
  |                           |  
  |                           +0000000031
  |                           |  
  |                           +0000000015
  |                           |  
  |                           +0000000012
  |                           |  
  |                           +------0000000006
  |                           |  
  |                           +0000000001
  |  
  +------0000000000


requires a total of     73.000

  between      and       length
  -------      ---       ------
     1      0000000136     2.00
     1      0000000135     0.00
     1      0000000134     0.00
     1      0000000133     1.00
     1      0000000131     0.00
     1      0000000129     0.00
     1      0000000128     0.00
     1      0000000127     0.00
     1      0000000126     1.00
     1      0000000125     0.00
     1      0000000124     2.00
     1      0000000117     1.00
     1      0000000116     0.00
     1          14         1.00
    14      0000000132     0.00
    14      0000000115     0.00
    14      0000000114     0.00
     1      0000000111     0.00
     1      0000000110     1.00
     1      0000000109     1.00
     1      0000000108     0.00
     1      0000000107     0.00
     1      0000000106     0.00
     1      0000000101     1.00
     1      0000000099     0.00
     1      0000000098     0.00
     1      0000000097     0.00
     1      0000000096     0.00
     1      0000000094     1.00
     1          13         1.00
    13      0000000112     1.00
    13      0000000093     1.00
     1      0000000092     1.00
     1      0000000090     1.00
     1      0000000088     1.00
     1      0000000086     1.00
     1      0000000083     0.00
     1      0000000080     0.00
     1      0000000079     0.00
     1      0000000078     0.00
     1      0000000077     0.00
     1      0000000076     0.00
     1      0000000075     0.00
     1      0000000074     0.00
     1      0000000072     0.00
     1      0000000071     0.00
     1      0000000070     1.00
     1      0000000069     0.00
     1      0000000068     0.00
     1      0000000067     0.00
     1      0000000066     0.00
     1      0000000065     0.00
     1      0000000064     0.00
     1      0000000063     0.00
     1      0000000062     0.00
     1      0000000061     0.00
     1      0000000060     0.00
     1      0000000059     0.00
     1      0000000057     0.00
     1      0000000056     0.00
     1      0000000055     0.00
     1      0000000054     0.00
     1      0000000053     0.00
     1      0000000052     0.00
     1      0000000051     0.00
     1          10         1.00
    10      0000000081     1.00
    10      0000000050     2.00
     1      0000000046     2.00
     1      0000000044     1.00
     1      0000000041     2.00
     1      0000000039     0.00
     1      0000000037     1.00
     1      0000000036     0.00
     1      0000000034     1.00
     1      0000000032     0.00
     1      0000000030     0.00
     1      0000000029     0.00
     1      0000000028     0.00
     1      0000000027     0.00
     1      0000000026     0.00
     1      0000000025     0.00
     1      0000000024     0.00
     1      0000000023     1.00
     1      0000000021     1.00
     1      0000000020     1.00
     1      0000000019     1.00
     1      0000000018     1.00
     1      0000000014     0.00
     1      0000000010     1.00
     1      0000000009     1.00
     1           3         1.00
     3      0000000008     0.00
     3      0000000007     0.00
     1      0000000005     1.00
     1      0000000004     0.00
     1           6         1.00
     6      0000000073     0.00
     6      0000000058     0.00
     6      0000000033     0.00
     6      0000000003     0.00
     1          12         1.00
    12      0000000105     0.00
    12      0000000002     0.00
     1           9         1.00
     9      0000000049     1.00
     9           7         1.00
     7      0000000119     1.00
     7      0000000100     0.00
     7      0000000085     0.00
     7      0000000048     0.00
     7      0000000047     0.00
     7      0000000038     0.00
     7           4         1.00
     4      0000000130     1.00
     4           5         1.00
     5      0000000084     0.00
     5      0000000045     1.00
     5      0000000042     2.00
     5      0000000040     3.00
     5      0000000022     1.00
     5      0000000017     1.00
     5          11         1.00
    11      0000000103     2.00
    11           8         2.00
     8      0000000043     1.00
     8      0000000016     0.00
     5      0000000013     1.00
     5      0000000011     1.00
     4           2         1.00
     2      0000000123     1.00
     2      0000000122     1.00
     2      0000000121     1.00
     2      0000000118     0.00
     2      0000000113     0.00
     2      0000000104     0.00
     2          15         1.00
    15      0000000120     0.00
    15      0000000102     0.00
     2      0000000095     0.00
     2      0000000091     1.00
     2      0000000089     0.00
     2      0000000087     0.00
     2      0000000082     0.00
     2      0000000035     0.00
     2      0000000031     0.00
     2      0000000015     0.00
     2      0000000012     0.00
     2      0000000006     1.00
     2      0000000001     0.00
     1      0000000000     1.00

