
Discrete character parsimony algorithm, version 3.695


     4 trees in all found


  +--------0000000012
  |  
  |                 +--------0000000024
  |        +--------7  
  |        |        +--------0000000023
  |        |  
  1--------2--------0000000022
  |        |  
  |        +---------------------------------0000000011
  |        |  
  |        +----------------0000000009
  |        |  
  |        +----------------0000000007
  |        |  
  |        +----------------0000000006
  |        |  
  |        +--------0000000005
  |        |  
  |        +---------------------------------0000000004
  |        |  
  |        +--------0000000003
  |        |  
  |        |                          +0000000027
  |        |                 +--------9  
  |        |        +--------8        +0000000026
  |        |        |        |  
  |        |        |        +--------0000000017
  |        |        |  
  |        |        |        +0000000025
  |        |        |        |  
  |        +--------3--------5-------------------------0000000021
  |        |        |        |  
  |        |        |        +0000000018
  |        |        |        |  
  |        |        |        +--------0000000016
  |        |        |  
  |        |        +----------------0000000010
  |        |        |  
  |        |        |        +0000000019
  |        |        |        |  
  |        |        +--------4-------------------------0000000015
  |        |        |        |  
  |        |        |        +----------------0000000014
  |        |        |        |  
  |        |        |        +----------------0000000013
  |        |        |        |  
  |        |        |        +0000000008
  |        |        |  
  |        |        |        +----------------0000000020
  |        |        +--------6  
  |        |                 +--------0000000002
  |        |  
  |        +--------0000000001
  |  
  +0000000000


requires a total of     46.000

  between      and       length
  -------      ---       ------
     1      0000000012     1.00
     1           2         1.00
     2           7         1.00
     7      0000000024     1.00
     7      0000000023     1.00
     2      0000000022     1.00
     2      0000000011     4.00
     2      0000000009     2.00
     2      0000000007     2.00
     2      0000000006     2.00
     2      0000000005     1.00
     2      0000000004     4.00
     2      0000000003     1.00
     2           3         1.00
     3           8         1.00
     8           9         1.00
     9      0000000027     0.00
     9      0000000026     0.00
     8      0000000017     1.00
     3           5         1.00
     5      0000000025     0.00
     5      0000000021     3.00
     5      0000000018     0.00
     5      0000000016     1.00
     3      0000000010     2.00
     3           4         1.00
     4      0000000019     0.00
     4      0000000015     3.00
     4      0000000014     2.00
     4      0000000013     2.00
     4      0000000008     0.00
     3           6         1.00
     6      0000000020     2.00
     6      0000000002     1.00
     2      0000000001     1.00
     1      0000000000     0.00


  +--------0000000012
  |  
  |                 +--------0000000024
  |        +--------7  
  |        |        +--------0000000023
  |        |  
  1--------2--------0000000022
  |        |  
  |        +---------------------------------0000000011
  |        |  
  |        +----------------0000000009
  |        |  
  |        +----------------0000000007
  |        |  
  |        +----------------0000000006
  |        |  
  |        +--------0000000005
  |        |  
  |        +---------------------------------0000000004
  |        |  
  |        +--------0000000003
  |        |  
  |        |                          +0000000027
  |        |                 +--------9  
  |        |        +--------8        +0000000026
  |        |        |        |  
  |        |        |        +--------0000000017
  |        |        |  
  |        |        |        +0000000025
  |        |        |        |  
  |        +--------3--------5-0000000018
  |        |        |        |  
  |        |        |        +--------0000000016
  |        |        |  
  |        |        +----------------0000000010
  |        |        |  
  |        |        |        +0000000019
  |        |        |        |  
  |        |        +--------4-------------------------0000000015
  |        |        |        |  
  |        |        |        +----------------0000000014
  |        |        |        |  
  |        |        |        +----------------0000000013
  |        |        |        |  
  |        |        |        +0000000008
  |        |        |  
  |        |        |        +-------------------------0000000021
  |        |        |        |  
  |        |        +--------6----------------0000000020
  |        |                 |  
  |        |                 +--------0000000002
  |        |  
  |        +--------0000000001
  |  
  +0000000000


requires a total of     46.000

  between      and       length
  -------      ---       ------
     1      0000000012     1.00
     1           2         1.00
     2           7         1.00
     7      0000000024     1.00
     7      0000000023     1.00
     2      0000000022     1.00
     2      0000000011     4.00
     2      0000000009     2.00
     2      0000000007     2.00
     2      0000000006     2.00
     2      0000000005     1.00
     2      0000000004     4.00
     2      0000000003     1.00
     2           3         1.00
     3           8         1.00
     8           9         1.00
     9      0000000027     0.00
     9      0000000026     0.00
     8      0000000017     1.00
     3           5         1.00
     5      0000000025     0.00
     5      0000000018     0.00
     5      0000000016     1.00
     3      0000000010     2.00
     3           4         1.00
     4      0000000019     0.00
     4      0000000015     3.00
     4      0000000014     2.00
     4      0000000013     2.00
     4      0000000008     0.00
     3           6         1.00
     6      0000000021     3.00
     6      0000000020     2.00
     6      0000000002     1.00
     2      0000000001     1.00
     1      0000000000     0.00


  +-------0000000012
  |  
  |               +-------0000000024
  |       +-------8  
  |       |       +-------0000000023
  |       |  
  1-------2-------0000000022
  |       |  
  |       +-----------------------------0000000011
  |       |  
  |       +--------------0000000009
  |       |  
  |       +--------------0000000007
  |       |  
  |       +--------------0000000006
  |       |  
  |       +-------0000000005
  |       |  
  |       +-----------------------------0000000004
  |       |  
  |       +-------0000000003
  |       |  
  |       |                       +0000000027
  |       |               +------10  
  |       |       +-------9       +0000000026
  |       |       |       |  
  |       |       |       +-------0000000017
  |       |       |  
  |       +-------3--------------0000000010
  |       |       |  
  |       |       |       +0000000019
  |       |       |       |  
  |       |       +-------4----------------------0000000015
  |       |       |       |  
  |       |       |       +--------------0000000014
  |       |       |       |  
  |       |       |       +--------------0000000013
  |       |       |       |  
  |       |       |       +0000000008
  |       |       |  
  |       |       |       +0000000025
  |       |       |       |  
  |       |       +-------5-0000000018
  |       |               |  
  |       |               +-------0000000016
  |       |               |  
  |       |               |       +--------------0000000021
  |       |               +-------7  
  |       |                       |       +--------------0000000020
  |       |                       +-------6  
  |       |                               +-------0000000002
  |       |  
  |       +-------0000000001
  |  
  +0000000000


requires a total of     46.000

  between      and       length
  -------      ---       ------
     1      0000000012     1.00
     1           2         1.00
     2           8         1.00
     8      0000000024     1.00
     8      0000000023     1.00
     2      0000000022     1.00
     2      0000000011     4.00
     2      0000000009     2.00
     2      0000000007     2.00
     2      0000000006     2.00
     2      0000000005     1.00
     2      0000000004     4.00
     2      0000000003     1.00
     2           3         1.00
     3           9         1.00
     9          10         1.00
    10      0000000027     0.00
    10      0000000026     0.00
     9      0000000017     1.00
     3      0000000010     2.00
     3           4         1.00
     4      0000000019     0.00
     4      0000000015     3.00
     4      0000000014     2.00
     4      0000000013     2.00
     4      0000000008     0.00
     3           5         1.00
     5      0000000025     0.00
     5      0000000018     0.00
     5      0000000016     1.00
     5           7         1.00
     7      0000000021     2.00
     7           6         1.00
     6      0000000020     2.00
     6      0000000002     1.00
     2      0000000001     1.00
     1      0000000000     0.00


  +--------0000000012
  |  
  |                 +--------0000000024
  |        +--------8  
  |        |        +--------0000000023
  |        |  
  1--------2--------0000000022
  |        |  
  |        +---------------------------------0000000011
  |        |  
  |        +----------------0000000009
  |        |  
  |        +----------------0000000007
  |        |  
  |        +----------------0000000006
  |        |  
  |        +--------0000000005
  |        |  
  |        +---------------------------------0000000004
  |        |  
  |        +--------0000000003
  |        |  
  |        |                          +0000000027
  |        |                 +-------10  
  |        |        +--------9        +0000000026
  |        |        |        |  
  |        |        |        +--------0000000017
  |        |        |  
  |        +--------3----------------0000000010
  |        |        |  
  |        |        |        +0000000019
  |        |        |        |  
  |        |        +--------4-------------------------0000000015
  |        |        |        |  
  |        |        |        +----------------0000000014
  |        |        |        |  
  |        |        |        +----------------0000000013
  |        |        |        |  
  |        |        |        +0000000008
  |        |        |  
  |        |        |        +----------------0000000020
  |        |        |        |  
  |        |        |        |        +----------------0000000021
  |        |        |        |        |  
  |        |        +--------5--------7        +0000000025
  |        |                 |        |        |  
  |        |                 |        +--------6-0000000018
  |        |                 |                 |  
  |        |                 |                 +--------0000000016
  |        |                 |  
  |        |                 +--------0000000002
  |        |  
  |        +--------0000000001
  |  
  +0000000000


requires a total of     46.000

  between      and       length
  -------      ---       ------
     1      0000000012     1.00
     1           2         1.00
     2           8         1.00
     8      0000000024     1.00
     8      0000000023     1.00
     2      0000000022     1.00
     2      0000000011     4.00
     2      0000000009     2.00
     2      0000000007     2.00
     2      0000000006     2.00
     2      0000000005     1.00
     2      0000000004     4.00
     2      0000000003     1.00
     2           3         1.00
     3           9         1.00
     9          10         1.00
    10      0000000027     0.00
    10      0000000026     0.00
     9      0000000017     1.00
     3      0000000010     2.00
     3           4         1.00
     4      0000000019     0.00
     4      0000000015     3.00
     4      0000000014     2.00
     4      0000000013     2.00
     4      0000000008     0.00
     3           5         1.00
     5      0000000020     2.00
     5           7         1.00
     7      0000000021     2.00
     7           6         1.00
     6      0000000025     0.00
     6      0000000018     0.00
     6      0000000016     1.00
     5      0000000002     1.00
     2      0000000001     1.00
     1      0000000000     0.00

