2,Acheta-domestica-densovirus_taxid_185639.gbk,2,576,1,576,cluster00001,
7,Acheta-domestica-mini-ambidensovirus_taxid_1404345.gbk,7,495,1,495,cluster00001,
72,Blattella-germanica-densovirus-1_taxid_220638.gbk,72,530,1,530,cluster00001,
85,Bombus-cryptarum-densovirus_taxid_2094261.gbk,85,612,1,612,cluster00001,
88,Bombyx-mori-densovirus-1_taxid_46253.gbk,88,754,1,754,cluster00001,
91,Bombyx-mori-densovirus-5_taxid_125788.gbk,91,754,1,754,cluster00001,
140,Casphalia-extranea-densovirus_taxid_180586.gbk,140,753,1,753,cluster00001,
144,Cherax-quadricarinatus-densovirus_taxid_1642018.gbk,144,579,1,579,cluster00001,
156,Culex-pipiens-densovirus_taxid_185638.gbk,156,548,1,548,cluster00001,
164,Danaus-plexippus-plexippus-iteravirus_taxid_1469956.gbk,164,752,1,752,cluster00001,
170,Dendrolimus-punctatus-densovirus_taxid_292208.gbk,170,775,1,775,cluster00001,
176,Diaphorina-citri-densovirus_taxid_1776153.gbk,176,679,1,679,cluster00001,
180,Diatraea-saccharalis-densovirus_taxid_72003.gbk,180,545,1,545,cluster00001,
193,Dysaphis-plantaginea-densovirus_taxid_551224.gbk,193,710,1,710,cluster00001,
222,Galleria-mellonella-densovirus_taxid_37138.gbk,222,544,1,544,cluster00001,
238,Helicoverpa-armigera-densovirus_taxid_1045778.gbk,238,669,1,669,cluster00001,
268,Junonia-coenia-densovirus_taxid_12524.gbk,268,545,1,545,cluster00001,
312,Mythimna-loreyi-densovirus_taxid_185636.gbk,312,545,1,545,cluster00001,
326,Papilio-polyxenes-densovirus_taxid_1221208.gbk,326,760,1,760,cluster00001,
330,Parus-major-densovirus_taxid_1907771.gbk,330,533,1,533,cluster00001,
352,Periplaneta-fuliginosa-densovirus_taxid_97344.gbk,352,538,1,538,cluster00001,
360,Planococcus-citri-densovirus_taxid_159153.gbk,360,568,1,568,cluster00001,
420,Pseudoplusia-includens-densovirus_taxid_185637.gbk,420,554,1,554,cluster00001,
469,Sea-star-associated-densovirus_taxid_1979755.gbk,469,565,1,565,cluster00001,
472,Sibine-fusca-densovirus_taxid_1217821.gbk,472,753,1,753,cluster00001,
489,Solenopsis-invicta-densovirus_taxid_1414671.gbk,489,552,1,552,cluster00001,
3,Acheta-domestica-densovirus_taxid_185639.gbk,3,286,1,286,cluster00002,
73,Blattella-germanica-densovirus-1_taxid_220638.gbk,73,262,1,262,cluster00002,
157,Culex-pipiens-densovirus_taxid_185638.gbk,157,274,1,274,cluster00002,
181,Diatraea-saccharalis-densovirus_taxid_72003.gbk,181,275,1,275,cluster00002,
223,Galleria-mellonella-densovirus_taxid_37138.gbk,223,274,1,274,cluster00002,
269,Junonia-coenia-densovirus_taxid_12524.gbk,269,275,1,275,cluster00002,
313,Mythimna-loreyi-densovirus_taxid_185636.gbk,313,275,1,275,cluster00002,
421,Pseudoplusia-includens-densovirus_taxid_185637.gbk,421,275,1,275,cluster00002,
488,Solenopsis-invicta-densovirus_taxid_1414671.gbk,488,288,1,288,cluster00002,
4,Acheta-domestica-densovirus_taxid_185639.gbk,4,597,1,597,cluster00003,
9,Acheta-domestica-mini-ambidensovirus_taxid_1404345.gbk,9,682,1,682,cluster00003,
74,Blattella-germanica-densovirus-1_taxid_220638.gbk,74,778,1,778,cluster00003,
75,Blattella-germanica-densovirus-1_taxid_220638.gbk,75,628,1,628,cluster00003,
76,Blattella-germanica-densovirus-1_taxid_220638.gbk,76,510,1,510,cluster00003,
87,Bombus-cryptarum-densovirus_taxid_2094261.gbk,87,677,1,677,cluster00003,
158,Culex-pipiens-densovirus_taxid_185638.gbk,158,730,1,730,cluster00003,
177,Diaphorina-citri-densovirus_taxid_1776153.gbk,177,588,1,588,cluster00003,
182,Diatraea-saccharalis-densovirus_taxid_72003.gbk,182,809,1,809,cluster00003,
183,Diatraea-saccharalis-densovirus_taxid_72003.gbk,183,532,1,532,cluster00003,
184,Diatraea-saccharalis-densovirus_taxid_72003.gbk,184,487,1,487,cluster00003,
185,Diatraea-saccharalis-densovirus_taxid_72003.gbk,185,438,1,438,cluster00003,
195,Dysaphis-plantaginea-densovirus_taxid_551224.gbk,195,617,1,617,cluster00003,
224,Galleria-mellonella-densovirus_taxid_37138.gbk,224,811,1,811,cluster00003,
225,Galleria-mellonella-densovirus_taxid_37138.gbk,225,535,1,535,cluster00003,
226,Galleria-mellonella-densovirus_taxid_37138.gbk,226,488,1,488,cluster00003,
227,Galleria-mellonella-densovirus_taxid_37138.gbk,227,437,1,437,cluster00003,
267,Junonia-coenia-densovirus_taxid_12524.gbk,267,810,1,810,cluster00003,
314,Mythimna-loreyi-densovirus_taxid_185636.gbk,314,811,1,811,cluster00003,
315,Mythimna-loreyi-densovirus_taxid_185636.gbk,315,535,1,535,cluster00003,
316,Mythimna-loreyi-densovirus_taxid_185636.gbk,316,488,1,488,cluster00003,
317,Mythimna-loreyi-densovirus_taxid_185636.gbk,317,439,1,439,cluster00003,
321,Myzus-persicae-densovirus_taxid_210016.gbk,321,619,1,619,cluster00003,
332,Parus-major-densovirus_taxid_1907771.gbk,332,593,1,593,cluster00003,
349,Periplaneta-fuliginosa-densovirus_taxid_97344.gbk,349,574,1,574,cluster00003,
359,Planococcus-citri-densovirus_taxid_159153.gbk,359,623,1,623,cluster00003,
422,Pseudoplusia-includens-densovirus_taxid_185637.gbk,422,805,1,805,cluster00003,
423,Pseudoplusia-includens-densovirus_taxid_185637.gbk,423,528,1,528,cluster00003,
424,Pseudoplusia-includens-densovirus_taxid_185637.gbk,424,483,1,483,cluster00003,
425,Pseudoplusia-includens-densovirus_taxid_185637.gbk,425,434,1,434,cluster00003,
490,Solenopsis-invicta-densovirus_taxid_1414671.gbk,490,567,1,567,cluster00003,
10,Adeno-associated-virus--1_taxid_85106.gbk,10,623,1,623,cluster00004,
12,Adeno-associated-virus--2_taxid_10804.gbk,12,536,1,536,cluster00004,
13,Adeno-associated-virus--2_taxid_10804.gbk,13,621,1,621,cluster00004,
14,Adeno-associated-virus--2_taxid_10804.gbk,14,312,1,312,cluster00004,
15,Adeno-associated-virus--2_taxid_10804.gbk,15,397,1,397,cluster00004,
21,Adeno-associated-virus--3_taxid_46350.gbk,21,624,1,624,cluster00004,
23,Adeno-associated-virus--4_taxid_57579.gbk,23,623,1,623,cluster00004,
25,Adeno-associated-virus--5_taxid_82300.gbk,25,610,1,610,cluster00004,
27,Adeno-associated-virus--7_taxid_202812.gbk,27,623,1,623,cluster00004,
29,Adeno-associated-virus--8_taxid_202813.gbk,29,625,1,625,cluster00004,
31,Adeno-associated-virus_taxid_272636.gbk,31,648,1,648,cluster00004,
39,Aleutian-mink-disease-virus_taxid_28314.gbk,39,590,1,590,cluster00004,
43,Amdoparvovirus-sp_taxid_1908805.gbk,43,595,1,595,cluster00004,
48,Artibeus-jamaicensis-parvovirus-1_taxid_1131485.gbk,48,625,1,625,cluster00004,
50,Avian-adeno-associated-virus-ATCC-VR-865_taxid_219704.gbk,50,662,1,662,cluster00004,
52,Avian-adeno-associated-virus-strain-DA-1_taxid_281492.gbk,52,663,1,663,cluster00004,
54,Bat-adeno-associated-virus-YNM_taxid_727962.gbk,54,613,1,613,cluster00004,
56,Bat-bocavirus-WM40_taxid_2259810.gbk,56,801,1,801,cluster00004,
60,Bat-bocavirus-XM30_taxid_2259811.gbk,60,741,1,741,cluster00004,
64,Bat-bocavirus_taxid_1329649.gbk,64,789,1,789,cluster00004,
68,Bearded-dragon-parvovirus_taxid_1670662.gbk,68,565,1,565,cluster00004,
77,Bocavirus-gorilla-GBoV1-2009_taxid_864686.gbk,77,804,1,804,cluster00004,
81,Bocavirus-pig-SX-China-2010_taxid_912967.gbk,81,636,1,636,cluster00004,
95,Bosavirus-MS-2016a_taxid_1917013.gbk,95,588,1,588,cluster00004,
97,Bovine-adeno-associated-virus_taxid_256548.gbk,97,610,1,610,cluster00004,
99,Bovine-hokovirus-1_taxid_494651.gbk,99,652,1,652,cluster00004,
102,Bovine-parvovirus--2_taxid_172296.gbk,102,537,1,537,cluster00004,
104,Bovine-parvovirus-1_taxid_365609.gbk,104,860,1,860,cluster00004,
105,Bovine-parvovirus-1_taxid_365609.gbk,105,577,1,577,cluster00004,
109,Bovine-parvovirus-3_taxid_172297.gbk,109,651,1,651,cluster00004,
111,Bovine-parvovirus_taxid_10784.gbk,111,726,1,726,cluster00004,
115,Bufavirus-3_taxid_1391667.gbk,115,673,1,673,cluster00004,
119,California-sea-lion-adeno-associated-virus-1_taxid_1073950.gbk,119,600,1,600,cluster00004,
121,California-sea-lion-bocavirus-1_taxid_1073959.gbk,121,793,1,793,cluster00004,
125,California-sea-lion-bocavirus-3_taxid_1073961.gbk,125,802,1,802,cluster00004,
129,Canine-bocavirus-1_taxid_1511885.gbk,129,648,1,648,cluster00004,
133,Canine-minute-virus_taxid_329639.gbk,133,716,1,716,cluster00004,
137,Canine-parvovirus_taxid_10788.gbk,137,668,1,668,cluster00004,
147,Chicken-parvovirus-ABU-P1_taxid_717641.gbk,147,694,1,694,cluster00004,
151,Chipmunk-parvovirus_taxid_56820.gbk,151,711,1,711,cluster00004,
159,Cutavirus_taxid_1867125.gbk,159,659,1,659,cluster00004,
186,Dromedary-camel-bocaparvovirus-1_taxid_2014603.gbk,186,697,1,697,cluster00004,
190,Dromedary-camel-bocaparvovirus-2_taxid_2014604.gbk,190,825,1,825,cluster00004,
197,Eidolon-helvum-bat-parvovirus_taxid_1131483.gbk,197,692,1,692,cluster00004,
201,Equine-parvovirus-H_taxid_2079554.gbk,201,593,1,593,cluster00004,
203,Eulipotyphla-protoparvovirus-1_taxid_2170148.gbk,203,639,1,639,cluster00004,
206,Feline-bocaparvovirus-2_taxid_1417756.gbk,206,797,1,797,cluster00004,
210,Feline-bocaparvovirus-3_taxid_2259807.gbk,210,796,1,796,cluster00004,
214,Feline-bocavirus_taxid_1174530.gbk,214,804,1,804,cluster00004,
228,Goose-parvovirus_taxid_38251.gbk,228,627,1,627,cluster00004,
232,Gray-fox-amdovirus_taxid_1093101.gbk,232,635,1,635,cluster00004,
240,Human-bocavirus-2c-PK_taxid_1511882.gbk,240,640,1,640,cluster00004,
244,Human-bocavirus-3_taxid_638313.gbk,244,661,1,661,cluster00004,
248,Human-bocavirus-4-NI_taxid_1511883.gbk,248,776,1,776,cluster00004,
249,Human-bocavirus-4-NI_taxid_1511883.gbk,249,640,1,640,cluster00004,
253,Human-erythrovirus-V9_taxid_72197.gbk,253,671,1,671,cluster00004,
259,Human-parvovirus-4-G1_taxid_1511919.gbk,259,663,1,663,cluster00004,
261,Human-parvovirus-B19_taxid_10798.gbk,261,671,1,671,cluster00004,
271,Lagomorph-bocaparvovirus-1_taxid_2169774.gbk,271,718,1,718,cluster00004,
274,Lupine-bocavirus_taxid_2017714.gbk,274,854,1,854,cluster00004,
277,Megabat-bufavirus-1_taxid_1756191.gbk,277,642,1,642,cluster00004,
280,Miniopterus-schreibersii-bat-bocavirus_taxid_1911554.gbk,280,891,1,891,cluster00004,
281,Miniopterus-schreibersii-bat-bocavirus_taxid_1911554.gbk,281,737,1,737,cluster00004,
285,Mink-bocavirus-1_taxid_2259808.gbk,285,811,1,811,cluster00004,
289,Minute-virus-of-mice_taxid_10794.gbk,289,721,1,721,cluster00004,
290,Minute-virus-of-mice_taxid_10794.gbk,290,672,1,672,cluster00004,
303,Muscovy-duck-parvovirus_taxid_37325.gbk,303,627,1,627,cluster00004,
307,Myotis-myotis-bocavirus-1_taxid_1195367.gbk,307,720,1,720,cluster00004,
323,Ovine-hokovirus_taxid_1096142.gbk,323,656,1,656,cluster00004,
337,Parvovirus-YX-2010-CHN_taxid_754189.gbk,337,679,1,679,cluster00004,
356,Pig-tailed-macaque-parvovirus_taxid_119755.gbk,356,672,1,672,cluster00004,
362,Porcine-bocavirus-1-pig-ZJD-China-2006_taxid_795694.gbk,362,703,1,703,cluster00004,
366,Porcine-bocavirus-3_taxid_1084715.gbk,366,667,1,667,cluster00004,
370,Porcine-bocavirus-4-1_taxid_1084717.gbk,370,667,1,667,cluster00004,
374,Porcine-bocavirus-5-JS677_taxid_1131622.gbk,374,667,1,667,cluster00004,
378,Porcine-bocavirus-H18_taxid_1511887.gbk,378,635,1,635,cluster00004,
382,Porcine-bocavirus_taxid_1165907.gbk,382,667,1,667,cluster00004,
386,Porcine-hokovirus_taxid_494652.gbk,386,636,1,636,cluster00004,
389,Porcine-partetravirus_taxid_1208310.gbk,389,636,1,636,cluster00004,
392,Porcine-parvovirus-2_taxid_1126383.gbk,392,661,1,661,cluster00004,
394,Porcine-parvovirus-4_taxid_707546.gbk,394,598,1,598,cluster00004,
397,Porcine-parvovirus-5_taxid_1241957.gbk,397,601,1,601,cluster00004,
399,Porcine-parvovirus-6_taxid_1472911.gbk,399,662,1,662,cluster00004,
404,Porcine-parvovirus_taxid_10796.gbk,404,662,1,662,cluster00004,
409,Primate-bocaparvovirus-1_taxid_1511871.gbk,409,639,1,639,cluster00004,
413,Primate-protoparvovirus-1_taxid_1511907.gbk,413,671,1,671,cluster00004,
417,Protoparvovirus-Zsana-2013-HUN_taxid_1755694.gbk,417,610,1,610,cluster00004,
426,Raccoon-dog-amdovirus_taxid_1513315.gbk,426,641,1,641,cluster00004,
431,Rat-bocavirus_taxid_1788315.gbk,431,758,1,758,cluster00004,
432,Rat-bocavirus_taxid_1788315.gbk,432,644,1,644,cluster00004,
436,Rat-bufavirus-SY-2015_taxid_1763507.gbk,436,644,1,644,cluster00004,
440,Rat-parvovirus-1_taxid_74581.gbk,440,671,1,671,cluster00004,
441,Red-crowned-crane-parvovirus_taxid_2079601.gbk,441,680,1,680,cluster00004,
445,Red-crowned-crane-parvovirus_taxid_2079601.gbk,445,680,1,680,cluster00004,
449,Rhesus-macaque-parvovirus_taxid_119756.gbk,449,683,1,683,cluster00004,
451,Rhinolophus-pusillus-bocaparvovirus-1_taxid_2053079.gbk,451,624,1,624,cluster00004,
454,Rhinolophus-pusillus-bocaparvovirus-2_taxid_2053080.gbk,454,681,1,681,cluster00004,
457,Rhinolophus-sinicus-bocaparvovirus_taxid_1911555.gbk,457,737,1,737,cluster00004,
458,Rhinolophus-sinicus-bocaparvovirus_taxid_1911555.gbk,458,685,1,685,cluster00004,
462,Rousettus-leschenaultii-bocaparvovirus-1_taxid_2053082.gbk,462,793,1,793,cluster00004,
465,Sea-otter-parvovirus-1_taxid_1882382.gbk,465,658,1,658,cluster00004,
470,Sesavirus-CSL10538_taxid_1519097.gbk,470,553,1,553,cluster00004,
475,Simian-parvovirus_taxid_31598.gbk,475,687,1,687,cluster00004,
478,Skunk-amdoparvovirus_taxid_1961072.gbk,478,641,1,641,cluster00004,
483,Slow-loris-parvovirus-1_taxid_1581151.gbk,483,582,1,582,cluster00004,
485,Snake-adeno-associated-virus_taxid_252602.gbk,485,562,1,562,cluster00004,
492,Tetraparvovirus-sp_taxid_1908804.gbk,492,650,1,650,cluster00004,
498,Turkey-parvovirus-260_taxid_740934.gbk,498,694,1,694,cluster00004,
502,Ungulate-bocaparvovirus-6_taxid_1864484.gbk,502,857,1,857,cluster00004,
504,Ungulate-tetraparvovirus-1_taxid_1511914.gbk,504,652,1,652,cluster00004,
507,Ungulate-tetraparvovirus-3_taxid_1511916.gbk,507,661,1,661,cluster00004,
509,Wuharv-parvovirus-1_taxid_1245561.gbk,509,665,1,665,cluster00004,
11,Adeno-associated-virus--1_taxid_85106.gbk,11,736,1,736,cluster00005,
16,Adeno-associated-virus--2_taxid_10804.gbk,16,735,1,735,cluster00005,
17,Adeno-associated-virus--2_taxid_10804.gbk,17,598,1,598,cluster00005,
19,Adeno-associated-virus--2_taxid_10804.gbk,19,533,1,533,cluster00005,
22,Adeno-associated-virus--3_taxid_46350.gbk,22,736,1,736,cluster00005,
24,Adeno-associated-virus--4_taxid_57579.gbk,24,734,1,734,cluster00005,
26,Adeno-associated-virus--5_taxid_82300.gbk,26,724,1,724,cluster00005,
28,Adeno-associated-virus--7_taxid_202812.gbk,28,737,1,737,cluster00005,
30,Adeno-associated-virus--8_taxid_202813.gbk,30,738,1,738,cluster00005,
32,Adeno-associated-virus_taxid_272636.gbk,32,738,1,738,cluster00005,
42,Aleutian-mink-disease-virus_taxid_28314.gbk,42,647,1,647,cluster00005,
44,Amdoparvovirus-sp_taxid_1908805.gbk,44,647,1,647,cluster00005,
49,Artibeus-jamaicensis-parvovirus-1_taxid_1131485.gbk,49,876,1,876,cluster00005,
51,Avian-adeno-associated-virus-ATCC-VR-865_taxid_219704.gbk,51,743,1,743,cluster00005,
53,Avian-adeno-associated-virus-strain-DA-1_taxid_281492.gbk,53,738,1,738,cluster00005,
55,Bat-adeno-associated-virus-YNM_taxid_727962.gbk,55,724,1,724,cluster00005,
58,Bat-bocavirus-WM40_taxid_2259810.gbk,58,704,1,704,cluster00005,
59,Bat-bocavirus-WM40_taxid_2259810.gbk,59,572,1,572,cluster00005,
62,Bat-bocavirus-XM30_taxid_2259811.gbk,62,702,1,702,cluster00005,
63,Bat-bocavirus-XM30_taxid_2259811.gbk,63,570,1,570,cluster00005,
66,Bat-bocavirus_taxid_1329649.gbk,66,693,1,693,cluster00005,
67,Bat-bocavirus_taxid_1329649.gbk,67,563,1,563,cluster00005,
69,Bearded-dragon-parvovirus_taxid_1670662.gbk,69,725,1,725,cluster00005,
79,Bocavirus-gorilla-GBoV1-2009_taxid_864686.gbk,79,671,1,671,cluster00005,
80,Bocavirus-gorilla-GBoV1-2009_taxid_864686.gbk,80,542,1,542,cluster00005,
83,Bocavirus-pig-SX-China-2010_taxid_912967.gbk,83,623,1,623,cluster00005,
84,Bocavirus-pig-SX-China-2010_taxid_912967.gbk,84,554,1,554,cluster00005,
96,Bosavirus-MS-2016a_taxid_1917013.gbk,96,1035,1,1035,cluster00005,
98,Bovine-adeno-associated-virus_taxid_256548.gbk,98,736,1,736,cluster00005,
100,Bovine-hokovirus-1_taxid_494651.gbk,100,931,1,931,cluster00005,
101,Bovine-hokovirus-1_taxid_494651.gbk,101,553,1,553,cluster00005,
103,Bovine-parvovirus--2_taxid_172296.gbk,103,1038,1,1038,cluster00005,
107,Bovine-parvovirus-1_taxid_365609.gbk,107,673,1,673,cluster00005,
108,Bovine-parvovirus-1_taxid_365609.gbk,108,536,1,536,cluster00005,
110,Bovine-parvovirus-3_taxid_172297.gbk,110,947,1,947,cluster00005,
113,Bovine-parvovirus_taxid_10784.gbk,113,673,1,673,cluster00005,
114,Bovine-parvovirus_taxid_10784.gbk,114,536,1,536,cluster00005,
116,Bufavirus-3_taxid_1391667.gbk,116,710,1,710,cluster00005,
118,Bufavirus-3_taxid_1391667.gbk,118,572,1,572,cluster00005,
120,California-sea-lion-adeno-associated-virus-1_taxid_1073950.gbk,120,718,1,718,cluster00005,
123,California-sea-lion-bocavirus-1_taxid_1073959.gbk,123,719,1,719,cluster00005,
124,California-sea-lion-bocavirus-1_taxid_1073959.gbk,124,581,1,581,cluster00005,
127,California-sea-lion-bocavirus-3_taxid_1073961.gbk,127,719,1,719,cluster00005,
128,California-sea-lion-bocavirus-3_taxid_1073961.gbk,128,581,1,581,cluster00005,
131,Canine-bocavirus-1_taxid_1511885.gbk,131,712,1,712,cluster00005,
132,Canine-bocavirus-1_taxid_1511885.gbk,132,574,1,574,cluster00005,
135,Canine-minute-virus_taxid_329639.gbk,135,703,1,703,cluster00005,
136,Canine-minute-virus_taxid_329639.gbk,136,571,1,571,cluster00005,
138,Canine-parvovirus_taxid_10788.gbk,138,751,1,751,cluster00005,
149,Chicken-parvovirus-ABU-P1_taxid_717641.gbk,149,675,1,675,cluster00005,
150,Chicken-parvovirus-ABU-P1_taxid_717641.gbk,150,536,1,536,cluster00005,
153,Chipmunk-parvovirus_taxid_56820.gbk,153,829,1,829,cluster00005,
154,Chipmunk-parvovirus_taxid_56820.gbk,154,558,1,558,cluster00005,
160,Cutavirus_taxid_1867125.gbk,160,707,1,707,cluster00005,
162,Cutavirus_taxid_1867125.gbk,162,569,1,569,cluster00005,
188,Dromedary-camel-bocaparvovirus-1_taxid_2014603.gbk,188,680,1,680,cluster00005,
189,Dromedary-camel-bocaparvovirus-1_taxid_2014603.gbk,189,535,1,535,cluster00005,
192,Dromedary-camel-bocaparvovirus-2_taxid_2014604.gbk,192,533,1,533,cluster00005,
198,Eidolon-helvum-bat-parvovirus_taxid_1131483.gbk,198,919,1,919,cluster00005,
200,Eidolon-helvum-bat-parvovirus_taxid_1131483.gbk,200,544,1,544,cluster00005,
202,Equine-parvovirus-H_taxid_2079554.gbk,202,974,1,974,cluster00005,
204,Eulipotyphla-protoparvovirus-1_taxid_2170148.gbk,204,728,1,728,cluster00005,
205,Eulipotyphla-protoparvovirus-1_taxid_2170148.gbk,205,587,1,587,cluster00005,
208,Feline-bocaparvovirus-2_taxid_1417756.gbk,208,719,1,719,cluster00005,
209,Feline-bocaparvovirus-2_taxid_1417756.gbk,209,578,1,578,cluster00005,
212,Feline-bocaparvovirus-3_taxid_2259807.gbk,212,711,1,711,cluster00005,
213,Feline-bocaparvovirus-3_taxid_2259807.gbk,213,571,1,571,cluster00005,
216,Feline-bocavirus_taxid_1174530.gbk,216,712,1,712,cluster00005,
217,Feline-bocavirus_taxid_1174530.gbk,217,572,1,572,cluster00005,
229,Goose-parvovirus_taxid_38251.gbk,229,732,1,732,cluster00005,
230,Goose-parvovirus_taxid_38251.gbk,230,587,1,587,cluster00005,
231,Goose-parvovirus_taxid_38251.gbk,231,534,1,534,cluster00005,
235,Gray-fox-amdovirus_taxid_1093101.gbk,235,674,1,674,cluster00005,
236,Gray-fox-amdovirus_taxid_1093101.gbk,236,630,1,630,cluster00005,
242,Human-bocavirus-2c-PK_taxid_1511882.gbk,242,667,1,667,cluster00005,
243,Human-bocavirus-2c-PK_taxid_1511882.gbk,243,538,1,538,cluster00005,
246,Human-bocavirus-3_taxid_638313.gbk,246,668,1,668,cluster00005,
247,Human-bocavirus-3_taxid_638313.gbk,247,539,1,539,cluster00005,
251,Human-bocavirus-4-NI_taxid_1511883.gbk,251,670,1,670,cluster00005,
252,Human-bocavirus-4-NI_taxid_1511883.gbk,252,541,1,541,cluster00005,
255,Human-erythrovirus-V9_taxid_72197.gbk,255,781,1,781,cluster00005,
257,Human-erythrovirus-V9_taxid_72197.gbk,257,554,1,554,cluster00005,
260,Human-parvovirus-4-G1_taxid_1511919.gbk,260,914,1,914,cluster00005,
263,Human-parvovirus-B19_taxid_10798.gbk,263,781,1,781,cluster00005,
265,Human-parvovirus-B19_taxid_10798.gbk,265,554,1,554,cluster00005,
273,Lagomorph-bocaparvovirus-1_taxid_2169774.gbk,273,724,1,724,cluster00005,
276,Lupine-bocavirus_taxid_2017714.gbk,276,695,1,695,cluster00005,
278,Megabat-bufavirus-1_taxid_1756191.gbk,278,719,1,719,cluster00005,
279,Megabat-bufavirus-1_taxid_1756191.gbk,279,578,1,578,cluster00005,
283,Miniopterus-schreibersii-bat-bocavirus_taxid_1911554.gbk,283,682,1,682,cluster00005,
284,Miniopterus-schreibersii-bat-bocavirus_taxid_1911554.gbk,284,557,1,557,cluster00005,
287,Mink-bocavirus-1_taxid_2259808.gbk,287,716,1,716,cluster00005,
288,Mink-bocavirus-1_taxid_2259808.gbk,288,577,1,577,cluster00005,
291,Minute-virus-of-mice_taxid_10794.gbk,291,729,1,729,cluster00005,
295,Minute-virus-of-mice_taxid_10794.gbk,295,587,1,587,cluster00005,
304,Muscovy-duck-parvovirus_taxid_37325.gbk,304,732,1,732,cluster00005,
305,Muscovy-duck-parvovirus_taxid_37325.gbk,305,587,1,587,cluster00005,
306,Muscovy-duck-parvovirus_taxid_37325.gbk,306,534,1,534,cluster00005,
309,Myotis-myotis-bocavirus-1_taxid_1195367.gbk,309,659,1,659,cluster00005,
310,Myotis-myotis-bocavirus-1_taxid_1195367.gbk,310,536,1,536,cluster00005,
324,Ovine-hokovirus_taxid_1096142.gbk,324,933,1,933,cluster00005,
325,Ovine-hokovirus_taxid_1096142.gbk,325,551,1,551,cluster00005,
338,Parvovirus-YX-2010-CHN_taxid_754189.gbk,338,1032,1,1032,cluster00005,
357,Pig-tailed-macaque-parvovirus_taxid_119755.gbk,357,785,1,785,cluster00005,
364,Porcine-bocavirus-1-pig-ZJD-China-2006_taxid_795694.gbk,364,705,1,705,cluster00005,
365,Porcine-bocavirus-1-pig-ZJD-China-2006_taxid_795694.gbk,365,567,1,567,cluster00005,
368,Porcine-bocavirus-3_taxid_1084715.gbk,368,683,1,683,cluster00005,
369,Porcine-bocavirus-3_taxid_1084715.gbk,369,547,1,547,cluster00005,
372,Porcine-bocavirus-4-1_taxid_1084717.gbk,372,684,1,684,cluster00005,
373,Porcine-bocavirus-4-1_taxid_1084717.gbk,373,548,1,548,cluster00005,
376,Porcine-bocavirus-5-JS677_taxid_1131622.gbk,376,684,1,684,cluster00005,
377,Porcine-bocavirus-5-JS677_taxid_1131622.gbk,377,548,1,548,cluster00005,
380,Porcine-bocavirus-H18_taxid_1511887.gbk,380,620,1,620,cluster00005,
381,Porcine-bocavirus-H18_taxid_1511887.gbk,381,551,1,551,cluster00005,
384,Porcine-bocavirus_taxid_1165907.gbk,384,682,1,682,cluster00005,
385,Porcine-bocavirus_taxid_1165907.gbk,385,546,1,546,cluster00005,
387,Porcine-hokovirus_taxid_494652.gbk,387,925,1,925,cluster00005,
388,Porcine-hokovirus_taxid_494652.gbk,388,555,1,555,cluster00005,
390,Porcine-partetravirus_taxid_1208310.gbk,390,925,1,925,cluster00005,
391,Porcine-partetravirus_taxid_1208310.gbk,391,555,1,555,cluster00005,
393,Porcine-parvovirus-2_taxid_1126383.gbk,393,1032,1,1032,cluster00005,
396,Porcine-parvovirus-4_taxid_707546.gbk,396,728,1,728,cluster00005,
398,Porcine-parvovirus-5_taxid_1241957.gbk,398,991,1,991,cluster00005,
400,Porcine-parvovirus-6_taxid_1472911.gbk,400,1189,1,1189,cluster00005,
406,Porcine-parvovirus_taxid_10796.gbk,406,729,1,729,cluster00005,
407,Porcine-parvovirus_taxid_10796.gbk,407,579,1,579,cluster00005,
411,Primate-bocaparvovirus-1_taxid_1511871.gbk,411,671,1,671,cluster00005,
412,Primate-bocaparvovirus-1_taxid_1511871.gbk,412,542,1,542,cluster00005,
414,Primate-protoparvovirus-1_taxid_1511907.gbk,414,707,1,707,cluster00005,
416,Primate-protoparvovirus-1_taxid_1511907.gbk,416,569,1,569,cluster00005,
429,Raccoon-dog-amdovirus_taxid_1513315.gbk,429,679,1,679,cluster00005,
430,Raccoon-dog-amdovirus_taxid_1513315.gbk,430,636,1,636,cluster00005,
434,Rat-bocavirus_taxid_1788315.gbk,434,702,1,702,cluster00005,
435,Rat-bocavirus_taxid_1788315.gbk,435,567,1,567,cluster00005,
437,Rat-bufavirus-SY-2015_taxid_1763507.gbk,437,726,1,726,cluster00005,
438,Rat-bufavirus-SY-2015_taxid_1763507.gbk,438,585,1,585,cluster00005,
443,Red-crowned-crane-parvovirus_taxid_2079601.gbk,443,672,1,672,cluster00005,
444,Red-crowned-crane-parvovirus_taxid_2079601.gbk,444,531,1,531,cluster00005,
447,Red-crowned-crane-parvovirus_taxid_2079601.gbk,447,672,1,672,cluster00005,
448,Red-crowned-crane-parvovirus_taxid_2079601.gbk,448,531,1,531,cluster00005,
450,Rhesus-macaque-parvovirus_taxid_119756.gbk,450,820,1,820,cluster00005,
453,Rhinolophus-pusillus-bocaparvovirus-1_taxid_2053079.gbk,453,681,1,681,cluster00005,
456,Rhinolophus-pusillus-bocaparvovirus-2_taxid_2053080.gbk,456,685,1,685,cluster00005,
460,Rhinolophus-sinicus-bocaparvovirus_taxid_1911555.gbk,460,682,1,682,cluster00005,
461,Rhinolophus-sinicus-bocaparvovirus_taxid_1911555.gbk,461,557,1,557,cluster00005,
464,Rousettus-leschenaultii-bocaparvovirus-1_taxid_2053082.gbk,464,690,1,690,cluster00005,
466,Sea-otter-parvovirus-1_taxid_1882382.gbk,466,716,1,716,cluster00005,
467,Sea-otter-parvovirus-1_taxid_1882382.gbk,467,573,1,573,cluster00005,
471,Sesavirus-CSL10538_taxid_1519097.gbk,471,964,1,964,cluster00005,
476,Simian-parvovirus_taxid_31598.gbk,476,818,1,818,cluster00005,
477,Simian-parvovirus_taxid_31598.gbk,477,556,1,556,cluster00005,
481,Skunk-amdoparvovirus_taxid_1961072.gbk,481,677,1,677,cluster00005,
482,Skunk-amdoparvovirus_taxid_1961072.gbk,482,634,1,634,cluster00005,
484,Slow-loris-parvovirus-1_taxid_1581151.gbk,484,822,1,822,cluster00005,
486,Snake-adeno-associated-virus_taxid_252602.gbk,486,726,1,726,cluster00005,
493,Tetraparvovirus-sp_taxid_1908804.gbk,493,933,1,933,cluster00005,
496,Turkey-parvovirus-1078_taxid_740933.gbk,496,677,1,677,cluster00005,
497,Turkey-parvovirus-1078_taxid_740933.gbk,497,535,1,535,cluster00005,
500,Turkey-parvovirus-260_taxid_740934.gbk,500,675,1,675,cluster00005,
501,Turkey-parvovirus-260_taxid_740934.gbk,501,536,1,536,cluster00005,
503,Ungulate-bocaparvovirus-6_taxid_1864484.gbk,503,654,1,654,cluster00005,
505,Ungulate-tetraparvovirus-1_taxid_1511914.gbk,505,931,1,931,cluster00005,
506,Ungulate-tetraparvovirus-1_taxid_1511914.gbk,506,553,1,553,cluster00005,
508,Ungulate-tetraparvovirus-3_taxid_1511916.gbk,508,1032,1,1032,cluster00005,
510,Wuharv-parvovirus-1_taxid_1245561.gbk,510,737,1,737,cluster00005,
33,Aedes-aegypti-densovirus-2_taxid_1513196.gbk,33,849,1,849,cluster00006,
36,Aedes-albopictus-densovirus-2_taxid_1513199.gbk,36,805,1,805,cluster00006,
45,Anopheles-gambiae-densovirus_taxid_487311.gbk,45,791,1,791,cluster00006,
168,Decapod-penstyldensovirus-1_taxid_1513224.gbk,168,666,1,666,cluster00006,
296,Mosquito-densovirus-BR-07_taxid_945962.gbk,296,849,1,849,cluster00006,
345,Penaeus-stylirostris-penstyldensovirus-1_taxid_1513225.gbk,345,768,1,768,cluster00006,
34,Aedes-aegypti-densovirus-2_taxid_1513196.gbk,34,362,1,362,cluster00007,
37,Aedes-albopictus-densovirus-2_taxid_1513199.gbk,37,372,1,372,cluster00007,
46,Anopheles-gambiae-densovirus_taxid_487311.gbk,46,383,1,383,cluster00007,
297,Mosquito-densovirus-BR-07_taxid_945962.gbk,297,362,1,362,cluster00007,
35,Aedes-aegypti-densovirus-2_taxid_1513196.gbk,35,358,1,358,cluster00008,
38,Aedes-albopictus-densovirus-2_taxid_1513199.gbk,38,363,1,363,cluster00008,
47,Anopheles-gambiae-densovirus_taxid_487311.gbk,47,356,1,356,cluster00008,
298,Mosquito-densovirus-BR-07_taxid_945962.gbk,298,358,1,358,cluster00008,
57,Bat-bocavirus-WM40_taxid_2259810.gbk,57,201,1,201,cluster00009,
61,Bat-bocavirus-XM30_taxid_2259811.gbk,61,198,1,198,cluster00009,
65,Bat-bocavirus_taxid_1329649.gbk,65,194,1,194,cluster00009,
78,Bocavirus-gorilla-GBoV1-2009_taxid_864686.gbk,78,219,1,219,cluster00009,
82,Bocavirus-pig-SX-China-2010_taxid_912967.gbk,82,218,1,218,cluster00009,
106,Bovine-parvovirus-1_taxid_365609.gbk,106,213,1,213,cluster00009,
112,Bovine-parvovirus_taxid_10784.gbk,112,213,1,213,cluster00009,
122,California-sea-lion-bocavirus-1_taxid_1073959.gbk,122,193,1,193,cluster00009,
126,California-sea-lion-bocavirus-3_taxid_1073961.gbk,126,193,1,193,cluster00009,
130,Canine-bocavirus-1_taxid_1511885.gbk,130,195,1,195,cluster00009,
134,Canine-minute-virus_taxid_329639.gbk,134,186,1,186,cluster00009,
187,Dromedary-camel-bocaparvovirus-1_taxid_2014603.gbk,187,219,1,219,cluster00009,
191,Dromedary-camel-bocaparvovirus-2_taxid_2014604.gbk,191,173,1,173,cluster00009,
207,Feline-bocaparvovirus-2_taxid_1417756.gbk,207,229,1,229,cluster00009,
211,Feline-bocaparvovirus-3_taxid_2259807.gbk,211,228,1,228,cluster00009,
215,Feline-bocavirus_taxid_1174530.gbk,215,218,1,218,cluster00009,
241,Human-bocavirus-2c-PK_taxid_1511882.gbk,241,214,1,214,cluster00009,
245,Human-bocavirus-3_taxid_638313.gbk,245,218,1,218,cluster00009,
250,Human-bocavirus-4-NI_taxid_1511883.gbk,250,214,1,214,cluster00009,
272,Lagomorph-bocaparvovirus-1_taxid_2169774.gbk,272,204,1,204,cluster00009,
275,Lupine-bocavirus_taxid_2017714.gbk,275,246,1,246,cluster00009,
282,Miniopterus-schreibersii-bat-bocavirus_taxid_1911554.gbk,282,191,1,191,cluster00009,
286,Mink-bocavirus-1_taxid_2259808.gbk,286,213,1,213,cluster00009,
308,Myotis-myotis-bocavirus-1_taxid_1195367.gbk,308,167,1,167,cluster00009,
363,Porcine-bocavirus-1-pig-ZJD-China-2006_taxid_795694.gbk,363,228,1,228,cluster00009,
367,Porcine-bocavirus-3_taxid_1084715.gbk,367,226,1,226,cluster00009,
371,Porcine-bocavirus-4-1_taxid_1084717.gbk,371,226,1,226,cluster00009,
375,Porcine-bocavirus-5-JS677_taxid_1131622.gbk,375,224,1,224,cluster00009,
379,Porcine-bocavirus-H18_taxid_1511887.gbk,379,218,1,218,cluster00009,
383,Porcine-bocavirus_taxid_1165907.gbk,383,226,1,226,cluster00009,
410,Primate-bocaparvovirus-1_taxid_1511871.gbk,410,219,1,219,cluster00009,
433,Rat-bocavirus_taxid_1788315.gbk,433,195,1,195,cluster00009,
452,Rhinolophus-pusillus-bocaparvovirus-1_taxid_2053079.gbk,452,199,1,199,cluster00009,
455,Rhinolophus-pusillus-bocaparvovirus-2_taxid_2053080.gbk,455,195,1,195,cluster00009,
459,Rhinolophus-sinicus-bocaparvovirus_taxid_1911555.gbk,459,191,1,191,cluster00009,
463,Rousettus-leschenaultii-bocaparvovirus-1_taxid_2053082.gbk,463,205,1,205,cluster00009,
73,Blattella-germanica-densovirus-1_taxid_220638.gbk,73,262,1,262,cluster00010,
331,Parus-major-densovirus_taxid_1907771.gbk,331,265,1,265,cluster00010,
353,Periplaneta-fuliginosa-densovirus_taxid_97344.gbk,353,265,1,265,cluster00010,
89,Bombyx-mori-densovirus-1_taxid_46253.gbk,89,451,1,451,cluster00011,
92,Bombyx-mori-densovirus-5_taxid_125788.gbk,92,451,1,451,cluster00011,
141,Casphalia-extranea-densovirus_taxid_180586.gbk,141,452,1,452,cluster00011,
165,Danaus-plexippus-plexippus-iteravirus_taxid_1469956.gbk,165,451,1,451,cluster00011,
171,Dendrolimus-punctatus-densovirus_taxid_292208.gbk,171,453,1,453,cluster00011,
327,Papilio-polyxenes-densovirus_taxid_1221208.gbk,327,455,1,455,cluster00011,
473,Sibine-fusca-densovirus_taxid_1217821.gbk,473,452,1,452,cluster00011,
90,Bombyx-mori-densovirus-1_taxid_46253.gbk,90,672,1,672,cluster00012,
94,Bombyx-mori-densovirus-5_taxid_125788.gbk,94,672,1,672,cluster00012,
142,Casphalia-extranea-densovirus_taxid_180586.gbk,142,678,1,678,cluster00012,
166,Danaus-plexippus-plexippus-iteravirus_taxid_1469956.gbk,166,677,1,677,cluster00012,
172,Dendrolimus-punctatus-densovirus_taxid_292208.gbk,172,668,1,668,cluster00012,
239,Helicoverpa-armigera-densovirus_taxid_1045778.gbk,239,659,1,659,cluster00012,
328,Papilio-polyxenes-densovirus_taxid_1221208.gbk,328,673,1,673,cluster00012,
474,Sibine-fusca-densovirus_taxid_1217821.gbk,474,681,1,681,cluster00012,
117,Bufavirus-3_taxid_1391667.gbk,117,130,1,130,cluster00013,
161,Cutavirus_taxid_1867125.gbk,161,111,1,111,cluster00013,
415,Primate-protoparvovirus-1_taxid_1511907.gbk,415,130,1,130,cluster00013,
148,Chicken-parvovirus-ABU-P1_taxid_717641.gbk,148,101,1,101,cluster00014,
442,Red-crowned-crane-parvovirus_taxid_2079601.gbk,442,161,1,161,cluster00014,
446,Red-crowned-crane-parvovirus_taxid_2079601.gbk,446,161,1,161,cluster00014,
495,Turkey-parvovirus-1078_taxid_740933.gbk,495,102,1,102,cluster00014,
499,Turkey-parvovirus-260_taxid_740934.gbk,499,101,1,101,cluster00014,
173,Desmodus-rotundus-parvovirus_taxid_1926498.gbk,173,668,1,668,cluster00015,
300,Mouse-kidney-parvovirus_taxid_2316143.gbk,300,659,1,659,cluster00015,
401,Porcine-parvovirus-7_taxid_1820046.gbk,401,672,1,672,cluster00015,
174,Desmodus-rotundus-parvovirus_taxid_1926498.gbk,174,484,1,484,cluster00016,
302,Mouse-kidney-parvovirus_taxid_2316143.gbk,302,496,1,496,cluster00016,
402,Porcine-parvovirus-7_taxid_1820046.gbk,402,474,1,474,cluster00016,
179,Diatraea-saccharalis-densovirus_taxid_72003.gbk,179,202,1,202,cluster00017,
221,Galleria-mellonella-densovirus_taxid_37138.gbk,221,232,1,232,cluster00017,
270,Junonia-coenia-densovirus_taxid_12524.gbk,270,186,1,186,cluster00017,
311,Mythimna-loreyi-densovirus_taxid_185636.gbk,311,231,1,231,cluster00017,
419,Pseudoplusia-includens-densovirus_taxid_185637.gbk,419,233,1,233,cluster00017,
218,Fenneropenaeus-chinensis-hepandensovirus_taxid_797418.gbk,218,427,1,427,cluster00018,
339,Penaeus-monodon-hepandensovirus-1_taxid_1513204.gbk,339,428,1,428,cluster00018,
342,Penaeus-monodon-hepandensovirus-4_taxid_1513208.gbk,342,426,1,426,cluster00018,
219,Fenneropenaeus-chinensis-hepandensovirus_taxid_797418.gbk,219,578,1,578,cluster00019,
340,Penaeus-monodon-hepandensovirus-1_taxid_1513204.gbk,340,579,1,579,cluster00019,
343,Penaeus-monodon-hepandensovirus-4_taxid_1513208.gbk,343,577,1,577,cluster00019,
220,Fenneropenaeus-chinensis-hepandensovirus_taxid_797418.gbk,220,435,1,435,cluster00020,
341,Penaeus-monodon-hepandensovirus-1_taxid_1513204.gbk,341,818,1,818,cluster00020,
344,Penaeus-monodon-hepandensovirus-4_taxid_1513208.gbk,344,819,1,819,cluster00020,
233,Gray-fox-amdovirus_taxid_1093101.gbk,233,115,1,115,cluster00021,
427,Raccoon-dog-amdovirus_taxid_1513315.gbk,427,114,1,114,cluster00021,
479,Skunk-amdoparvovirus_taxid_1961072.gbk,479,114,1,114,cluster00021,
3,Acheta-domestica-densovirus_taxid_185639.gbk,3,286,1,286,cluster00022,
353,Periplaneta-fuliginosa-densovirus_taxid_97344.gbk,353,265,1,265,cluster00022,
5,Acheta-domestica-densovirus_taxid_185639.gbk,5,268,1,268,cluster00023,
348,Periplaneta-fuliginosa-densovirus_taxid_97344.gbk,348,242,1,242,cluster00023,
18,Adeno-associated-virus--2_taxid_10804.gbk,18,204,1,204,cluster00024,
70,Bearded-dragon-parvovirus_taxid_1670662.gbk,70,177,1,177,cluster00024,
71,Blattella-germanica-densovirus-1_taxid_220638.gbk,71,216,1,216,cluster00025,
329,Parus-major-densovirus_taxid_1907771.gbk,329,170,1,170,cluster00025,
71,Blattella-germanica-densovirus-1_taxid_220638.gbk,71,216,1,216,cluster00026,
354,Periplaneta-fuliginosa-densovirus_taxid_97344.gbk,354,275,1,275,cluster00026,
145,Cherax-quadricarinatus-densovirus_taxid_1642018.gbk,145,305,1,305,cluster00027,
353,Periplaneta-fuliginosa-densovirus_taxid_97344.gbk,353,265,1,265,cluster00027,
146,Cherax-quadricarinatus-densovirus_taxid_1642018.gbk,146,944,1,944,cluster00028,
332,Parus-major-densovirus_taxid_1907771.gbk,332,593,1,593,cluster00028,
146,Cherax-quadricarinatus-densovirus_taxid_1642018.gbk,146,944,1,944,cluster00029,
468,Sea-star-associated-densovirus_taxid_1979755.gbk,468,922,1,922,cluster00029,
167,Decapod-penstyldensovirus-1_taxid_1513224.gbk,167,363,1,363,cluster00030,
346,Penaeus-stylirostris-penstyldensovirus-1_taxid_1513225.gbk,346,363,1,363,cluster00030,
169,Decapod-penstyldensovirus-1_taxid_1513224.gbk,169,329,1,329,cluster00031,
347,Penaeus-stylirostris-penstyldensovirus-1_taxid_1513225.gbk,347,329,1,329,cluster00031,
178,Diaphorina-citri-densovirus_taxid_1776153.gbk,178,205,1,205,cluster00032,
196,Dysaphis-plantaginea-densovirus_taxid_551224.gbk,196,189,1,189,cluster00032,
196,Dysaphis-plantaginea-densovirus_taxid_551224.gbk,196,189,1,189,cluster00033,
322,Myzus-persicae-densovirus_taxid_210016.gbk,322,193,1,193,cluster00033,
234,Gray-fox-amdovirus_taxid_1093101.gbk,234,80,1,80,cluster00034,
480,Skunk-amdoparvovirus_taxid_1961072.gbk,480,71,1,71,cluster00034,
254,Human-erythrovirus-V9_taxid_72197.gbk,254,74,1,74,cluster00035,
262,Human-parvovirus-B19_taxid_10798.gbk,262,74,1,74,cluster00035,
256,Human-erythrovirus-V9_taxid_72197.gbk,256,81,1,81,cluster00036,
264,Human-parvovirus-B19_taxid_10798.gbk,264,81,1,81,cluster00036,
258,Human-erythrovirus-V9_taxid_72197.gbk,258,103,1,103,cluster00037,
266,Human-parvovirus-B19_taxid_10798.gbk,266,94,1,94,cluster00037,
403,Porcine-parvovirus_taxid_10796.gbk,403,107,1,107,cluster00038,
405,Porcine-parvovirus_taxid_10796.gbk,405,161,1,161,cluster00038,
439,Rat-parvovirus-1_taxid_74581.gbk,439,187,1,187,cluster00038,
428,Raccoon-dog-amdovirus_taxid_1513315.gbk,428,66,1,66,cluster00039,
480,Skunk-amdoparvovirus_taxid_1961072.gbk,480,71,1,71,cluster00039,
1,Acheta-domestica-densovirus_taxid_185639.gbk,1,213,1,213,,
6,Acheta-domestica-mini-ambidensovirus_taxid_1404345.gbk,6,221,1,221,,
8,Acheta-domestica-mini-ambidensovirus_taxid_1404345.gbk,8,222,1,222,,
20,Adeno-associated-virus--2_taxid_10804.gbk,20,155,1,155,,
40,Aleutian-mink-disease-virus_taxid_28314.gbk,40,74,1,74,,
41,Aleutian-mink-disease-virus_taxid_28314.gbk,41,72,1,72,,
86,Bombus-cryptarum-densovirus_taxid_2094261.gbk,86,276,1,276,,
93,Bombyx-mori-densovirus-5_taxid_125788.gbk,93,163,1,163,,
139,Canine-parvovirus_taxid_10788.gbk,139,67,1,67,,
143,Cherax-quadricarinatus-densovirus_taxid_1642018.gbk,143,303,1,303,,
152,Chipmunk-parvovirus_taxid_56820.gbk,152,143,1,143,,
155,Culex-pipiens-densovirus_taxid_185638.gbk,155,120,1,120,,
163,Cutavirus_taxid_1867125.gbk,163,92,1,92,,
175,Diaphorina-citri-densovirus_taxid_1776153.gbk,175,432,1,432,,
194,Dysaphis-plantaginea-densovirus_taxid_551224.gbk,194,414,1,414,,
199,Eidolon-helvum-bat-parvovirus_taxid_1131483.gbk,199,77,1,77,,
237,Helicoverpa-armigera-densovirus_taxid_1045778.gbk,237,419,1,419,,
292,Minute-virus-of-mice_taxid_10794.gbk,292,22,1,22,,
293,Minute-virus-of-mice_taxid_10794.gbk,293,-1,1,-1,,
294,Minute-virus-of-mice_taxid_10794.gbk,294,14,1,14,,
299,Mouse-kidney-parvovirus_taxid_2316143.gbk,299,295,1,295,,
301,Mouse-kidney-parvovirus_taxid_2316143.gbk,301,240,1,240,,
318,Myzus-persicae-densovirus_taxid_210016.gbk,318,97,1,97,,
319,Myzus-persicae-densovirus_taxid_210016.gbk,319,249,1,249,,
320,Myzus-persicae-densovirus_taxid_210016.gbk,320,698,1,698,,
333,Parus-major-densovirus_taxid_1907771.gbk,333,303,1,303,,
334,Parvovirus-NIH-CQV_taxid_1341019.gbk,334,123,1,123,,
335,Parvovirus-NIH-CQV_taxid_1341019.gbk,335,392,1,392,,
336,Parvovirus-NIH-CQV_taxid_1341019.gbk,336,491,1,491,,
350,Periplaneta-fuliginosa-densovirus_taxid_97344.gbk,350,165,1,165,,
351,Periplaneta-fuliginosa-densovirus_taxid_97344.gbk,351,121,1,121,,
355,Periplaneta-fuliginosa-densovirus_taxid_97344.gbk,355,84,1,84,,
358,Planococcus-citri-densovirus_taxid_159153.gbk,358,276,1,276,,
361,Planococcus-citri-densovirus_taxid_159153.gbk,361,237,1,237,,
395,Porcine-parvovirus-4_taxid_707546.gbk,395,204,1,204,,
408,Porcine-parvovirus_taxid_10796.gbk,408,68,1,68,,
418,Protoparvovirus-Zsana-2013-HUN_taxid_1755694.gbk,418,129,1,129,,
487,Solenopsis-invicta-densovirus_taxid_1414671.gbk,487,192,1,192,,
491,Solenopsis-invicta-densovirus_taxid_1414671.gbk,491,229,1,229,,
494,Turkey-parvovirus-1078_taxid_740933.gbk,494,69,1,69,,
