
Discrete character parsimony algorithm, version 3.695


     7 trees in all found


                 +----------0000000011
      +----------9  
      |          +------------------0000000010
      |  
  +---8                  +---0000000009
  |   |       +----------7  
  |   |       |          +----------------------0000000008
  |   +-------6  
  |           |   +----------0000000007
  |           +---5  
  |               +0000000006
  |  
  |                                     +---0000000003
  1-------------------------------------2  
  |                                     +---0000000002
  |  
  |          +--------------0000000005
  +----------4  
  |          |                                     +-------0000000004
  |          +-------------------------------------3  
  |                                                +---0000000001
  |  
  +-------------------------------------------------------0000000000


requires a total of     75.000

  between      and       length
  -------      ---       ------
     1           8         1.00
     8           9         3.00
     9      0000000011     3.00
     9      0000000010     5.00
     8           6         2.00
     6           7         3.00
     7      0000000009     1.00
     7      0000000008     6.00
     6           5         1.00
     5      0000000007     3.00
     5      0000000006     0.00
     1           2         10.00
     2      0000000003     1.00
     2      0000000002     1.00
     1           4         3.00
     4      0000000005     4.00
     4           3         10.00
     3      0000000004     2.00
     3      0000000001     1.00
     1      0000000000     15.00


                  +-------0000000009
       +----------8  
       |          +-------------------0000000008
       |  
       |                                 +-----------------0000000011
  +----7                  +-------------10  
  |    |            +-----9              +-------------0000000010
  |    |            |     |  
  |    |   +--------6     +------0000000007
  |    |   |        |  
  |    +---5        +0000000006
  |        |  
  |        |                                    +---0000000003
  |        +------------------------------------2  
  |                                             +---0000000002
  |  
  |           +-------------------0000000005
  1-----------4  
  |           |                                   +-------0000000004
  |           +-----------------------------------3  
  |                                               +---0000000001
  |  
  +-------------------------------------------------------0000000000


requires a total of     75.000

  between      and       length
  -------      ---       ------
     1           7         1.33
     7           8         2.67
     8      0000000009     2.00
     8      0000000008     5.00
     7           5         1.00
     5           6         2.33
     6           9         1.50
     9          10         3.67
    10      0000000011     4.50
    10      0000000010     3.50
     9      0000000007     1.83
     6      0000000006     0.33
     5           2         9.33
     2      0000000003     1.00
     2      0000000002     1.00
     1           4         3.00
     4      0000000005     5.00
     4           3         9.00
     3      0000000004     2.00
     3      0000000001     1.00
     1      0000000000     14.00


                  +-------0000000009
      +-----------8  
      |           +-------------------0000000008
      |  
      |                         +-------------0000000011
  +---7           +------------10  
  |   |           |             +-----------------0000000010
  |   |   +-------9  
  |   |   |       |     +---------0000000007
  |   |   |       +-----6  
  |   +---5             +-0000000006
  |       |  
  |       |                                   +---0000000003
  |       +-----------------------------------2  
  |                                           +---0000000002
  |  
  |           +-------------------0000000005
  1-----------4  
  |           |                                   +-------0000000004
  |           +-----------------------------------3  
  |                                               +---0000000001
  |  
  +-------------------------------------------------------0000000000


requires a total of     75.000

  between      and       length
  -------      ---       ------
     1           7         1.00
     7           8         3.00
     8      0000000009     2.00
     8      0000000008     5.00
     7           5         1.00
     5           9         2.00
     9          10         3.50
    10      0000000011     3.50
    10      0000000010     4.50
     9           6         1.50
     6      0000000007     2.50
     6      0000000006     0.50
     5           2         9.00
     2      0000000003     1.00
     2      0000000002     1.00
     1           4         3.00
     4      0000000005     5.00
     4           3         9.00
     3      0000000004     2.00
     3      0000000001     1.00
     1      0000000000     14.00


                 +----------0000000011
  +--------------9  
  |              +------------------0000000010
  |  
  |                    +-----0000000009
  |         +----------8  
  |         |          +--------------------0000000008
  |   +-----7  
  |   |     |     +----------0000000007
  |   |     +-----6  
  1---5           +0000000006
  |   |  
  |   |                                 +---0000000003
  |   +---------------------------------2  
  |                                     +---0000000002
  |  
  |          +--------------0000000005
  +----------4  
  |          |                                     +-------0000000004
  |          +-------------------------------------3  
  |                                                +---0000000001
  |  
  +-------------------------------------------------------0000000000


requires a total of     75.000

  between      and       length
  -------      ---       ------
     1           9         4.00
     9      0000000011     3.00
     9      0000000010     5.00
     1           5         1.00
     5           7         1.50
     7           8         3.00
     8      0000000009     1.50
     8      0000000008     5.50
     7           6         1.50
     6      0000000007     3.00
     6      0000000006     0.00
     5           2         9.00
     2      0000000003     1.00
     2      0000000002     1.00
     1           4         3.00
     4      0000000005     4.00
     4           3         10.00
     3      0000000004     2.00
     3      0000000001     1.00
     1      0000000000     15.00


                        +-----0000000009
             +----------8  
             |          +---------------------0000000008
             |  
       +-----7                            +-----------------0000000011
       |     |            +--------------10  
       |     |      +-----9               +-------------0000000010
       |     |      |     |  
  +----5     +------6     +-----0000000007
  |    |            |  
  |    |            +0000000006
  |    |  
  |    |                                    +---0000000003
  |    +------------------------------------2  
  |                                         +---0000000002
  |  
  |           +------------------0000000005
  1-----------4  
  |           |                                    +-------0000000004
  |           +------------------------------------3  
  |                                                +---0000000001
  |  
  +--------------------------------------------------------0000000000


requires a total of     75.000

  between      and       length
  -------      ---       ------
     1           5         1.33
     5           7         1.50
     7           8         2.67
     8      0000000009     1.50
     8      0000000008     5.50
     7           6         1.83
     6           9         1.50
     9          10         4.00
    10      0000000011     4.50
    10      0000000010     3.50
     9      0000000007     1.50
     6      0000000006     0.00
     5           2         9.33
     2      0000000003     1.00
     2      0000000002     1.00
     1           4         3.00
     4      0000000005     4.67
     4           3         9.33
     3      0000000004     2.00
     3      0000000001     1.00
     1      0000000000     14.33


                    +-----------0000000011
     +-------------10  
     |              +-------------------0000000010
     |  
     |                    +----0000000009
  +--9        +-----------8  
  |  |        |           +----------------------0000000008
  |  |   +----7  
  |  |   |    |    +-----------0000000007
  |  |   |    +----6  
  |  +---5         +0000000006
  |      |  
  |      |                                    +---0000000003
  |      +------------------------------------2  
  |                                           +---0000000002
  |  
  |           +-----------------0000000005
  1-----------4  
  |           |                                     +-------0000000004
  |           +-------------------------------------3  
  |                                                 +---0000000001
  |  
  +---------------------------------------------------------0000000000


requires a total of     75.000

  between      and       length
  -------      ---       ------
     1           9         0.83
     9          10         3.67
    10      0000000011     3.00
    10      0000000010     5.00
     9           5         1.00
     5           7         1.33
     7           8         3.00
     8      0000000009     1.33
     8      0000000008     5.67
     7           6         1.33
     6      0000000007     3.00
     6      0000000006     0.00
     5           2         9.33
     2      0000000003     1.00
     2      0000000002     1.00
     1           4         3.00
     4      0000000005     4.50
     4           3         9.50
     3      0000000004     2.00
     3      0000000001     1.00
     1      0000000000     14.50


                        +-----------0000000011
          +------------10  
          |             +-------------------0000000010
          |  
      +---9                 +---0000000009
      |   |     +-----------8  
      |   |     |           +-----------------------0000000008
      |   +-----7  
  +---5         |   +-----------0000000007
  |   |         +---6  
  |   |             +0000000006
  |   |  
  |   |                                     +---0000000003
  |   +-------------------------------------2  
  |                                         +---0000000002
  |  
  |           +-----------------0000000005
  1-----------4  
  |           |                                     +-------0000000004
  |           +-------------------------------------3  
  |                                                 +---0000000001
  |  
  +---------------------------------------------------------0000000000


requires a total of     75.000

  between      and       length
  -------      ---       ------
     1           5         1.00
     5           9         1.00
     9          10         3.50
    10      0000000011     3.00
    10      0000000010     5.00
     9           7         1.50
     7           8         3.00
     8      0000000009     1.00
     8      0000000008     6.00
     7           6         1.00
     6      0000000007     3.00
     6      0000000006     0.00
     5           2         9.50
     2      0000000003     1.00
     2      0000000002     1.00
     1           4         3.00
     4      0000000005     4.50
     4           3         9.50
     3      0000000004     2.00
     3      0000000001     1.00
     1      0000000000     14.50

