1,Enterobacteria-phage-fd_taxid_10864.gbk,1,410,1,410,cluster00001,
30,Escherichia-virus-M13_taxid_1977402.gbk,30,410,1,410,cluster00001,
197,Salmonella-phage-IKe_taxid_10867.gbk,197,421,1,421,cluster00001,
2,Enterobacteria-phage-fd_taxid_10864.gbk,2,111,1,111,cluster00002,
31,Escherichia-virus-M13_taxid_1977402.gbk,31,111,1,111,cluster00002,
198,Salmonella-phage-IKe_taxid_10867.gbk,198,121,1,121,cluster00002,
3,Enterobacteria-phage-fd_taxid_10864.gbk,3,87,1,87,cluster00003,
32,Escherichia-virus-M13_taxid_1977402.gbk,32,87,1,87,cluster00003,
199,Salmonella-phage-IKe_taxid_10867.gbk,199,88,1,88,cluster00003,
208,Stenotrophomonas-phage-PSH1_taxid_2011087.gbk,208,99,1,99,cluster00003,
215,Stenotrophomonas-phage-SMA6_taxid_1346893.gbk,215,92,1,92,cluster00003,
226,Stenotrophomonas-phage-SMA7_taxid_1343494.gbk,226,99,1,99,cluster00003,
240,Stenotrophomonas-phage-SMA9_taxid_334856.gbk,240,92,1,92,cluster00003,
242,Stenotrophomonas-phage-phiSHP2_taxid_1027253.gbk,242,100,1,100,cluster00003,
417,Xanthomonas-phage-Xf109_taxid_1852597.gbk,417,98,1,98,cluster00003,
428,Xanthomonas-virus-Cf1c_taxid_10862.gbk,428,98,1,98,cluster00003,
4,Enterobacteria-phage-fd_taxid_10864.gbk,4,33,1,33,cluster00004,
12,Escherichia-phage-If1_taxid_10868.gbk,12,32,1,32,cluster00004,
33,Escherichia-virus-M13_taxid_1977402.gbk,33,33,1,33,cluster00004,
6,Enterobacteria-phage-fd_taxid_10864.gbk,6,73,1,73,cluster00005,
14,Escherichia-phage-If1_taxid_10868.gbk,14,74,1,74,cluster00005,
28,Escherichia-virus-I22_taxid_10869.gbk,28,84,1,84,cluster00005,
35,Escherichia-virus-M13_taxid_1977402.gbk,35,73,1,73,cluster00005,
202,Salmonella-phage-IKe_taxid_10867.gbk,202,82,1,82,cluster00005,
8,Enterobacteria-phage-fd_taxid_10864.gbk,8,112,1,112,cluster00006,
16,Escherichia-phage-If1_taxid_10868.gbk,16,113,1,113,cluster00006,
37,Escherichia-virus-M13_taxid_1977402.gbk,37,112,1,112,cluster00006,
204,Salmonella-phage-IKe_taxid_10867.gbk,204,116,1,116,cluster00006,
9,Enterobacteria-phage-fd_taxid_10864.gbk,9,348,1,348,cluster00007,
17,Escherichia-phage-If1_taxid_10868.gbk,17,353,1,353,cluster00007,
21,Escherichia-virus-I22_taxid_10869.gbk,21,365,1,365,cluster00007,
38,Escherichia-virus-M13_taxid_1977402.gbk,38,348,1,348,cluster00007,
86,Ralstonia-phage-1-NP-2014_taxid_1460070.gbk,86,276,1,276,cluster00007,
205,Salmonella-phage-IKe_taxid_10867.gbk,205,365,1,365,cluster00007,
329,Vibrio-phage-VFJ_taxid_1340745.gbk,329,334,1,334,cluster00007,
392,Vibrio-phage-fs2_taxid_83201.gbk,392,361,1,361,cluster00007,
10,Enterobacteria-phage-fd_taxid_10864.gbk,10,426,1,426,cluster00008,
18,Escherichia-phage-If1_taxid_10868.gbk,18,429,1,429,cluster00008,
22,Escherichia-virus-I22_taxid_10869.gbk,22,428,1,428,cluster00008,
39,Escherichia-virus-M13_taxid_1977402.gbk,39,426,1,426,cluster00008,
54,Pseudomonas-phage-Pf3_taxid_10872.gbk,54,430,1,430,cluster00008,
206,Salmonella-phage-IKe_taxid_10867.gbk,206,437,1,437,cluster00008,
330,Vibrio-phage-VFJ_taxid_1340745.gbk,330,442,1,442,cluster00008,
393,Vibrio-phage-fs2_taxid_83201.gbk,393,500,1,500,cluster00008,
16,Escherichia-phage-If1_taxid_10868.gbk,16,113,1,113,cluster00009,
328,Vibrio-phage-VFJ_taxid_1340745.gbk,328,123,1,123,cluster00009,
391,Vibrio-phage-fs2_taxid_83201.gbk,391,116,1,116,cluster00009,
55,Pseudomonas-phage-Pf3_taxid_10872.gbk,55,301,1,301,cluster00010,
95,Ralstonia-phage-PE226_taxid_926543.gbk,95,381,1,381,cluster00010,
149,Ralstonia-phage-RSS0_taxid_1150992.gbk,149,364,1,364,cluster00010,
162,Ralstonia-phage-RSS1_taxid_384360.gbk,162,364,1,364,cluster00010,
194,Ralstonia-phage-p12J_taxid_247080.gbk,194,382,1,382,cluster00010,
211,Stenotrophomonas-phage-PSH1_taxid_2011087.gbk,211,407,1,407,cluster00010,
219,Stenotrophomonas-phage-SMA6_taxid_1346893.gbk,219,400,1,400,cluster00010,
247,Stenotrophomonas-phage-phiSHP2_taxid_1027253.gbk,247,404,1,404,cluster00010,
422,Xanthomonas-phage-Xf109_taxid_1852597.gbk,422,395,1,395,cluster00010,
431,Xanthomonas-virus-Cf1c_taxid_10862.gbk,431,388,1,388,cluster00010,
65,Pseudomonas-virus-Pf1_taxid_2011081.gbk,65,424,1,424,cluster00011,
284,Vibrio-phage-CTXphi_taxid_2785247.gbk,284,399,1,399,cluster00011,
295,Vibrio-phage-KSF1_taxid_292443.gbk,295,455,1,455,cluster00011,
306,Vibrio-phage-VCY-phi_taxid_1105327.gbk,306,454,1,454,cluster00011,
373,Vibrio-phage-VfO3K6_taxid_127507.gbk,373,461,1,461,cluster00011,
383,Vibrio-phage-VfO4K68_taxid_127508.gbk,383,461,1,461,cluster00011,
73,Ralstonia-phage-1-NP-2014_taxid_1460070.gbk,73,316,1,316,cluster00012,
109,Ralstonia-phage-RS603_taxid_1505528.gbk,109,306,1,306,cluster00012,
122,Ralstonia-phage-RSM1_taxid_384359.gbk,122,311,1,311,cluster00012,
137,Ralstonia-phage-RSM3_taxid_520962.gbk,137,262,1,262,cluster00012,
184,Ralstonia-phage-Rs551_taxid_1852598.gbk,184,311,1,311,cluster00012,
196,Ralstonia-phage-p12J_taxid_247080.gbk,196,340,1,340,cluster00012,
75,Ralstonia-phage-1-NP-2014_taxid_1460070.gbk,75,196,1,196,cluster00013,
124,Ralstonia-phage-RSM1_taxid_384359.gbk,124,196,1,196,cluster00013,
139,Ralstonia-phage-RSM3_taxid_520962.gbk,139,196,1,196,cluster00013,
186,Ralstonia-phage-Rs551_taxid_1852598.gbk,186,196,1,196,cluster00013,
77,Ralstonia-phage-1-NP-2014_taxid_1460070.gbk,77,109,1,109,cluster00014,
98,Ralstonia-phage-RS603_taxid_1505528.gbk,98,108,1,108,cluster00014,
111,Ralstonia-phage-RSM1_taxid_384359.gbk,111,108,1,108,cluster00014,
126,Ralstonia-phage-RSM3_taxid_520962.gbk,126,108,1,108,cluster00014,
174,Ralstonia-phage-Rs551_taxid_1852598.gbk,174,108,1,108,cluster00014,
188,Ralstonia-phage-p12J_taxid_247080.gbk,188,120,1,120,cluster00014,
89,Ralstonia-phage-PE226_taxid_926543.gbk,89,105,1,105,cluster00015,
143,Ralstonia-phage-RSS0_taxid_1150992.gbk,143,103,1,103,cluster00015,
156,Ralstonia-phage-RSS1_taxid_384360.gbk,156,103,1,103,cluster00015,
167,Ralstonia-phage-RSS20_taxid_1354496.gbk,167,103,1,103,cluster00015,
90,Ralstonia-phage-PE226_taxid_926543.gbk,90,90,1,90,cluster00016,
100,Ralstonia-phage-RS603_taxid_1505528.gbk,100,98,1,98,cluster00016,
114,Ralstonia-phage-RSM1_taxid_384359.gbk,114,98,1,98,cluster00016,
129,Ralstonia-phage-RSM3_taxid_520962.gbk,129,98,1,98,cluster00016,
176,Ralstonia-phage-Rs551_taxid_1852598.gbk,176,92,1,92,cluster00016,
189,Ralstonia-phage-p12J_taxid_247080.gbk,189,102,1,102,cluster00016,
97,Ralstonia-phage-PE226_taxid_926543.gbk,97,384,1,384,cluster00017,
142,Ralstonia-phage-RSS0_taxid_1150992.gbk,142,375,1,375,cluster00017,
155,Ralstonia-phage-RSS1_taxid_384360.gbk,155,375,1,375,cluster00017,
166,Ralstonia-phage-RSS20_taxid_1354496.gbk,166,375,1,375,cluster00017,
207,Stenotrophomonas-phage-PSH1_taxid_2011087.gbk,207,365,1,365,cluster00017,
214,Stenotrophomonas-phage-SMA6_taxid_1346893.gbk,214,351,1,351,cluster00017,
225,Stenotrophomonas-phage-SMA7_taxid_1343494.gbk,225,368,1,368,cluster00017,
234,Stenotrophomonas-phage-SMA9_taxid_334856.gbk,234,351,1,351,cluster00017,
241,Stenotrophomonas-phage-phiSHP2_taxid_1027253.gbk,241,368,1,368,cluster00017,
275,Vibrio-phage-CTXphi_taxid_2785247.gbk,275,359,1,359,cluster00017,
279,Vibrio-phage-CTXphi_taxid_2785247.gbk,279,359,1,359,cluster00017,
287,Vibrio-phage-KSF1_taxid_292443.gbk,287,367,1,367,cluster00017,
300,Vibrio-phage-VCY-phi_taxid_1105327.gbk,300,418,1,418,cluster00017,
310,Vibrio-phage-VEJphi_taxid_642111.gbk,310,361,1,361,cluster00017,
333,Vibrio-phage-VGJ_taxid_223524.gbk,333,359,1,359,cluster00017,
350,Vibrio-phage-VSK_taxid_181604.gbk,350,368,1,368,cluster00017,
360,Vibrio-phage-Vf12_taxid_127511.gbk,360,402,1,402,cluster00017,
367,Vibrio-phage-VfO3K6_taxid_127507.gbk,367,402,1,402,cluster00017,
377,Vibrio-phage-VfO4K68_taxid_127508.gbk,377,402,1,402,cluster00017,
394,Vibrio-virus-Vf33_taxid_127509.gbk,394,402,1,402,cluster00017,
413,Vibrio-virus-fs1_taxid_70203.gbk,413,208,1,208,cluster00017,
101,Ralstonia-phage-RS603_taxid_1505528.gbk,101,69,1,69,cluster00018,
115,Ralstonia-phage-RSM1_taxid_384359.gbk,115,69,1,69,cluster00018,
130,Ralstonia-phage-RSM3_taxid_520962.gbk,130,69,1,69,cluster00018,
177,Ralstonia-phage-Rs551_taxid_1852598.gbk,177,69,1,69,cluster00018,
102,Ralstonia-phage-RS603_taxid_1505528.gbk,102,69,1,69,cluster00019,
131,Ralstonia-phage-RSM3_taxid_520962.gbk,131,69,1,69,cluster00019,
178,Ralstonia-phage-Rs551_taxid_1852598.gbk,178,69,1,69,cluster00019,
103,Ralstonia-phage-RS603_taxid_1505528.gbk,103,82,1,82,cluster00020,
117,Ralstonia-phage-RSM1_taxid_384359.gbk,117,46,1,46,cluster00020,
132,Ralstonia-phage-RSM3_taxid_520962.gbk,132,82,1,82,cluster00020,
179,Ralstonia-phage-Rs551_taxid_1852598.gbk,179,82,1,82,cluster00020,
227,Stenotrophomonas-phage-SMA7_taxid_1343494.gbk,227,85,1,85,cluster00020,
104,Ralstonia-phage-RS603_taxid_1505528.gbk,104,74,1,74,cluster00021,
118,Ralstonia-phage-RSM1_taxid_384359.gbk,118,74,1,74,cluster00021,
133,Ralstonia-phage-RSM3_taxid_520962.gbk,133,74,1,74,cluster00021,
180,Ralstonia-phage-Rs551_taxid_1852598.gbk,180,72,1,72,cluster00021,
105,Ralstonia-phage-RS603_taxid_1505528.gbk,105,510,1,510,cluster00022,
119,Ralstonia-phage-RSM1_taxid_384359.gbk,119,498,1,498,cluster00022,
134,Ralstonia-phage-RSM3_taxid_520962.gbk,134,511,1,511,cluster00022,
181,Ralstonia-phage-Rs551_taxid_1852598.gbk,181,507,1,507,cluster00022,
106,Ralstonia-phage-RS603_taxid_1505528.gbk,106,109,1,109,cluster00023,
120,Ralstonia-phage-RSM1_taxid_384359.gbk,120,109,1,109,cluster00023,
135,Ralstonia-phage-RSM3_taxid_520962.gbk,135,109,1,109,cluster00023,
182,Ralstonia-phage-Rs551_taxid_1852598.gbk,182,109,1,109,cluster00023,
231,Stenotrophomonas-phage-SMA7_taxid_1343494.gbk,231,132,1,132,cluster00023,
238,Stenotrophomonas-phage-SMA9_taxid_334856.gbk,238,115,1,115,cluster00023,
107,Ralstonia-phage-RS603_taxid_1505528.gbk,107,440,1,440,cluster00024,
121,Ralstonia-phage-RSM1_taxid_384359.gbk,121,439,1,439,cluster00024,
136,Ralstonia-phage-RSM3_taxid_520962.gbk,136,439,1,439,cluster00024,
183,Ralstonia-phage-Rs551_taxid_1852598.gbk,183,437,1,437,cluster00024,
219,Stenotrophomonas-phage-SMA6_taxid_1346893.gbk,219,400,1,400,cluster00024,
232,Stenotrophomonas-phage-SMA7_taxid_1343494.gbk,232,430,1,430,cluster00024,
237,Stenotrophomonas-phage-SMA9_taxid_334856.gbk,237,442,1,442,cluster00024,
284,Vibrio-phage-CTXphi_taxid_2785247.gbk,284,399,1,399,cluster00024,
317,Vibrio-phage-VEJphi_taxid_642111.gbk,317,411,1,411,cluster00024,
340,Vibrio-phage-VGJ_taxid_223524.gbk,340,384,1,384,cluster00024,
358,Vibrio-phage-VSK_taxid_181604.gbk,358,243,1,243,cluster00024,
366,Vibrio-phage-Vf12_taxid_127511.gbk,366,380,1,380,cluster00024,
400,Vibrio-virus-Vf33_taxid_127509.gbk,400,380,1,380,cluster00024,
406,Vibrio-virus-fs1_taxid_70203.gbk,406,384,1,384,cluster00024,
108,Ralstonia-phage-RS603_taxid_1505528.gbk,108,239,1,239,cluster00025,
150,Ralstonia-phage-RSS0_taxid_1150992.gbk,150,208,1,208,cluster00025,
163,Ralstonia-phage-RSS1_taxid_384360.gbk,163,208,1,208,cluster00025,
113,Ralstonia-phage-RSM1_taxid_384359.gbk,113,65,1,65,cluster00026,
141,Ralstonia-phage-RSS0_taxid_1150992.gbk,141,68,1,68,cluster00026,
154,Ralstonia-phage-RSS1_taxid_384360.gbk,154,68,1,68,cluster00026,
165,Ralstonia-phage-RSS20_taxid_1354496.gbk,165,68,1,68,cluster00026,
144,Ralstonia-phage-RSS0_taxid_1150992.gbk,144,89,1,89,cluster00027,
157,Ralstonia-phage-RSS1_taxid_384360.gbk,157,89,1,89,cluster00027,
168,Ralstonia-phage-RSS20_taxid_1354496.gbk,168,89,1,89,cluster00027,
145,Ralstonia-phage-RSS0_taxid_1150992.gbk,145,111,1,111,cluster00028,
158,Ralstonia-phage-RSS1_taxid_384360.gbk,158,111,1,111,cluster00028,
169,Ralstonia-phage-RSS20_taxid_1354496.gbk,169,111,1,111,cluster00028,
146,Ralstonia-phage-RSS0_taxid_1150992.gbk,146,26,1,26,cluster00029,
159,Ralstonia-phage-RSS1_taxid_384360.gbk,159,26,1,26,cluster00029,
170,Ralstonia-phage-RSS20_taxid_1354496.gbk,170,26,1,26,cluster00029,
147,Ralstonia-phage-RSS0_taxid_1150992.gbk,147,426,1,426,cluster00030,
160,Ralstonia-phage-RSS1_taxid_384360.gbk,160,426,1,426,cluster00030,
171,Ralstonia-phage-RSS20_taxid_1354496.gbk,171,411,1,411,cluster00030,
148,Ralstonia-phage-RSS0_taxid_1150992.gbk,148,91,1,91,cluster00031,
161,Ralstonia-phage-RSS1_taxid_384360.gbk,161,91,1,91,cluster00031,
172,Ralstonia-phage-RSS20_taxid_1354496.gbk,172,87,1,87,cluster00031,
152,Ralstonia-phage-RSS0_taxid_1150992.gbk,152,156,1,156,cluster00032,
173,Ralstonia-phage-RSS20_taxid_1354496.gbk,173,156,1,156,cluster00032,
222,Stenotrophomonas-phage-SMA6_taxid_1346893.gbk,222,148,1,148,cluster00032,
224,Stenotrophomonas-phage-SMA7_taxid_1343494.gbk,224,150,1,150,cluster00032,
235,Stenotrophomonas-phage-SMA9_taxid_334856.gbk,235,160,1,160,cluster00032,
249,Stenotrophomonas-phage-phiSHP2_taxid_1027253.gbk,249,150,1,150,cluster00032,
309,Vibrio-phage-VCY-phi_taxid_1105327.gbk,309,154,1,154,cluster00032,
319,Vibrio-phage-VEJphi_taxid_642111.gbk,319,98,1,98,cluster00032,
332,Vibrio-phage-VFJ_taxid_1340745.gbk,332,154,1,154,cluster00032,
343,Vibrio-phage-VGJ_taxid_223524.gbk,343,154,1,154,cluster00032,
347,Vibrio-phage-VSK_taxid_181604.gbk,347,152,1,152,cluster00032,
376,Vibrio-phage-VfO3K6_taxid_127507.gbk,376,148,1,148,cluster00032,
425,Xanthomonas-phage-Xf109_taxid_1852597.gbk,425,156,1,156,cluster00032,
435,Xanthomonas-virus-Cf1c_taxid_10862.gbk,435,166,1,166,cluster00032,
209,Stenotrophomonas-phage-PSH1_taxid_2011087.gbk,209,68,1,68,cluster00033,
216,Stenotrophomonas-phage-SMA6_taxid_1346893.gbk,216,67,1,67,cluster00033,
418,Xanthomonas-phage-Xf109_taxid_1852597.gbk,418,67,1,67,cluster00033,
210,Stenotrophomonas-phage-PSH1_taxid_2011087.gbk,210,461,1,461,cluster00034,
217,Stenotrophomonas-phage-SMA6_taxid_1346893.gbk,217,630,1,630,cluster00034,
420,Xanthomonas-phage-Xf109_taxid_1852597.gbk,420,482,1,482,cluster00034,
212,Stenotrophomonas-phage-PSH1_taxid_2011087.gbk,212,126,1,126,cluster00035,
221,Stenotrophomonas-phage-SMA6_taxid_1346893.gbk,221,112,1,112,cluster00035,
233,Stenotrophomonas-phage-SMA7_taxid_1343494.gbk,233,113,1,113,cluster00035,
236,Stenotrophomonas-phage-SMA9_taxid_334856.gbk,236,126,1,126,cluster00035,
248,Stenotrophomonas-phage-phiSHP2_taxid_1027253.gbk,248,112,1,112,cluster00035,
424,Xanthomonas-phage-Xf109_taxid_1852597.gbk,424,127,1,127,cluster00035,
434,Xanthomonas-virus-Cf1c_taxid_10862.gbk,434,127,1,127,cluster00035,
220,Stenotrophomonas-phage-SMA6_taxid_1346893.gbk,220,192,1,192,cluster00036,
423,Xanthomonas-phage-Xf109_taxid_1852597.gbk,423,215,1,215,cluster00036,
432,Xanthomonas-virus-Cf1c_taxid_10862.gbk,432,215,1,215,cluster00036,
227,Stenotrophomonas-phage-SMA7_taxid_1343494.gbk,227,85,1,85,cluster00037,
369,Vibrio-phage-VfO3K6_taxid_127507.gbk,369,76,1,76,cluster00037,
379,Vibrio-phage-VfO4K68_taxid_127508.gbk,379,76,1,76,cluster00037,
258,Uncultured-phage-WW-nAnB-strain-2_taxid_1449896.gbk,258,393,1,393,cluster00038,
266,Uncultured-phage-WW-nAnB-strain-3_taxid_1449897.gbk,266,378,1,378,cluster00038,
437,uncultured-phage-WW-nAnB_taxid_1074044.gbk,437,378,1,378,cluster00038,
261,Uncultured-phage-WW-nAnB-strain-2_taxid_1449896.gbk,261,43,1,43,cluster00039,
269,Uncultured-phage-WW-nAnB-strain-3_taxid_1449897.gbk,269,43,1,43,cluster00039,
440,uncultured-phage-WW-nAnB_taxid_1074044.gbk,440,43,1,43,cluster00039,
262,Uncultured-phage-WW-nAnB-strain-2_taxid_1449896.gbk,262,55,1,55,cluster00040,
270,Uncultured-phage-WW-nAnB-strain-3_taxid_1449897.gbk,270,55,1,55,cluster00040,
441,uncultured-phage-WW-nAnB_taxid_1074044.gbk,441,55,1,55,cluster00040,
263,Uncultured-phage-WW-nAnB-strain-2_taxid_1449896.gbk,263,204,1,204,cluster00041,
271,Uncultured-phage-WW-nAnB-strain-3_taxid_1449897.gbk,271,204,1,204,cluster00041,
442,uncultured-phage-WW-nAnB_taxid_1074044.gbk,442,204,1,204,cluster00041,
264,Uncultured-phage-WW-nAnB-strain-2_taxid_1449896.gbk,264,37,1,37,cluster00042,
272,Uncultured-phage-WW-nAnB-strain-3_taxid_1449897.gbk,272,37,1,37,cluster00042,
443,uncultured-phage-WW-nAnB_taxid_1074044.gbk,443,37,1,37,cluster00042,
265,Uncultured-phage-WW-nAnB-strain-2_taxid_1449896.gbk,265,207,1,207,cluster00043,
273,Uncultured-phage-WW-nAnB-strain-3_taxid_1449897.gbk,273,207,1,207,cluster00043,
444,uncultured-phage-WW-nAnB_taxid_1074044.gbk,444,207,1,207,cluster00043,
283,Vibrio-phage-CTXphi_taxid_2785247.gbk,283,97,1,97,cluster00044,
294,Vibrio-phage-KSF1_taxid_292443.gbk,294,114,1,114,cluster00044,
305,Vibrio-phage-VCY-phi_taxid_1105327.gbk,305,114,1,114,cluster00044,
372,Vibrio-phage-VfO3K6_taxid_127507.gbk,372,114,1,114,cluster00044,
382,Vibrio-phage-VfO4K68_taxid_127508.gbk,382,114,1,114,cluster00044,
288,Vibrio-phage-KSF1_taxid_292443.gbk,288,88,1,88,cluster00045,
311,Vibrio-phage-VEJphi_taxid_642111.gbk,311,112,1,112,cluster00045,
334,Vibrio-phage-VGJ_taxid_223524.gbk,334,112,1,112,cluster00045,
351,Vibrio-phage-VSK_taxid_181604.gbk,351,107,1,107,cluster00045,
361,Vibrio-phage-Vf12_taxid_127511.gbk,361,117,1,117,cluster00045,
368,Vibrio-phage-VfO3K6_taxid_127507.gbk,368,119,1,119,cluster00045,
378,Vibrio-phage-VfO4K68_taxid_127508.gbk,378,119,1,119,cluster00045,
395,Vibrio-virus-Vf33_taxid_127509.gbk,395,117,1,117,cluster00045,
414,Vibrio-virus-fs1_taxid_70203.gbk,414,112,1,112,cluster00045,
303,Vibrio-phage-VCY-phi_taxid_1105327.gbk,303,69,1,69,cluster00046,
370,Vibrio-phage-VfO3K6_taxid_127507.gbk,370,81,1,81,cluster00046,
380,Vibrio-phage-VfO4K68_taxid_127508.gbk,380,81,1,81,cluster00046,
308,Vibrio-phage-VCY-phi_taxid_1105327.gbk,308,123,1,123,cluster00047,
318,Vibrio-phage-VEJphi_taxid_642111.gbk,318,136,1,136,cluster00047,
331,Vibrio-phage-VFJ_taxid_1340745.gbk,331,135,1,135,cluster00047,
342,Vibrio-phage-VGJ_taxid_223524.gbk,342,136,1,136,cluster00047,
346,Vibrio-phage-VSK_taxid_181604.gbk,346,78,1,78,cluster00047,
375,Vibrio-phage-VfO3K6_taxid_127507.gbk,375,121,1,121,cluster00047,
312,Vibrio-phage-VEJphi_taxid_642111.gbk,312,81,1,81,cluster00048,
335,Vibrio-phage-VGJ_taxid_223524.gbk,335,81,1,81,cluster00048,
352,Vibrio-phage-VSK_taxid_181604.gbk,352,80,1,80,cluster00048,
362,Vibrio-phage-Vf12_taxid_127511.gbk,362,81,1,81,cluster00048,
396,Vibrio-virus-Vf33_taxid_127509.gbk,396,81,1,81,cluster00048,
415,Vibrio-virus-fs1_taxid_70203.gbk,415,81,1,81,cluster00048,
313,Vibrio-phage-VEJphi_taxid_642111.gbk,313,44,1,44,cluster00049,
336,Vibrio-phage-VGJ_taxid_223524.gbk,336,44,1,44,cluster00049,
363,Vibrio-phage-Vf12_taxid_127511.gbk,363,77,1,77,cluster00049,
397,Vibrio-virus-Vf33_taxid_127509.gbk,397,77,1,77,cluster00049,
401,Vibrio-virus-fs1_taxid_70203.gbk,401,44,1,44,cluster00049,
314,Vibrio-phage-VEJphi_taxid_642111.gbk,314,29,1,29,cluster00050,
337,Vibrio-phage-VGJ_taxid_223524.gbk,337,29,1,29,cluster00050,
402,Vibrio-virus-fs1_taxid_70203.gbk,402,29,1,29,cluster00050,
315,Vibrio-phage-VEJphi_taxid_642111.gbk,315,493,1,493,cluster00051,
327,Vibrio-phage-VFJ_taxid_1340745.gbk,327,499,1,499,cluster00051,
338,Vibrio-phage-VGJ_taxid_223524.gbk,338,493,1,493,cluster00051,
355,Vibrio-phage-VSK_taxid_181604.gbk,355,302,1,302,cluster00051,
364,Vibrio-phage-Vf12_taxid_127511.gbk,364,491,1,491,cluster00051,
371,Vibrio-phage-VfO3K6_taxid_127507.gbk,371,504,1,504,cluster00051,
381,Vibrio-phage-VfO4K68_taxid_127508.gbk,381,504,1,504,cluster00051,
390,Vibrio-phage-fs2_taxid_83201.gbk,390,498,1,498,cluster00051,
398,Vibrio-virus-Vf33_taxid_127509.gbk,398,491,1,491,cluster00051,
316,Vibrio-phage-VEJphi_taxid_642111.gbk,316,104,1,104,cluster00052,
339,Vibrio-phage-VGJ_taxid_223524.gbk,339,80,1,80,cluster00052,
356,Vibrio-phage-VSK_taxid_181604.gbk,356,104,1,104,cluster00052,
365,Vibrio-phage-Vf12_taxid_127511.gbk,365,104,1,104,cluster00052,
399,Vibrio-virus-Vf33_taxid_127509.gbk,399,104,1,104,cluster00052,
405,Vibrio-virus-fs1_taxid_70203.gbk,405,104,1,104,cluster00052,
5,Enterobacteria-phage-fd_taxid_10864.gbk,5,32,1,32,cluster00053,
34,Escherichia-virus-M13_taxid_1977402.gbk,34,32,1,32,cluster00053,
7,Enterobacteria-phage-fd_taxid_10864.gbk,7,424,1,424,cluster00054,
36,Escherichia-virus-M13_taxid_1977402.gbk,36,424,1,424,cluster00054,
26,Escherichia-virus-I22_taxid_10869.gbk,26,29,1,29,cluster00055,
200,Salmonella-phage-IKe_taxid_10867.gbk,200,32,1,32,cluster00055,
27,Escherichia-virus-I22_taxid_10869.gbk,27,33,1,33,cluster00056,
201,Salmonella-phage-IKe_taxid_10867.gbk,201,33,1,33,cluster00056,
29,Escherichia-virus-I22_taxid_10869.gbk,29,434,1,434,cluster00057,
203,Salmonella-phage-IKe_taxid_10867.gbk,203,434,1,434,cluster00057,
47,Propionibacterium-phage-B5_taxid_189836.gbk,47,308,1,308,cluster00058,
257,Thermus-phage-phiOH3_taxid_1968339.gbk,257,318,1,318,cluster00058,
53,Pseudomonas-phage-Pf3_taxid_10872.gbk,53,93,1,93,cluster00059,
172,Ralstonia-phage-RSS20_taxid_1354496.gbk,172,87,1,87,cluster00059,
53,Pseudomonas-phage-Pf3_taxid_10872.gbk,53,93,1,93,cluster00060,
246,Stenotrophomonas-phage-phiSHP2_taxid_1027253.gbk,246,94,1,94,cluster00060,
91,Ralstonia-phage-PE226_taxid_926543.gbk,91,79,1,79,cluster00061,
190,Ralstonia-phage-p12J_taxid_247080.gbk,190,77,1,77,cluster00061,
92,Ralstonia-phage-PE226_taxid_926543.gbk,92,69,1,69,cluster00062,
191,Ralstonia-phage-p12J_taxid_247080.gbk,191,67,1,67,cluster00062,
94,Ralstonia-phage-PE226_taxid_926543.gbk,94,105,1,105,cluster00063,
193,Ralstonia-phage-p12J_taxid_247080.gbk,193,106,1,106,cluster00063,
99,Ralstonia-phage-RS603_taxid_1505528.gbk,99,66,1,66,cluster00064,
175,Ralstonia-phage-Rs551_taxid_1852598.gbk,175,81,1,81,cluster00064,
110,Ralstonia-phage-RS603_taxid_1505528.gbk,110,96,1,96,cluster00065,
187,Ralstonia-phage-Rs551_taxid_1852598.gbk,187,96,1,96,cluster00065,
113,Ralstonia-phage-RSM1_taxid_384359.gbk,113,65,1,65,cluster00066,
128,Ralstonia-phage-RSM3_taxid_520962.gbk,128,65,1,65,cluster00066,
123,Ralstonia-phage-RSM1_taxid_384359.gbk,123,237,1,237,cluster00067,
138,Ralstonia-phage-RSM3_taxid_520962.gbk,138,237,1,237,cluster00067,
125,Ralstonia-phage-RSM1_taxid_384359.gbk,125,104,1,104,cluster00068,
140,Ralstonia-phage-RSM3_taxid_520962.gbk,140,104,1,104,cluster00068,
151,Ralstonia-phage-RSS0_taxid_1150992.gbk,151,143,1,143,cluster00069,
164,Ralstonia-phage-RSS1_taxid_384360.gbk,164,143,1,143,cluster00069,
190,Ralstonia-phage-p12J_taxid_247080.gbk,190,77,1,77,cluster00070,
418,Xanthomonas-phage-Xf109_taxid_1852597.gbk,418,67,1,67,cluster00070,
213,Stenotrophomonas-phage-PSH1_taxid_2011087.gbk,213,157,1,157,cluster00071,
235,Stenotrophomonas-phage-SMA9_taxid_334856.gbk,235,160,1,160,cluster00071,
218,Stenotrophomonas-phage-SMA6_taxid_1346893.gbk,218,103,1,103,cluster00072,
421,Xanthomonas-phage-Xf109_taxid_1852597.gbk,421,109,1,109,cluster00072,
259,Uncultured-phage-WW-nAnB-strain-2_taxid_1449896.gbk,259,42,1,42,cluster00073,
438,uncultured-phage-WW-nAnB_taxid_1074044.gbk,438,73,1,73,cluster00073,
260,Uncultured-phage-WW-nAnB-strain-2_taxid_1449896.gbk,260,373,1,373,cluster00074,
439,uncultured-phage-WW-nAnB_taxid_1074044.gbk,439,392,1,392,cluster00074,
267,Uncultured-phage-WW-nAnB-strain-3_taxid_1449897.gbk,267,96,1,96,cluster00075,
438,uncultured-phage-WW-nAnB_taxid_1074044.gbk,438,73,1,73,cluster00075,
276,Vibrio-phage-CTXphi_taxid_2785247.gbk,276,124,1,124,cluster00076,
280,Vibrio-phage-CTXphi_taxid_2785247.gbk,280,127,1,127,cluster00076,
301,Vibrio-phage-VCY-phi_taxid_1105327.gbk,301,99,1,99,cluster00076,
290,Vibrio-phage-KSF1_taxid_292443.gbk,290,79,1,79,cluster00077,
303,Vibrio-phage-VCY-phi_taxid_1105327.gbk,303,69,1,69,cluster00077,
296,Vibrio-phage-KSF1_taxid_292443.gbk,296,57,1,57,cluster00078,
307,Vibrio-phage-VCY-phi_taxid_1105327.gbk,307,61,1,61,cluster00078,
320,Vibrio-phage-VEJphi_taxid_642111.gbk,320,67,1,67,cluster00079,
345,Vibrio-phage-VGJ_taxid_223524.gbk,345,67,1,67,cluster00079,
322,Vibrio-phage-VFJ_taxid_1340745.gbk,322,698,1,698,cluster00080,
385,Vibrio-phage-fs2_taxid_83201.gbk,385,716,1,716,cluster00080,
323,Vibrio-phage-VFJ_taxid_1340745.gbk,323,104,1,104,cluster00081,
386,Vibrio-phage-fs2_taxid_83201.gbk,386,104,1,104,cluster00081,
324,Vibrio-phage-VFJ_taxid_1340745.gbk,324,38,1,38,cluster00082,
387,Vibrio-phage-fs2_taxid_83201.gbk,387,39,1,39,cluster00082,
325,Vibrio-phage-VFJ_taxid_1340745.gbk,325,38,1,38,cluster00083,
388,Vibrio-phage-fs2_taxid_83201.gbk,388,38,1,38,cluster00083,
326,Vibrio-phage-VFJ_taxid_1340745.gbk,326,73,1,73,cluster00084,
389,Vibrio-phage-fs2_taxid_83201.gbk,389,73,1,73,cluster00084,
348,Vibrio-phage-VSK_taxid_181604.gbk,348,82,1,82,cluster00085,
410,Vibrio-virus-fs1_taxid_70203.gbk,410,82,1,82,cluster00085,
354,Vibrio-phage-VSK_taxid_181604.gbk,354,208,1,208,cluster00086,
403,Vibrio-virus-fs1_taxid_70203.gbk,403,257,1,257,cluster00086,
355,Vibrio-phage-VSK_taxid_181604.gbk,355,302,1,302,cluster00087,
404,Vibrio-virus-fs1_taxid_70203.gbk,404,193,1,193,cluster00087,
359,Vibrio-phage-VSK_taxid_181604.gbk,359,62,1,62,cluster00088,
407,Vibrio-virus-fs1_taxid_70203.gbk,407,52,1,52,cluster00088,
416,Xanthomonas-phage-Xf109_taxid_1852597.gbk,416,346,1,346,cluster00089,
436,Xanthomonas-virus-Cf1c_taxid_10862.gbk,436,344,1,344,cluster00089,
11,Escherichia-phage-If1_taxid_10868.gbk,11,96,1,96,,
13,Escherichia-phage-If1_taxid_10868.gbk,13,32,1,32,,
15,Escherichia-phage-If1_taxid_10868.gbk,15,460,1,460,,
19,Escherichia-phage-If1_taxid_10868.gbk,19,348,1,348,,
20,Escherichia-phage-If1_taxid_10868.gbk,20,322,1,322,,
23,Escherichia-virus-I22_taxid_10869.gbk,23,344,1,344,,
24,Escherichia-virus-I22_taxid_10869.gbk,24,98,1,98,,
25,Escherichia-virus-I22_taxid_10869.gbk,25,108,1,108,,
40,Propionibacterium-phage-B5_taxid_189836.gbk,40,96,1,96,,
41,Propionibacterium-phage-B5_taxid_189836.gbk,41,219,1,219,,
42,Propionibacterium-phage-B5_taxid_189836.gbk,42,32,1,32,,
43,Propionibacterium-phage-B5_taxid_189836.gbk,43,27,1,27,,
44,Propionibacterium-phage-B5_taxid_189836.gbk,44,57,1,57,,
45,Propionibacterium-phage-B5_taxid_189836.gbk,45,485,1,485,,
46,Propionibacterium-phage-B5_taxid_189836.gbk,46,90,1,90,,
48,Propionibacterium-phage-B5_taxid_189836.gbk,48,405,1,405,,
49,Propionibacterium-phage-B5_taxid_189836.gbk,49,101,1,101,,
50,Pseudomonas-phage-Pf3_taxid_10872.gbk,50,58,1,58,,
51,Pseudomonas-phage-Pf3_taxid_10872.gbk,51,44,1,44,,
52,Pseudomonas-phage-Pf3_taxid_10872.gbk,52,483,1,483,,
56,Pseudomonas-phage-Pf3_taxid_10872.gbk,56,278,1,278,,
57,Pseudomonas-phage-Pf3_taxid_10872.gbk,57,71,1,71,,
58,Pseudomonas-phage-Pf3_taxid_10872.gbk,58,78,1,78,,
59,Pseudomonas-virus-Pf1_taxid_2011081.gbk,59,144,1,144,,
60,Pseudomonas-virus-Pf1_taxid_2011081.gbk,60,30,1,30,,
61,Pseudomonas-virus-Pf1_taxid_2011081.gbk,61,83,1,83,,
62,Pseudomonas-virus-Pf1_taxid_2011081.gbk,62,82,1,82,,
63,Pseudomonas-virus-Pf1_taxid_2011081.gbk,63,437,1,437,,
64,Pseudomonas-virus-Pf1_taxid_2011081.gbk,64,141,1,141,,
66,Pseudomonas-virus-Pf1_taxid_2011081.gbk,66,430,1,430,,
67,Pseudomonas-virus-Pf1_taxid_2011081.gbk,67,100,1,100,,
68,Pseudomonas-virus-Pf1_taxid_2011081.gbk,68,90,1,90,,
69,Pseudomonas-virus-Pf1_taxid_2011081.gbk,69,71,1,71,,
70,Pseudomonas-virus-Pf1_taxid_2011081.gbk,70,103,1,103,,
71,Pseudomonas-virus-Pf1_taxid_2011081.gbk,71,96,1,96,,
72,Pseudomonas-virus-Pf1_taxid_2011081.gbk,72,110,1,110,,
74,Ralstonia-phage-1-NP-2014_taxid_1460070.gbk,74,74,1,74,,
76,Ralstonia-phage-1-NP-2014_taxid_1460070.gbk,76,100,1,100,,
78,Ralstonia-phage-1-NP-2014_taxid_1460070.gbk,78,88,1,88,,
79,Ralstonia-phage-1-NP-2014_taxid_1460070.gbk,79,62,1,62,,
80,Ralstonia-phage-1-NP-2014_taxid_1460070.gbk,80,168,1,168,,
81,Ralstonia-phage-1-NP-2014_taxid_1460070.gbk,81,28,1,28,,
82,Ralstonia-phage-1-NP-2014_taxid_1460070.gbk,82,39,1,39,,
83,Ralstonia-phage-1-NP-2014_taxid_1460070.gbk,83,83,1,83,,
84,Ralstonia-phage-1-NP-2014_taxid_1460070.gbk,84,506,1,506,,
85,Ralstonia-phage-1-NP-2014_taxid_1460070.gbk,85,109,1,109,,
87,Ralstonia-phage-1-NP-2014_taxid_1460070.gbk,87,94,1,94,,
88,Ralstonia-phage-1-NP-2014_taxid_1460070.gbk,88,95,1,95,,
93,Ralstonia-phage-PE226_taxid_926543.gbk,93,465,1,465,,
96,Ralstonia-phage-PE226_taxid_926543.gbk,96,60,1,60,,
112,Ralstonia-phage-RSM1_taxid_384359.gbk,112,96,1,96,,
116,Ralstonia-phage-RSM1_taxid_384359.gbk,116,84,1,84,,
127,Ralstonia-phage-RSM3_taxid_520962.gbk,127,68,1,68,,
153,Ralstonia-phage-RSS1_taxid_384360.gbk,153,109,1,109,,
185,Ralstonia-phage-Rs551_taxid_1852598.gbk,185,92,1,92,,
192,Ralstonia-phage-p12J_taxid_247080.gbk,192,488,1,488,,
195,Ralstonia-phage-p12J_taxid_247080.gbk,195,164,1,164,,
223,Stenotrophomonas-phage-SMA6_taxid_1346893.gbk,223,86,1,86,,
228,Stenotrophomonas-phage-SMA7_taxid_1343494.gbk,228,45,1,45,,
229,Stenotrophomonas-phage-SMA7_taxid_1343494.gbk,229,89,1,89,,
230,Stenotrophomonas-phage-SMA7_taxid_1343494.gbk,230,305,1,305,,
239,Stenotrophomonas-phage-SMA9_taxid_334856.gbk,239,345,1,345,,
243,Stenotrophomonas-phage-phiSHP2_taxid_1027253.gbk,243,63,1,63,,
244,Stenotrophomonas-phage-phiSHP2_taxid_1027253.gbk,244,45,1,45,,
245,Stenotrophomonas-phage-phiSHP2_taxid_1027253.gbk,245,328,1,328,,
250,Thermus-phage-phiOH3_taxid_1968339.gbk,250,446,1,446,,
251,Thermus-phage-phiOH3_taxid_1968339.gbk,251,97,1,97,,
252,Thermus-phage-phiOH3_taxid_1968339.gbk,252,30,1,30,,
253,Thermus-phage-phiOH3_taxid_1968339.gbk,253,34,1,34,,
254,Thermus-phage-phiOH3_taxid_1968339.gbk,254,46,1,46,,
255,Thermus-phage-phiOH3_taxid_1968339.gbk,255,506,1,506,,
256,Thermus-phage-phiOH3_taxid_1968339.gbk,256,142,1,142,,
268,Uncultured-phage-WW-nAnB-strain-3_taxid_1449897.gbk,268,346,1,346,,
274,Vibrio-phage-CTXphi_taxid_2785247.gbk,274,112,1,112,,
278,Vibrio-phage-CTXphi_taxid_2785247.gbk,278,112,1,112,,
277,Vibrio-phage-CTXphi_taxid_2785247.gbk,277,74,1,74,,
281,Vibrio-phage-CTXphi_taxid_2785247.gbk,281,82,1,82,,
282,Vibrio-phage-CTXphi_taxid_2785247.gbk,282,427,1,427,,
285,Vibrio-phage-CTXphi_taxid_2785247.gbk,285,258,1,258,,
286,Vibrio-phage-CTXphi_taxid_2785247.gbk,286,124,1,124,,
289,Vibrio-phage-KSF1_taxid_292443.gbk,289,35,1,35,,
291,Vibrio-phage-KSF1_taxid_292443.gbk,291,310,1,310,,
292,Vibrio-phage-KSF1_taxid_292443.gbk,292,54,1,54,,
293,Vibrio-phage-KSF1_taxid_292443.gbk,293,40,1,40,,
297,Vibrio-phage-KSF1_taxid_292443.gbk,297,43,1,43,,
298,Vibrio-phage-KSF1_taxid_292443.gbk,298,81,1,81,,
299,Vibrio-phage-VCY-phi_taxid_1105327.gbk,299,83,1,83,,
302,Vibrio-phage-VCY-phi_taxid_1105327.gbk,302,76,1,76,,
304,Vibrio-phage-VCY-phi_taxid_1105327.gbk,304,475,1,475,,
321,Vibrio-phage-VFJ_taxid_1340745.gbk,321,113,1,113,,
341,Vibrio-phage-VGJ_taxid_223524.gbk,341,104,1,104,,
344,Vibrio-phage-VGJ_taxid_223524.gbk,344,58,1,58,,
349,Vibrio-phage-VSK_taxid_181604.gbk,349,59,1,59,,
353,Vibrio-phage-VSK_taxid_181604.gbk,353,49,1,49,,
357,Vibrio-phage-VSK_taxid_181604.gbk,357,145,1,145,,
374,Vibrio-phage-VfO3K6_taxid_127507.gbk,374,497,1,497,,
384,Vibrio-phage-VfO4K68_taxid_127508.gbk,384,215,1,215,,
408,Vibrio-virus-fs1_taxid_70203.gbk,408,27,1,27,,
409,Vibrio-virus-fs1_taxid_70203.gbk,409,20,1,20,,
411,Vibrio-virus-fs1_taxid_70203.gbk,411,45,1,45,,
412,Vibrio-virus-fs1_taxid_70203.gbk,412,166,1,166,,
419,Xanthomonas-phage-Xf109_taxid_1852597.gbk,419,76,1,76,,
426,Xanthomonas-phage-Xf109_taxid_1852597.gbk,426,61,1,61,,
427,Xanthomonas-phage-Xf109_taxid_1852597.gbk,427,70,1,70,,
429,Xanthomonas-virus-Cf1c_taxid_10862.gbk,429,90,1,90,,
430,Xanthomonas-virus-Cf1c_taxid_10862.gbk,430,419,1,419,,
433,Xanthomonas-virus-Cf1c_taxid_10862.gbk,433,130,1,130,,
