INFO [2021-10-20 03:07:39] $x
INFO [2021-10-20 03:07:39] list(Not_Annotated, Annotated_by_eval, Annotated_by_perc)
INFO [2021-10-20 03:07:39] 
INFO [2021-10-20 03:07:39] $category.names
INFO [2021-10-20 03:07:39] c("Not annotated", "Annotated by e-value", "Annotated by %identity")
INFO [2021-10-20 03:07:39] 
INFO [2021-10-20 03:07:39] $filename
INFO [2021-10-20 03:07:39] vennfile
INFO [2021-10-20 03:07:39] 
INFO [2021-10-20 03:07:39] $output
INFO [2021-10-20 03:07:39] [1] TRUE
INFO [2021-10-20 03:07:39] 
INFO [2021-10-20 03:07:39] $imagetype
INFO [2021-10-20 03:07:39] [1] "png"
INFO [2021-10-20 03:07:39] 
INFO [2021-10-20 03:07:39] $height
INFO [2021-10-20 03:07:39] [1] 700
INFO [2021-10-20 03:07:39] 
INFO [2021-10-20 03:07:39] $width
INFO [2021-10-20 03:07:39] [1] 700
INFO [2021-10-20 03:07:39] 
INFO [2021-10-20 03:07:39] $resolution
INFO [2021-10-20 03:07:39] [1] 300
INFO [2021-10-20 03:07:39] 
INFO [2021-10-20 03:07:39] $compression
INFO [2021-10-20 03:07:39] [1] "lzw"
INFO [2021-10-20 03:07:39] 
INFO [2021-10-20 03:07:39] $lwd
INFO [2021-10-20 03:07:39] [1] 1
INFO [2021-10-20 03:07:39] 
INFO [2021-10-20 03:07:39] $col
INFO [2021-10-20 03:07:39] c("#440154ff", "#21908dff", "#DC143C")
INFO [2021-10-20 03:07:39] 
INFO [2021-10-20 03:07:39] $fill
INFO [2021-10-20 03:07:39] c(alpha("#440154ff", 0.3), alpha("#21908dff", 0.3), alpha("#DC143C", 
INFO [2021-10-20 03:07:39]     0.3))
INFO [2021-10-20 03:07:39] 
INFO [2021-10-20 03:07:39] $cex
INFO [2021-10-20 03:07:39] [1] 0.3
INFO [2021-10-20 03:07:39] 
INFO [2021-10-20 03:07:39] $fontfamily
INFO [2021-10-20 03:07:39] [1] "sans"
INFO [2021-10-20 03:07:39] 
INFO [2021-10-20 03:07:39] $cat.cex
INFO [2021-10-20 03:07:39] [1] 0.3
INFO [2021-10-20 03:07:39] 
INFO [2021-10-20 03:07:39] $cat.default.pos
INFO [2021-10-20 03:07:39] [1] "outer"
INFO [2021-10-20 03:07:39] 
INFO [2021-10-20 03:07:39] $cat.fontfamily
INFO [2021-10-20 03:07:39] [1] "sans"
INFO [2021-10-20 03:07:39] 
INFO [2021-10-20 03:07:39] $cat.col
INFO [2021-10-20 03:07:39] c("#440154ff", "#21908dff", "#DC143C")
INFO [2021-10-20 03:07:39] 
INFO [2021-10-20 03:07:39] $rotation
INFO [2021-10-20 03:07:39] [1] 1
INFO [2021-10-20 03:07:39] 
INFO [2021-10-20 03:07:39] $margin
INFO [2021-10-20 03:07:39] [1] 0.1
INFO [2021-10-20 03:07:39] 
