INFO [2021-10-30 01:57:06] $x
INFO [2021-10-30 01:57:06] list(Not_Annotated, Annotated_by_eval, Annotated_by_perc)
INFO [2021-10-30 01:57:06] 
INFO [2021-10-30 01:57:06] $category.names
INFO [2021-10-30 01:57:06] c("Not annotated", "Annotated by e-value", "Annotated by %identity")
INFO [2021-10-30 01:57:06] 
INFO [2021-10-30 01:57:06] $filename
INFO [2021-10-30 01:57:06] vennfile
INFO [2021-10-30 01:57:06] 
INFO [2021-10-30 01:57:06] $output
INFO [2021-10-30 01:57:06] [1] TRUE
INFO [2021-10-30 01:57:06] 
INFO [2021-10-30 01:57:06] $imagetype
INFO [2021-10-30 01:57:06] [1] "png"
INFO [2021-10-30 01:57:06] 
INFO [2021-10-30 01:57:06] $height
INFO [2021-10-30 01:57:06] [1] 700
INFO [2021-10-30 01:57:06] 
INFO [2021-10-30 01:57:06] $width
INFO [2021-10-30 01:57:06] [1] 700
INFO [2021-10-30 01:57:06] 
INFO [2021-10-30 01:57:06] $resolution
INFO [2021-10-30 01:57:06] [1] 300
INFO [2021-10-30 01:57:06] 
INFO [2021-10-30 01:57:06] $compression
INFO [2021-10-30 01:57:06] [1] "lzw"
INFO [2021-10-30 01:57:06] 
INFO [2021-10-30 01:57:06] $lwd
INFO [2021-10-30 01:57:06] [1] 1
INFO [2021-10-30 01:57:06] 
INFO [2021-10-30 01:57:06] $col
INFO [2021-10-30 01:57:06] c("#440154ff", "#21908dff", "#DC143C")
INFO [2021-10-30 01:57:06] 
INFO [2021-10-30 01:57:06] $fill
INFO [2021-10-30 01:57:06] c(alpha("#440154ff", 0.3), alpha("#21908dff", 0.3), alpha("#DC143C", 
INFO [2021-10-30 01:57:06]     0.3))
INFO [2021-10-30 01:57:06] 
INFO [2021-10-30 01:57:06] $cex
INFO [2021-10-30 01:57:06] [1] 0.3
INFO [2021-10-30 01:57:06] 
INFO [2021-10-30 01:57:06] $fontfamily
INFO [2021-10-30 01:57:06] [1] "sans"
INFO [2021-10-30 01:57:06] 
INFO [2021-10-30 01:57:06] $cat.cex
INFO [2021-10-30 01:57:06] [1] 0.3
INFO [2021-10-30 01:57:06] 
INFO [2021-10-30 01:57:06] $cat.default.pos
INFO [2021-10-30 01:57:06] [1] "outer"
INFO [2021-10-30 01:57:06] 
INFO [2021-10-30 01:57:06] $cat.fontfamily
INFO [2021-10-30 01:57:06] [1] "sans"
INFO [2021-10-30 01:57:06] 
INFO [2021-10-30 01:57:06] $cat.col
INFO [2021-10-30 01:57:06] c("#440154ff", "#21908dff", "#DC143C")
INFO [2021-10-30 01:57:06] 
INFO [2021-10-30 01:57:06] $rotation
INFO [2021-10-30 01:57:06] [1] 1
INFO [2021-10-30 01:57:06] 
INFO [2021-10-30 01:57:06] $margin
INFO [2021-10-30 01:57:06] [1] 0.1
INFO [2021-10-30 01:57:06] 
