
Discrete character parsimony algorithm, version 3.695


One most parsimonious tree found:


  +---0000000009
  |  
  |   +---0000000004
  |   |  
  |   |       +------------------------0000000052
  |   |       |  
  |   |       |                                +0000000032
  |   |       |                                |  
  |   |       |                            +--13-0000000031
  |   |       |                            |   |  
  |   |       |                            |   +0000000030
  |   |       |                            |   |  
  |   |       |                            |   +0000000029
  |   |       |                            |   |  
  |   |       |                            |   +0000000028
  |   |       |                            |   |  
  |   |       |                            |   +0000000027
  |   |       |                            |   |  
  |   |       |                            |   +0000000026
  1---2       |          +----------------11   |  
  |   |       |          |                 |   +0000000025
  |   |       |          |                 |   |  
  |   |       |          |                 |   +0000000023
  |   |       |          |                 |   |  
  |   |       |          |                 |   +0000000022
  |   |       |          |                 |   |  
  |   |       |          |                 |   +0000000018
  |   |       |          |                 |  
  |   |   +---9---------10                 |   +0000000033
  |   |   |   |          |                 |   |  
  |   |   |   |          |                 +--12-0000000024
  |   |   |   |          |                     |  
  |   |   |   |          |                     +0000000021
  |   |   |   |          |                     |  
  |   |   |   |          |                     +0000000020
  |   |   |   |          |                     |  
  |   +---4   |          |                     +0000000017
  |       |   |          |  
  |       |   |          +--------------------0000000016
  |       |   |  
  |       |   |                                             +0000000007
  |       |   +---------------------------------------------5  
  |       |                                                 +0000000006
  |       |  
  |       |   +---0000000034
  |       +--14  
  |           +------0000000003
  |  
  +------0000000002
  |  
  |   +------------------------0000000056
  |   |  
  +--16-0000000055
  |   |  
  |   +------0000000054
  |   |  
  |   +------------------------0000000053
  |   |  
  |   +----------0000000051
  |   |  
  |   +---0000000050
  |   |  
  |   +---0000000049
  |   |  
  |   +0000000048
  |   |  
  |   +---0000000047
  |   |  
  |   +------0000000046
  |   |  
  |   +0000000045
  |   |  
  |   +---0000000044
  |   |  
  |   +0000000043
  |   |  
  |   +0000000042
  |   |  
  |   +------0000000041
  |   |  
  |   +0000000039
  |   |  
  |   |   +------0000000040
  |   |   |  
  |   +---3------0000000037
  |       |  
  |       +---0000000036
  |       |  
  |       |   +0000000038
  |       +--15  
  |       |   +---0000000035
  |       |  
  |       +----------0000000019
  |       |  
  |       +-------------0000000015
  |       |  
  |       |      +0000000014
  |       +------8  
  |       |      +------0000000013
  |       |  
  |       |      +---0000000012
  |       +------7  
  |       |      +---0000000011
  |       |  
  |       |   +0000000010
  |       +---6  
  |       |   +0000000008
  |       |  
  |       +--------------------0000000005
  |       |  
  |       +----------0000000001
  |  
  +------0000000000


requires a total of    110.000

  between      and       length
  -------      ---       ------
     1      0000000009     1.00
     1           2         1.00
     2      0000000004     1.00
     2           4         1.00
     4           9         1.00
     9      0000000052     7.00
     9          10         3.00
    10          11         5.00
    11          13         1.00
    13      0000000032     0.00
    13      0000000031     0.00
    13      0000000030     0.00
    13      0000000029     0.00
    13      0000000028     0.00
    13      0000000027     0.00
    13      0000000026     0.00
    13      0000000025     0.00
    13      0000000023     0.00
    13      0000000022     0.00
    13      0000000018     0.00
    11          12         1.00
    12      0000000033     0.00
    12      0000000024     0.00
    12      0000000021     0.00
    12      0000000020     0.00
    12      0000000017     0.00
    10      0000000016     6.00
     9           5         13.00
     5      0000000007     0.00
     5      0000000006     0.00
     4          14         1.00
    14      0000000034     1.00
    14      0000000003     2.00
     1      0000000002     2.00
     1          16         1.00
    16      0000000056     7.00
    16      0000000055     0.00
    16      0000000054     2.00
    16      0000000053     7.00
    16      0000000051     3.00
    16      0000000050     1.00
    16      0000000049     1.00
    16      0000000048     0.00
    16      0000000047     1.00
    16      0000000046     2.00
    16      0000000045     0.00
    16      0000000044     1.00
    16      0000000043     0.00
    16      0000000042     0.00
    16      0000000041     2.00
    16      0000000039     0.00
    16           3         1.00
     3      0000000040     2.00
     3      0000000037     2.00
     3      0000000036     1.00
     3          15         1.00
    15      0000000038     0.00
    15      0000000035     1.00
     3      0000000019     3.00
     3      0000000015     4.00
     3           8         2.00
     8      0000000014     0.00
     8      0000000013     2.00
     3           7         2.00
     7      0000000012     1.00
     7      0000000011     1.00
     3           6         1.00
     6      0000000010     0.00
     6      0000000008     0.00
     3      0000000005     6.00
     3      0000000001     3.00
     1      0000000000     2.00

