3,Ashy-storm-petrel-gyrovirus_taxid_2249930.gbk,3,455,1,455,cluster00001,
7,Avian-gyrovirus-2_taxid_1002273.gbk,7,460,1,460,cluster00001,
11,Chicken-anemia-virus_taxid_12618.gbk,11,449,1,449,cluster00001,
18,Gyrovirus-4_taxid_1214955.gbk,18,352,1,352,cluster00001,
21,Gyrovirus-GyV3_taxid_1163715.gbk,21,463,1,463,cluster00001,
24,Gyrovirus-GyV7-SF_taxid_1548711.gbk,24,465,1,465,cluster00001,
27,Gyrovirus-GyV8_taxid_1670973.gbk,27,478,1,478,cluster00001,
30,Gyrovirus-Tu243_taxid_1415627.gbk,30,356,1,356,cluster00001,
33,Gyrovirus-Tu789_taxid_1415628.gbk,33,453,1,453,cluster00001,
5,Avian-gyrovirus-2_taxid_1002273.gbk,5,231,1,231,cluster00002,
9,Chicken-anemia-virus_taxid_12618.gbk,9,216,1,216,cluster00002,
19,Gyrovirus-GyV3_taxid_1163715.gbk,19,239,1,239,cluster00002,
22,Gyrovirus-GyV7-SF_taxid_1548711.gbk,22,238,1,238,cluster00002,
25,Gyrovirus-GyV8_taxid_1670973.gbk,25,232,1,232,cluster00002,
31,Gyrovirus-Tu789_taxid_1415628.gbk,31,225,1,225,cluster00002,
6,Avian-gyrovirus-2_taxid_1002273.gbk,6,124,1,124,cluster00003,
10,Chicken-anemia-virus_taxid_12618.gbk,10,121,1,121,cluster00003,
20,Gyrovirus-GyV3_taxid_1163715.gbk,20,125,1,125,cluster00003,
23,Gyrovirus-GyV7-SF_taxid_1548711.gbk,23,130,1,130,cluster00003,
32,Gyrovirus-Tu789_taxid_1415628.gbk,32,111,1,111,cluster00003,
13,Giant-panda-anellovirus_taxid_2016460.gbk,13,495,1,495,cluster00004,
51,Seal-anellovirus-2_taxid_1427157.gbk,51,464,1,464,cluster00004,
54,Seal-anellovirus-3_taxid_1427156.gbk,54,488,1,488,cluster00004,
57,Seal-anellovirus-TFFN-USA-2006_taxid_991022.gbk,57,469,1,469,cluster00004,
91,Torque-teno-Leptonychotes-weddellii-virus-1_taxid_2012676.gbk,91,509,1,509,cluster00004,
95,Torque-teno-Leptonychotes-weddellii-virus-2_taxid_2012677.gbk,95,491,1,491,cluster00004,
111,Torque-teno-felis-virus-2_taxid_2065043.gbk,111,404,1,404,cluster00004,
115,Torque-teno-felis-virus_taxid_687384.gbk,115,436,1,436,cluster00004,
238,Torque-teno-tupaia-virus_taxid_687381.gbk,238,502,1,502,cluster00004,
315,Torque-teno-zalophus-virus-1_taxid_1218490.gbk,315,469,1,469,cluster00004,
15,Gorilla-anellovirus_taxid_1743411.gbk,15,116,1,116,cluster00005,
59,Simian-torque-teno-virus-30_taxid_1619218.gbk,59,134,1,134,cluster00005,
78,Small-anellovirus-1_taxid_289366.gbk,78,123,1,123,cluster00005,
81,Small-anellovirus-2_taxid_289367.gbk,81,121,1,121,cluster00005,
86,TTV-like-mini-virus_taxid_93678.gbk,86,96,1,96,cluster00005,
136,Torque-teno-midi-virus-14_taxid_2065055.gbk,136,269,1,269,cluster00005,
137,Torque-teno-midi-virus-14_taxid_2065055.gbk,137,125,1,125,cluster00005,
151,Torque-teno-midi-virus-3_taxid_2065044.gbk,151,116,1,116,cluster00005,
153,Torque-teno-midi-virus-4_taxid_2065045.gbk,153,116,1,116,cluster00005,
176,Torque-teno-mini-virus-10_taxid_2065036.gbk,176,107,1,107,cluster00005,
180,Torque-teno-mini-virus-11_taxid_2065037.gbk,180,103,1,103,cluster00005,
183,Torque-teno-mini-virus-12_taxid_2065038.gbk,183,99,1,99,cluster00005,
187,Torque-teno-mini-virus-18_taxid_1859149.gbk,187,88,1,88,cluster00005,
190,Torque-teno-mini-virus-1_taxid_687369.gbk,190,91,1,91,cluster00005,
193,Torque-teno-mini-virus-2_taxid_687370.gbk,193,89,1,89,cluster00005,
196,Torque-teno-mini-virus-3_taxid_687371.gbk,196,109,1,109,cluster00005,
199,Torque-teno-mini-virus-4_taxid_687372.gbk,199,91,1,91,cluster00005,
201,Torque-teno-mini-virus-5_taxid_687373.gbk,201,99,1,99,cluster00005,
204,Torque-teno-mini-virus-6_taxid_687374.gbk,204,97,1,97,cluster00005,
207,Torque-teno-mini-virus-7_taxid_687375.gbk,207,100,1,100,cluster00005,
209,Torque-teno-mini-virus-8_taxid_687376.gbk,209,99,1,99,cluster00005,
211,Torque-teno-mini-virus-9_taxid_687377.gbk,211,105,1,105,cluster00005,
214,Torque-teno-mini-virus-ALA22_taxid_1535290.gbk,214,101,1,101,cluster00005,
217,Torque-teno-mini-virus-ALH8_taxid_1535291.gbk,217,89,1,89,cluster00005,
16,Gorilla-anellovirus_taxid_1743411.gbk,16,665,1,665,cluster00006,
36,Lesser-panda-anellovirus_taxid_2012640.gbk,36,580,1,580,cluster00006,
38,Rodent-Torque-teno-virus-2_taxid_1514665.gbk,38,574,1,574,cluster00006,
40,Rodent-Torque-teno-virus-3_taxid_2054610.gbk,40,584,1,584,cluster00006,
41,Rodent-Torque-teno-virus-3_taxid_2054610.gbk,41,579,1,579,cluster00006,
43,Rodent-Torque-teno-virus-3_taxid_2054610.gbk,43,585,1,585,cluster00006,
45,Rodent-Torque-teno-virus-4_taxid_2054611.gbk,45,531,1,531,cluster00006,
46,Rodent-Torque-teno-virus-4_taxid_2054611.gbk,46,578,1,578,cluster00006,
47,Rodent-Torque-teno-virus-6_taxid_2054613.gbk,47,572,1,572,cluster00006,
60,Simian-torque-teno-virus-30_taxid_1619218.gbk,60,731,1,731,cluster00006,
63,Simian-torque-teno-virus-31_taxid_1619219.gbk,63,773,1,773,cluster00006,
67,Simian-torque-teno-virus-32_taxid_1619220.gbk,67,762,1,762,cluster00006,
71,Simian-torque-teno-virus-33_taxid_1629656.gbk,71,774,1,774,cluster00006,
75,Simian-torque-teno-virus-34_taxid_1629657.gbk,75,716,1,716,cluster00006,
79,Small-anellovirus-1_taxid_289366.gbk,79,626,1,626,cluster00006,
83,Small-anellovirus-2_taxid_289367.gbk,83,502,1,502,cluster00006,
87,TTV-like-mini-virus_taxid_93678.gbk,87,672,1,672,cluster00006,
98,Torque-teno-Tadarida-brasiliensis-virus_taxid_1543419.gbk,98,547,1,547,cluster00006,
102,Torque-teno-canis-virus_taxid_687385.gbk,102,576,1,576,cluster00006,
104,Torque-teno-douroucouli-virus_taxid_687383.gbk,104,720,1,720,cluster00006,
117,Torque-teno-indri-virus-1_taxid_2010248.gbk,117,520,1,520,cluster00006,
122,Torque-teno-midi-virus-10_taxid_2065051.gbk,122,663,1,663,cluster00006,
126,Torque-teno-midi-virus-11_taxid_2065052.gbk,126,664,1,664,cluster00006,
130,Torque-teno-midi-virus-12_taxid_2065053.gbk,130,664,1,664,cluster00006,
134,Torque-teno-midi-virus-13_taxid_2065054.gbk,134,670,1,670,cluster00006,
138,Torque-teno-midi-virus-14_taxid_2065055.gbk,138,667,1,667,cluster00006,
142,Torque-teno-midi-virus-15_taxid_2065056.gbk,142,658,1,658,cluster00006,
146,Torque-teno-midi-virus-1_taxid_687379.gbk,146,673,1,673,cluster00006,
150,Torque-teno-midi-virus-2_taxid_687380.gbk,150,677,1,677,cluster00006,
152,Torque-teno-midi-virus-3_taxid_2065044.gbk,152,533,1,533,cluster00006,
154,Torque-teno-midi-virus-4_taxid_2065045.gbk,154,658,1,658,cluster00006,
159,Torque-teno-midi-virus-5_taxid_2065046.gbk,159,664,1,664,cluster00006,
163,Torque-teno-midi-virus-6_taxid_2065047.gbk,163,666,1,666,cluster00006,
167,Torque-teno-midi-virus-7_taxid_2065048.gbk,167,664,1,664,cluster00006,
171,Torque-teno-midi-virus-8_taxid_2065049.gbk,171,669,1,669,cluster00006,
175,Torque-teno-midi-virus-9_taxid_2065050.gbk,175,658,1,658,cluster00006,
177,Torque-teno-mini-virus-10_taxid_2065036.gbk,177,650,1,650,cluster00006,
181,Torque-teno-mini-virus-11_taxid_2065037.gbk,181,662,1,662,cluster00006,
184,Torque-teno-mini-virus-12_taxid_2065038.gbk,184,661,1,661,cluster00006,
188,Torque-teno-mini-virus-18_taxid_1859149.gbk,188,646,1,646,cluster00006,
191,Torque-teno-mini-virus-1_taxid_687369.gbk,191,662,1,662,cluster00006,
194,Torque-teno-mini-virus-2_taxid_687370.gbk,194,628,1,628,cluster00006,
197,Torque-teno-mini-virus-3_taxid_687371.gbk,197,661,1,661,cluster00006,
200,Torque-teno-mini-virus-4_taxid_687372.gbk,200,654,1,654,cluster00006,
202,Torque-teno-mini-virus-5_taxid_687373.gbk,202,671,1,671,cluster00006,
205,Torque-teno-mini-virus-6_taxid_687374.gbk,205,656,1,656,cluster00006,
208,Torque-teno-mini-virus-7_taxid_687375.gbk,208,665,1,665,cluster00006,
210,Torque-teno-mini-virus-8_taxid_687376.gbk,210,675,1,675,cluster00006,
212,Torque-teno-mini-virus-9_taxid_687377.gbk,212,683,1,683,cluster00006,
215,Torque-teno-mini-virus-ALA22_taxid_1535290.gbk,215,674,1,674,cluster00006,
218,Torque-teno-mini-virus-ALH8_taxid_1535291.gbk,218,656,1,656,cluster00006,
227,Torque-teno-sus-virus-k2a_taxid_1968861.gbk,227,624,1,624,cluster00006,
230,Torque-teno-sus-virus-k2b_taxid_1239832.gbk,230,630,1,630,cluster00006,
233,Torque-teno-tamarin-virus_taxid_687382.gbk,233,712,1,712,cluster00006,
242,Torque-teno-virus-10_taxid_687349.gbk,242,745,1,745,cluster00006,
244,Torque-teno-virus-11_taxid_687350.gbk,244,742,1,742,cluster00006,
248,Torque-teno-virus-12_taxid_687351.gbk,248,744,1,744,cluster00006,
250,Torque-teno-virus-13_taxid_687352.gbk,250,689,1,689,cluster00006,
252,Torque-teno-virus-14_taxid_687353.gbk,252,765,1,765,cluster00006,
254,Torque-teno-virus-15_taxid_687354.gbk,254,754,1,754,cluster00006,
256,Torque-teno-virus-16_taxid_687355.gbk,256,761,1,761,cluster00006,
258,Torque-teno-virus-19_taxid_687358.gbk,258,745,1,745,cluster00006,
261,Torque-teno-virus-1_taxid_687340.gbk,261,770,1,770,cluster00006,
265,Torque-teno-virus-20_taxid_687359.gbk,265,750,1,750,cluster00006,
267,Torque-teno-virus-21_taxid_687360.gbk,267,740,1,740,cluster00006,
269,Torque-teno-virus-23_taxid_687362.gbk,269,825,1,825,cluster00006,
273,Torque-teno-virus-24_taxid_687363.gbk,273,766,1,766,cluster00006,
275,Torque-teno-virus-25_taxid_687364.gbk,275,723,1,723,cluster00006,
278,Torque-teno-virus-26_taxid_687365.gbk,278,732,1,732,cluster00006,
283,Torque-teno-virus-27_taxid_687366.gbk,283,745,1,745,cluster00006,
287,Torque-teno-virus-28_taxid_687367.gbk,287,734,1,734,cluster00006,
289,Torque-teno-virus-29_taxid_687368.gbk,289,733,1,733,cluster00006,
292,Torque-teno-virus-2_taxid_687341.gbk,292,727,1,727,cluster00006,
297,Torque-teno-virus-3_taxid_687342.gbk,297,736,1,736,cluster00006,
300,Torque-teno-virus-4_taxid_687343.gbk,300,735,1,735,cluster00006,
302,Torque-teno-virus-5_taxid_687344.gbk,302,572,1,572,cluster00006,
306,Torque-teno-virus-6_taxid_687345.gbk,306,719,1,719,cluster00006,
308,Torque-teno-virus-7_taxid_687346.gbk,308,766,1,766,cluster00006,
313,Torque-teno-virus-8_taxid_687347.gbk,313,745,1,745,cluster00006,
50,Seal-anellovirus-2_taxid_1427157.gbk,50,94,1,94,cluster00007,
90,Torque-teno-Leptonychotes-weddellii-virus-1_taxid_2012676.gbk,90,93,1,93,cluster00007,
94,Torque-teno-Leptonychotes-weddellii-virus-2_taxid_2012677.gbk,94,108,1,108,cluster00007,
52,Seal-anellovirus-2_taxid_1427157.gbk,52,204,1,204,cluster00008,
55,Seal-anellovirus-3_taxid_1427156.gbk,55,186,1,186,cluster00008,
58,Seal-anellovirus-TFFN-USA-2006_taxid_991022.gbk,58,204,1,204,cluster00008,
96,Torque-teno-Leptonychotes-weddellii-virus-2_taxid_2012677.gbk,96,107,1,107,cluster00008,
316,Torque-teno-zalophus-virus-1_taxid_1218490.gbk,316,162,1,162,cluster00008,
53,Seal-anellovirus-3_taxid_1427156.gbk,53,83,1,83,cluster00009,
56,Seal-anellovirus-TFFN-USA-2006_taxid_991022.gbk,56,111,1,111,cluster00009,
89,Torque-teno-Leptonychotes-weddellii-virus-1_taxid_2012676.gbk,89,80,1,80,cluster00009,
93,Torque-teno-Leptonychotes-weddellii-virus-2_taxid_2012677.gbk,93,73,1,73,cluster00009,
62,Simian-torque-teno-virus-31_taxid_1619219.gbk,62,159,1,159,cluster00010,
66,Simian-torque-teno-virus-32_taxid_1619220.gbk,66,169,1,169,cluster00010,
70,Simian-torque-teno-virus-33_taxid_1629656.gbk,70,155,1,155,cluster00010,
243,Torque-teno-virus-11_taxid_687350.gbk,243,154,1,154,cluster00010,
249,Torque-teno-virus-13_taxid_687352.gbk,249,154,1,154,cluster00010,
253,Torque-teno-virus-15_taxid_687354.gbk,253,157,1,157,cluster00010,
255,Torque-teno-virus-16_taxid_687355.gbk,255,156,1,156,cluster00010,
257,Torque-teno-virus-19_taxid_687358.gbk,257,163,1,163,cluster00010,
266,Torque-teno-virus-21_taxid_687360.gbk,266,141,1,141,cluster00010,
268,Torque-teno-virus-23_taxid_687362.gbk,268,123,1,123,cluster00010,
299,Torque-teno-virus-4_taxid_687343.gbk,299,152,1,152,cluster00010,
301,Torque-teno-virus-5_taxid_687344.gbk,301,155,1,155,cluster00010,
307,Torque-teno-virus-7_taxid_687346.gbk,307,154,1,154,cluster00010,
119,Torque-teno-midi-virus-10_taxid_2065051.gbk,119,256,1,256,cluster00011,
120,Torque-teno-midi-virus-10_taxid_2065051.gbk,120,258,1,258,cluster00011,
121,Torque-teno-midi-virus-10_taxid_2065051.gbk,121,120,1,120,cluster00011,
123,Torque-teno-midi-virus-11_taxid_2065052.gbk,123,263,1,263,cluster00011,
124,Torque-teno-midi-virus-11_taxid_2065052.gbk,124,270,1,270,cluster00011,
125,Torque-teno-midi-virus-11_taxid_2065052.gbk,125,124,1,124,cluster00011,
127,Torque-teno-midi-virus-12_taxid_2065053.gbk,127,259,1,259,cluster00011,
128,Torque-teno-midi-virus-12_taxid_2065053.gbk,128,260,1,260,cluster00011,
129,Torque-teno-midi-virus-12_taxid_2065053.gbk,129,117,1,117,cluster00011,
131,Torque-teno-midi-virus-13_taxid_2065054.gbk,131,265,1,265,cluster00011,
132,Torque-teno-midi-virus-13_taxid_2065054.gbk,132,268,1,268,cluster00011,
133,Torque-teno-midi-virus-13_taxid_2065054.gbk,133,127,1,127,cluster00011,
136,Torque-teno-midi-virus-14_taxid_2065055.gbk,136,269,1,269,cluster00011,
137,Torque-teno-midi-virus-14_taxid_2065055.gbk,137,125,1,125,cluster00011,
139,Torque-teno-midi-virus-15_taxid_2065056.gbk,139,280,1,280,cluster00011,
140,Torque-teno-midi-virus-15_taxid_2065056.gbk,140,256,1,256,cluster00011,
141,Torque-teno-midi-virus-15_taxid_2065056.gbk,141,135,1,135,cluster00011,
143,Torque-teno-midi-virus-1_taxid_687379.gbk,143,261,1,261,cluster00011,
144,Torque-teno-midi-virus-1_taxid_687379.gbk,144,259,1,259,cluster00011,
145,Torque-teno-midi-virus-1_taxid_687379.gbk,145,123,1,123,cluster00011,
147,Torque-teno-midi-virus-2_taxid_687380.gbk,147,246,1,246,cluster00011,
148,Torque-teno-midi-virus-2_taxid_687380.gbk,148,263,1,263,cluster00011,
149,Torque-teno-midi-virus-2_taxid_687380.gbk,149,124,1,124,cluster00011,
156,Torque-teno-midi-virus-5_taxid_2065046.gbk,156,258,1,258,cluster00011,
157,Torque-teno-midi-virus-5_taxid_2065046.gbk,157,269,1,269,cluster00011,
158,Torque-teno-midi-virus-5_taxid_2065046.gbk,158,125,1,125,cluster00011,
160,Torque-teno-midi-virus-6_taxid_2065047.gbk,160,265,1,265,cluster00011,
161,Torque-teno-midi-virus-6_taxid_2065047.gbk,161,266,1,266,cluster00011,
162,Torque-teno-midi-virus-6_taxid_2065047.gbk,162,125,1,125,cluster00011,
164,Torque-teno-midi-virus-7_taxid_2065048.gbk,164,262,1,262,cluster00011,
165,Torque-teno-midi-virus-7_taxid_2065048.gbk,165,269,1,269,cluster00011,
166,Torque-teno-midi-virus-7_taxid_2065048.gbk,166,126,1,126,cluster00011,
168,Torque-teno-midi-virus-8_taxid_2065049.gbk,168,253,1,253,cluster00011,
169,Torque-teno-midi-virus-8_taxid_2065049.gbk,169,262,1,262,cluster00011,
170,Torque-teno-midi-virus-8_taxid_2065049.gbk,170,122,1,122,cluster00011,
172,Torque-teno-midi-virus-9_taxid_2065050.gbk,172,263,1,263,cluster00011,
173,Torque-teno-midi-virus-9_taxid_2065050.gbk,173,278,1,278,cluster00011,
174,Torque-teno-midi-virus-9_taxid_2065050.gbk,174,123,1,123,cluster00011,
193,Torque-teno-mini-virus-2_taxid_687370.gbk,193,89,1,89,cluster00011,
240,Torque-teno-virus-10_taxid_687349.gbk,240,271,1,271,cluster00011,
241,Torque-teno-virus-10_taxid_687349.gbk,241,130,1,130,cluster00011,
243,Torque-teno-virus-11_taxid_687350.gbk,243,154,1,154,cluster00011,
246,Torque-teno-virus-12_taxid_687351.gbk,246,272,1,272,cluster00011,
247,Torque-teno-virus-12_taxid_687351.gbk,247,130,1,130,cluster00011,
262,Torque-teno-virus-20_taxid_687359.gbk,262,262,1,262,cluster00011,
263,Torque-teno-virus-20_taxid_687359.gbk,263,294,1,294,cluster00011,
264,Torque-teno-virus-20_taxid_687359.gbk,264,129,1,129,cluster00011,
270,Torque-teno-virus-24_taxid_687363.gbk,270,275,1,275,cluster00011,
271,Torque-teno-virus-24_taxid_687363.gbk,271,282,1,282,cluster00011,
272,Torque-teno-virus-24_taxid_687363.gbk,272,129,1,129,cluster00011,
284,Torque-teno-virus-28_taxid_687367.gbk,284,267,1,267,cluster00011,
285,Torque-teno-virus-28_taxid_687367.gbk,285,277,1,277,cluster00011,
286,Torque-teno-virus-28_taxid_687367.gbk,286,101,1,101,cluster00011,
293,Torque-teno-virus-3_taxid_687342.gbk,293,275,1,275,cluster00011,
294,Torque-teno-virus-3_taxid_687342.gbk,294,281,1,281,cluster00011,
295,Torque-teno-virus-3_taxid_687342.gbk,295,117,1,117,cluster00011,
296,Torque-teno-virus-3_taxid_687342.gbk,296,142,1,142,cluster00011,
303,Torque-teno-virus-6_taxid_687345.gbk,303,273,1,273,cluster00011,
304,Torque-teno-virus-6_taxid_687345.gbk,304,264,1,264,cluster00011,
305,Torque-teno-virus-6_taxid_687345.gbk,305,125,1,125,cluster00011,
310,Torque-teno-virus-8_taxid_687347.gbk,310,279,1,279,cluster00011,
311,Torque-teno-virus-8_taxid_687347.gbk,311,267,1,267,cluster00011,
312,Torque-teno-virus-8_taxid_687347.gbk,312,125,1,125,cluster00011,
185,Torque-teno-mini-virus-12_taxid_2065038.gbk,185,117,1,117,cluster00012,
192,Torque-teno-mini-virus-1_taxid_687369.gbk,192,130,1,130,cluster00012,
195,Torque-teno-mini-virus-2_taxid_687370.gbk,195,128,1,128,cluster00012,
198,Torque-teno-mini-virus-3_taxid_687371.gbk,198,131,1,131,cluster00012,
206,Torque-teno-mini-virus-6_taxid_687374.gbk,206,140,1,140,cluster00012,
213,Torque-teno-mini-virus-9_taxid_687377.gbk,213,115,1,115,cluster00012,
216,Torque-teno-mini-virus-ALA22_taxid_1535290.gbk,216,134,1,134,cluster00012,
2,Ashy-storm-petrel-gyrovirus_taxid_2249930.gbk,2,222,1,222,cluster00013,
25,Gyrovirus-GyV8_taxid_1670973.gbk,25,232,1,232,cluster00013,
12,Giant-panda-anellovirus_taxid_2016460.gbk,12,90,1,90,cluster00014,
37,Rodent-Torque-teno-virus-2_taxid_1514665.gbk,37,79,1,79,cluster00014,
17,Gyrovirus-4_taxid_1214955.gbk,17,217,1,217,cluster00015,
28,Gyrovirus-Tu243_taxid_1415627.gbk,28,231,1,231,cluster00015,
36,Lesser-panda-anellovirus_taxid_2012640.gbk,36,580,1,580,cluster00016,
221,Torque-teno-sus-virus-1a_taxid_687386.gbk,221,635,1,635,cluster00016,
44,Rodent-Torque-teno-virus-3_taxid_2054610.gbk,44,140,1,140,cluster00017,
49,Rodent-Torque-teno-virus-6_taxid_2054613.gbk,49,127,1,127,cluster00017,
45,Rodent-Torque-teno-virus-4_taxid_2054611.gbk,45,531,1,531,cluster00018,
46,Rodent-Torque-teno-virus-4_taxid_2054611.gbk,46,578,1,578,cluster00018,
167,Torque-teno-midi-virus-7_taxid_2065048.gbk,167,664,1,664,cluster00018,
69,Simian-torque-teno-virus-32_taxid_1619220.gbk,69,186,1,186,cluster00019,
73,Simian-torque-teno-virus-33_taxid_1629656.gbk,73,184,1,184,cluster00019,
74,Simian-torque-teno-virus-34_taxid_1629657.gbk,74,209,1,209,cluster00020,
274,Torque-teno-virus-25_taxid_687364.gbk,274,136,1,136,cluster00020,
78,Small-anellovirus-1_taxid_289366.gbk,78,123,1,123,cluster00021,
139,Torque-teno-midi-virus-15_taxid_2065056.gbk,139,280,1,280,cluster00021,
140,Torque-teno-midi-virus-15_taxid_2065056.gbk,140,256,1,256,cluster00021,
141,Torque-teno-midi-virus-15_taxid_2065056.gbk,141,135,1,135,cluster00021,
84,Small-anellovirus-2_taxid_289367.gbk,84,165,1,165,cluster00022,
155,Torque-teno-midi-virus-4_taxid_2065045.gbk,155,178,1,178,cluster00022,
92,Torque-teno-Leptonychotes-weddellii-virus-1_taxid_2012676.gbk,92,85,1,85,cluster00023,
96,Torque-teno-Leptonychotes-weddellii-virus-2_taxid_2012677.gbk,96,107,1,107,cluster00023,
94,Torque-teno-Leptonychotes-weddellii-virus-2_taxid_2012677.gbk,94,108,1,108,cluster00024,
110,Torque-teno-felis-virus-2_taxid_2065043.gbk,110,104,1,104,cluster00024,
97,Torque-teno-Tadarida-brasiliensis-virus_taxid_1543419.gbk,97,99,1,99,cluster00025,
193,Torque-teno-mini-virus-2_taxid_687370.gbk,193,89,1,89,cluster00025,
155,Torque-teno-midi-virus-4_taxid_2065045.gbk,155,178,1,178,cluster00026,
206,Torque-teno-mini-virus-6_taxid_687374.gbk,206,140,1,140,cluster00026,
178,Torque-teno-mini-virus-10_taxid_2065036.gbk,178,114,1,114,cluster00027,
203,Torque-teno-mini-virus-5_taxid_687373.gbk,203,112,1,112,cluster00027,
179,Torque-teno-mini-virus-10_taxid_2065036.gbk,179,117,1,117,cluster00028,
182,Torque-teno-mini-virus-11_taxid_2065037.gbk,182,189,1,189,cluster00028,
180,Torque-teno-mini-virus-11_taxid_2065037.gbk,180,103,1,103,cluster00029,
266,Torque-teno-virus-21_taxid_687360.gbk,266,141,1,141,cluster00029,
180,Torque-teno-mini-virus-11_taxid_2065037.gbk,180,103,1,103,cluster00030,
307,Torque-teno-virus-7_taxid_687346.gbk,307,154,1,154,cluster00030,
185,Torque-teno-mini-virus-12_taxid_2065038.gbk,185,117,1,117,cluster00031,
203,Torque-teno-mini-virus-5_taxid_687373.gbk,203,112,1,112,cluster00031,
187,Torque-teno-mini-virus-18_taxid_1859149.gbk,187,88,1,88,cluster00032,
225,Torque-teno-sus-virus-k2a_taxid_1968861.gbk,225,199,1,199,cluster00032,
226,Torque-teno-sus-virus-k2a_taxid_1968861.gbk,226,68,1,68,cluster00032,
219,Torque-teno-sus-virus-1a_taxid_687386.gbk,219,224,1,224,cluster00033,
220,Torque-teno-sus-virus-1a_taxid_687386.gbk,220,73,1,73,cluster00033,
222,Torque-teno-sus-virus-1b_taxid_687387.gbk,222,228,1,228,cluster00033,
223,Torque-teno-sus-virus-1b_taxid_687387.gbk,223,72,1,72,cluster00033,
221,Torque-teno-sus-virus-1a_taxid_687386.gbk,221,635,1,635,cluster00034,
224,Torque-teno-sus-virus-1b_taxid_687387.gbk,224,637,1,637,cluster00034,
225,Torque-teno-sus-virus-k2a_taxid_1968861.gbk,225,199,1,199,cluster00035,
226,Torque-teno-sus-virus-k2a_taxid_1968861.gbk,226,68,1,68,cluster00035,
228,Torque-teno-sus-virus-k2b_taxid_1239832.gbk,228,224,1,224,cluster00035,
229,Torque-teno-sus-virus-k2b_taxid_1239832.gbk,229,80,1,80,cluster00035,
239,Torque-teno-virus-10_taxid_687349.gbk,239,280,1,280,cluster00036,
245,Torque-teno-virus-12_taxid_687351.gbk,245,266,1,266,cluster00036,
246,Torque-teno-virus-12_taxid_687351.gbk,246,272,1,272,cluster00037,
247,Torque-teno-virus-12_taxid_687351.gbk,247,130,1,130,cluster00037,
259,Torque-teno-virus-1_taxid_687340.gbk,259,290,1,290,cluster00037,
260,Torque-teno-virus-1_taxid_687340.gbk,260,286,1,286,cluster00037,
249,Torque-teno-virus-13_taxid_687352.gbk,249,154,1,154,cluster00038,
274,Torque-teno-virus-25_taxid_687364.gbk,274,136,1,136,cluster00038,
262,Torque-teno-virus-20_taxid_687359.gbk,262,262,1,262,cluster00039,
263,Torque-teno-virus-20_taxid_687359.gbk,263,294,1,294,cluster00039,
264,Torque-teno-virus-20_taxid_687359.gbk,264,129,1,129,cluster00039,
280,Torque-teno-virus-27_taxid_687366.gbk,280,297,1,297,cluster00039,
281,Torque-teno-virus-27_taxid_687366.gbk,281,280,1,280,cluster00039,
282,Torque-teno-virus-27_taxid_687366.gbk,282,128,1,128,cluster00039,
1,Ashy-storm-petrel-gyrovirus_taxid_2249930.gbk,1,102,1,102,,
4,Ashy-storm-petrel-gyrovirus_taxid_2249930.gbk,4,90,1,90,,
8,Chicken-anemia-virus_taxid_12618.gbk,8,91,1,91,,
14,Giant-panda-anellovirus_taxid_2016460.gbk,14,92,1,92,,
26,Gyrovirus-GyV8_taxid_1670973.gbk,26,103,1,103,,
29,Gyrovirus-Tu243_taxid_1415627.gbk,29,89,1,89,,
34,Lesser-panda-anellovirus_taxid_2012640.gbk,34,262,1,262,,
35,Lesser-panda-anellovirus_taxid_2012640.gbk,35,132,1,132,,
39,Rodent-Torque-teno-virus-2_taxid_1514665.gbk,39,98,1,98,,
42,Rodent-Torque-teno-virus-3_taxid_2054610.gbk,42,146,1,146,,
48,Rodent-Torque-teno-virus-6_taxid_2054613.gbk,48,128,1,128,,
61,Simian-torque-teno-virus-30_taxid_1619218.gbk,61,125,1,125,,
64,Simian-torque-teno-virus-31_taxid_1619219.gbk,64,167,1,167,,
65,Simian-torque-teno-virus-31_taxid_1619219.gbk,65,190,1,190,,
68,Simian-torque-teno-virus-32_taxid_1619220.gbk,68,148,1,148,,
72,Simian-torque-teno-virus-33_taxid_1629656.gbk,72,155,1,155,,
76,Simian-torque-teno-virus-34_taxid_1629657.gbk,76,161,1,161,,
77,Simian-torque-teno-virus-34_taxid_1629657.gbk,77,146,1,146,,
80,Small-anellovirus-1_taxid_289366.gbk,80,81,1,81,,
82,Small-anellovirus-2_taxid_289367.gbk,82,183,1,183,,
85,Small-anellovirus-2_taxid_289367.gbk,85,117,1,117,,
88,TTV-like-mini-virus_taxid_93678.gbk,88,100,1,100,,
99,Torque-teno-Tadarida-brasiliensis-virus_taxid_1543419.gbk,99,131,1,131,,
100,Torque-teno-canis-virus_taxid_687385.gbk,100,243,1,243,,
101,Torque-teno-canis-virus_taxid_687385.gbk,101,101,1,101,,
103,Torque-teno-douroucouli-virus_taxid_687383.gbk,103,130,1,130,,
105,Torque-teno-douroucouli-virus_taxid_687383.gbk,105,151,1,151,,
106,Torque-teno-equus-virus-1_taxid_1673633.gbk,106,635,1,635,,
107,Torque-teno-equus-virus-1_taxid_1673633.gbk,107,69,1,69,,
108,Torque-teno-equus-virus-1_taxid_1673633.gbk,108,138,1,138,,
109,Torque-teno-equus-virus-1_taxid_1673633.gbk,109,77,1,77,,
112,Torque-teno-felis-virus-2_taxid_2065043.gbk,112,183,1,183,,
113,Torque-teno-felis-virus_taxid_687384.gbk,113,231,1,231,,
114,Torque-teno-felis-virus_taxid_687384.gbk,114,105,1,105,,
116,Torque-teno-indri-virus-1_taxid_2010248.gbk,116,90,1,90,,
118,Torque-teno-indri-virus-1_taxid_2010248.gbk,118,95,1,95,,
135,Torque-teno-midi-virus-14_taxid_2065055.gbk,135,264,1,264,,
186,Torque-teno-mini-virus-12_taxid_2065038.gbk,186,64,1,64,,
189,Torque-teno-mini-virus-18_taxid_1859149.gbk,189,90,1,90,,
231,Torque-teno-sus-virus-k2b_taxid_1239832.gbk,231,188,1,188,,
232,Torque-teno-tamarin-virus_taxid_687382.gbk,232,100,1,100,,
234,Torque-teno-tamarin-virus_taxid_687382.gbk,234,159,1,159,,
235,Torque-teno-tamarin-virus_taxid_687382.gbk,235,70,1,70,,
236,Torque-teno-tupaia-virus_taxid_687381.gbk,236,214,1,214,,
237,Torque-teno-tupaia-virus_taxid_687381.gbk,237,59,1,59,,
251,Torque-teno-virus-14_taxid_687353.gbk,251,134,1,134,,
276,Torque-teno-virus-25_taxid_687364.gbk,276,86,1,86,,
277,Torque-teno-virus-26_taxid_687365.gbk,277,141,1,141,,
279,Torque-teno-virus-26_taxid_687365.gbk,279,87,1,87,,
288,Torque-teno-virus-29_taxid_687368.gbk,288,128,1,128,,
290,Torque-teno-virus-29_taxid_687368.gbk,290,114,1,114,,
291,Torque-teno-virus-2_taxid_687341.gbk,291,121,1,121,,
298,Torque-teno-virus-3_taxid_687342.gbk,298,199,1,199,,
309,Torque-teno-virus-7_taxid_687346.gbk,309,54,1,54,,
314,Torque-teno-zalophus-virus-1_taxid_1218490.gbk,314,139,1,139,,
