
Discrete character parsimony algorithm, version 3.695


     2 trees in all found


                          +0000000004
                          |  
  +-----------------------2-----------------------0000000003
  |                       |  
  |                       +0000000002
  |  
  1-----------------------------------0000000001
  |  
  +-----------------------------------0000000000


requires a total of     10.000

  between      and       length
  -------      ---       ------
     1           2         2.00
     2      0000000004     0.00
     2      0000000003     2.00
     2      0000000002     0.00
     1      0000000001     3.00
     1      0000000000     3.00


                                +----------------------0000000003
  +-----------------------------2  
  |                             |       +0000000004
  |                             +-------3  
  |                                     +0000000002
  |  
  1----------------------------------------------------0000000001
  |  
  +-------------------------------------0000000000


requires a total of     10.000

  between      and       length
  -------      ---       ------
     1           2         2.00
     2      0000000003     1.50
     2           3         0.50
     3      0000000004     0.00
     3      0000000002     0.00
     1      0000000001     3.50
     1      0000000000     2.50

