4,Circoviridae-1-LDMD-2013_taxid_1379692.gbk,4,358,1,358,cluster00001,
8,Circoviridae-2-LDMD-2013_taxid_1379695.gbk,8,319,1,319,cluster00001,
17,Culex-circovirus-like-virus_taxid_2304514.gbk,17,295,1,295,cluster00001,
19,Human-fecal-virus-Jorvi2_taxid_2017081.gbk,19,312,1,312,cluster00001,
24,Po-Circo-like-virus-21_taxid_1105383.gbk,24,310,1,310,cluster00001,
1,Chimpanzee-faeces-associated-circular-DNA-virus-1_taxid_1676184.gbk,1,360,1,360,cluster00002,
24,Po-Circo-like-virus-21_taxid_1105383.gbk,24,310,1,310,cluster00002,
7,Circoviridae-1-LDMD-2013_taxid_1379692.gbk,7,235,1,235,cluster00003,
12,Circoviridae-8-LDMD-2013_taxid_1379712.gbk,12,185,1,185,cluster00003,
21,Human-fecal-virus-Jorvi2_taxid_2017081.gbk,21,162,1,162,cluster00004,
27,Po-Circo-like-virus-21_taxid_1105383.gbk,27,174,1,174,cluster00004,
2,Chimpanzee-faeces-associated-circular-DNA-virus-1_taxid_1676184.gbk,2,240,1,240,,
3,Chimpanzee-faeces-associated-circular-DNA-virus-1_taxid_1676184.gbk,3,364,1,364,,
5,Circoviridae-1-LDMD-2013_taxid_1379692.gbk,5,110,1,110,,
6,Circoviridae-1-LDMD-2013_taxid_1379692.gbk,6,319,1,319,,
9,Circoviridae-2-LDMD-2013_taxid_1379695.gbk,9,524,1,524,,
10,Circoviridae-8-LDMD-2013_taxid_1379712.gbk,10,215,1,215,,
11,Circoviridae-8-LDMD-2013_taxid_1379712.gbk,11,483,1,483,,
13,Circoviridae-8-LDMD-2013_taxid_1379712.gbk,13,102,1,102,,
14,Circoviridae-8-LDMD-2013_taxid_1379712.gbk,14,243,1,243,,
15,Culex-circovirus-like-virus_taxid_2304514.gbk,15,167,1,167,,
16,Culex-circovirus-like-virus_taxid_2304514.gbk,16,183,1,183,,
18,Culex-circovirus-like-virus_taxid_2304514.gbk,18,163,1,163,,
20,Human-fecal-virus-Jorvi2_taxid_2017081.gbk,20,221,1,221,,
22,Human-fecal-virus-Jorvi2_taxid_2017081.gbk,22,127,1,127,,
23,Human-fecal-virus-Jorvi2_taxid_2017081.gbk,23,116,1,116,,
25,Po-Circo-like-virus-21_taxid_1105383.gbk,25,106,1,106,,
26,Po-Circo-like-virus-21_taxid_1105383.gbk,26,107,1,107,,
28,Po-Circo-like-virus-21_taxid_1105383.gbk,28,162,1,162,,
