
Discrete character parsimony algorithm, version 3.695


One most parsimonious tree found:


  +--------0000000008
  |  
  |        +-------------------------0000000047
  |        |  
  1--------3---------------------------------0000000024
  |        |  
  |        |        +--------0000000046
  |        |        |  
  |        +--------5-0000000045
  |        |        |  
  |        |        +----------------0000000027
  |        |        |  
  |        |        +--------0000000022
  |        |        |  
  |        |        +----------------0000000013
  |        |        |  
  |        |        +----------------0000000012
  |        |        |  
  |        |        +--------0000000011
  |        |        |  
  |        |        |        +--------0000000023
  |        |        +-------10  
  |        |                 |        +----------------0000000009
  |        |                 +--------4  
  |        |                          +--------0000000005
  |        |  
  |        |        +0000000044
  |        |        |  
  |        +-------11        +0000000043
  |        |        |        |  
  |        |        +--------8-0000000042
  |        |                 |  
  |        |                 +0000000041
  |        |                 |  
  |        |                 +0000000040
  |        |                 |  
  |        |                 +0000000039
  |        |                 |  
  |        |                 +0000000038
  |        |                 |  
  |        |                 +0000000037
  |        |                 |  
  |        |                 +0000000036
  |        |                 |  
  |        |                 +0000000035
  |        |                 |  
  |        |                 +0000000034
  |        |                 |  
  |        |                 +--------0000000033
  |        |                 |  
  |        |                 +--------0000000032
  |        |                 |  
  |        |                 +--------0000000031
  |        |                 |  
  |        |                 +--------0000000030
  |        |                 |  
  |        |                 +0000000029
  |        |                 |  
  |        |                 +0000000028
  |        |                 |  
  |        |                 +--------0000000019
  |        |                 |  
  |        |                 +----------------0000000018
  |        |                 |  
  |        |                 +--------0000000017
  |        |                 |  
  |        |                 +0000000004
  |        |  
  |        |        +--------0000000048
  |        |        |  
  |        +--------6-0000000026
  |                 |  
  |                 +----------------0000000025
  |                 |  
  |                 |                 +0000000021
  |                 |        +--------9  
  |                 |        |        +0000000020
  |                 |        |  
  |                 +--------7-0000000016
  |                 |        |  
  |                 |        +0000000015
  |                 |  
  |                 +--------0000000014
  |                 |  
  |                 +----------------0000000003
  |  
  |        +0000000010
  |        |  
  +--------2-0000000007
  |        |  
  |        +0000000006
  |        |  
  |        +--------0000000002
  |        |  
  |        +0000000001
  |  
  +----------------0000000000


requires a total of     48.000

  between      and       length
  -------      ---       ------
     1      0000000008     1.00
     1           3         1.00
     3      0000000047     3.00
     3      0000000024     4.00
     3           5         1.00
     5      0000000046     1.00
     5      0000000045     0.00
     5      0000000027     2.00
     5      0000000022     1.00
     5      0000000013     2.00
     5      0000000012     2.00
     5      0000000011     1.00
     5          10         1.00
    10      0000000023     1.00
    10           4         1.00
     4      0000000009     2.00
     4      0000000005     1.00
     3          11         1.00
    11      0000000044     0.00
    11           8         1.00
     8      0000000043     0.00
     8      0000000042     0.00
     8      0000000041     0.00
     8      0000000040     0.00
     8      0000000039     0.00
     8      0000000038     0.00
     8      0000000037     0.00
     8      0000000036     0.00
     8      0000000035     0.00
     8      0000000034     0.00
     8      0000000033     1.00
     8      0000000032     1.00
     8      0000000031     1.00
     8      0000000030     1.00
     8      0000000029     0.00
     8      0000000028     0.00
     8      0000000019     1.00
     8      0000000018     2.00
     8      0000000017     1.00
     8      0000000004     0.00
     3           6         1.00
     6      0000000048     1.00
     6      0000000026     0.00
     6      0000000025     2.00
     6           7         1.00
     7           9         1.00
     9      0000000021     0.00
     9      0000000020     0.00
     7      0000000016     0.00
     7      0000000015     0.00
     6      0000000014     1.00
     6      0000000003     2.00
     1           2         1.00
     2      0000000010     0.00
     2      0000000007     0.00
     2      0000000006     0.00
     2      0000000002     1.00
     2      0000000001     0.00
     1      0000000000     2.00

