
Discrete character parsimony algorithm, version 3.695


One most parsimonious tree found:


                       +-----------------0000000008
                       |  
                       |                       +----0000000009
                       |          +------------8  
  +--------------------7  +-------6            +------------0000000007
  |                    |  |       |  
  |                    |  |       +---------0000000006
  |                    |  |  
  |                    +--5                      +--0000000005
  |                       |                 +----4  
  |                       |    +------------3    +0000000004
  |                       |    |            |  
  |                       +----2            +0000000003
  |                            |  
  |                            +-----------------0000000002
  |  
  1-------------------------0000000001
  |  
  +---------0000000000


requires a total of     66.000

  between      and       length
  -------      ---       ------
     1           7         8.00
     7      0000000008     7.00
     7           5         1.00
     5           6         3.00
     6           8         5.00
     8      0000000009     2.00
     8      0000000007     5.00
     6      0000000006     4.00
     5           2         2.00
     2           3         5.00
     3           4         2.00
     4      0000000005     1.00
     4      0000000004     0.00
     3      0000000003     0.00
     2      0000000002     7.00
     1      0000000001     10.00
     1      0000000000     4.00

