
Discrete character parsimony algorithm, version 3.695


One most parsimonious tree found:


  +0000000003
  |  
  |                                     +0000000011
  |                                     |  
  1-------------------------------------3              +0000000010
  |                                     |              |  
  |                                     +--------------2-0000000009
  |                                                    |  
  |                                                    +0000000008
  |                                                    |  
  |                                                    +0000000007
  |                                                    |  
  |                                                    +0000000006
  |                                                    |  
  |                                                    +0000000005
  |                                                    |  
  |                                                    +0000000004
  |                                                    |  
  |                                                    +0000000002
  |  
  +0000000001
  |  
  +0000000000


requires a total of      7.000

  between      and       length
  -------      ---       ------
     1      0000000003     0.00
     1           3         5.00
     3      0000000011     0.00
     3           2         2.00
     2      0000000010     0.00
     2      0000000009     0.00
     2      0000000008     0.00
     2      0000000007     0.00
     2      0000000006     0.00
     2      0000000005     0.00
     2      0000000004     0.00
     2      0000000002     0.00
     1      0000000001     0.00
     1      0000000000     0.00

